[0.093s] DEBUG:colcon:Command line arguments: ['/usr/bin/colcon', 'build', '--cmake-args', '-DCMAKE_EXPORT_COMPILE_COMMANDS=1']
[0.094s] DEBUG:colcon:Parsed command line arguments: Namespace(log_base=None, log_level=None, verb_name='build', build_base='build', install_base='install', merge_install=False, symlink_install=False, test_result_base=None, continue_on_error=False, executor='parallel', parallel_workers=16, event_handlers=None, ignore_user_meta=False, metas=['./colcon.meta'], base_paths=['.'], packages_ignore=None, packages_ignore_regex=None, paths=None, packages_up_to=None, packages_up_to_regex=None, packages_above=None, packages_above_and_dependencies=None, packages_above_depth=None, packages_select_by_dep=None, packages_skip_by_dep=None, packages_skip_up_to=None, packages_select_build_failed=False, packages_skip_build_finished=False, packages_select_test_failures=False, packages_skip_test_passed=False, packages_select=None, packages_skip=None, packages_select_regex=None, packages_skip_regex=None, packages_start=None, packages_end=None, allow_overriding=[], cmake_args=['-DCMAKE_EXPORT_COMPILE_COMMANDS=1'], cmake_target=None, cmake_target_skip_unavailable=False, cmake_clean_cache=False, cmake_clean_first=False, cmake_force_configure=False, ament_cmake_args=None, catkin_cmake_args=None, catkin_skip_building_tests=False, mixin_files=None, mixin=None, verb_parser=<colcon_mixin.mixin.mixin_argument.MixinArgumentDecorator object at 0x7772c4137280>, verb_extension=<colcon_core.verb.build.BuildVerb object at 0x7772c422f880>, main=<bound method BuildVerb.main of <colcon_core.verb.build.BuildVerb object at 0x7772c422f880>>, mixin_verb=('build',))
[0.241s] Level 1:colcon.colcon_core.package_discovery:discover_packages(colcon_meta) check parameters
[0.241s] Level 1:colcon.colcon_core.package_discovery:discover_packages(recursive) check parameters
[0.241s] Level 1:colcon.colcon_core.package_discovery:discover_packages(ignore) check parameters
[0.241s] Level 1:colcon.colcon_core.package_discovery:discover_packages(path) check parameters
[0.241s] Level 1:colcon.colcon_core.package_discovery:discover_packages(colcon_meta) discover
[0.241s] Level 1:colcon.colcon_core.package_discovery:discover_packages(recursive) discover
[0.241s] INFO:colcon.colcon_core.package_discovery:Crawling recursively for packages in '/home/amandarln/ros_ws'
[0.241s] Level 1:colcon.colcon_core.package_identification:_identify(.) by extensions ['ignore', 'ignore_ament_install']
[0.241s] Level 1:colcon.colcon_core.package_identification:_identify(.) by extension 'ignore'
[0.241s] Level 1:colcon.colcon_core.package_identification:_identify(.) by extension 'ignore_ament_install'
[0.241s] Level 1:colcon.colcon_core.package_identification:_identify(.) by extensions ['colcon_pkg']
[0.241s] Level 1:colcon.colcon_core.package_identification:_identify(.) by extension 'colcon_pkg'
[0.241s] Level 1:colcon.colcon_core.package_identification:_identify(.) by extensions ['colcon_meta']
[0.241s] Level 1:colcon.colcon_core.package_identification:_identify(.) by extension 'colcon_meta'
[0.241s] Level 1:colcon.colcon_core.package_identification:_identify(.) by extensions ['ros']
[0.242s] Level 1:colcon.colcon_core.package_identification:_identify(.) by extension 'ros'
[0.253s] Level 1:colcon.colcon_core.package_identification:_identify(.) by extensions ['cmake', 'python']
[0.253s] Level 1:colcon.colcon_core.package_identification:_identify(.) by extension 'cmake'
[0.253s] Level 1:colcon.colcon_core.package_identification:_identify(.) by extension 'python'
[0.253s] Level 1:colcon.colcon_core.package_identification:_identify(.) by extensions ['python_setup_py']
[0.253s] Level 1:colcon.colcon_core.package_identification:_identify(.) by extension 'python_setup_py'
[0.253s] Level 1:colcon.colcon_core.package_identification:_identify(build) by extensions ['ignore', 'ignore_ament_install']
[0.253s] Level 1:colcon.colcon_core.package_identification:_identify(build) by extension 'ignore'
[0.253s] Level 1:colcon.colcon_core.package_identification:_identify(build) ignored
[0.253s] Level 1:colcon.colcon_core.package_identification:_identify(install) by extensions ['ignore', 'ignore_ament_install']
[0.253s] Level 1:colcon.colcon_core.package_identification:_identify(install) by extension 'ignore'
[0.253s] Level 1:colcon.colcon_core.package_identification:_identify(install) ignored
[0.253s] Level 1:colcon.colcon_core.package_identification:_identify(log) by extensions ['ignore', 'ignore_ament_install']
[0.253s] Level 1:colcon.colcon_core.package_identification:_identify(log) by extension 'ignore'
[0.253s] Level 1:colcon.colcon_core.package_identification:_identify(log) ignored
[0.253s] Level 1:colcon.colcon_core.package_identification:_identify(src) by extensions ['ignore', 'ignore_ament_install']
[0.253s] Level 1:colcon.colcon_core.package_identification:_identify(src) by extension 'ignore'
[0.254s] Level 1:colcon.colcon_core.package_identification:_identify(src) by extension 'ignore_ament_install'
[0.254s] Level 1:colcon.colcon_core.package_identification:_identify(src) by extensions ['colcon_pkg']
[0.254s] Level 1:colcon.colcon_core.package_identification:_identify(src) by extension 'colcon_pkg'
[0.254s] Level 1:colcon.colcon_core.package_identification:_identify(src) by extensions ['colcon_meta']
[0.254s] Level 1:colcon.colcon_core.package_identification:_identify(src) by extension 'colcon_meta'
[0.254s] Level 1:colcon.colcon_core.package_identification:_identify(src) by extensions ['ros']
[0.254s] Level 1:colcon.colcon_core.package_identification:_identify(src) by extension 'ros'
[0.254s] Level 1:colcon.colcon_core.package_identification:_identify(src) by extensions ['cmake', 'python']
[0.254s] Level 1:colcon.colcon_core.package_identification:_identify(src) by extension 'cmake'
[0.254s] Level 1:colcon.colcon_core.package_identification:_identify(src) by extension 'python'
[0.254s] Level 1:colcon.colcon_core.package_identification:_identify(src) by extensions ['python_setup_py']
[0.254s] Level 1:colcon.colcon_core.package_identification:_identify(src) by extension 'python_setup_py'
[0.254s] Level 1:colcon.colcon_core.package_identification:_identify(src/flatfish_ros_efuse_serial) by extensions ['ignore', 'ignore_ament_install']
[0.254s] Level 1:colcon.colcon_core.package_identification:_identify(src/flatfish_ros_efuse_serial) by extension 'ignore'
[0.254s] Level 1:colcon.colcon_core.package_identification:_identify(src/flatfish_ros_efuse_serial) by extension 'ignore_ament_install'
[0.254s] Level 1:colcon.colcon_core.package_identification:_identify(src/flatfish_ros_efuse_serial) by extensions ['colcon_pkg']
[0.254s] Level 1:colcon.colcon_core.package_identification:_identify(src/flatfish_ros_efuse_serial) by extension 'colcon_pkg'
[0.254s] Level 1:colcon.colcon_core.package_identification:_identify(src/flatfish_ros_efuse_serial) by extensions ['colcon_meta']
[0.254s] Level 1:colcon.colcon_core.package_identification:_identify(src/flatfish_ros_efuse_serial) by extension 'colcon_meta'
[0.254s] Level 1:colcon.colcon_core.package_identification:_identify(src/flatfish_ros_efuse_serial) by extensions ['ros']
[0.254s] Level 1:colcon.colcon_core.package_identification:_identify(src/flatfish_ros_efuse_serial) by extension 'ros'
[0.257s] DEBUG:colcon.colcon_core.package_identification:Package 'src/flatfish_ros_efuse_serial' with type 'ros.ament_cmake' and name 'flatfish_ros_efuse_serial'
[0.257s] Level 1:colcon.colcon_core.package_identification:_identify(src/ros_driver_base) by extensions ['ignore', 'ignore_ament_install']
[0.257s] Level 1:colcon.colcon_core.package_identification:_identify(src/ros_driver_base) by extension 'ignore'
[0.257s] Level 1:colcon.colcon_core.package_identification:_identify(src/ros_driver_base) by extension 'ignore_ament_install'
[0.257s] Level 1:colcon.colcon_core.package_identification:_identify(src/ros_driver_base) by extensions ['colcon_pkg']
[0.257s] Level 1:colcon.colcon_core.package_identification:_identify(src/ros_driver_base) by extension 'colcon_pkg'
[0.257s] Level 1:colcon.colcon_core.package_identification:_identify(src/ros_driver_base) by extensions ['colcon_meta']
[0.257s] Level 1:colcon.colcon_core.package_identification:_identify(src/ros_driver_base) by extension 'colcon_meta'
[0.257s] Level 1:colcon.colcon_core.package_identification:_identify(src/ros_driver_base) by extensions ['ros']
[0.257s] Level 1:colcon.colcon_core.package_identification:_identify(src/ros_driver_base) by extension 'ros'
[0.258s] DEBUG:colcon.colcon_core.package_identification:Package 'src/ros_driver_base' with type 'ros.ament_cmake' and name 'ros_driver_base'
[0.258s] Level 1:colcon.colcon_core.package_discovery:discover_packages(recursive) using defaults
[0.258s] Level 1:colcon.colcon_core.package_discovery:discover_packages(ignore) discover
[0.258s] Level 1:colcon.colcon_core.package_discovery:discover_packages(ignore) using defaults
[0.258s] Level 1:colcon.colcon_core.package_discovery:discover_packages(path) discover
[0.258s] Level 1:colcon.colcon_core.package_discovery:discover_packages(path) using defaults
[0.284s] Level 1:colcon.colcon_core.package_discovery:discover_packages(prefix_path) check parameters
[0.284s] Level 1:colcon.colcon_core.package_discovery:discover_packages(prefix_path) discover
[0.286s] DEBUG:colcon.colcon_installed_package_information.package_discovery:Found 2 installed packages in /home/amandarln/ros_ws/install
[0.287s] DEBUG:colcon.colcon_installed_package_information.package_discovery:Found 325 installed packages in /opt/ros/humble
[0.289s] Level 1:colcon.colcon_core.package_discovery:discover_packages(prefix_path) using defaults
[0.323s] Level 5:colcon.colcon_core.verb:set package 'ros_driver_base' build argument 'cmake_args' from command line to '['-DCMAKE_EXPORT_COMPILE_COMMANDS=1']'
[0.323s] Level 5:colcon.colcon_core.verb:set package 'ros_driver_base' build argument 'cmake_target' from command line to 'None'
[0.323s] Level 5:colcon.colcon_core.verb:set package 'ros_driver_base' build argument 'cmake_target_skip_unavailable' from command line to 'False'
[0.323s] Level 5:colcon.colcon_core.verb:set package 'ros_driver_base' build argument 'cmake_clean_cache' from command line to 'False'
[0.323s] Level 5:colcon.colcon_core.verb:set package 'ros_driver_base' build argument 'cmake_clean_first' from command line to 'False'
[0.323s] Level 5:colcon.colcon_core.verb:set package 'ros_driver_base' build argument 'cmake_force_configure' from command line to 'False'
[0.323s] Level 5:colcon.colcon_core.verb:set package 'ros_driver_base' build argument 'ament_cmake_args' from command line to 'None'
[0.323s] Level 5:colcon.colcon_core.verb:set package 'ros_driver_base' build argument 'catkin_cmake_args' from command line to 'None'
[0.323s] Level 5:colcon.colcon_core.verb:set package 'ros_driver_base' build argument 'catkin_skip_building_tests' from command line to 'False'
[0.323s] DEBUG:colcon.colcon_core.verb:Building package 'ros_driver_base' with the following arguments: {'ament_cmake_args': None, 'build_base': '/home/amandarln/ros_ws/build/ros_driver_base', 'catkin_cmake_args': None, 'catkin_skip_building_tests': False, 'cmake_args': ['-DCMAKE_EXPORT_COMPILE_COMMANDS=1'], 'cmake_clean_cache': False, 'cmake_clean_first': False, 'cmake_force_configure': False, 'cmake_target': None, 'cmake_target_skip_unavailable': False, 'install_base': '/home/amandarln/ros_ws/install/ros_driver_base', 'merge_install': False, 'path': '/home/amandarln/ros_ws/src/ros_driver_base', 'symlink_install': False, 'test_result_base': None}
[0.323s] Level 5:colcon.colcon_core.verb:set package 'flatfish_ros_efuse_serial' build argument 'cmake_args' from command line to '['-DCMAKE_EXPORT_COMPILE_COMMANDS=1']'
[0.324s] Level 5:colcon.colcon_core.verb:set package 'flatfish_ros_efuse_serial' build argument 'cmake_target' from command line to 'None'
[0.324s] Level 5:colcon.colcon_core.verb:set package 'flatfish_ros_efuse_serial' build argument 'cmake_target_skip_unavailable' from command line to 'False'
[0.324s] Level 5:colcon.colcon_core.verb:set package 'flatfish_ros_efuse_serial' build argument 'cmake_clean_cache' from command line to 'False'
[0.324s] Level 5:colcon.colcon_core.verb:set package 'flatfish_ros_efuse_serial' build argument 'cmake_clean_first' from command line to 'False'
[0.324s] Level 5:colcon.colcon_core.verb:set package 'flatfish_ros_efuse_serial' build argument 'cmake_force_configure' from command line to 'False'
[0.324s] Level 5:colcon.colcon_core.verb:set package 'flatfish_ros_efuse_serial' build argument 'ament_cmake_args' from command line to 'None'
[0.324s] Level 5:colcon.colcon_core.verb:set package 'flatfish_ros_efuse_serial' build argument 'catkin_cmake_args' from command line to 'None'
[0.324s] Level 5:colcon.colcon_core.verb:set package 'flatfish_ros_efuse_serial' build argument 'catkin_skip_building_tests' from command line to 'False'
[0.324s] DEBUG:colcon.colcon_core.verb:Building package 'flatfish_ros_efuse_serial' with the following arguments: {'ament_cmake_args': None, 'build_base': '/home/amandarln/ros_ws/build/flatfish_ros_efuse_serial', 'catkin_cmake_args': None, 'catkin_skip_building_tests': False, 'cmake_args': ['-DCMAKE_EXPORT_COMPILE_COMMANDS=1'], 'cmake_clean_cache': False, 'cmake_clean_first': False, 'cmake_force_configure': False, 'cmake_target': None, 'cmake_target_skip_unavailable': False, 'install_base': '/home/amandarln/ros_ws/install/flatfish_ros_efuse_serial', 'merge_install': False, 'path': '/home/amandarln/ros_ws/src/flatfish_ros_efuse_serial', 'symlink_install': False, 'test_result_base': None}
[0.324s] INFO:colcon.colcon_core.executor:Executing jobs using 'parallel' executor
[0.325s] DEBUG:colcon.colcon_parallel_executor.executor.parallel:run_until_complete
[0.325s] INFO:colcon.colcon_ros.task.ament_cmake.build:Building ROS package in '/home/amandarln/ros_ws/src/ros_driver_base' with build type 'ament_cmake'
[0.325s] INFO:colcon.colcon_cmake.task.cmake.build:Building CMake package in '/home/amandarln/ros_ws/src/ros_driver_base'
[0.328s] INFO:colcon.colcon_core.plugin_system:Skipping extension 'colcon_core.shell.bat': Not used on non-Windows systems
[0.328s] INFO:colcon.colcon_core.shell:Skip shell extension 'powershell' for command environment: Not usable outside of PowerShell
[0.328s] DEBUG:colcon.colcon_core.shell:Skip shell extension 'dsv' for command environment
[0.340s] DEBUG:colcon.colcon_core.event_handler.log_command:Invoking command in '/home/amandarln/ros_ws/build/ros_driver_base': CMAKE_PREFIX_PATH=${CMAKE_PREFIX_PATH}:/opt/ros/humble /usr/bin/cmake --build /home/amandarln/ros_ws/build/ros_driver_base -- -j16 -l16
[0.458s] DEBUG:colcon.colcon_core.event_handler.log_command:Invoked command in '/home/amandarln/ros_ws/build/ros_driver_base' returned '0': CMAKE_PREFIX_PATH=${CMAKE_PREFIX_PATH}:/opt/ros/humble /usr/bin/cmake --build /home/amandarln/ros_ws/build/ros_driver_base -- -j16 -l16
[0.573s] DEBUG:colcon.colcon_core.event_handler.log_command:Invoking command in '/home/amandarln/ros_ws/build/ros_driver_base': CMAKE_PREFIX_PATH=${CMAKE_PREFIX_PATH}:/opt/ros/humble /usr/bin/cmake --install /home/amandarln/ros_ws/build/ros_driver_base
[0.590s] Level 1:colcon.colcon_core.environment:create_environment_scripts_only(ros_driver_base)
[0.590s] DEBUG:colcon.colcon_core.event_handler.log_command:Invoked command in '/home/amandarln/ros_ws/build/ros_driver_base' returned '0': CMAKE_PREFIX_PATH=${CMAKE_PREFIX_PATH}:/opt/ros/humble /usr/bin/cmake --install /home/amandarln/ros_ws/build/ros_driver_base
[0.593s] Level 1:colcon.colcon_core.environment:checking '/home/amandarln/ros_ws/install/ros_driver_base' for CMake module files
[0.593s] Level 1:colcon.colcon_core.environment:checking '/home/amandarln/ros_ws/install/ros_driver_base' for CMake config files
[0.594s] Level 1:colcon.colcon_core.shell:create_environment_hook('ros_driver_base', 'cmake_prefix_path')
[0.594s] INFO:colcon.colcon_core.shell:Creating environment hook '/home/amandarln/ros_ws/install/ros_driver_base/share/ros_driver_base/hook/cmake_prefix_path.ps1'
[0.595s] INFO:colcon.colcon_core.shell:Creating environment descriptor '/home/amandarln/ros_ws/install/ros_driver_base/share/ros_driver_base/hook/cmake_prefix_path.dsv'
[0.595s] INFO:colcon.colcon_core.shell:Creating environment hook '/home/amandarln/ros_ws/install/ros_driver_base/share/ros_driver_base/hook/cmake_prefix_path.sh'
[0.596s] Level 1:colcon.colcon_core.environment:checking '/home/amandarln/ros_ws/install/ros_driver_base/lib'
[0.596s] Level 1:colcon.colcon_core.shell:create_environment_hook('ros_driver_base', 'ld_library_path_lib')
[0.596s] INFO:colcon.colcon_core.shell:Creating environment hook '/home/amandarln/ros_ws/install/ros_driver_base/share/ros_driver_base/hook/ld_library_path_lib.ps1'
[0.597s] INFO:colcon.colcon_core.shell:Creating environment descriptor '/home/amandarln/ros_ws/install/ros_driver_base/share/ros_driver_base/hook/ld_library_path_lib.dsv'
[0.597s] INFO:colcon.colcon_core.shell:Creating environment hook '/home/amandarln/ros_ws/install/ros_driver_base/share/ros_driver_base/hook/ld_library_path_lib.sh'
[0.597s] Level 1:colcon.colcon_core.environment:checking '/home/amandarln/ros_ws/install/ros_driver_base/bin'
[0.597s] Level 1:colcon.colcon_core.environment:checking '/home/amandarln/ros_ws/install/ros_driver_base/lib/pkgconfig/ros_driver_base.pc'
[0.598s] Level 1:colcon.colcon_core.environment:checking '/home/amandarln/ros_ws/install/ros_driver_base/lib/python3.10/site-packages'
[0.598s] Level 1:colcon.colcon_core.environment:checking '/home/amandarln/ros_ws/install/ros_driver_base/bin'
[0.598s] INFO:colcon.colcon_core.shell:Creating package script '/home/amandarln/ros_ws/install/ros_driver_base/share/ros_driver_base/package.ps1'
[0.599s] INFO:colcon.colcon_core.shell:Creating package descriptor '/home/amandarln/ros_ws/install/ros_driver_base/share/ros_driver_base/package.dsv'
[0.600s] INFO:colcon.colcon_core.shell:Creating package script '/home/amandarln/ros_ws/install/ros_driver_base/share/ros_driver_base/package.sh'
[0.601s] INFO:colcon.colcon_core.shell:Creating package script '/home/amandarln/ros_ws/install/ros_driver_base/share/ros_driver_base/package.bash'
[0.602s] INFO:colcon.colcon_core.shell:Creating package script '/home/amandarln/ros_ws/install/ros_driver_base/share/ros_driver_base/package.zsh'
[0.603s] Level 1:colcon.colcon_core.environment:create_file_with_runtime_dependencies(/home/amandarln/ros_ws/install/ros_driver_base/share/colcon-core/packages/ros_driver_base)
[0.723s] Level 1:colcon.colcon_core.environment:create_environment_scripts_only(ros_driver_base)
[0.723s] Level 1:colcon.colcon_core.environment:checking '/home/amandarln/ros_ws/install/ros_driver_base' for CMake module files
[0.725s] Level 1:colcon.colcon_core.environment:checking '/home/amandarln/ros_ws/install/ros_driver_base' for CMake config files
[0.725s] Level 1:colcon.colcon_core.shell:create_environment_hook('ros_driver_base', 'cmake_prefix_path')
[0.726s] INFO:colcon.colcon_core.shell:Creating environment hook '/home/amandarln/ros_ws/install/ros_driver_base/share/ros_driver_base/hook/cmake_prefix_path.ps1'
[0.727s] INFO:colcon.colcon_core.shell:Creating environment descriptor '/home/amandarln/ros_ws/install/ros_driver_base/share/ros_driver_base/hook/cmake_prefix_path.dsv'
[0.727s] INFO:colcon.colcon_core.shell:Creating environment hook '/home/amandarln/ros_ws/install/ros_driver_base/share/ros_driver_base/hook/cmake_prefix_path.sh'
[0.728s] Level 1:colcon.colcon_core.environment:checking '/home/amandarln/ros_ws/install/ros_driver_base/lib'
[0.729s] Level 1:colcon.colcon_core.shell:create_environment_hook('ros_driver_base', 'ld_library_path_lib')
[0.729s] INFO:colcon.colcon_core.shell:Creating environment hook '/home/amandarln/ros_ws/install/ros_driver_base/share/ros_driver_base/hook/ld_library_path_lib.ps1'
[0.730s] INFO:colcon.colcon_core.shell:Creating environment descriptor '/home/amandarln/ros_ws/install/ros_driver_base/share/ros_driver_base/hook/ld_library_path_lib.dsv'
[0.730s] INFO:colcon.colcon_core.shell:Creating environment hook '/home/amandarln/ros_ws/install/ros_driver_base/share/ros_driver_base/hook/ld_library_path_lib.sh'
[0.731s] Level 1:colcon.colcon_core.environment:checking '/home/amandarln/ros_ws/install/ros_driver_base/bin'
[0.731s] Level 1:colcon.colcon_core.environment:checking '/home/amandarln/ros_ws/install/ros_driver_base/lib/pkgconfig/ros_driver_base.pc'
[0.732s] Level 1:colcon.colcon_core.environment:checking '/home/amandarln/ros_ws/install/ros_driver_base/lib/python3.10/site-packages'
[0.732s] Level 1:colcon.colcon_core.environment:checking '/home/amandarln/ros_ws/install/ros_driver_base/bin'
[0.733s] INFO:colcon.colcon_core.shell:Creating package script '/home/amandarln/ros_ws/install/ros_driver_base/share/ros_driver_base/package.ps1'
[0.734s] INFO:colcon.colcon_core.shell:Creating package descriptor '/home/amandarln/ros_ws/install/ros_driver_base/share/ros_driver_base/package.dsv'
[0.735s] INFO:colcon.colcon_core.shell:Creating package script '/home/amandarln/ros_ws/install/ros_driver_base/share/ros_driver_base/package.sh'
[0.736s] INFO:colcon.colcon_core.shell:Creating package script '/home/amandarln/ros_ws/install/ros_driver_base/share/ros_driver_base/package.bash'
[0.737s] INFO:colcon.colcon_core.shell:Creating package script '/home/amandarln/ros_ws/install/ros_driver_base/share/ros_driver_base/package.zsh'
[0.737s] Level 1:colcon.colcon_core.environment:create_file_with_runtime_dependencies(/home/amandarln/ros_ws/install/ros_driver_base/share/colcon-core/packages/ros_driver_base)
[0.738s] INFO:colcon.colcon_ros.task.ament_cmake.build:Building ROS package in '/home/amandarln/ros_ws/src/flatfish_ros_efuse_serial' with build type 'ament_cmake'
[0.739s] INFO:colcon.colcon_cmake.task.cmake.build:Building CMake package in '/home/amandarln/ros_ws/src/flatfish_ros_efuse_serial'
[0.739s] INFO:colcon.colcon_core.shell:Skip shell extension 'powershell' for command environment: Not usable outside of PowerShell
[0.740s] DEBUG:colcon.colcon_core.shell:Skip shell extension 'dsv' for command environment
[0.757s] DEBUG:colcon.colcon_core.event_handler.log_command:Invoking command in '/home/amandarln/ros_ws/build/flatfish_ros_efuse_serial': CMAKE_PREFIX_PATH=/home/amandarln/ros_ws/install/ros_driver_base:/home/amandarln/ros_ws/install/flatfish_ros_efuse_serial:/opt/ros/humble LD_LIBRARY_PATH=/home/amandarln/ros_ws/install/ros_driver_base/lib:/home/amandarln/ros_ws/install/flatfish_ros_efuse_serial/lib:/usr/lib/x86_64-linux-gnu/gazebo-11/plugins:/opt/ros/humble/opt/rviz_ogre_vendor/lib:/opt/ros/humble/lib/x86_64-linux-gnu:/opt/ros/humble/lib /usr/bin/cmake --build /home/amandarln/ros_ws/build/flatfish_ros_efuse_serial -- -j16 -l16
[2.553s] DEBUG:colcon.colcon_core.event_handler.log_command:Invoked command in '/home/amandarln/ros_ws/build/flatfish_ros_efuse_serial' returned '2': CMAKE_PREFIX_PATH=/home/amandarln/ros_ws/install/ros_driver_base:/home/amandarln/ros_ws/install/flatfish_ros_efuse_serial:/opt/ros/humble LD_LIBRARY_PATH=/home/amandarln/ros_ws/install/ros_driver_base/lib:/home/amandarln/ros_ws/install/flatfish_ros_efuse_serial/lib:/usr/lib/x86_64-linux-gnu/gazebo-11/plugins:/opt/ros/humble/opt/rviz_ogre_vendor/lib:/opt/ros/humble/lib/x86_64-linux-gnu:/opt/ros/humble/lib /usr/bin/cmake --build /home/amandarln/ros_ws/build/flatfish_ros_efuse_serial -- -j16 -l16
[2.975s] Level 1:colcon.colcon_core.environment:create_environment_scripts_only(flatfish_ros_efuse_serial)
[2.975s] Level 1:colcon.colcon_core.environment:checking '/home/amandarln/ros_ws/install/flatfish_ros_efuse_serial' for CMake module files
[2.976s] Level 1:colcon.colcon_core.environment:checking '/home/amandarln/ros_ws/install/flatfish_ros_efuse_serial' for CMake config files
[2.976s] Level 1:colcon.colcon_core.environment:checking '/home/amandarln/ros_ws/install/flatfish_ros_efuse_serial/bin'
[2.976s] Level 1:colcon.colcon_core.environment:checking '/home/amandarln/ros_ws/install/flatfish_ros_efuse_serial/lib/pkgconfig/flatfish_ros_efuse_serial.pc'
[2.976s] Level 1:colcon.colcon_core.environment:checking '/home/amandarln/ros_ws/install/flatfish_ros_efuse_serial/lib/python3.10/site-packages'
[2.977s] Level 1:colcon.colcon_core.environment:checking '/home/amandarln/ros_ws/install/flatfish_ros_efuse_serial/bin'
[2.977s] INFO:colcon.colcon_core.shell:Creating package script '/home/amandarln/ros_ws/install/flatfish_ros_efuse_serial/share/flatfish_ros_efuse_serial/package.ps1'
[2.977s] INFO:colcon.colcon_core.shell:Creating package descriptor '/home/amandarln/ros_ws/install/flatfish_ros_efuse_serial/share/flatfish_ros_efuse_serial/package.dsv'
[2.978s] INFO:colcon.colcon_core.shell:Creating package script '/home/amandarln/ros_ws/install/flatfish_ros_efuse_serial/share/flatfish_ros_efuse_serial/package.sh'
[2.979s] INFO:colcon.colcon_core.shell:Creating package script '/home/amandarln/ros_ws/install/flatfish_ros_efuse_serial/share/flatfish_ros_efuse_serial/package.bash'
[2.979s] INFO:colcon.colcon_core.shell:Creating package script '/home/amandarln/ros_ws/install/flatfish_ros_efuse_serial/share/flatfish_ros_efuse_serial/package.zsh'
[2.979s] Level 1:colcon.colcon_core.environment:create_file_with_runtime_dependencies(/home/amandarln/ros_ws/install/flatfish_ros_efuse_serial/share/colcon-core/packages/flatfish_ros_efuse_serial)
[2.990s] DEBUG:colcon.colcon_parallel_executor.executor.parallel:closing loop
[2.990s] DEBUG:colcon.colcon_parallel_executor.executor.parallel:loop closed
[2.990s] DEBUG:colcon.colcon_parallel_executor.executor.parallel:run_until_complete finished with '2'
[2.990s] DEBUG:colcon.colcon_core.event_reactor:joining thread
[2.996s] INFO:colcon.colcon_core.plugin_system:Skipping extension 'colcon_notification.desktop_notification.terminal_notifier': Not used on non-Darwin systems
[2.996s] INFO:colcon.colcon_core.plugin_system:Skipping extension 'colcon_notification.desktop_notification.win32': Not used on non-Windows systems
[2.996s] INFO:colcon.colcon_notification.desktop_notification:Sending desktop notification using 'notify2'
[3.015s] DEBUG:colcon.colcon_core.event_reactor:joined thread
[3.016s] INFO:colcon.colcon_core.shell:Creating prefix script '/home/amandarln/ros_ws/install/local_setup.ps1'
[3.018s] INFO:colcon.colcon_core.shell:Creating prefix util module '/home/amandarln/ros_ws/install/_local_setup_util_ps1.py'
[3.020s] INFO:colcon.colcon_core.shell:Creating prefix chain script '/home/amandarln/ros_ws/install/setup.ps1'
[3.021s] INFO:colcon.colcon_core.shell:Creating prefix script '/home/amandarln/ros_ws/install/local_setup.sh'
[3.022s] INFO:colcon.colcon_core.shell:Creating prefix util module '/home/amandarln/ros_ws/install/_local_setup_util_sh.py'
[3.022s] INFO:colcon.colcon_core.shell:Creating prefix chain script '/home/amandarln/ros_ws/install/setup.sh'
[3.023s] INFO:colcon.colcon_core.shell:Creating prefix script '/home/amandarln/ros_ws/install/local_setup.bash'
[3.024s] INFO:colcon.colcon_core.shell:Creating prefix chain script '/home/amandarln/ros_ws/install/setup.bash'
[3.025s] INFO:colcon.colcon_core.shell:Creating prefix script '/home/amandarln/ros_ws/install/local_setup.zsh'
[3.025s] INFO:colcon.colcon_core.shell:Creating prefix chain script '/home/amandarln/ros_ws/install/setup.zsh'
