-- Found ament_cmake: 1.3.9 (/opt/ros/humble/share/ament_cmake/cmake)
-- Found rclcpp: 16.0.9 (/opt/ros/humble/share/rclcpp/cmake)
-- Found rosidl_generator_c: 3.1.5 (/opt/ros/humble/share/rosidl_generator_c/cmake)
-- Found rosidl_adapter: 3.1.5 (/opt/ros/humble/share/rosidl_adapter/cmake)
-- Found rosidl_generator_cpp: 3.1.5 (/opt/ros/humble/share/rosidl_generator_cpp/cmake)
-- Using all available rosidl_typesupport_c: rosidl_typesupport_fastrtps_c;rosidl_typesupport_introspection_c
-- Using all available rosidl_typesupport_cpp: rosidl_typesupport_fastrtps_cpp;rosidl_typesupport_introspection_cpp
-- Found rmw_implementation_cmake: 6.1.2 (/opt/ros/humble/share/rmw_implementation_cmake/cmake)
-- Found rmw_fastrtps_cpp: 6.2.6 (/opt/ros/humble/share/rmw_fastrtps_cpp/cmake)
-- Using RMW implementation 'rmw_fastrtps_cpp' as default
-- Found ros_driver_base: 0.0.1 (/home/amandarln/ros_ws/install/ros_driver_base/share/ros_driver_base/cmake)
-- Found rosidl_default_generators: 1.2.0 (/opt/ros/humble/share/rosidl_default_generators/cmake)
-- Found ament_cmake_ros: 0.10.0 (/opt/ros/humble/share/ament_cmake_ros/cmake)
-- Using all available rosidl_typesupport_c: rosidl_typesupport_fastrtps_c;rosidl_typesupport_introspection_c
-- Using all available rosidl_typesupport_cpp: rosidl_typesupport_fastrtps_cpp;rosidl_typesupport_introspection_cpp
-- Found python_cmake_module: 0.10.0 (/opt/ros/humble/share/python_cmake_module/cmake)
-- Using PYTHON_EXECUTABLE: /usr/bin/python3
-- Using PYTHON_INCLUDE_DIRS: /usr/include/python3.10
-- Using PYTHON_LIBRARIES: /usr/lib/x86_64-linux-gnu/libpython3.10.so
-- Found ament_lint_auto: 0.12.11 (/opt/ros/humble/share/ament_lint_auto/cmake)
-- Added test 'cppcheck' to perform static code analysis on C / C++ code
-- Configured cppcheck include dirs: $<BUILD_INTERFACE:/home/amandarln/ros_ws/src/flatfish_ros_efuse_serial/include>
-- Configured cppcheck exclude dirs and/or files: 
-- Added test 'lint_cmake' to check CMake code style
-- Added test 'uncrustify' to check C / C++ code style
-- Configured uncrustify additional arguments: 
-- Added test 'xmllint' to check XML markup files
-- Configuring done
-- Generating done
-- Build files have been written to: /home/amandarln/ros_ws/build/flatfish_ros_efuse_serial
[35m[1mConsolidate compiler generated dependencies of target flatfish_ros_efuse_serial__rosidl_generator_c[0m
[  1%] [32mBuilding CXX object CMakeFiles/EFuseNode.dir/src/EFuseNode.cpp.o[0m
[  1%] Built target flatfish_ros_efuse_serial__cpp
[  1%] [32mBuilding CXX object CMakeFiles/EFuseDriver.dir/src/EFuseDriver.cpp.o[0m
[ 12%] Built target flatfish_ros_efuse_serial__rosidl_generator_c
[ 12%] Built target ament_cmake_python_copy_flatfish_ros_efuse_serial
[ 12%] [34m[1mGenerating C++ type support dispatch for ROS interfaces[0m
[ 13%] [34m[1mGenerating C++ introspection for ROS interfaces[0m
[ 14%] [34m[1mGenerating C++ type support for eProsima Fast-RTPS[0m
[ 14%] [34m[1mGenerating C type support for eProsima Fast-RTPS[0m
[ 15%] [34m[1mGenerating C type support dispatch for ROS interfaces[0m
[ 15%] [34m[1mGenerating C introspection for ROS interfaces[0m
In file included from [01m[K/home/amandarln/ros_ws/src/flatfish_ros_efuse_serial/src/EFuseDriver.cpp:11[m[K:
[01m[K/home/amandarln/ros_ws/src/flatfish_ros_efuse_serial/include/flatfish_ros_efuse_serial/EFuseDriver.hpp:18:10:[m[K [01;31m[Kfatal error: [m[Kros_driver_base/driver.hpp: No such file or directory
   18 | #include [01;31m[K"ros_driver_base/driver.hpp"[m[K
      |          [01;31m[K^~~~~~~~~~~~~~~~~~~~~~~~~~~~[m[K
compilation terminated.
gmake[2]: *** [CMakeFiles/EFuseDriver.dir/build.make:76: CMakeFiles/EFuseDriver.dir/src/EFuseDriver.cpp.o] Error 1
gmake[1]: *** [CMakeFiles/Makefile2:622: CMakeFiles/EFuseDriver.dir/all] Error 2
gmake[1]: *** Waiting for unfinished jobs....
running egg_info
writing flatfish_ros_efuse_serial.egg-info/PKG-INFO
writing dependency_links to flatfish_ros_efuse_serial.egg-info/dependency_links.txt
writing top-level names to flatfish_ros_efuse_serial.egg-info/top_level.txt
reading manifest file 'flatfish_ros_efuse_serial.egg-info/SOURCES.txt'
writing manifest file 'flatfish_ros_efuse_serial.egg-info/SOURCES.txt'
[ 15%] Built target ament_cmake_python_build_flatfish_ros_efuse_serial_egg
In file included from [01m[K/home/amandarln/ros_ws/src/flatfish_ros_efuse_serial/src/EFuseNode.cpp:9[m[K:
[01m[K/home/amandarln/ros_ws/src/flatfish_ros_efuse_serial/include/flatfish_ros_efuse_serial/EFuseNode.hpp:20:10:[m[K [01;31m[Kfatal error: [m[KEFuseDriver.hpp: No such file or directory
   20 | #include [01;31m[K<EFuseDriver.hpp>[m[K
      |          [01;31m[K^~~~~~~~~~~~~~~~~[m[K
compilation terminated.
gmake[2]: *** [CMakeFiles/EFuseNode.dir/build.make:76: CMakeFiles/EFuseNode.dir/src/EFuseNode.cpp.o] Error 1
gmake[1]: *** [CMakeFiles/Makefile2:596: CMakeFiles/EFuseNode.dir/all] Error 2
[ 16%] [32mBuilding CXX object CMakeFiles/flatfish_ros_efuse_serial__rosidl_typesupport_c.dir/rosidl_typesupport_c/flatfish_ros_efuse_serial/msg/status_board__type_support.cpp.o[0m
[ 18%] [32mBuilding CXX object CMakeFiles/flatfish_ros_efuse_serial__rosidl_typesupport_c.dir/rosidl_typesupport_c/flatfish_ros_efuse_serial/msg/board_array__type_support.cpp.o[0m
[ 19%] [32mBuilding CXX object CMakeFiles/flatfish_ros_efuse_serial__rosidl_typesupport_c.dir/rosidl_typesupport_c/flatfish_ros_efuse_serial/msg/board__type_support.cpp.o[0m
[ 19%] [32mBuilding CXX object CMakeFiles/flatfish_ros_efuse_serial__rosidl_typesupport_c.dir/rosidl_typesupport_c/flatfish_ros_efuse_serial/msg/status_board_array__type_support.cpp.o[0m
[ 21%] [32mBuilding CXX object CMakeFiles/flatfish_ros_efuse_serial__rosidl_typesupport_c.dir/rosidl_typesupport_c/flatfish_ros_efuse_serial/msg/status_channel__type_support.cpp.o[0m
[ 21%] [32mBuilding CXX object CMakeFiles/flatfish_ros_efuse_serial__rosidl_typesupport_c.dir/rosidl_typesupport_c/flatfish_ros_efuse_serial/srv/set_channels_on__type_support.cpp.o[0m
[ 22%] [32mBuilding CXX object CMakeFiles/flatfish_ros_efuse_serial__rosidl_typesupport_c.dir/rosidl_typesupport_c/flatfish_ros_efuse_serial/srv/set_channel_on__type_support.cpp.o[0m
[ 19%] [32mBuilding CXX object CMakeFiles/flatfish_ros_efuse_serial__rosidl_typesupport_c.dir/rosidl_typesupport_c/flatfish_ros_efuse_serial/srv/default_power_up__type_support.cpp.o[0m
[ 23%] [32mBuilding CXX object CMakeFiles/flatfish_ros_efuse_serial__rosidl_typesupport_c.dir/rosidl_typesupport_c/flatfish_ros_efuse_serial/srv/reset_board__type_support.cpp.o[0m
[ 23%] [32mBuilding CXX object CMakeFiles/flatfish_ros_efuse_serial__rosidl_typesupport_c.dir/rosidl_typesupport_c/flatfish_ros_efuse_serial/msg/cmd_channel__type_support.cpp.o[0m
[ 24%] [32mBuilding CXX object CMakeFiles/flatfish_ros_efuse_serial__rosidl_typesupport_c.dir/rosidl_typesupport_c/flatfish_ros_efuse_serial/srv/set_max_current__type_support.cpp.o[0m
[ 25%] [32m[1mLinking CXX shared library libflatfish_ros_efuse_serial__rosidl_typesupport_c.so[0m
[ 25%] Built target flatfish_ros_efuse_serial__rosidl_typesupport_c
[ 26%] [32mBuilding CXX object CMakeFiles/flatfish_ros_efuse_serial__rosidl_typesupport_cpp.dir/rosidl_typesupport_cpp/flatfish_ros_efuse_serial/msg/board__type_support.cpp.o[0m
[ 27%] [32mBuilding CXX object CMakeFiles/flatfish_ros_efuse_serial__rosidl_typesupport_cpp.dir/rosidl_typesupport_cpp/flatfish_ros_efuse_serial/msg/board_array__type_support.cpp.o[0m
[ 28%] [32mBuilding CXX object CMakeFiles/flatfish_ros_efuse_serial__rosidl_typesupport_cpp.dir/rosidl_typesupport_cpp/flatfish_ros_efuse_serial/msg/cmd_channel__type_support.cpp.o[0m
[ 29%] [32mBuilding CXX object CMakeFiles/flatfish_ros_efuse_serial__rosidl_typesupport_cpp.dir/rosidl_typesupport_cpp/flatfish_ros_efuse_serial/msg/status_channel__type_support.cpp.o[0m
[ 30%] [32mBuilding CXX object CMakeFiles/flatfish_ros_efuse_serial__rosidl_typesupport_cpp.dir/rosidl_typesupport_cpp/flatfish_ros_efuse_serial/msg/status_board_array__type_support.cpp.o[0m
[ 31%] [32mBuilding CXX object CMakeFiles/flatfish_ros_efuse_serial__rosidl_typesupport_cpp.dir/rosidl_typesupport_cpp/flatfish_ros_efuse_serial/msg/status_board__type_support.cpp.o[0m
[ 32%] [32mBuilding CXX object CMakeFiles/flatfish_ros_efuse_serial__rosidl_typesupport_cpp.dir/rosidl_typesupport_cpp/flatfish_ros_efuse_serial/srv/set_max_current__type_support.cpp.o[0m
[ 34%] [32mBuilding CXX object CMakeFiles/flatfish_ros_efuse_serial__rosidl_typesupport_cpp.dir/rosidl_typesupport_cpp/flatfish_ros_efuse_serial/srv/set_channel_on__type_support.cpp.o[0m
[ 34%] [32mBuilding CXX object CMakeFiles/flatfish_ros_efuse_serial__rosidl_typesupport_cpp.dir/rosidl_typesupport_cpp/flatfish_ros_efuse_serial/srv/reset_board__type_support.cpp.o[0m
[ 34%] [32mBuilding CXX object CMakeFiles/flatfish_ros_efuse_serial__rosidl_typesupport_cpp.dir/rosidl_typesupport_cpp/flatfish_ros_efuse_serial/srv/default_power_up__type_support.cpp.o[0m
[ 35%] [32mBuilding CXX object CMakeFiles/flatfish_ros_efuse_serial__rosidl_typesupport_cpp.dir/rosidl_typesupport_cpp/flatfish_ros_efuse_serial/srv/set_channels_on__type_support.cpp.o[0m
[ 37%] [32mBuilding CXX object CMakeFiles/flatfish_ros_efuse_serial__rosidl_typesupport_introspection_cpp.dir/rosidl_typesupport_introspection_cpp/flatfish_ros_efuse_serial/msg/detail/board__type_support.cpp.o[0m
[ 37%] [32mBuilding CXX object CMakeFiles/flatfish_ros_efuse_serial__rosidl_typesupport_introspection_cpp.dir/rosidl_typesupport_introspection_cpp/flatfish_ros_efuse_serial/msg/detail/board_array__type_support.cpp.o[0m
[ 38%] [32mBuilding C object CMakeFiles/flatfish_ros_efuse_serial__rosidl_typesupport_introspection_c.dir/rosidl_typesupport_introspection_c/flatfish_ros_efuse_serial/msg/detail/board__type_support.c.o[0m
[ 39%] [32mBuilding C object CMakeFiles/flatfish_ros_efuse_serial__rosidl_typesupport_introspection_c.dir/rosidl_typesupport_introspection_c/flatfish_ros_efuse_serial/msg/detail/board_array__type_support.c.o[0m
[ 40%] [32mBuilding CXX object CMakeFiles/flatfish_ros_efuse_serial__rosidl_typesupport_introspection_cpp.dir/rosidl_typesupport_introspection_cpp/flatfish_ros_efuse_serial/msg/detail/cmd_channel__type_support.cpp.o[0m
[ 41%] [32mBuilding C object CMakeFiles/flatfish_ros_efuse_serial__rosidl_typesupport_introspection_c.dir/rosidl_typesupport_introspection_c/flatfish_ros_efuse_serial/msg/detail/cmd_channel__type_support.c.o[0m
[ 42%] [32mBuilding CXX object CMakeFiles/flatfish_ros_efuse_serial__rosidl_typesupport_fastrtps_c.dir/rosidl_typesupport_fastrtps_c/flatfish_ros_efuse_serial/msg/detail/board__type_support_c.cpp.o[0m
[ 43%] [32mBuilding C object CMakeFiles/flatfish_ros_efuse_serial__rosidl_typesupport_introspection_c.dir/rosidl_typesupport_introspection_c/flatfish_ros_efuse_serial/msg/detail/status_board__type_support.c.o[0m
[ 44%] [32mBuilding CXX object CMakeFiles/flatfish_ros_efuse_serial__rosidl_typesupport_fastrtps_c.dir/rosidl_typesupport_fastrtps_c/flatfish_ros_efuse_serial/msg/detail/board_array__type_support_c.cpp.o[0m
[ 45%] [32mBuilding CXX object CMakeFiles/flatfish_ros_efuse_serial__rosidl_typesupport_introspection_cpp.dir/rosidl_typesupport_introspection_cpp/flatfish_ros_efuse_serial/msg/detail/status_board__type_support.cpp.o[0m
[ 46%] [32mBuilding CXX object CMakeFiles/flatfish_ros_efuse_serial__rosidl_typesupport_introspection_cpp.dir/rosidl_typesupport_introspection_cpp/flatfish_ros_efuse_serial/msg/detail/status_board_array__type_support.cpp.o[0m
[ 47%] [32mBuilding CXX object CMakeFiles/flatfish_ros_efuse_serial__rosidl_typesupport_fastrtps_c.dir/rosidl_typesupport_fastrtps_c/flatfish_ros_efuse_serial/msg/detail/cmd_channel__type_support_c.cpp.o[0m
[ 48%] [32mBuilding C object CMakeFiles/flatfish_ros_efuse_serial__rosidl_typesupport_introspection_c.dir/rosidl_typesupport_introspection_c/flatfish_ros_efuse_serial/msg/detail/status_board_array__type_support.c.o[0m
[ 48%] [32mBuilding CXX object CMakeFiles/flatfish_ros_efuse_serial__rosidl_typesupport_introspection_cpp.dir/rosidl_typesupport_introspection_cpp/flatfish_ros_efuse_serial/msg/detail/status_channel__type_support.cpp.o[0m
[ 49%] [32mBuilding CXX object CMakeFiles/flatfish_ros_efuse_serial__rosidl_typesupport_fastrtps_c.dir/rosidl_typesupport_fastrtps_c/flatfish_ros_efuse_serial/msg/detail/status_board__type_support_c.cpp.o[0m
[ 50%] [32mBuilding C object CMakeFiles/flatfish_ros_efuse_serial__rosidl_typesupport_introspection_c.dir/rosidl_typesupport_introspection_c/flatfish_ros_efuse_serial/msg/detail/status_channel__type_support.c.o[0m
[ 50%] [32mBuilding C object CMakeFiles/flatfish_ros_efuse_serial__rosidl_typesupport_introspection_c.dir/rosidl_typesupport_introspection_c/flatfish_ros_efuse_serial/srv/detail/default_power_up__type_support.c.o[0m
[ 51%] [32m[1mLinking CXX shared library libflatfish_ros_efuse_serial__rosidl_typesupport_cpp.so[0m
[ 52%] [32mBuilding CXX object CMakeFiles/flatfish_ros_efuse_serial__rosidl_typesupport_fastrtps_cpp.dir/rosidl_typesupport_fastrtps_cpp/flatfish_ros_efuse_serial/msg/detail/dds_fastrtps/board__type_support.cpp.o[0m
[ 53%] [32mBuilding C object CMakeFiles/flatfish_ros_efuse_serial__rosidl_typesupport_introspection_c.dir/rosidl_typesupport_introspection_c/flatfish_ros_efuse_serial/srv/detail/reset_board__type_support.c.o[0m
[ 54%] [32mBuilding CXX object CMakeFiles/flatfish_ros_efuse_serial__rosidl_typesupport_fastrtps_cpp.dir/rosidl_typesupport_fastrtps_cpp/flatfish_ros_efuse_serial/msg/detail/dds_fastrtps/board_array__type_support.cpp.o[0m
[ 55%] [32mBuilding CXX object CMakeFiles/flatfish_ros_efuse_serial__rosidl_typesupport_fastrtps_cpp.dir/rosidl_typesupport_fastrtps_cpp/flatfish_ros_efuse_serial/msg/detail/dds_fastrtps/cmd_channel__type_support.cpp.o[0m
[ 56%] [32mBuilding C object CMakeFiles/flatfish_ros_efuse_serial__rosidl_typesupport_introspection_c.dir/rosidl_typesupport_introspection_c/flatfish_ros_efuse_serial/srv/detail/set_channel_on__type_support.c.o[0m
[ 57%] [32mBuilding C object CMakeFiles/flatfish_ros_efuse_serial__rosidl_typesupport_introspection_c.dir/rosidl_typesupport_introspection_c/flatfish_ros_efuse_serial/srv/detail/set_channels_on__type_support.c.o[0m
[ 58%] [32mBuilding CXX object CMakeFiles/flatfish_ros_efuse_serial__rosidl_typesupport_fastrtps_cpp.dir/rosidl_typesupport_fastrtps_cpp/flatfish_ros_efuse_serial/msg/detail/dds_fastrtps/status_board__type_support.cpp.o[0m
[ 58%] Built target flatfish_ros_efuse_serial__rosidl_typesupport_cpp
[ 59%] [32mBuilding CXX object CMakeFiles/flatfish_ros_efuse_serial__rosidl_typesupport_fastrtps_cpp.dir/rosidl_typesupport_fastrtps_cpp/flatfish_ros_efuse_serial/msg/detail/dds_fastrtps/status_board_array__type_support.cpp.o[0m
[ 60%] [32mBuilding C object CMakeFiles/flatfish_ros_efuse_serial__rosidl_typesupport_introspection_c.dir/rosidl_typesupport_introspection_c/flatfish_ros_efuse_serial/srv/detail/set_max_current__type_support.c.o[0m
[ 61%] [32m[1mLinking C shared library libflatfish_ros_efuse_serial__rosidl_typesupport_introspection_c.so[0m
[ 62%] [32mBuilding CXX object CMakeFiles/flatfish_ros_efuse_serial__rosidl_typesupport_introspection_cpp.dir/rosidl_typesupport_introspection_cpp/flatfish_ros_efuse_serial/srv/detail/reset_board__type_support.cpp.o[0m
[ 63%] [32mBuilding CXX object CMakeFiles/flatfish_ros_efuse_serial__rosidl_typesupport_introspection_cpp.dir/rosidl_typesupport_introspection_cpp/flatfish_ros_efuse_serial/srv/detail/default_power_up__type_support.cpp.o[0m
[ 63%] Built target flatfish_ros_efuse_serial__rosidl_typesupport_introspection_c
[ 64%] [32mBuilding CXX object CMakeFiles/flatfish_ros_efuse_serial__rosidl_typesupport_introspection_cpp.dir/rosidl_typesupport_introspection_cpp/flatfish_ros_efuse_serial/srv/detail/set_channel_on__type_support.cpp.o[0m
[ 65%] [32mBuilding CXX object CMakeFiles/flatfish_ros_efuse_serial__rosidl_typesupport_fastrtps_c.dir/rosidl_typesupport_fastrtps_c/flatfish_ros_efuse_serial/msg/detail/status_board_array__type_support_c.cpp.o[0m
[ 66%] [32mBuilding CXX object CMakeFiles/flatfish_ros_efuse_serial__rosidl_typesupport_fastrtps_c.dir/rosidl_typesupport_fastrtps_c/flatfish_ros_efuse_serial/msg/detail/status_channel__type_support_c.cpp.o[0m
[ 67%] [32mBuilding CXX object CMakeFiles/flatfish_ros_efuse_serial__rosidl_typesupport_introspection_cpp.dir/rosidl_typesupport_introspection_cpp/flatfish_ros_efuse_serial/srv/detail/set_channels_on__type_support.cpp.o[0m
[ 67%] [32mBuilding CXX object CMakeFiles/flatfish_ros_efuse_serial__rosidl_typesupport_fastrtps_c.dir/rosidl_typesupport_fastrtps_c/flatfish_ros_efuse_serial/srv/detail/default_power_up__type_support_c.cpp.o[0m
[ 68%] [32mBuilding CXX object CMakeFiles/flatfish_ros_efuse_serial__rosidl_typesupport_fastrtps_c.dir/rosidl_typesupport_fastrtps_c/flatfish_ros_efuse_serial/srv/detail/reset_board__type_support_c.cpp.o[0m
[ 69%] [32mBuilding CXX object CMakeFiles/flatfish_ros_efuse_serial__rosidl_typesupport_introspection_cpp.dir/rosidl_typesupport_introspection_cpp/flatfish_ros_efuse_serial/srv/detail/set_max_current__type_support.cpp.o[0m
[ 69%] [32mBuilding CXX object CMakeFiles/flatfish_ros_efuse_serial__rosidl_typesupport_fastrtps_cpp.dir/rosidl_typesupport_fastrtps_cpp/flatfish_ros_efuse_serial/msg/detail/dds_fastrtps/status_channel__type_support.cpp.o[0m
[ 70%] [32mBuilding CXX object CMakeFiles/flatfish_ros_efuse_serial__rosidl_typesupport_fastrtps_c.dir/rosidl_typesupport_fastrtps_c/flatfish_ros_efuse_serial/srv/detail/set_channel_on__type_support_c.cpp.o[0m
[ 71%] [32mBuilding CXX object CMakeFiles/flatfish_ros_efuse_serial__rosidl_typesupport_fastrtps_cpp.dir/rosidl_typesupport_fastrtps_cpp/flatfish_ros_efuse_serial/srv/detail/dds_fastrtps/default_power_up__type_support.cpp.o[0m
[ 72%] [32mBuilding CXX object CMakeFiles/flatfish_ros_efuse_serial__rosidl_typesupport_fastrtps_c.dir/rosidl_typesupport_fastrtps_c/flatfish_ros_efuse_serial/srv/detail/set_channels_on__type_support_c.cpp.o[0m
[ 73%] [32mBuilding CXX object CMakeFiles/flatfish_ros_efuse_serial__rosidl_typesupport_fastrtps_cpp.dir/rosidl_typesupport_fastrtps_cpp/flatfish_ros_efuse_serial/srv/detail/dds_fastrtps/reset_board__type_support.cpp.o[0m
[ 74%] [32mBuilding CXX object CMakeFiles/flatfish_ros_efuse_serial__rosidl_typesupport_fastrtps_cpp.dir/rosidl_typesupport_fastrtps_cpp/flatfish_ros_efuse_serial/srv/detail/dds_fastrtps/set_channel_on__type_support.cpp.o[0m
[ 75%] [32mBuilding CXX object CMakeFiles/flatfish_ros_efuse_serial__rosidl_typesupport_fastrtps_cpp.dir/rosidl_typesupport_fastrtps_cpp/flatfish_ros_efuse_serial/srv/detail/dds_fastrtps/set_channels_on__type_support.cpp.o[0m
[ 76%] [32mBuilding CXX object CMakeFiles/flatfish_ros_efuse_serial__rosidl_typesupport_fastrtps_cpp.dir/rosidl_typesupport_fastrtps_cpp/flatfish_ros_efuse_serial/srv/detail/dds_fastrtps/set_max_current__type_support.cpp.o[0m
[ 77%] [32mBuilding CXX object CMakeFiles/flatfish_ros_efuse_serial__rosidl_typesupport_fastrtps_c.dir/rosidl_typesupport_fastrtps_c/flatfish_ros_efuse_serial/srv/detail/set_max_current__type_support_c.cpp.o[0m
[ 78%] [32m[1mLinking CXX shared library libflatfish_ros_efuse_serial__rosidl_typesupport_introspection_cpp.so[0m
[ 78%] Built target flatfish_ros_efuse_serial__rosidl_typesupport_introspection_cpp
[ 79%] [32m[1mLinking CXX shared library libflatfish_ros_efuse_serial__rosidl_typesupport_fastrtps_c.so[0m
[ 79%] Built target flatfish_ros_efuse_serial__rosidl_typesupport_fastrtps_c
[ 80%] [32m[1mLinking CXX shared library libflatfish_ros_efuse_serial__rosidl_typesupport_fastrtps_cpp.so[0m
[ 80%] Built target flatfish_ros_efuse_serial__rosidl_typesupport_fastrtps_cpp
gmake: *** [Makefile:146: all] Error 2
