[0.013s] Invoking command in '/home/amandarln/ros_ws/build/flatfish_ros_efuse_serial': CMAKE_PREFIX_PATH=/home/amandarln/ros_ws/install/ros_driver_base:/home/amandarln/ros_ws/install/flatfish_ros_efuse_serial:/opt/ros/humble LD_LIBRARY_PATH=/home/amandarln/ros_ws/install/ros_driver_base/lib:/home/amandarln/ros_ws/install/flatfish_ros_efuse_serial/lib:/usr/lib/x86_64-linux-gnu/gazebo-11/plugins:/opt/ros/humble/opt/rviz_ogre_vendor/lib:/opt/ros/humble/lib/x86_64-linux-gnu:/opt/ros/humble/lib /usr/bin/cmake --build /home/amandarln/ros_ws/build/flatfish_ros_efuse_serial -- -j16 -l16
[0.045s] -- Found ament_cmake: 1.3.9 (/opt/ros/humble/share/ament_cmake/cmake)
[0.172s] -- Found rclcpp: 16.0.9 (/opt/ros/humble/share/rclcpp/cmake)
[0.199s] -- Found rosidl_generator_c: 3.1.5 (/opt/ros/humble/share/rosidl_generator_c/cmake)
[0.201s] -- Found rosidl_adapter: 3.1.5 (/opt/ros/humble/share/rosidl_adapter/cmake)
[0.206s] -- Found rosidl_generator_cpp: 3.1.5 (/opt/ros/humble/share/rosidl_generator_cpp/cmake)
[0.216s] -- Using all available rosidl_typesupport_c: rosidl_typesupport_fastrtps_c;rosidl_typesupport_introspection_c
[0.234s] -- Using all available rosidl_typesupport_cpp: rosidl_typesupport_fastrtps_cpp;rosidl_typesupport_introspection_cpp
[0.282s] -- Found rmw_implementation_cmake: 6.1.2 (/opt/ros/humble/share/rmw_implementation_cmake/cmake)
[0.283s] -- Found rmw_fastrtps_cpp: 6.2.6 (/opt/ros/humble/share/rmw_fastrtps_cpp/cmake)
[0.398s] -- Using RMW implementation 'rmw_fastrtps_cpp' as default
[0.541s] -- Found ros_driver_base: 0.0.1 (/home/amandarln/ros_ws/install/ros_driver_base/share/ros_driver_base/cmake)
[0.542s] -- Found rosidl_default_generators: 1.2.0 (/opt/ros/humble/share/rosidl_default_generators/cmake)
[0.824s] -- Found ament_cmake_ros: 0.10.0 (/opt/ros/humble/share/ament_cmake_ros/cmake)
[1.111s] -- Using all available rosidl_typesupport_c: rosidl_typesupport_fastrtps_c;rosidl_typesupport_introspection_c
[1.227s] -- Using all available rosidl_typesupport_cpp: rosidl_typesupport_fastrtps_cpp;rosidl_typesupport_introspection_cpp
[1.250s] -- Found python_cmake_module: 0.10.0 (/opt/ros/humble/share/python_cmake_module/cmake)
[1.269s] -- Using PYTHON_EXECUTABLE: /usr/bin/python3
[1.270s] -- Using PYTHON_INCLUDE_DIRS: /usr/include/python3.10
[1.270s] -- Using PYTHON_LIBRARIES: /usr/lib/x86_64-linux-gnu/libpython3.10.so
[1.282s] -- Found ament_lint_auto: 0.12.11 (/opt/ros/humble/share/ament_lint_auto/cmake)
[1.290s] -- Added test 'cppcheck' to perform static code analysis on C / C++ code
[1.291s] -- Configured cppcheck include dirs: $<BUILD_INTERFACE:/home/amandarln/ros_ws/src/flatfish_ros_efuse_serial/include>
[1.291s] -- Configured cppcheck exclude dirs and/or files: 
[1.291s] -- Added test 'lint_cmake' to check CMake code style
[1.293s] -- Added test 'uncrustify' to check C / C++ code style
[1.293s] -- Configured uncrustify additional arguments: 
[1.293s] -- Added test 'xmllint' to check XML markup files
[1.295s] -- Configuring done
[1.351s] -- Generating done
[1.355s] -- Build files have been written to: /home/amandarln/ros_ws/build/flatfish_ros_efuse_serial
[1.387s] [35m[1mConsolidate compiler generated dependencies of target flatfish_ros_efuse_serial__rosidl_generator_c[0m
[1.396s] [  1%] [32mBuilding CXX object CMakeFiles/EFuseNode.dir/src/EFuseNode.cpp.o[0m
[1.396s] [  1%] Built target flatfish_ros_efuse_serial__cpp
[1.397s] [  1%] [32mBuilding CXX object CMakeFiles/EFuseDriver.dir/src/EFuseDriver.cpp.o[0m
[1.405s] [ 12%] Built target flatfish_ros_efuse_serial__rosidl_generator_c
[1.406s] [ 12%] Built target ament_cmake_python_copy_flatfish_ros_efuse_serial
[1.408s] [ 12%] [34m[1mGenerating C++ type support dispatch for ROS interfaces[0m
[1.409s] [ 13%] [34m[1mGenerating C++ introspection for ROS interfaces[0m
[1.410s] [ 14%] [34m[1mGenerating C++ type support for eProsima Fast-RTPS[0m
[1.418s] [ 14%] [34m[1mGenerating C type support for eProsima Fast-RTPS[0m
[1.420s] [ 15%] [34m[1mGenerating C type support dispatch for ROS interfaces[0m
[1.424s] [ 15%] [34m[1mGenerating C introspection for ROS interfaces[0m
[1.476s] In file included from [01m[K/home/amandarln/ros_ws/src/flatfish_ros_efuse_serial/src/EFuseDriver.cpp:11[m[K:
[1.477s] [01m[K/home/amandarln/ros_ws/src/flatfish_ros_efuse_serial/include/flatfish_ros_efuse_serial/EFuseDriver.hpp:18:10:[m[K [01;31m[Kfatal error: [m[Kros_driver_base/driver.hpp: No such file or directory
[1.477s]    18 | #include [01;31m[K"ros_driver_base/driver.hpp"[m[K
[1.477s]       |          [01;31m[K^~~~~~~~~~~~~~~~~~~~~~~~~~~~[m[K
[1.477s] compilation terminated.
[1.478s] gmake[2]: *** [CMakeFiles/EFuseDriver.dir/build.make:76: CMakeFiles/EFuseDriver.dir/src/EFuseDriver.cpp.o] Error 1
[1.478s] gmake[1]: *** [CMakeFiles/Makefile2:622: CMakeFiles/EFuseDriver.dir/all] Error 2
[1.479s] gmake[1]: *** Waiting for unfinished jobs....
[1.758s] running egg_info
[1.759s] writing flatfish_ros_efuse_serial.egg-info/PKG-INFO
[1.759s] writing dependency_links to flatfish_ros_efuse_serial.egg-info/dependency_links.txt
[1.760s] writing top-level names to flatfish_ros_efuse_serial.egg-info/top_level.txt
[1.762s] reading manifest file 'flatfish_ros_efuse_serial.egg-info/SOURCES.txt'
[1.763s] writing manifest file 'flatfish_ros_efuse_serial.egg-info/SOURCES.txt'
[1.794s] [ 15%] Built target ament_cmake_python_build_flatfish_ros_efuse_serial_egg
[1.881s] In file included from [01m[K/home/amandarln/ros_ws/src/flatfish_ros_efuse_serial/src/EFuseNode.cpp:9[m[K:
[1.882s] [01m[K/home/amandarln/ros_ws/src/flatfish_ros_efuse_serial/include/flatfish_ros_efuse_serial/EFuseNode.hpp:20:10:[m[K [01;31m[Kfatal error: [m[KEFuseDriver.hpp: No such file or directory
[1.882s]    20 | #include [01;31m[K<EFuseDriver.hpp>[m[K
[1.882s]       |          [01;31m[K^~~~~~~~~~~~~~~~~[m[K
[1.882s] compilation terminated.
[1.887s] gmake[2]: *** [CMakeFiles/EFuseNode.dir/build.make:76: CMakeFiles/EFuseNode.dir/src/EFuseNode.cpp.o] Error 1
[1.888s] gmake[1]: *** [CMakeFiles/Makefile2:596: CMakeFiles/EFuseNode.dir/all] Error 2
[2.059s] [ 16%] [32mBuilding CXX object CMakeFiles/flatfish_ros_efuse_serial__rosidl_typesupport_c.dir/rosidl_typesupport_c/flatfish_ros_efuse_serial/msg/status_board__type_support.cpp.o[0m
[2.059s] [ 18%] [32mBuilding CXX object CMakeFiles/flatfish_ros_efuse_serial__rosidl_typesupport_c.dir/rosidl_typesupport_c/flatfish_ros_efuse_serial/msg/board_array__type_support.cpp.o[0m
[2.059s] [ 19%] [32mBuilding CXX object CMakeFiles/flatfish_ros_efuse_serial__rosidl_typesupport_c.dir/rosidl_typesupport_c/flatfish_ros_efuse_serial/msg/board__type_support.cpp.o[0m
[2.060s] [ 19%] [32mBuilding CXX object CMakeFiles/flatfish_ros_efuse_serial__rosidl_typesupport_c.dir/rosidl_typesupport_c/flatfish_ros_efuse_serial/msg/status_board_array__type_support.cpp.o[0m
[2.060s] [ 21%] [32mBuilding CXX object CMakeFiles/flatfish_ros_efuse_serial__rosidl_typesupport_c.dir/rosidl_typesupport_c/flatfish_ros_efuse_serial/msg/status_channel__type_support.cpp.o[0m
[2.060s] [ 21%] [32mBuilding CXX object CMakeFiles/flatfish_ros_efuse_serial__rosidl_typesupport_c.dir/rosidl_typesupport_c/flatfish_ros_efuse_serial/srv/set_channels_on__type_support.cpp.o[0m
[2.060s] [ 22%] [32mBuilding CXX object CMakeFiles/flatfish_ros_efuse_serial__rosidl_typesupport_c.dir/rosidl_typesupport_c/flatfish_ros_efuse_serial/srv/set_channel_on__type_support.cpp.o[0m
[2.061s] [ 19%] [32mBuilding CXX object CMakeFiles/flatfish_ros_efuse_serial__rosidl_typesupport_c.dir/rosidl_typesupport_c/flatfish_ros_efuse_serial/srv/default_power_up__type_support.cpp.o[0m
[2.061s] [ 23%] [32mBuilding CXX object CMakeFiles/flatfish_ros_efuse_serial__rosidl_typesupport_c.dir/rosidl_typesupport_c/flatfish_ros_efuse_serial/srv/reset_board__type_support.cpp.o[0m
[2.061s] [ 23%] [32mBuilding CXX object CMakeFiles/flatfish_ros_efuse_serial__rosidl_typesupport_c.dir/rosidl_typesupport_c/flatfish_ros_efuse_serial/msg/cmd_channel__type_support.cpp.o[0m
[2.061s] [ 24%] [32mBuilding CXX object CMakeFiles/flatfish_ros_efuse_serial__rosidl_typesupport_c.dir/rosidl_typesupport_c/flatfish_ros_efuse_serial/srv/set_max_current__type_support.cpp.o[0m
[2.124s] [ 25%] [32m[1mLinking CXX shared library libflatfish_ros_efuse_serial__rosidl_typesupport_c.so[0m
[2.178s] [ 25%] Built target flatfish_ros_efuse_serial__rosidl_typesupport_c
[2.274s] [ 26%] [32mBuilding CXX object CMakeFiles/flatfish_ros_efuse_serial__rosidl_typesupport_cpp.dir/rosidl_typesupport_cpp/flatfish_ros_efuse_serial/msg/board__type_support.cpp.o[0m
[2.274s] [ 27%] [32mBuilding CXX object CMakeFiles/flatfish_ros_efuse_serial__rosidl_typesupport_cpp.dir/rosidl_typesupport_cpp/flatfish_ros_efuse_serial/msg/board_array__type_support.cpp.o[0m
[2.275s] [ 28%] [32mBuilding CXX object CMakeFiles/flatfish_ros_efuse_serial__rosidl_typesupport_cpp.dir/rosidl_typesupport_cpp/flatfish_ros_efuse_serial/msg/cmd_channel__type_support.cpp.o[0m
[2.275s] [ 29%] [32mBuilding CXX object CMakeFiles/flatfish_ros_efuse_serial__rosidl_typesupport_cpp.dir/rosidl_typesupport_cpp/flatfish_ros_efuse_serial/msg/status_channel__type_support.cpp.o[0m
[2.276s] [ 30%] [32mBuilding CXX object CMakeFiles/flatfish_ros_efuse_serial__rosidl_typesupport_cpp.dir/rosidl_typesupport_cpp/flatfish_ros_efuse_serial/msg/status_board_array__type_support.cpp.o[0m
[2.276s] [ 31%] [32mBuilding CXX object CMakeFiles/flatfish_ros_efuse_serial__rosidl_typesupport_cpp.dir/rosidl_typesupport_cpp/flatfish_ros_efuse_serial/msg/status_board__type_support.cpp.o[0m
[2.276s] [ 32%] [32mBuilding CXX object CMakeFiles/flatfish_ros_efuse_serial__rosidl_typesupport_cpp.dir/rosidl_typesupport_cpp/flatfish_ros_efuse_serial/srv/set_max_current__type_support.cpp.o[0m
[2.276s] [ 34%] [32mBuilding CXX object CMakeFiles/flatfish_ros_efuse_serial__rosidl_typesupport_cpp.dir/rosidl_typesupport_cpp/flatfish_ros_efuse_serial/srv/set_channel_on__type_support.cpp.o[0m
[2.276s] [ 34%] [32mBuilding CXX object CMakeFiles/flatfish_ros_efuse_serial__rosidl_typesupport_cpp.dir/rosidl_typesupport_cpp/flatfish_ros_efuse_serial/srv/reset_board__type_support.cpp.o[0m
[2.276s] [ 34%] [32mBuilding CXX object CMakeFiles/flatfish_ros_efuse_serial__rosidl_typesupport_cpp.dir/rosidl_typesupport_cpp/flatfish_ros_efuse_serial/srv/default_power_up__type_support.cpp.o[0m
[2.278s] [ 35%] [32mBuilding CXX object CMakeFiles/flatfish_ros_efuse_serial__rosidl_typesupport_cpp.dir/rosidl_typesupport_cpp/flatfish_ros_efuse_serial/srv/set_channels_on__type_support.cpp.o[0m
[2.299s] [ 37%] [32mBuilding CXX object CMakeFiles/flatfish_ros_efuse_serial__rosidl_typesupport_introspection_cpp.dir/rosidl_typesupport_introspection_cpp/flatfish_ros_efuse_serial/msg/detail/board__type_support.cpp.o[0m
[2.301s] [ 37%] [32mBuilding CXX object CMakeFiles/flatfish_ros_efuse_serial__rosidl_typesupport_introspection_cpp.dir/rosidl_typesupport_introspection_cpp/flatfish_ros_efuse_serial/msg/detail/board_array__type_support.cpp.o[0m
[2.809s] [ 38%] [32mBuilding C object CMakeFiles/flatfish_ros_efuse_serial__rosidl_typesupport_introspection_c.dir/rosidl_typesupport_introspection_c/flatfish_ros_efuse_serial/msg/detail/board__type_support.c.o[0m
[2.838s] [ 39%] [32mBuilding C object CMakeFiles/flatfish_ros_efuse_serial__rosidl_typesupport_introspection_c.dir/rosidl_typesupport_introspection_c/flatfish_ros_efuse_serial/msg/detail/board_array__type_support.c.o[0m
[2.848s] [ 40%] [32mBuilding CXX object CMakeFiles/flatfish_ros_efuse_serial__rosidl_typesupport_introspection_cpp.dir/rosidl_typesupport_introspection_cpp/flatfish_ros_efuse_serial/msg/detail/cmd_channel__type_support.cpp.o[0m
[2.863s] [ 41%] [32mBuilding C object CMakeFiles/flatfish_ros_efuse_serial__rosidl_typesupport_introspection_c.dir/rosidl_typesupport_introspection_c/flatfish_ros_efuse_serial/msg/detail/cmd_channel__type_support.c.o[0m
[2.865s] [ 42%] [32mBuilding CXX object CMakeFiles/flatfish_ros_efuse_serial__rosidl_typesupport_fastrtps_c.dir/rosidl_typesupport_fastrtps_c/flatfish_ros_efuse_serial/msg/detail/board__type_support_c.cpp.o[0m
[2.879s] [ 43%] [32mBuilding C object CMakeFiles/flatfish_ros_efuse_serial__rosidl_typesupport_introspection_c.dir/rosidl_typesupport_introspection_c/flatfish_ros_efuse_serial/msg/detail/status_board__type_support.c.o[0m
[2.880s] [ 44%] [32mBuilding CXX object CMakeFiles/flatfish_ros_efuse_serial__rosidl_typesupport_fastrtps_c.dir/rosidl_typesupport_fastrtps_c/flatfish_ros_efuse_serial/msg/detail/board_array__type_support_c.cpp.o[0m
[2.880s] [ 45%] [32mBuilding CXX object CMakeFiles/flatfish_ros_efuse_serial__rosidl_typesupport_introspection_cpp.dir/rosidl_typesupport_introspection_cpp/flatfish_ros_efuse_serial/msg/detail/status_board__type_support.cpp.o[0m
[2.898s] [ 46%] [32mBuilding CXX object CMakeFiles/flatfish_ros_efuse_serial__rosidl_typesupport_introspection_cpp.dir/rosidl_typesupport_introspection_cpp/flatfish_ros_efuse_serial/msg/detail/status_board_array__type_support.cpp.o[0m
[2.903s] [ 47%] [32mBuilding CXX object CMakeFiles/flatfish_ros_efuse_serial__rosidl_typesupport_fastrtps_c.dir/rosidl_typesupport_fastrtps_c/flatfish_ros_efuse_serial/msg/detail/cmd_channel__type_support_c.cpp.o[0m
[2.904s] [ 48%] [32mBuilding C object CMakeFiles/flatfish_ros_efuse_serial__rosidl_typesupport_introspection_c.dir/rosidl_typesupport_introspection_c/flatfish_ros_efuse_serial/msg/detail/status_board_array__type_support.c.o[0m
[2.911s] [ 48%] [32mBuilding CXX object CMakeFiles/flatfish_ros_efuse_serial__rosidl_typesupport_introspection_cpp.dir/rosidl_typesupport_introspection_cpp/flatfish_ros_efuse_serial/msg/detail/status_channel__type_support.cpp.o[0m
[2.912s] [ 49%] [32mBuilding CXX object CMakeFiles/flatfish_ros_efuse_serial__rosidl_typesupport_fastrtps_c.dir/rosidl_typesupport_fastrtps_c/flatfish_ros_efuse_serial/msg/detail/status_board__type_support_c.cpp.o[0m
[2.917s] [ 50%] [32mBuilding C object CMakeFiles/flatfish_ros_efuse_serial__rosidl_typesupport_introspection_c.dir/rosidl_typesupport_introspection_c/flatfish_ros_efuse_serial/msg/detail/status_channel__type_support.c.o[0m
[2.928s] [ 50%] [32mBuilding C object CMakeFiles/flatfish_ros_efuse_serial__rosidl_typesupport_introspection_c.dir/rosidl_typesupport_introspection_c/flatfish_ros_efuse_serial/srv/detail/default_power_up__type_support.c.o[0m
[2.940s] [ 51%] [32m[1mLinking CXX shared library libflatfish_ros_efuse_serial__rosidl_typesupport_cpp.so[0m
[2.966s] [ 52%] [32mBuilding CXX object CMakeFiles/flatfish_ros_efuse_serial__rosidl_typesupport_fastrtps_cpp.dir/rosidl_typesupport_fastrtps_cpp/flatfish_ros_efuse_serial/msg/detail/dds_fastrtps/board__type_support.cpp.o[0m
[2.983s] [ 53%] [32mBuilding C object CMakeFiles/flatfish_ros_efuse_serial__rosidl_typesupport_introspection_c.dir/rosidl_typesupport_introspection_c/flatfish_ros_efuse_serial/srv/detail/reset_board__type_support.c.o[0m
[2.987s] [ 54%] [32mBuilding CXX object CMakeFiles/flatfish_ros_efuse_serial__rosidl_typesupport_fastrtps_cpp.dir/rosidl_typesupport_fastrtps_cpp/flatfish_ros_efuse_serial/msg/detail/dds_fastrtps/board_array__type_support.cpp.o[0m
[2.993s] [ 55%] [32mBuilding CXX object CMakeFiles/flatfish_ros_efuse_serial__rosidl_typesupport_fastrtps_cpp.dir/rosidl_typesupport_fastrtps_cpp/flatfish_ros_efuse_serial/msg/detail/dds_fastrtps/cmd_channel__type_support.cpp.o[0m
[3.007s] [ 56%] [32mBuilding C object CMakeFiles/flatfish_ros_efuse_serial__rosidl_typesupport_introspection_c.dir/rosidl_typesupport_introspection_c/flatfish_ros_efuse_serial/srv/detail/set_channel_on__type_support.c.o[0m
[3.062s] [ 57%] [32mBuilding C object CMakeFiles/flatfish_ros_efuse_serial__rosidl_typesupport_introspection_c.dir/rosidl_typesupport_introspection_c/flatfish_ros_efuse_serial/srv/detail/set_channels_on__type_support.c.o[0m
[3.081s] [ 58%] [32mBuilding CXX object CMakeFiles/flatfish_ros_efuse_serial__rosidl_typesupport_fastrtps_cpp.dir/rosidl_typesupport_fastrtps_cpp/flatfish_ros_efuse_serial/msg/detail/dds_fastrtps/status_board__type_support.cpp.o[0m
[3.084s] [ 58%] Built target flatfish_ros_efuse_serial__rosidl_typesupport_cpp
[3.101s] [ 59%] [32mBuilding CXX object CMakeFiles/flatfish_ros_efuse_serial__rosidl_typesupport_fastrtps_cpp.dir/rosidl_typesupport_fastrtps_cpp/flatfish_ros_efuse_serial/msg/detail/dds_fastrtps/status_board_array__type_support.cpp.o[0m
[3.141s] [ 60%] [32mBuilding C object CMakeFiles/flatfish_ros_efuse_serial__rosidl_typesupport_introspection_c.dir/rosidl_typesupport_introspection_c/flatfish_ros_efuse_serial/srv/detail/set_max_current__type_support.c.o[0m
[3.279s] [ 61%] [32m[1mLinking C shared library libflatfish_ros_efuse_serial__rosidl_typesupport_introspection_c.so[0m
[3.313s] [ 62%] [32mBuilding CXX object CMakeFiles/flatfish_ros_efuse_serial__rosidl_typesupport_introspection_cpp.dir/rosidl_typesupport_introspection_cpp/flatfish_ros_efuse_serial/srv/detail/reset_board__type_support.cpp.o[0m
[3.384s] [ 63%] [32mBuilding CXX object CMakeFiles/flatfish_ros_efuse_serial__rosidl_typesupport_introspection_cpp.dir/rosidl_typesupport_introspection_cpp/flatfish_ros_efuse_serial/srv/detail/default_power_up__type_support.cpp.o[0m
[3.490s] [ 63%] Built target flatfish_ros_efuse_serial__rosidl_typesupport_introspection_c
[3.509s] [ 64%] [32mBuilding CXX object CMakeFiles/flatfish_ros_efuse_serial__rosidl_typesupport_introspection_cpp.dir/rosidl_typesupport_introspection_cpp/flatfish_ros_efuse_serial/srv/detail/set_channel_on__type_support.cpp.o[0m
[3.634s] [ 65%] [32mBuilding CXX object CMakeFiles/flatfish_ros_efuse_serial__rosidl_typesupport_fastrtps_c.dir/rosidl_typesupport_fastrtps_c/flatfish_ros_efuse_serial/msg/detail/status_board_array__type_support_c.cpp.o[0m
[3.695s] [ 66%] [32mBuilding CXX object CMakeFiles/flatfish_ros_efuse_serial__rosidl_typesupport_fastrtps_c.dir/rosidl_typesupport_fastrtps_c/flatfish_ros_efuse_serial/msg/detail/status_channel__type_support_c.cpp.o[0m
[3.704s] [ 67%] [32mBuilding CXX object CMakeFiles/flatfish_ros_efuse_serial__rosidl_typesupport_introspection_cpp.dir/rosidl_typesupport_introspection_cpp/flatfish_ros_efuse_serial/srv/detail/set_channels_on__type_support.cpp.o[0m
[3.715s] [ 67%] [32mBuilding CXX object CMakeFiles/flatfish_ros_efuse_serial__rosidl_typesupport_fastrtps_c.dir/rosidl_typesupport_fastrtps_c/flatfish_ros_efuse_serial/srv/detail/default_power_up__type_support_c.cpp.o[0m
[3.749s] [ 68%] [32mBuilding CXX object CMakeFiles/flatfish_ros_efuse_serial__rosidl_typesupport_fastrtps_c.dir/rosidl_typesupport_fastrtps_c/flatfish_ros_efuse_serial/srv/detail/reset_board__type_support_c.cpp.o[0m
[3.793s] [ 69%] [32mBuilding CXX object CMakeFiles/flatfish_ros_efuse_serial__rosidl_typesupport_introspection_cpp.dir/rosidl_typesupport_introspection_cpp/flatfish_ros_efuse_serial/srv/detail/set_max_current__type_support.cpp.o[0m
[3.932s] [ 69%] [32mBuilding CXX object CMakeFiles/flatfish_ros_efuse_serial__rosidl_typesupport_fastrtps_cpp.dir/rosidl_typesupport_fastrtps_cpp/flatfish_ros_efuse_serial/msg/detail/dds_fastrtps/status_channel__type_support.cpp.o[0m
[3.942s] [ 70%] [32mBuilding CXX object CMakeFiles/flatfish_ros_efuse_serial__rosidl_typesupport_fastrtps_c.dir/rosidl_typesupport_fastrtps_c/flatfish_ros_efuse_serial/srv/detail/set_channel_on__type_support_c.cpp.o[0m
[3.982s] [ 71%] [32mBuilding CXX object CMakeFiles/flatfish_ros_efuse_serial__rosidl_typesupport_fastrtps_cpp.dir/rosidl_typesupport_fastrtps_cpp/flatfish_ros_efuse_serial/srv/detail/dds_fastrtps/default_power_up__type_support.cpp.o[0m
[4.006s] [ 72%] [32mBuilding CXX object CMakeFiles/flatfish_ros_efuse_serial__rosidl_typesupport_fastrtps_c.dir/rosidl_typesupport_fastrtps_c/flatfish_ros_efuse_serial/srv/detail/set_channels_on__type_support_c.cpp.o[0m
[4.020s] [ 73%] [32mBuilding CXX object CMakeFiles/flatfish_ros_efuse_serial__rosidl_typesupport_fastrtps_cpp.dir/rosidl_typesupport_fastrtps_cpp/flatfish_ros_efuse_serial/srv/detail/dds_fastrtps/reset_board__type_support.cpp.o[0m
[4.083s] [ 74%] [32mBuilding CXX object CMakeFiles/flatfish_ros_efuse_serial__rosidl_typesupport_fastrtps_cpp.dir/rosidl_typesupport_fastrtps_cpp/flatfish_ros_efuse_serial/srv/detail/dds_fastrtps/set_channel_on__type_support.cpp.o[0m
[4.183s] [ 75%] [32mBuilding CXX object CMakeFiles/flatfish_ros_efuse_serial__rosidl_typesupport_fastrtps_cpp.dir/rosidl_typesupport_fastrtps_cpp/flatfish_ros_efuse_serial/srv/detail/dds_fastrtps/set_channels_on__type_support.cpp.o[0m
[4.318s] [ 76%] [32mBuilding CXX object CMakeFiles/flatfish_ros_efuse_serial__rosidl_typesupport_fastrtps_cpp.dir/rosidl_typesupport_fastrtps_cpp/flatfish_ros_efuse_serial/srv/detail/dds_fastrtps/set_max_current__type_support.cpp.o[0m
[4.416s] [ 77%] [32mBuilding CXX object CMakeFiles/flatfish_ros_efuse_serial__rosidl_typesupport_fastrtps_c.dir/rosidl_typesupport_fastrtps_c/flatfish_ros_efuse_serial/srv/detail/set_max_current__type_support_c.cpp.o[0m
[4.639s] [ 78%] [32m[1mLinking CXX shared library libflatfish_ros_efuse_serial__rosidl_typesupport_introspection_cpp.so[0m
[4.754s] [ 78%] Built target flatfish_ros_efuse_serial__rosidl_typesupport_introspection_cpp
[4.948s] [ 79%] [32m[1mLinking CXX shared library libflatfish_ros_efuse_serial__rosidl_typesupport_fastrtps_c.so[0m
[5.024s] [ 79%] Built target flatfish_ros_efuse_serial__rosidl_typesupport_fastrtps_c
[5.055s] [ 80%] [32m[1mLinking CXX shared library libflatfish_ros_efuse_serial__rosidl_typesupport_fastrtps_cpp.so[0m
[5.126s] [ 80%] Built target flatfish_ros_efuse_serial__rosidl_typesupport_fastrtps_cpp
[5.127s] gmake: *** [Makefile:146: all] Error 2
[5.130s] Invoked command in '/home/amandarln/ros_ws/build/flatfish_ros_efuse_serial' returned '2': CMAKE_PREFIX_PATH=/home/amandarln/ros_ws/install/ros_driver_base:/home/amandarln/ros_ws/install/flatfish_ros_efuse_serial:/opt/ros/humble LD_LIBRARY_PATH=/home/amandarln/ros_ws/install/ros_driver_base/lib:/home/amandarln/ros_ws/install/flatfish_ros_efuse_serial/lib:/usr/lib/x86_64-linux-gnu/gazebo-11/plugins:/opt/ros/humble/opt/rviz_ogre_vendor/lib:/opt/ros/humble/lib/x86_64-linux-gnu:/opt/ros/humble/lib /usr/bin/cmake --build /home/amandarln/ros_ws/build/flatfish_ros_efuse_serial -- -j16 -l16
