[0.008s] Invoking command in '/home/amandarln/ros_ws/build/ros_driver_base': CMAKE_PREFIX_PATH=/opt/ros/humble /usr/bin/cmake --build /home/amandarln/ros_ws/build/ros_driver_base -- -j16 -l16
[0.020s] /usr/bin/cmake -S/home/amandarln/ros_ws/src/ros_driver_base -B/home/amandarln/ros_ws/build/ros_driver_base --check-build-system CMakeFiles/Makefile.cmake 0
[0.033s] /usr/bin/cmake -E cmake_progress_start /home/amandarln/ros_ws/build/ros_driver_base/CMakeFiles /home/amandarln/ros_ws/build/ros_driver_base//CMakeFiles/progress.marks
[0.038s] /usr/bin/gmake  -f CMakeFiles/Makefile2 all
[0.039s] gmake[1]: Entering directory '/home/amandarln/ros_ws/build/ros_driver_base'
[0.039s] /usr/bin/gmake  -f CMakeFiles/ros_driver_base.dir/build.make CMakeFiles/ros_driver_base.dir/depend
[0.039s] /usr/bin/gmake  -f gtest/CMakeFiles/gtest_main.dir/build.make gtest/CMakeFiles/gtest_main.dir/depend
[0.039s] /usr/bin/gmake  -f gtest/CMakeFiles/gtest.dir/build.make gtest/CMakeFiles/gtest.dir/depend
[0.041s] gmake[2]: Entering directory '/home/amandarln/ros_ws/build/ros_driver_base'
[0.041s] cd /home/amandarln/ros_ws/build/ros_driver_base && /usr/bin/cmake -E cmake_depends "Unix Makefiles" /home/amandarln/ros_ws/src/ros_driver_base /opt/ros/humble/src/gtest_vendor /home/amandarln/ros_ws/build/ros_driver_base /home/amandarln/ros_ws/build/ros_driver_base/gtest /home/amandarln/ros_ws/build/ros_driver_base/gtest/CMakeFiles/gtest_main.dir/DependInfo.cmake --color=
[0.041s] gmake[2]: Entering directory '/home/amandarln/ros_ws/build/ros_driver_base'
[0.041s] cd /home/amandarln/ros_ws/build/ros_driver_base && /usr/bin/cmake -E cmake_depends "Unix Makefiles" /home/amandarln/ros_ws/src/ros_driver_base /opt/ros/humble/src/gtest_vendor /home/amandarln/ros_ws/build/ros_driver_base /home/amandarln/ros_ws/build/ros_driver_base/gtest /home/amandarln/ros_ws/build/ros_driver_base/gtest/CMakeFiles/gtest.dir/DependInfo.cmake --color=
[0.043s] gmake[2]: Entering directory '/home/amandarln/ros_ws/build/ros_driver_base'
[0.043s] cd /home/amandarln/ros_ws/build/ros_driver_base && /usr/bin/cmake -E cmake_depends "Unix Makefiles" /home/amandarln/ros_ws/src/ros_driver_base /home/amandarln/ros_ws/src/ros_driver_base /home/amandarln/ros_ws/build/ros_driver_base /home/amandarln/ros_ws/build/ros_driver_base /home/amandarln/ros_ws/build/ros_driver_base/CMakeFiles/ros_driver_base.dir/DependInfo.cmake --color=
[0.047s] gmake[2]: Leaving directory '/home/amandarln/ros_ws/build/ros_driver_base'
[0.047s] /usr/bin/gmake  -f gtest/CMakeFiles/gtest_main.dir/build.make gtest/CMakeFiles/gtest_main.dir/build
[0.047s] gmake[2]: Leaving directory '/home/amandarln/ros_ws/build/ros_driver_base'
[0.047s] /usr/bin/gmake  -f gtest/CMakeFiles/gtest.dir/build.make gtest/CMakeFiles/gtest.dir/build
[0.048s] gmake[2]: Entering directory '/home/amandarln/ros_ws/build/ros_driver_base'
[0.048s] gmake[2]: Nothing to be done for 'gtest/CMakeFiles/gtest_main.dir/build'.
[0.048s] gmake[2]: Leaving directory '/home/amandarln/ros_ws/build/ros_driver_base'
[0.048s] gmake[2]: Entering directory '/home/amandarln/ros_ws/build/ros_driver_base'
[0.048s] gmake[2]: Nothing to be done for 'gtest/CMakeFiles/gtest.dir/build'.
[0.048s] gmake[2]: Leaving directory '/home/amandarln/ros_ws/build/ros_driver_base'
[0.049s] gmake[2]: Leaving directory '/home/amandarln/ros_ws/build/ros_driver_base'
[0.049s] /usr/bin/gmake  -f CMakeFiles/ros_driver_base.dir/build.make CMakeFiles/ros_driver_base.dir/build
[0.052s] [  7%] Built target gtest_main
[0.052s] [ 14%] Built target gtest
[0.053s] gmake[2]: Entering directory '/home/amandarln/ros_ws/build/ros_driver_base'
[0.053s] gmake[2]: Nothing to be done for 'CMakeFiles/ros_driver_base.dir/build'.
[0.053s] gmake[2]: Leaving directory '/home/amandarln/ros_ws/build/ros_driver_base'
[0.057s] [ 48%] Built target ros_driver_base
[0.058s] /usr/bin/gmake  -f CMakeFiles/test_test_stream_gtest.dir/build.make CMakeFiles/test_test_stream_gtest.dir/depend
[0.058s] /usr/bin/gmake  -f CMakeFiles/test_driver.dir/build.make CMakeFiles/test_driver.dir/depend
[0.058s] /usr/bin/gmake  -f CMakeFiles/test_tcp_read.dir/build.make CMakeFiles/test_tcp_read.dir/depend
[0.058s] /usr/bin/gmake  -f CMakeFiles/test_tcp_write.dir/build.make CMakeFiles/test_tcp_write.dir/depend
[0.059s] /usr/bin/gmake  -f CMakeFiles/test_udp_read.dir/build.make CMakeFiles/test_udp_read.dir/depend
[0.059s] /usr/bin/gmake  -f CMakeFiles/test_udp_write.dir/build.make CMakeFiles/test_udp_write.dir/depend
[0.060s] gmake[2]: Entering directory '/home/amandarln/ros_ws/build/ros_driver_base'
[0.060s] cd /home/amandarln/ros_ws/build/ros_driver_base && /usr/bin/cmake -E cmake_depends "Unix Makefiles" /home/amandarln/ros_ws/src/ros_driver_base /home/amandarln/ros_ws/src/ros_driver_base /home/amandarln/ros_ws/build/ros_driver_base /home/amandarln/ros_ws/build/ros_driver_base /home/amandarln/ros_ws/build/ros_driver_base/CMakeFiles/test_tcp_read.dir/DependInfo.cmake --color=
[0.060s] gmake[2]: Entering directory '/home/amandarln/ros_ws/build/ros_driver_base'
[0.060s] cd /home/amandarln/ros_ws/build/ros_driver_base && /usr/bin/cmake -E cmake_depends "Unix Makefiles" /home/amandarln/ros_ws/src/ros_driver_base /home/amandarln/ros_ws/src/ros_driver_base /home/amandarln/ros_ws/build/ros_driver_base /home/amandarln/ros_ws/build/ros_driver_base /home/amandarln/ros_ws/build/ros_driver_base/CMakeFiles/test_test_stream_gtest.dir/DependInfo.cmake --color=
[0.060s] gmake[2]: Entering directory '/home/amandarln/ros_ws/build/ros_driver_base'
[0.060s] cd /home/amandarln/ros_ws/build/ros_driver_base && /usr/bin/cmake -E cmake_depends "Unix Makefiles" /home/amandarln/ros_ws/src/ros_driver_base /home/amandarln/ros_ws/src/ros_driver_base /home/amandarln/ros_ws/build/ros_driver_base /home/amandarln/ros_ws/build/ros_driver_base /home/amandarln/ros_ws/build/ros_driver_base/CMakeFiles/test_tcp_write.dir/DependInfo.cmake --color=
[0.060s] gmake[2]: Entering directory '/home/amandarln/ros_ws/build/ros_driver_base'
[0.060s] cd /home/amandarln/ros_ws/build/ros_driver_base && /usr/bin/cmake -E cmake_depends "Unix Makefiles" /home/amandarln/ros_ws/src/ros_driver_base /home/amandarln/ros_ws/src/ros_driver_base /home/amandarln/ros_ws/build/ros_driver_base /home/amandarln/ros_ws/build/ros_driver_base /home/amandarln/ros_ws/build/ros_driver_base/CMakeFiles/test_udp_write.dir/DependInfo.cmake --color=
[0.061s] gmake[2]: Entering directory '/home/amandarln/ros_ws/build/ros_driver_base'
[0.061s] cd /home/amandarln/ros_ws/build/ros_driver_base && /usr/bin/cmake -E cmake_depends "Unix Makefiles" /home/amandarln/ros_ws/src/ros_driver_base /home/amandarln/ros_ws/src/ros_driver_base /home/amandarln/ros_ws/build/ros_driver_base /home/amandarln/ros_ws/build/ros_driver_base /home/amandarln/ros_ws/build/ros_driver_base/CMakeFiles/test_udp_read.dir/DependInfo.cmake --color=
[0.061s] gmake[2]: Entering directory '/home/amandarln/ros_ws/build/ros_driver_base'
[0.061s] cd /home/amandarln/ros_ws/build/ros_driver_base && /usr/bin/cmake -E cmake_depends "Unix Makefiles" /home/amandarln/ros_ws/src/ros_driver_base /home/amandarln/ros_ws/src/ros_driver_base /home/amandarln/ros_ws/build/ros_driver_base /home/amandarln/ros_ws/build/ros_driver_base /home/amandarln/ros_ws/build/ros_driver_base/CMakeFiles/test_driver.dir/DependInfo.cmake --color=
[0.067s] gmake[2]: Leaving directory '/home/amandarln/ros_ws/build/ros_driver_base'
[0.067s] gmake[2]: Leaving directory '/home/amandarln/ros_ws/build/ros_driver_base'
[0.067s] /usr/bin/gmake  -f CMakeFiles/test_udp_read.dir/build.make CMakeFiles/test_udp_read.dir/build
[0.067s] gmake[2]: Leaving directory '/home/amandarln/ros_ws/build/ros_driver_base'
[0.067s] gmake[2]: Leaving directory '/home/amandarln/ros_ws/build/ros_driver_base'
[0.067s] /usr/bin/gmake  -f CMakeFiles/test_test_stream_gtest.dir/build.make CMakeFiles/test_test_stream_gtest.dir/build
[0.067s] gmake[2]: Leaving directory '/home/amandarln/ros_ws/build/ros_driver_base'
[0.067s] /usr/bin/gmake  -f CMakeFiles/test_tcp_read.dir/build.make CMakeFiles/test_tcp_read.dir/build
[0.067s] /usr/bin/gmake  -f CMakeFiles/test_tcp_write.dir/build.make CMakeFiles/test_tcp_write.dir/build
[0.068s] /usr/bin/gmake  -f CMakeFiles/test_udp_write.dir/build.make CMakeFiles/test_udp_write.dir/build
[0.068s] gmake[2]: Leaving directory '/home/amandarln/ros_ws/build/ros_driver_base'
[0.068s] /usr/bin/gmake  -f CMakeFiles/test_driver.dir/build.make CMakeFiles/test_driver.dir/build
[0.068s] gmake[2]: Entering directory '/home/amandarln/ros_ws/build/ros_driver_base'
[0.068s] gmake[2]: Nothing to be done for 'CMakeFiles/test_udp_read.dir/build'.
[0.068s] gmake[2]: Leaving directory '/home/amandarln/ros_ws/build/ros_driver_base'
[0.068s] gmake[2]: Entering directory '/home/amandarln/ros_ws/build/ros_driver_base'
[0.068s] gmake[2]: Nothing to be done for 'CMakeFiles/test_tcp_read.dir/build'.
[0.068s] gmake[2]: Leaving directory '/home/amandarln/ros_ws/build/ros_driver_base'
[0.069s] gmake[2]: Entering directory '/home/amandarln/ros_ws/build/ros_driver_base'
[0.069s] gmake[2]: Nothing to be done for 'CMakeFiles/test_tcp_write.dir/build'.
[0.069s] gmake[2]: Leaving directory '/home/amandarln/ros_ws/build/ros_driver_base'
[0.069s] gmake[2]: Entering directory '/home/amandarln/ros_ws/build/ros_driver_base'
[0.069s] gmake[2]: Nothing to be done for 'CMakeFiles/test_udp_write.dir/build'.
[0.069s] gmake[2]: Leaving directory '/home/amandarln/ros_ws/build/ros_driver_base'
[0.069s] gmake[2]: Entering directory '/home/amandarln/ros_ws/build/ros_driver_base'
[0.069s] gmake[2]: Nothing to be done for 'CMakeFiles/test_test_stream_gtest.dir/build'.
[0.069s] gmake[2]: Leaving directory '/home/amandarln/ros_ws/build/ros_driver_base'
[0.070s] gmake[2]: Entering directory '/home/amandarln/ros_ws/build/ros_driver_base'
[0.071s] gmake[2]: Nothing to be done for 'CMakeFiles/test_driver.dir/build'.
[0.071s] gmake[2]: Leaving directory '/home/amandarln/ros_ws/build/ros_driver_base'
[0.073s] [ 74%] Built target test_udp_write
[0.073s] [ 74%] Built target test_tcp_write
[0.073s] [ 77%] Built target test_tcp_read
[0.074s] [ 77%] Built target test_test_stream_gtest
[0.074s] [ 85%] Built target test_udp_read
[0.075s] [100%] Built target test_driver
[0.075s] gmake[1]: Leaving directory '/home/amandarln/ros_ws/build/ros_driver_base'
[0.076s] /usr/bin/cmake -E cmake_progress_start /home/amandarln/ros_ws/build/ros_driver_base/CMakeFiles 0
[0.083s] Invoked command in '/home/amandarln/ros_ws/build/ros_driver_base' returned '0': CMAKE_PREFIX_PATH=/opt/ros/humble /usr/bin/cmake --build /home/amandarln/ros_ws/build/ros_driver_base -- -j16 -l16
[0.130s] Invoking command in '/home/amandarln/ros_ws/build/ros_driver_base': CMAKE_PREFIX_PATH=/opt/ros/humble /usr/bin/cmake --install /home/amandarln/ros_ws/build/ros_driver_base
[0.135s] -- Install configuration: ""
[0.135s] -- Up-to-date: /home/amandarln/ros_ws/install/ros_driver_base/share/ros_driver_base/environment/library_path.sh
[0.136s] -- Up-to-date: /home/amandarln/ros_ws/install/ros_driver_base/share/ros_driver_base/environment/library_path.dsv
[0.136s] -- Up-to-date: /home/amandarln/ros_ws/install/ros_driver_base/share/ament_index/resource_index/package_run_dependencies/ros_driver_base
[0.136s] -- Up-to-date: /home/amandarln/ros_ws/install/ros_driver_base/share/ament_index/resource_index/parent_prefix_path/ros_driver_base
[0.136s] -- Up-to-date: /home/amandarln/ros_ws/install/ros_driver_base/share/ros_driver_base/environment/ament_prefix_path.sh
[0.136s] -- Up-to-date: /home/amandarln/ros_ws/install/ros_driver_base/share/ros_driver_base/environment/ament_prefix_path.dsv
[0.136s] -- Up-to-date: /home/amandarln/ros_ws/install/ros_driver_base/share/ros_driver_base/environment/path.sh
[0.136s] -- Up-to-date: /home/amandarln/ros_ws/install/ros_driver_base/share/ros_driver_base/environment/path.dsv
[0.136s] -- Up-to-date: /home/amandarln/ros_ws/install/ros_driver_base/share/ros_driver_base/local_setup.bash
[0.136s] -- Up-to-date: /home/amandarln/ros_ws/install/ros_driver_base/share/ros_driver_base/local_setup.sh
[0.136s] -- Up-to-date: /home/amandarln/ros_ws/install/ros_driver_base/share/ros_driver_base/local_setup.zsh
[0.136s] -- Up-to-date: /home/amandarln/ros_ws/install/ros_driver_base/share/ros_driver_base/local_setup.dsv
[0.136s] -- Installing: /home/amandarln/ros_ws/install/ros_driver_base/share/ros_driver_base/package.dsv
[0.136s] -- Up-to-date: /home/amandarln/ros_ws/install/ros_driver_base/share/ament_index/resource_index/packages/ros_driver_base
[0.136s] -- Up-to-date: /home/amandarln/ros_ws/install/ros_driver_base/share/ros_driver_base/cmake/ament_cmake_export_include_directories-extras.cmake
[0.137s] -- Up-to-date: /home/amandarln/ros_ws/install/ros_driver_base/share/ros_driver_base/cmake/ament_cmake_export_libraries-extras.cmake
[0.137s] -- Up-to-date: /home/amandarln/ros_ws/install/ros_driver_base/share/ros_driver_base/cmake/ros_driver_baseConfig.cmake
[0.137s] -- Up-to-date: /home/amandarln/ros_ws/install/ros_driver_base/share/ros_driver_base/cmake/ros_driver_baseConfig-version.cmake
[0.137s] -- Up-to-date: /home/amandarln/ros_ws/install/ros_driver_base/share/ros_driver_base/package.xml
[0.137s] -- Up-to-date: /home/amandarln/ros_ws/install/ros_driver_base/include
[0.137s] -- Up-to-date: /home/amandarln/ros_ws/install/ros_driver_base/include/ros_driver_base
[0.137s] -- Up-to-date: /home/amandarln/ros_ws/install/ros_driver_base/include/ros_driver_base/mock_context_exception.hpp
[0.137s] -- Up-to-date: /home/amandarln/ros_ws/install/ros_driver_base/include/ros_driver_base/status.hpp
[0.137s] -- Up-to-date: /home/amandarln/ros_ws/install/ros_driver_base/include/ros_driver_base/bus_handler.hpp
[0.137s] -- Up-to-date: /home/amandarln/ros_ws/install/ros_driver_base/include/ros_driver_base/io_stream.hpp
[0.137s] -- Up-to-date: /home/amandarln/ros_ws/install/ros_driver_base/include/ros_driver_base/fd_stream.hpp
[0.137s] -- Up-to-date: /home/amandarln/ros_ws/install/ros_driver_base/include/ros_driver_base/test_ends_with_expectations_left_exception.hpp
[0.137s] -- Up-to-date: /home/amandarln/ros_ws/install/ros_driver_base/include/ros_driver_base/timeout.hpp
[0.137s] -- Up-to-date: /home/amandarln/ros_ws/install/ros_driver_base/include/ros_driver_base/test_stream.hpp
[0.137s] -- Up-to-date: /home/amandarln/ros_ws/install/ros_driver_base/include/ros_driver_base/file_guard.hpp
[0.137s] -- Up-to-date: /home/amandarln/ros_ws/install/ros_driver_base/include/ros_driver_base/tcp_driver.hpp
[0.138s] -- Up-to-date: /home/amandarln/ros_ws/install/ros_driver_base/include/ros_driver_base/driver.hpp
[0.138s] -- Up-to-date: /home/amandarln/ros_ws/install/ros_driver_base/include/ros_driver_base/bus.hpp
[0.138s] -- Up-to-date: /home/amandarln/ros_ws/install/ros_driver_base/include/ros_driver_base/parser.hpp
[0.138s] -- Up-to-date: /home/amandarln/ros_ws/install/ros_driver_base/include/ros_driver_base/io_listener.hpp
[0.138s] -- Up-to-date: /home/amandarln/ros_ws/install/ros_driver_base/include/ros_driver_base/runtime_exceptions.hpp
[0.138s] -- Up-to-date: /home/amandarln/ros_ws/install/ros_driver_base/include/ros_driver_base/udp_server_stream.hpp
[0.138s] -- Up-to-date: /home/amandarln/ros_ws/install/ros_driver_base/lib/libros_driver_base.so
[0.138s] -- Up-to-date: /home/amandarln/ros_ws/install/ros_driver_base/lib/ros_driver_base/test_driver
[0.139s] Invoked command in '/home/amandarln/ros_ws/build/ros_driver_base' returned '0': CMAKE_PREFIX_PATH=/opt/ros/humble /usr/bin/cmake --install /home/amandarln/ros_ws/build/ros_driver_base
