[0.015s] Invoking command in '/home/amandarln/ros_ws/build/ros_driver_base': CMAKE_PREFIX_PATH=/opt/ros/humble /usr/bin/cmake /home/amandarln/ros_ws/src/ros_driver_base -DCMAKE_INSTALL_PREFIX=/home/amandarln/ros_ws/install/ros_driver_base
[0.036s] -- Found ament_cmake: 1.3.9 (/opt/ros/humble/share/ament_cmake/cmake)
[0.165s] -- Found ament_lint_auto: 0.12.11 (/opt/ros/humble/share/ament_lint_auto/cmake)
[0.166s] -- Found ament_cmake_gtest: 1.3.9 (/opt/ros/humble/share/ament_cmake_gtest/cmake)
[0.257s] -- Found gtest sources under '/opt/ros/humble/src/gtest_vendor': C++ tests using 'Google Test' will be built
[0.267s] -- Added test 'copyright' to check source files copyright and LICENSE
[0.270s] -- Added test 'cppcheck' to perform static code analysis on C / C++ code
[0.271s] -- Configured cppcheck include dirs: /home/amandarln/ros_ws/src/ros_driver_base/test/include;$<BUILD_INTERFACE:/home/amandarln/ros_ws/src/ros_driver_base/include>
[0.271s] -- Configured cppcheck exclude dirs and/or files: 
[0.272s] -- Added test 'lint_cmake' to check CMake code style
[0.276s] -- Added test 'uncrustify' to check C / C++ code style
[0.276s] -- Configured uncrustify additional arguments: 
[0.276s] -- Added test 'xmllint' to check XML markup files
[0.279s] -- Configuring done
[0.305s] -- Generating done
[0.306s] -- Build files have been written to: /home/amandarln/ros_ws/build/ros_driver_base
[0.311s] Invoked command in '/home/amandarln/ros_ws/build/ros_driver_base' returned '0': CMAKE_PREFIX_PATH=/opt/ros/humble /usr/bin/cmake /home/amandarln/ros_ws/src/ros_driver_base -DCMAKE_INSTALL_PREFIX=/home/amandarln/ros_ws/install/ros_driver_base
[0.314s] Invoking command in '/home/amandarln/ros_ws/build/ros_driver_base': CMAKE_PREFIX_PATH=/opt/ros/humble /usr/bin/cmake --build /home/amandarln/ros_ws/build/ros_driver_base -- -j16 -l16
[0.326s] /usr/bin/cmake -S/home/amandarln/ros_ws/src/ros_driver_base -B/home/amandarln/ros_ws/build/ros_driver_base --check-build-system CMakeFiles/Makefile.cmake 0
[0.334s] /usr/bin/cmake -E cmake_progress_start /home/amandarln/ros_ws/build/ros_driver_base/CMakeFiles /home/amandarln/ros_ws/build/ros_driver_base//CMakeFiles/progress.marks
[0.341s] /usr/bin/gmake  -f CMakeFiles/Makefile2 all
[0.342s] gmake[1]: Entering directory '/home/amandarln/ros_ws/build/ros_driver_base'
[0.342s] /usr/bin/gmake  -f CMakeFiles/ros_driver_base.dir/build.make CMakeFiles/ros_driver_base.dir/depend
[0.343s] /usr/bin/gmake  -f gtest/CMakeFiles/gtest_main.dir/build.make gtest/CMakeFiles/gtest_main.dir/depend
[0.343s] /usr/bin/gmake  -f gtest/CMakeFiles/gtest.dir/build.make gtest/CMakeFiles/gtest.dir/depend
[0.344s] gmake[2]: Entering directory '/home/amandarln/ros_ws/build/ros_driver_base'
[0.344s] cd /home/amandarln/ros_ws/build/ros_driver_base && /usr/bin/cmake -E cmake_depends "Unix Makefiles" /home/amandarln/ros_ws/src/ros_driver_base /opt/ros/humble/src/gtest_vendor /home/amandarln/ros_ws/build/ros_driver_base /home/amandarln/ros_ws/build/ros_driver_base/gtest /home/amandarln/ros_ws/build/ros_driver_base/gtest/CMakeFiles/gtest_main.dir/DependInfo.cmake --color=
[0.345s] gmake[2]: Entering directory '/home/amandarln/ros_ws/build/ros_driver_base'
[0.345s] cd /home/amandarln/ros_ws/build/ros_driver_base && /usr/bin/cmake -E cmake_depends "Unix Makefiles" /home/amandarln/ros_ws/src/ros_driver_base /home/amandarln/ros_ws/src/ros_driver_base /home/amandarln/ros_ws/build/ros_driver_base /home/amandarln/ros_ws/build/ros_driver_base /home/amandarln/ros_ws/build/ros_driver_base/CMakeFiles/ros_driver_base.dir/DependInfo.cmake --color=
[0.345s] gmake[2]: Entering directory '/home/amandarln/ros_ws/build/ros_driver_base'
[0.345s] cd /home/amandarln/ros_ws/build/ros_driver_base && /usr/bin/cmake -E cmake_depends "Unix Makefiles" /home/amandarln/ros_ws/src/ros_driver_base /opt/ros/humble/src/gtest_vendor /home/amandarln/ros_ws/build/ros_driver_base /home/amandarln/ros_ws/build/ros_driver_base/gtest /home/amandarln/ros_ws/build/ros_driver_base/gtest/CMakeFiles/gtest.dir/DependInfo.cmake --color=
[0.352s] [35m[1mConsolidate compiler generated dependencies of target gtest_main[0m
[0.353s] [35m[1mConsolidate compiler generated dependencies of target gtest[0m
[0.356s] gmake[2]: Leaving directory '/home/amandarln/ros_ws/build/ros_driver_base'
[0.356s] /usr/bin/gmake  -f gtest/CMakeFiles/gtest_main.dir/build.make gtest/CMakeFiles/gtest_main.dir/build
[0.356s] gmake[2]: Leaving directory '/home/amandarln/ros_ws/build/ros_driver_base'
[0.357s] /usr/bin/gmake  -f gtest/CMakeFiles/gtest.dir/build.make gtest/CMakeFiles/gtest.dir/build
[0.357s] [35m[1mConsolidate compiler generated dependencies of target ros_driver_base[0m
[0.359s] gmake[2]: Entering directory '/home/amandarln/ros_ws/build/ros_driver_base'
[0.359s] gmake[2]: Nothing to be done for 'gtest/CMakeFiles/gtest_main.dir/build'.
[0.359s] gmake[2]: Leaving directory '/home/amandarln/ros_ws/build/ros_driver_base'
[0.359s] gmake[2]: Entering directory '/home/amandarln/ros_ws/build/ros_driver_base'
[0.359s] gmake[2]: Nothing to be done for 'gtest/CMakeFiles/gtest.dir/build'.
[0.360s] gmake[2]: Leaving directory '/home/amandarln/ros_ws/build/ros_driver_base'
[0.366s] [  7%] Built target gtest_main
[0.367s] [ 14%] Built target gtest
[0.371s] gmake[2]: Leaving directory '/home/amandarln/ros_ws/build/ros_driver_base'
[0.371s] /usr/bin/gmake  -f CMakeFiles/ros_driver_base.dir/build.make CMakeFiles/ros_driver_base.dir/build
[0.379s] gmake[2]: Entering directory '/home/amandarln/ros_ws/build/ros_driver_base'
[0.379s] gmake[2]: Nothing to be done for 'CMakeFiles/ros_driver_base.dir/build'.
[0.379s] gmake[2]: Leaving directory '/home/amandarln/ros_ws/build/ros_driver_base'
[0.387s] [ 48%] Built target ros_driver_base
[0.389s] /usr/bin/gmake  -f CMakeFiles/test_test_stream_gtest.dir/build.make CMakeFiles/test_test_stream_gtest.dir/depend
[0.389s] /usr/bin/gmake  -f CMakeFiles/test_driver.dir/build.make CMakeFiles/test_driver.dir/depend
[0.390s] /usr/bin/gmake  -f CMakeFiles/test_tcp_read.dir/build.make CMakeFiles/test_tcp_read.dir/depend
[0.390s] /usr/bin/gmake  -f CMakeFiles/test_tcp_write.dir/build.make CMakeFiles/test_tcp_write.dir/depend
[0.391s] /usr/bin/gmake  -f CMakeFiles/test_udp_read.dir/build.make CMakeFiles/test_udp_read.dir/depend
[0.391s] gmake[2]: Entering directory '/home/amandarln/ros_ws/build/ros_driver_base'
[0.391s] cd /home/amandarln/ros_ws/build/ros_driver_base && /usr/bin/cmake -E cmake_depends "Unix Makefiles" /home/amandarln/ros_ws/src/ros_driver_base /home/amandarln/ros_ws/src/ros_driver_base /home/amandarln/ros_ws/build/ros_driver_base /home/amandarln/ros_ws/build/ros_driver_base /home/amandarln/ros_ws/build/ros_driver_base/CMakeFiles/test_test_stream_gtest.dir/DependInfo.cmake --color=
[0.391s] /usr/bin/gmake  -f CMakeFiles/test_udp_write.dir/build.make CMakeFiles/test_udp_write.dir/depend
[0.392s] gmake[2]: Entering directory '/home/amandarln/ros_ws/build/ros_driver_base'
[0.392s] cd /home/amandarln/ros_ws/build/ros_driver_base && /usr/bin/cmake -E cmake_depends "Unix Makefiles" /home/amandarln/ros_ws/src/ros_driver_base /home/amandarln/ros_ws/src/ros_driver_base /home/amandarln/ros_ws/build/ros_driver_base /home/amandarln/ros_ws/build/ros_driver_base /home/amandarln/ros_ws/build/ros_driver_base/CMakeFiles/test_driver.dir/DependInfo.cmake --color=
[0.392s] gmake[2]: Entering directory '/home/amandarln/ros_ws/build/ros_driver_base'
[0.392s] cd /home/amandarln/ros_ws/build/ros_driver_base && /usr/bin/cmake -E cmake_depends "Unix Makefiles" /home/amandarln/ros_ws/src/ros_driver_base /home/amandarln/ros_ws/src/ros_driver_base /home/amandarln/ros_ws/build/ros_driver_base /home/amandarln/ros_ws/build/ros_driver_base /home/amandarln/ros_ws/build/ros_driver_base/CMakeFiles/test_tcp_read.dir/DependInfo.cmake --color=
[0.393s] gmake[2]: Entering directory '/home/amandarln/ros_ws/build/ros_driver_base'
[0.393s] cd /home/amandarln/ros_ws/build/ros_driver_base && /usr/bin/cmake -E cmake_depends "Unix Makefiles" /home/amandarln/ros_ws/src/ros_driver_base /home/amandarln/ros_ws/src/ros_driver_base /home/amandarln/ros_ws/build/ros_driver_base /home/amandarln/ros_ws/build/ros_driver_base /home/amandarln/ros_ws/build/ros_driver_base/CMakeFiles/test_tcp_write.dir/DependInfo.cmake --color=
[0.393s] gmake[2]: Entering directory '/home/amandarln/ros_ws/build/ros_driver_base'
[0.393s] cd /home/amandarln/ros_ws/build/ros_driver_base && /usr/bin/cmake -E cmake_depends "Unix Makefiles" /home/amandarln/ros_ws/src/ros_driver_base /home/amandarln/ros_ws/src/ros_driver_base /home/amandarln/ros_ws/build/ros_driver_base /home/amandarln/ros_ws/build/ros_driver_base /home/amandarln/ros_ws/build/ros_driver_base/CMakeFiles/test_udp_read.dir/DependInfo.cmake --color=
[0.393s] gmake[2]: Entering directory '/home/amandarln/ros_ws/build/ros_driver_base'
[0.394s] cd /home/amandarln/ros_ws/build/ros_driver_base && /usr/bin/cmake -E cmake_depends "Unix Makefiles" /home/amandarln/ros_ws/src/ros_driver_base /home/amandarln/ros_ws/src/ros_driver_base /home/amandarln/ros_ws/build/ros_driver_base /home/amandarln/ros_ws/build/ros_driver_base /home/amandarln/ros_ws/build/ros_driver_base/CMakeFiles/test_udp_write.dir/DependInfo.cmake --color=
[0.403s] [35m[1mConsolidate compiler generated dependencies of target test_test_stream_gtest[0m
[0.403s] [35m[1mConsolidate compiler generated dependencies of target test_tcp_read[0m
[0.403s] [35m[1mConsolidate compiler generated dependencies of target test_udp_read[0m
[0.403s] [35m[1mConsolidate compiler generated dependencies of target test_tcp_write[0m
[0.404s] [35m[1mConsolidate compiler generated dependencies of target test_udp_write[0m
[0.406s] gmake[2]: Leaving directory '/home/amandarln/ros_ws/build/ros_driver_base'
[0.406s] /usr/bin/gmake  -f CMakeFiles/test_tcp_read.dir/build.make CMakeFiles/test_tcp_read.dir/build
[0.407s] gmake[2]: Leaving directory '/home/amandarln/ros_ws/build/ros_driver_base'
[0.407s] /usr/bin/gmake  -f CMakeFiles/test_udp_read.dir/build.make CMakeFiles/test_udp_read.dir/build
[0.407s] [35m[1mConsolidate compiler generated dependencies of target test_driver[0m
[0.407s] gmake[2]: Leaving directory '/home/amandarln/ros_ws/build/ros_driver_base'
[0.408s] gmake[2]: Leaving directory '/home/amandarln/ros_ws/build/ros_driver_base'
[0.408s] /usr/bin/gmake  -f CMakeFiles/test_tcp_write.dir/build.make CMakeFiles/test_tcp_write.dir/build
[0.408s] /usr/bin/gmake  -f CMakeFiles/test_udp_write.dir/build.make CMakeFiles/test_udp_write.dir/build
[0.408s] gmake[2]: Leaving directory '/home/amandarln/ros_ws/build/ros_driver_base'
[0.408s] /usr/bin/gmake  -f CMakeFiles/test_test_stream_gtest.dir/build.make CMakeFiles/test_test_stream_gtest.dir/build
[0.409s] gmake[2]: Entering directory '/home/amandarln/ros_ws/build/ros_driver_base'
[0.409s] gmake[2]: Nothing to be done for 'CMakeFiles/test_tcp_read.dir/build'.
[0.409s] gmake[2]: Leaving directory '/home/amandarln/ros_ws/build/ros_driver_base'
[0.409s] gmake[2]: Entering directory '/home/amandarln/ros_ws/build/ros_driver_base'
[0.409s] gmake[2]: Nothing to be done for 'CMakeFiles/test_udp_read.dir/build'.
[0.409s] gmake[2]: Leaving directory '/home/amandarln/ros_ws/build/ros_driver_base'
[0.410s] gmake[2]: Entering directory '/home/amandarln/ros_ws/build/ros_driver_base'
[0.410s] gmake[2]: Nothing to be done for 'CMakeFiles/test_tcp_write.dir/build'.
[0.410s] gmake[2]: Leaving directory '/home/amandarln/ros_ws/build/ros_driver_base'
[0.411s] gmake[2]: Entering directory '/home/amandarln/ros_ws/build/ros_driver_base'
[0.411s] gmake[2]: Nothing to be done for 'CMakeFiles/test_udp_write.dir/build'.
[0.411s] gmake[2]: Leaving directory '/home/amandarln/ros_ws/build/ros_driver_base'
[0.411s] gmake[2]: Entering directory '/home/amandarln/ros_ws/build/ros_driver_base'
[0.412s] gmake[2]: Nothing to be done for 'CMakeFiles/test_test_stream_gtest.dir/build'.
[0.412s] gmake[2]: Leaving directory '/home/amandarln/ros_ws/build/ros_driver_base'
[0.418s] [ 55%] Built target test_tcp_read
[0.418s] [ 62%] Built target test_udp_read
[0.419s] [ 70%] Built target test_tcp_write
[0.420s] gmake[2]: Leaving directory '/home/amandarln/ros_ws/build/ros_driver_base'
[0.420s] /usr/bin/gmake  -f CMakeFiles/test_driver.dir/build.make CMakeFiles/test_driver.dir/build
[0.421s] [ 77%] Built target test_udp_write
[0.421s] [ 85%] Built target test_test_stream_gtest
[0.427s] gmake[2]: Entering directory '/home/amandarln/ros_ws/build/ros_driver_base'
[0.427s] gmake[2]: Nothing to be done for 'CMakeFiles/test_driver.dir/build'.
[0.427s] gmake[2]: Leaving directory '/home/amandarln/ros_ws/build/ros_driver_base'
[0.437s] [100%] Built target test_driver
[0.438s] gmake[1]: Leaving directory '/home/amandarln/ros_ws/build/ros_driver_base'
[0.438s] /usr/bin/cmake -E cmake_progress_start /home/amandarln/ros_ws/build/ros_driver_base/CMakeFiles 0
[0.450s] Invoked command in '/home/amandarln/ros_ws/build/ros_driver_base' returned '0': CMAKE_PREFIX_PATH=/opt/ros/humble /usr/bin/cmake --build /home/amandarln/ros_ws/build/ros_driver_base -- -j16 -l16
[0.567s] Invoking command in '/home/amandarln/ros_ws/build/ros_driver_base': CMAKE_PREFIX_PATH=/opt/ros/humble /usr/bin/cmake --install /home/amandarln/ros_ws/build/ros_driver_base
[0.574s] -- Install configuration: ""
[0.574s] -- Up-to-date: /home/amandarln/ros_ws/install/ros_driver_base/share/ros_driver_base/environment/library_path.sh
[0.574s] -- Installing: /home/amandarln/ros_ws/install/ros_driver_base/share/ros_driver_base/environment/library_path.dsv
[0.574s] -- Up-to-date: /home/amandarln/ros_ws/install/ros_driver_base/share/ament_index/resource_index/package_run_dependencies/ros_driver_base
[0.574s] -- Installing: /home/amandarln/ros_ws/install/ros_driver_base/share/ament_index/resource_index/parent_prefix_path/ros_driver_base
[0.574s] -- Up-to-date: /home/amandarln/ros_ws/install/ros_driver_base/share/ros_driver_base/environment/ament_prefix_path.sh
[0.575s] -- Installing: /home/amandarln/ros_ws/install/ros_driver_base/share/ros_driver_base/environment/ament_prefix_path.dsv
[0.575s] -- Up-to-date: /home/amandarln/ros_ws/install/ros_driver_base/share/ros_driver_base/environment/path.sh
[0.575s] -- Installing: /home/amandarln/ros_ws/install/ros_driver_base/share/ros_driver_base/environment/path.dsv
[0.575s] -- Up-to-date: /home/amandarln/ros_ws/install/ros_driver_base/share/ros_driver_base/local_setup.bash
[0.575s] -- Up-to-date: /home/amandarln/ros_ws/install/ros_driver_base/share/ros_driver_base/local_setup.sh
[0.575s] -- Up-to-date: /home/amandarln/ros_ws/install/ros_driver_base/share/ros_driver_base/local_setup.zsh
[0.575s] -- Installing: /home/amandarln/ros_ws/install/ros_driver_base/share/ros_driver_base/local_setup.dsv
[0.575s] -- Installing: /home/amandarln/ros_ws/install/ros_driver_base/share/ros_driver_base/package.dsv
[0.576s] -- Up-to-date: /home/amandarln/ros_ws/install/ros_driver_base/share/ament_index/resource_index/packages/ros_driver_base
[0.576s] -- Up-to-date: /home/amandarln/ros_ws/install/ros_driver_base/share/ros_driver_base/cmake/ament_cmake_export_include_directories-extras.cmake
[0.576s] -- Up-to-date: /home/amandarln/ros_ws/install/ros_driver_base/share/ros_driver_base/cmake/ament_cmake_export_libraries-extras.cmake
[0.576s] -- Up-to-date: /home/amandarln/ros_ws/install/ros_driver_base/share/ros_driver_base/cmake/ros_driver_baseConfig.cmake
[0.576s] -- Up-to-date: /home/amandarln/ros_ws/install/ros_driver_base/share/ros_driver_base/cmake/ros_driver_baseConfig-version.cmake
[0.576s] -- Up-to-date: /home/amandarln/ros_ws/install/ros_driver_base/share/ros_driver_base/package.xml
[0.576s] -- Up-to-date: /home/amandarln/ros_ws/install/ros_driver_base/include
[0.576s] -- Up-to-date: /home/amandarln/ros_ws/install/ros_driver_base/include/ros_driver_base
[0.577s] -- Up-to-date: /home/amandarln/ros_ws/install/ros_driver_base/include/ros_driver_base/mock_context_exception.hpp
[0.577s] -- Up-to-date: /home/amandarln/ros_ws/install/ros_driver_base/include/ros_driver_base/status.hpp
[0.577s] -- Up-to-date: /home/amandarln/ros_ws/install/ros_driver_base/include/ros_driver_base/bus_handler.hpp
[0.577s] -- Up-to-date: /home/amandarln/ros_ws/install/ros_driver_base/include/ros_driver_base/io_stream.hpp
[0.577s] -- Up-to-date: /home/amandarln/ros_ws/install/ros_driver_base/include/ros_driver_base/fd_stream.hpp
[0.577s] -- Up-to-date: /home/amandarln/ros_ws/install/ros_driver_base/include/ros_driver_base/test_ends_with_expectations_left_exception.hpp
[0.577s] -- Up-to-date: /home/amandarln/ros_ws/install/ros_driver_base/include/ros_driver_base/timeout.hpp
[0.577s] -- Up-to-date: /home/amandarln/ros_ws/install/ros_driver_base/include/ros_driver_base/test_stream.hpp
[0.577s] -- Up-to-date: /home/amandarln/ros_ws/install/ros_driver_base/include/ros_driver_base/file_guard.hpp
[0.577s] -- Up-to-date: /home/amandarln/ros_ws/install/ros_driver_base/include/ros_driver_base/tcp_driver.hpp
[0.577s] -- Up-to-date: /home/amandarln/ros_ws/install/ros_driver_base/include/ros_driver_base/driver.hpp
[0.577s] -- Up-to-date: /home/amandarln/ros_ws/install/ros_driver_base/include/ros_driver_base/bus.hpp
[0.577s] -- Up-to-date: /home/amandarln/ros_ws/install/ros_driver_base/include/ros_driver_base/parser.hpp
[0.577s] -- Up-to-date: /home/amandarln/ros_ws/install/ros_driver_base/include/ros_driver_base/io_listener.hpp
[0.578s] -- Up-to-date: /home/amandarln/ros_ws/install/ros_driver_base/include/ros_driver_base/runtime_exceptions.hpp
[0.578s] -- Up-to-date: /home/amandarln/ros_ws/install/ros_driver_base/include/ros_driver_base/udp_server_stream.hpp
[0.578s] -- Up-to-date: /home/amandarln/ros_ws/install/ros_driver_base/lib/libros_driver_base.so
[0.578s] -- Up-to-date: /home/amandarln/ros_ws/install/ros_driver_base/lib/ros_driver_base/test_driver
[0.579s] Invoked command in '/home/amandarln/ros_ws/build/ros_driver_base' returned '0': CMAKE_PREFIX_PATH=/opt/ros/humble /usr/bin/cmake --install /home/amandarln/ros_ws/build/ros_driver_base
