[0.011s] Invoking command in '/home/amandarln/ros_ws/build/flatfish_ros_efuse_serial': AMENT_PREFIX_PATH=/home/amandarln/ros_ws/install/ros_driver_base:${AMENT_PREFIX_PATH} CMAKE_PREFIX_PATH=/home/amandarln/ros_ws/install/ros_driver_base:/opt/ros/humble LD_LIBRARY_PATH=/home/amandarln/ros_ws/install/ros_driver_base/lib:${LD_LIBRARY_PATH} /usr/bin/cmake --build /home/amandarln/ros_ws/build/flatfish_ros_efuse_serial -- -j16 -l16
[0.076s] [  0%] Built target flatfish_ros_efuse_serial__cpp
[0.077s] [ 11%] Built target flatfish_ros_efuse_serial__rosidl_generator_c
[0.078s] [ 12%] Built target EFuseDriver
[0.090s] [ 12%] Built target ament_cmake_python_copy_flatfish_ros_efuse_serial
[0.109s] [ 23%] Built target flatfish_ros_efuse_serial__rosidl_typesupport_c
[0.112s] [ 38%] Built target flatfish_ros_efuse_serial__rosidl_typesupport_introspection_cpp
[0.113s] [ 52%] Built target flatfish_ros_efuse_serial__rosidl_typesupport_introspection_c
[0.113s] [ 62%] Built target flatfish_ros_efuse_serial__rosidl_typesupport_cpp
[0.113s] [ 69%] Built target flatfish_ros_efuse_serial__rosidl_typesupport_fastrtps_cpp
[0.118s] [ 80%] Built target flatfish_ros_efuse_serial__rosidl_typesupport_fastrtps_c
[0.143s] [ 80%] Built target flatfish_ros_efuse_serial
[0.146s] [ 82%] Built target EFuseNode
[0.158s] [35m[1mConsolidate compiler generated dependencies of target ExampleNode[0m
[0.167s] [ 83%] Built target flatfish_ros_efuse_serial__py
[0.178s] [ 85%] Built target ExampleNode
[0.194s] [ 96%] Built target flatfish_ros_efuse_serial__rosidl_generator_py
[0.219s] [ 97%] Built target flatfish_ros_efuse_serial__rosidl_typesupport_introspection_c__pyext
[0.219s] [ 98%] Built target flatfish_ros_efuse_serial__rosidl_typesupport_fastrtps_c__pyext
[0.220s] [100%] Built target flatfish_ros_efuse_serial__rosidl_typesupport_c__pyext
[0.379s] running egg_info
[0.379s] writing flatfish_ros_efuse_serial.egg-info/PKG-INFO
[0.380s] writing dependency_links to flatfish_ros_efuse_serial.egg-info/dependency_links.txt
[0.380s] writing top-level names to flatfish_ros_efuse_serial.egg-info/top_level.txt
[0.383s] reading manifest file 'flatfish_ros_efuse_serial.egg-info/SOURCES.txt'
[0.383s] writing manifest file 'flatfish_ros_efuse_serial.egg-info/SOURCES.txt'
[0.405s] [100%] Built target ament_cmake_python_build_flatfish_ros_efuse_serial_egg
[0.419s] Invoked command in '/home/amandarln/ros_ws/build/flatfish_ros_efuse_serial' returned '0': AMENT_PREFIX_PATH=/home/amandarln/ros_ws/install/ros_driver_base:${AMENT_PREFIX_PATH} CMAKE_PREFIX_PATH=/home/amandarln/ros_ws/install/ros_driver_base:/opt/ros/humble LD_LIBRARY_PATH=/home/amandarln/ros_ws/install/ros_driver_base/lib:${LD_LIBRARY_PATH} /usr/bin/cmake --build /home/amandarln/ros_ws/build/flatfish_ros_efuse_serial -- -j16 -l16
[0.812s] Invoking command in '/home/amandarln/ros_ws/build/flatfish_ros_efuse_serial': AMENT_PREFIX_PATH=/home/amandarln/ros_ws/install/ros_driver_base:${AMENT_PREFIX_PATH} CMAKE_PREFIX_PATH=/home/amandarln/ros_ws/install/ros_driver_base:/opt/ros/humble LD_LIBRARY_PATH=/home/amandarln/ros_ws/install/ros_driver_base/lib:${LD_LIBRARY_PATH} /usr/bin/cmake --install /home/amandarln/ros_ws/build/flatfish_ros_efuse_serial
[0.819s] -- Install configuration: ""
[0.820s] -- Up-to-date: /home/amandarln/ros_ws/install/flatfish_ros_efuse_serial/share/ament_index/resource_index/rosidl_interfaces/flatfish_ros_efuse_serial
[0.820s] -- Up-to-date: /home/amandarln/ros_ws/install/flatfish_ros_efuse_serial/include/flatfish_ros_efuse_serial/flatfish_ros_efuse_serial
[0.820s] -- Up-to-date: /home/amandarln/ros_ws/install/flatfish_ros_efuse_serial/include/flatfish_ros_efuse_serial/flatfish_ros_efuse_serial/srv
[0.820s] -- Up-to-date: /home/amandarln/ros_ws/install/flatfish_ros_efuse_serial/include/flatfish_ros_efuse_serial/flatfish_ros_efuse_serial/srv/detail
[0.820s] -- Up-to-date: /home/amandarln/ros_ws/install/flatfish_ros_efuse_serial/include/flatfish_ros_efuse_serial/flatfish_ros_efuse_serial/srv/detail/set_channel_on__functions.c
[0.820s] -- Up-to-date: /home/amandarln/ros_ws/install/flatfish_ros_efuse_serial/include/flatfish_ros_efuse_serial/flatfish_ros_efuse_serial/srv/detail/default_power_up__type_support.h
[0.821s] -- Up-to-date: /home/amandarln/ros_ws/install/flatfish_ros_efuse_serial/include/flatfish_ros_efuse_serial/flatfish_ros_efuse_serial/srv/detail/reset_board__functions.h
[0.821s] -- Up-to-date: /home/amandarln/ros_ws/install/flatfish_ros_efuse_serial/include/flatfish_ros_efuse_serial/flatfish_ros_efuse_serial/srv/detail/set_channels_on__functions.h
[0.821s] -- Up-to-date: /home/amandarln/ros_ws/install/flatfish_ros_efuse_serial/include/flatfish_ros_efuse_serial/flatfish_ros_efuse_serial/srv/detail/set_channels_on__struct.h
[0.821s] -- Up-to-date: /home/amandarln/ros_ws/install/flatfish_ros_efuse_serial/include/flatfish_ros_efuse_serial/flatfish_ros_efuse_serial/srv/detail/set_max_current__functions.h
[0.821s] -- Up-to-date: /home/amandarln/ros_ws/install/flatfish_ros_efuse_serial/include/flatfish_ros_efuse_serial/flatfish_ros_efuse_serial/srv/detail/default_power_up__functions.h
[0.821s] -- Up-to-date: /home/amandarln/ros_ws/install/flatfish_ros_efuse_serial/include/flatfish_ros_efuse_serial/flatfish_ros_efuse_serial/srv/detail/set_channel_on__type_support.h
[0.821s] -- Up-to-date: /home/amandarln/ros_ws/install/flatfish_ros_efuse_serial/include/flatfish_ros_efuse_serial/flatfish_ros_efuse_serial/srv/detail/set_max_current__functions.c
[0.821s] -- Up-to-date: /home/amandarln/ros_ws/install/flatfish_ros_efuse_serial/include/flatfish_ros_efuse_serial/flatfish_ros_efuse_serial/srv/detail/set_max_current__type_support.h
[0.822s] -- Up-to-date: /home/amandarln/ros_ws/install/flatfish_ros_efuse_serial/include/flatfish_ros_efuse_serial/flatfish_ros_efuse_serial/srv/detail/reset_board__functions.c
[0.822s] -- Up-to-date: /home/amandarln/ros_ws/install/flatfish_ros_efuse_serial/include/flatfish_ros_efuse_serial/flatfish_ros_efuse_serial/srv/detail/set_channel_on__functions.h
[0.822s] -- Up-to-date: /home/amandarln/ros_ws/install/flatfish_ros_efuse_serial/include/flatfish_ros_efuse_serial/flatfish_ros_efuse_serial/srv/detail/reset_board__type_support.h
[0.822s] -- Up-to-date: /home/amandarln/ros_ws/install/flatfish_ros_efuse_serial/include/flatfish_ros_efuse_serial/flatfish_ros_efuse_serial/srv/detail/default_power_up__functions.c
[0.822s] -- Up-to-date: /home/amandarln/ros_ws/install/flatfish_ros_efuse_serial/include/flatfish_ros_efuse_serial/flatfish_ros_efuse_serial/srv/detail/set_channel_on__struct.h
[0.822s] -- Up-to-date: /home/amandarln/ros_ws/install/flatfish_ros_efuse_serial/include/flatfish_ros_efuse_serial/flatfish_ros_efuse_serial/srv/detail/set_max_current__struct.h
[0.822s] -- Up-to-date: /home/amandarln/ros_ws/install/flatfish_ros_efuse_serial/include/flatfish_ros_efuse_serial/flatfish_ros_efuse_serial/srv/detail/default_power_up__struct.h
[0.822s] -- Up-to-date: /home/amandarln/ros_ws/install/flatfish_ros_efuse_serial/include/flatfish_ros_efuse_serial/flatfish_ros_efuse_serial/srv/detail/reset_board__struct.h
[0.822s] -- Up-to-date: /home/amandarln/ros_ws/install/flatfish_ros_efuse_serial/include/flatfish_ros_efuse_serial/flatfish_ros_efuse_serial/srv/detail/set_channels_on__type_support.h
[0.822s] -- Up-to-date: /home/amandarln/ros_ws/install/flatfish_ros_efuse_serial/include/flatfish_ros_efuse_serial/flatfish_ros_efuse_serial/srv/detail/set_channels_on__functions.c
[0.822s] -- Up-to-date: /home/amandarln/ros_ws/install/flatfish_ros_efuse_serial/include/flatfish_ros_efuse_serial/flatfish_ros_efuse_serial/srv/set_channels_on.h
[0.822s] -- Up-to-date: /home/amandarln/ros_ws/install/flatfish_ros_efuse_serial/include/flatfish_ros_efuse_serial/flatfish_ros_efuse_serial/srv/default_power_up.h
[0.822s] -- Up-to-date: /home/amandarln/ros_ws/install/flatfish_ros_efuse_serial/include/flatfish_ros_efuse_serial/flatfish_ros_efuse_serial/srv/set_channel_on.h
[0.822s] -- Up-to-date: /home/amandarln/ros_ws/install/flatfish_ros_efuse_serial/include/flatfish_ros_efuse_serial/flatfish_ros_efuse_serial/srv/reset_board.h
[0.823s] -- Up-to-date: /home/amandarln/ros_ws/install/flatfish_ros_efuse_serial/include/flatfish_ros_efuse_serial/flatfish_ros_efuse_serial/srv/set_max_current.h
[0.823s] -- Up-to-date: /home/amandarln/ros_ws/install/flatfish_ros_efuse_serial/include/flatfish_ros_efuse_serial/flatfish_ros_efuse_serial/msg
[0.823s] -- Up-to-date: /home/amandarln/ros_ws/install/flatfish_ros_efuse_serial/include/flatfish_ros_efuse_serial/flatfish_ros_efuse_serial/msg/status_board.h
[0.823s] -- Up-to-date: /home/amandarln/ros_ws/install/flatfish_ros_efuse_serial/include/flatfish_ros_efuse_serial/flatfish_ros_efuse_serial/msg/status_board_array.h
[0.823s] -- Up-to-date: /home/amandarln/ros_ws/install/flatfish_ros_efuse_serial/include/flatfish_ros_efuse_serial/flatfish_ros_efuse_serial/msg/status_channel.h
[0.823s] -- Up-to-date: /home/amandarln/ros_ws/install/flatfish_ros_efuse_serial/include/flatfish_ros_efuse_serial/flatfish_ros_efuse_serial/msg/rosidl_generator_c__visibility_control.h
[0.823s] -- Up-to-date: /home/amandarln/ros_ws/install/flatfish_ros_efuse_serial/include/flatfish_ros_efuse_serial/flatfish_ros_efuse_serial/msg/board.h
[0.823s] -- Up-to-date: /home/amandarln/ros_ws/install/flatfish_ros_efuse_serial/include/flatfish_ros_efuse_serial/flatfish_ros_efuse_serial/msg/detail
[0.823s] -- Up-to-date: /home/amandarln/ros_ws/install/flatfish_ros_efuse_serial/include/flatfish_ros_efuse_serial/flatfish_ros_efuse_serial/msg/detail/board_array__functions.c
[0.823s] -- Up-to-date: /home/amandarln/ros_ws/install/flatfish_ros_efuse_serial/include/flatfish_ros_efuse_serial/flatfish_ros_efuse_serial/msg/detail/board__type_support.h
[0.823s] -- Up-to-date: /home/amandarln/ros_ws/install/flatfish_ros_efuse_serial/include/flatfish_ros_efuse_serial/flatfish_ros_efuse_serial/msg/detail/status_board_array__type_support.h
[0.824s] -- Up-to-date: /home/amandarln/ros_ws/install/flatfish_ros_efuse_serial/include/flatfish_ros_efuse_serial/flatfish_ros_efuse_serial/msg/detail/board__struct.h
[0.824s] -- Up-to-date: /home/amandarln/ros_ws/install/flatfish_ros_efuse_serial/include/flatfish_ros_efuse_serial/flatfish_ros_efuse_serial/msg/detail/status_board__struct.h
[0.824s] -- Up-to-date: /home/amandarln/ros_ws/install/flatfish_ros_efuse_serial/include/flatfish_ros_efuse_serial/flatfish_ros_efuse_serial/msg/detail/status_board_array__functions.c
[0.824s] -- Up-to-date: /home/amandarln/ros_ws/install/flatfish_ros_efuse_serial/include/flatfish_ros_efuse_serial/flatfish_ros_efuse_serial/msg/detail/status_channel__functions.h
[0.824s] -- Up-to-date: /home/amandarln/ros_ws/install/flatfish_ros_efuse_serial/include/flatfish_ros_efuse_serial/flatfish_ros_efuse_serial/msg/detail/board_array__type_support.h
[0.824s] -- Up-to-date: /home/amandarln/ros_ws/install/flatfish_ros_efuse_serial/include/flatfish_ros_efuse_serial/flatfish_ros_efuse_serial/msg/detail/status_board_array__functions.h
[0.824s] -- Up-to-date: /home/amandarln/ros_ws/install/flatfish_ros_efuse_serial/include/flatfish_ros_efuse_serial/flatfish_ros_efuse_serial/msg/detail/status_board__functions.c
[0.825s] -- Up-to-date: /home/amandarln/ros_ws/install/flatfish_ros_efuse_serial/include/flatfish_ros_efuse_serial/flatfish_ros_efuse_serial/msg/detail/status_board__type_support.h
[0.825s] -- Up-to-date: /home/amandarln/ros_ws/install/flatfish_ros_efuse_serial/include/flatfish_ros_efuse_serial/flatfish_ros_efuse_serial/msg/detail/status_board__functions.h
[0.825s] -- Up-to-date: /home/amandarln/ros_ws/install/flatfish_ros_efuse_serial/include/flatfish_ros_efuse_serial/flatfish_ros_efuse_serial/msg/detail/status_channel__functions.c
[0.825s] -- Up-to-date: /home/amandarln/ros_ws/install/flatfish_ros_efuse_serial/include/flatfish_ros_efuse_serial/flatfish_ros_efuse_serial/msg/detail/status_board_array__struct.h
[0.825s] -- Up-to-date: /home/amandarln/ros_ws/install/flatfish_ros_efuse_serial/include/flatfish_ros_efuse_serial/flatfish_ros_efuse_serial/msg/detail/status_channel__struct.h
[0.825s] -- Up-to-date: /home/amandarln/ros_ws/install/flatfish_ros_efuse_serial/include/flatfish_ros_efuse_serial/flatfish_ros_efuse_serial/msg/detail/cmd_channel__functions.c
[0.825s] -- Up-to-date: /home/amandarln/ros_ws/install/flatfish_ros_efuse_serial/include/flatfish_ros_efuse_serial/flatfish_ros_efuse_serial/msg/detail/board_array__functions.h
[0.825s] -- Up-to-date: /home/amandarln/ros_ws/install/flatfish_ros_efuse_serial/include/flatfish_ros_efuse_serial/flatfish_ros_efuse_serial/msg/detail/board_array__struct.h
[0.825s] -- Up-to-date: /home/amandarln/ros_ws/install/flatfish_ros_efuse_serial/include/flatfish_ros_efuse_serial/flatfish_ros_efuse_serial/msg/detail/board__functions.c
[0.826s] -- Up-to-date: /home/amandarln/ros_ws/install/flatfish_ros_efuse_serial/include/flatfish_ros_efuse_serial/flatfish_ros_efuse_serial/msg/detail/status_channel__type_support.h
[0.826s] -- Up-to-date: /home/amandarln/ros_ws/install/flatfish_ros_efuse_serial/include/flatfish_ros_efuse_serial/flatfish_ros_efuse_serial/msg/detail/cmd_channel__struct.h
[0.826s] -- Up-to-date: /home/amandarln/ros_ws/install/flatfish_ros_efuse_serial/include/flatfish_ros_efuse_serial/flatfish_ros_efuse_serial/msg/detail/board__functions.h
[0.826s] -- Up-to-date: /home/amandarln/ros_ws/install/flatfish_ros_efuse_serial/include/flatfish_ros_efuse_serial/flatfish_ros_efuse_serial/msg/detail/cmd_channel__functions.h
[0.826s] -- Up-to-date: /home/amandarln/ros_ws/install/flatfish_ros_efuse_serial/include/flatfish_ros_efuse_serial/flatfish_ros_efuse_serial/msg/detail/cmd_channel__type_support.h
[0.826s] -- Up-to-date: /home/amandarln/ros_ws/install/flatfish_ros_efuse_serial/include/flatfish_ros_efuse_serial/flatfish_ros_efuse_serial/msg/cmd_channel.h
[0.826s] -- Up-to-date: /home/amandarln/ros_ws/install/flatfish_ros_efuse_serial/include/flatfish_ros_efuse_serial/flatfish_ros_efuse_serial/msg/board_array.h
[0.826s] -- Up-to-date: /home/amandarln/ros_ws/install/flatfish_ros_efuse_serial/share/flatfish_ros_efuse_serial/environment/library_path.sh
[0.826s] -- Up-to-date: /home/amandarln/ros_ws/install/flatfish_ros_efuse_serial/share/flatfish_ros_efuse_serial/environment/library_path.dsv
[0.826s] -- Up-to-date: /home/amandarln/ros_ws/install/flatfish_ros_efuse_serial/lib/libflatfish_ros_efuse_serial__rosidl_generator_c.so
[0.827s] -- Up-to-date: /home/amandarln/ros_ws/install/flatfish_ros_efuse_serial/include/flatfish_ros_efuse_serial/flatfish_ros_efuse_serial
[0.827s] -- Up-to-date: /home/amandarln/ros_ws/install/flatfish_ros_efuse_serial/include/flatfish_ros_efuse_serial/flatfish_ros_efuse_serial/srv
[0.827s] -- Up-to-date: /home/amandarln/ros_ws/install/flatfish_ros_efuse_serial/include/flatfish_ros_efuse_serial/flatfish_ros_efuse_serial/srv/detail
[0.827s] -- Up-to-date: /home/amandarln/ros_ws/install/flatfish_ros_efuse_serial/include/flatfish_ros_efuse_serial/flatfish_ros_efuse_serial/srv/detail/set_max_current__rosidl_typesupport_fastrtps_c.h
[0.827s] -- Up-to-date: /home/amandarln/ros_ws/install/flatfish_ros_efuse_serial/include/flatfish_ros_efuse_serial/flatfish_ros_efuse_serial/srv/detail/default_power_up__rosidl_typesupport_fastrtps_c.h
[0.827s] -- Up-to-date: /home/amandarln/ros_ws/install/flatfish_ros_efuse_serial/include/flatfish_ros_efuse_serial/flatfish_ros_efuse_serial/srv/detail/set_channel_on__rosidl_typesupport_fastrtps_c.h
[0.827s] -- Up-to-date: /home/amandarln/ros_ws/install/flatfish_ros_efuse_serial/include/flatfish_ros_efuse_serial/flatfish_ros_efuse_serial/srv/detail/reset_board__rosidl_typesupport_fastrtps_c.h
[0.828s] -- Up-to-date: /home/amandarln/ros_ws/install/flatfish_ros_efuse_serial/include/flatfish_ros_efuse_serial/flatfish_ros_efuse_serial/srv/detail/set_channels_on__rosidl_typesupport_fastrtps_c.h
[0.828s] -- Up-to-date: /home/amandarln/ros_ws/install/flatfish_ros_efuse_serial/include/flatfish_ros_efuse_serial/flatfish_ros_efuse_serial/msg
[0.828s] -- Up-to-date: /home/amandarln/ros_ws/install/flatfish_ros_efuse_serial/include/flatfish_ros_efuse_serial/flatfish_ros_efuse_serial/msg/rosidl_typesupport_fastrtps_c__visibility_control.h
[0.828s] -- Up-to-date: /home/amandarln/ros_ws/install/flatfish_ros_efuse_serial/include/flatfish_ros_efuse_serial/flatfish_ros_efuse_serial/msg/detail
[0.828s] -- Up-to-date: /home/amandarln/ros_ws/install/flatfish_ros_efuse_serial/include/flatfish_ros_efuse_serial/flatfish_ros_efuse_serial/msg/detail/board_array__rosidl_typesupport_fastrtps_c.h
[0.828s] -- Up-to-date: /home/amandarln/ros_ws/install/flatfish_ros_efuse_serial/include/flatfish_ros_efuse_serial/flatfish_ros_efuse_serial/msg/detail/cmd_channel__rosidl_typesupport_fastrtps_c.h
[0.828s] -- Up-to-date: /home/amandarln/ros_ws/install/flatfish_ros_efuse_serial/include/flatfish_ros_efuse_serial/flatfish_ros_efuse_serial/msg/detail/board__rosidl_typesupport_fastrtps_c.h
[0.828s] -- Up-to-date: /home/amandarln/ros_ws/install/flatfish_ros_efuse_serial/include/flatfish_ros_efuse_serial/flatfish_ros_efuse_serial/msg/detail/status_board_array__rosidl_typesupport_fastrtps_c.h
[0.828s] -- Up-to-date: /home/amandarln/ros_ws/install/flatfish_ros_efuse_serial/include/flatfish_ros_efuse_serial/flatfish_ros_efuse_serial/msg/detail/status_channel__rosidl_typesupport_fastrtps_c.h
[0.828s] -- Up-to-date: /home/amandarln/ros_ws/install/flatfish_ros_efuse_serial/include/flatfish_ros_efuse_serial/flatfish_ros_efuse_serial/msg/detail/status_board__rosidl_typesupport_fastrtps_c.h
[0.828s] -- Up-to-date: /home/amandarln/ros_ws/install/flatfish_ros_efuse_serial/lib/libflatfish_ros_efuse_serial__rosidl_typesupport_fastrtps_c.so
[0.829s] -- Up-to-date: /home/amandarln/ros_ws/install/flatfish_ros_efuse_serial/include/flatfish_ros_efuse_serial/flatfish_ros_efuse_serial
[0.829s] -- Up-to-date: /home/amandarln/ros_ws/install/flatfish_ros_efuse_serial/include/flatfish_ros_efuse_serial/flatfish_ros_efuse_serial/srv
[0.829s] -- Up-to-date: /home/amandarln/ros_ws/install/flatfish_ros_efuse_serial/include/flatfish_ros_efuse_serial/flatfish_ros_efuse_serial/srv/set_channel_on.hpp
[0.829s] -- Up-to-date: /home/amandarln/ros_ws/install/flatfish_ros_efuse_serial/include/flatfish_ros_efuse_serial/flatfish_ros_efuse_serial/srv/set_channels_on.hpp
[0.829s] -- Up-to-date: /home/amandarln/ros_ws/install/flatfish_ros_efuse_serial/include/flatfish_ros_efuse_serial/flatfish_ros_efuse_serial/srv/set_max_current.hpp
[0.829s] -- Up-to-date: /home/amandarln/ros_ws/install/flatfish_ros_efuse_serial/include/flatfish_ros_efuse_serial/flatfish_ros_efuse_serial/srv/default_power_up.hpp
[0.829s] -- Up-to-date: /home/amandarln/ros_ws/install/flatfish_ros_efuse_serial/include/flatfish_ros_efuse_serial/flatfish_ros_efuse_serial/srv/detail
[0.829s] -- Up-to-date: /home/amandarln/ros_ws/install/flatfish_ros_efuse_serial/include/flatfish_ros_efuse_serial/flatfish_ros_efuse_serial/srv/detail/set_channel_on__traits.hpp
[0.829s] -- Up-to-date: /home/amandarln/ros_ws/install/flatfish_ros_efuse_serial/include/flatfish_ros_efuse_serial/flatfish_ros_efuse_serial/srv/detail/set_channels_on__struct.hpp
[0.829s] -- Up-to-date: /home/amandarln/ros_ws/install/flatfish_ros_efuse_serial/include/flatfish_ros_efuse_serial/flatfish_ros_efuse_serial/srv/detail/reset_board__traits.hpp
[0.829s] -- Up-to-date: /home/amandarln/ros_ws/install/flatfish_ros_efuse_serial/include/flatfish_ros_efuse_serial/flatfish_ros_efuse_serial/srv/detail/reset_board__struct.hpp
[0.829s] -- Up-to-date: /home/amandarln/ros_ws/install/flatfish_ros_efuse_serial/include/flatfish_ros_efuse_serial/flatfish_ros_efuse_serial/srv/detail/set_channels_on__builder.hpp
[0.829s] -- Up-to-date: /home/amandarln/ros_ws/install/flatfish_ros_efuse_serial/include/flatfish_ros_efuse_serial/flatfish_ros_efuse_serial/srv/detail/default_power_up__builder.hpp
[0.829s] -- Up-to-date: /home/amandarln/ros_ws/install/flatfish_ros_efuse_serial/include/flatfish_ros_efuse_serial/flatfish_ros_efuse_serial/srv/detail/reset_board__builder.hpp
[0.830s] -- Up-to-date: /home/amandarln/ros_ws/install/flatfish_ros_efuse_serial/include/flatfish_ros_efuse_serial/flatfish_ros_efuse_serial/srv/detail/set_max_current__struct.hpp
[0.830s] -- Up-to-date: /home/amandarln/ros_ws/install/flatfish_ros_efuse_serial/include/flatfish_ros_efuse_serial/flatfish_ros_efuse_serial/srv/detail/default_power_up__traits.hpp
[0.830s] -- Up-to-date: /home/amandarln/ros_ws/install/flatfish_ros_efuse_serial/include/flatfish_ros_efuse_serial/flatfish_ros_efuse_serial/srv/detail/set_channel_on__struct.hpp
[0.830s] -- Up-to-date: /home/amandarln/ros_ws/install/flatfish_ros_efuse_serial/include/flatfish_ros_efuse_serial/flatfish_ros_efuse_serial/srv/detail/set_max_current__builder.hpp
[0.830s] -- Up-to-date: /home/amandarln/ros_ws/install/flatfish_ros_efuse_serial/include/flatfish_ros_efuse_serial/flatfish_ros_efuse_serial/srv/detail/default_power_up__struct.hpp
[0.830s] -- Up-to-date: /home/amandarln/ros_ws/install/flatfish_ros_efuse_serial/include/flatfish_ros_efuse_serial/flatfish_ros_efuse_serial/srv/detail/set_max_current__traits.hpp
[0.830s] -- Up-to-date: /home/amandarln/ros_ws/install/flatfish_ros_efuse_serial/include/flatfish_ros_efuse_serial/flatfish_ros_efuse_serial/srv/detail/set_channel_on__builder.hpp
[0.830s] -- Up-to-date: /home/amandarln/ros_ws/install/flatfish_ros_efuse_serial/include/flatfish_ros_efuse_serial/flatfish_ros_efuse_serial/srv/detail/set_channels_on__traits.hpp
[0.830s] -- Up-to-date: /home/amandarln/ros_ws/install/flatfish_ros_efuse_serial/include/flatfish_ros_efuse_serial/flatfish_ros_efuse_serial/srv/reset_board.hpp
[0.830s] -- Up-to-date: /home/amandarln/ros_ws/install/flatfish_ros_efuse_serial/include/flatfish_ros_efuse_serial/flatfish_ros_efuse_serial/msg
[0.830s] -- Up-to-date: /home/amandarln/ros_ws/install/flatfish_ros_efuse_serial/include/flatfish_ros_efuse_serial/flatfish_ros_efuse_serial/msg/board.hpp
[0.830s] -- Up-to-date: /home/amandarln/ros_ws/install/flatfish_ros_efuse_serial/include/flatfish_ros_efuse_serial/flatfish_ros_efuse_serial/msg/board_array.hpp
[0.830s] -- Up-to-date: /home/amandarln/ros_ws/install/flatfish_ros_efuse_serial/include/flatfish_ros_efuse_serial/flatfish_ros_efuse_serial/msg/status_board.hpp
[0.830s] -- Up-to-date: /home/amandarln/ros_ws/install/flatfish_ros_efuse_serial/include/flatfish_ros_efuse_serial/flatfish_ros_efuse_serial/msg/detail
[0.830s] -- Up-to-date: /home/amandarln/ros_ws/install/flatfish_ros_efuse_serial/include/flatfish_ros_efuse_serial/flatfish_ros_efuse_serial/msg/detail/cmd_channel__struct.hpp
[0.831s] -- Up-to-date: /home/amandarln/ros_ws/install/flatfish_ros_efuse_serial/include/flatfish_ros_efuse_serial/flatfish_ros_efuse_serial/msg/detail/board_array__struct.hpp
[0.831s] -- Up-to-date: /home/amandarln/ros_ws/install/flatfish_ros_efuse_serial/include/flatfish_ros_efuse_serial/flatfish_ros_efuse_serial/msg/detail/cmd_channel__builder.hpp
[0.831s] -- Up-to-date: /home/amandarln/ros_ws/install/flatfish_ros_efuse_serial/include/flatfish_ros_efuse_serial/flatfish_ros_efuse_serial/msg/detail/board__builder.hpp
[0.831s] -- Up-to-date: /home/amandarln/ros_ws/install/flatfish_ros_efuse_serial/include/flatfish_ros_efuse_serial/flatfish_ros_efuse_serial/msg/detail/status_board__struct.hpp
[0.831s] -- Up-to-date: /home/amandarln/ros_ws/install/flatfish_ros_efuse_serial/include/flatfish_ros_efuse_serial/flatfish_ros_efuse_serial/msg/detail/status_board_array__builder.hpp
[0.831s] -- Up-to-date: /home/amandarln/ros_ws/install/flatfish_ros_efuse_serial/include/flatfish_ros_efuse_serial/flatfish_ros_efuse_serial/msg/detail/status_board__traits.hpp
[0.831s] -- Up-to-date: /home/amandarln/ros_ws/install/flatfish_ros_efuse_serial/include/flatfish_ros_efuse_serial/flatfish_ros_efuse_serial/msg/detail/board_array__builder.hpp
[0.831s] -- Up-to-date: /home/amandarln/ros_ws/install/flatfish_ros_efuse_serial/include/flatfish_ros_efuse_serial/flatfish_ros_efuse_serial/msg/detail/board__struct.hpp
[0.831s] -- Up-to-date: /home/amandarln/ros_ws/install/flatfish_ros_efuse_serial/include/flatfish_ros_efuse_serial/flatfish_ros_efuse_serial/msg/detail/status_board__builder.hpp
[0.831s] -- Up-to-date: /home/amandarln/ros_ws/install/flatfish_ros_efuse_serial/include/flatfish_ros_efuse_serial/flatfish_ros_efuse_serial/msg/detail/status_channel__traits.hpp
[0.831s] -- Up-to-date: /home/amandarln/ros_ws/install/flatfish_ros_efuse_serial/include/flatfish_ros_efuse_serial/flatfish_ros_efuse_serial/msg/detail/board_array__traits.hpp
[0.831s] -- Up-to-date: /home/amandarln/ros_ws/install/flatfish_ros_efuse_serial/include/flatfish_ros_efuse_serial/flatfish_ros_efuse_serial/msg/detail/cmd_channel__traits.hpp
[0.831s] -- Up-to-date: /home/amandarln/ros_ws/install/flatfish_ros_efuse_serial/include/flatfish_ros_efuse_serial/flatfish_ros_efuse_serial/msg/detail/status_board_array__traits.hpp
[0.832s] -- Up-to-date: /home/amandarln/ros_ws/install/flatfish_ros_efuse_serial/include/flatfish_ros_efuse_serial/flatfish_ros_efuse_serial/msg/detail/board__traits.hpp
[0.832s] -- Up-to-date: /home/amandarln/ros_ws/install/flatfish_ros_efuse_serial/include/flatfish_ros_efuse_serial/flatfish_ros_efuse_serial/msg/detail/status_channel__struct.hpp
[0.832s] -- Up-to-date: /home/amandarln/ros_ws/install/flatfish_ros_efuse_serial/include/flatfish_ros_efuse_serial/flatfish_ros_efuse_serial/msg/detail/status_board_array__struct.hpp
[0.832s] -- Up-to-date: /home/amandarln/ros_ws/install/flatfish_ros_efuse_serial/include/flatfish_ros_efuse_serial/flatfish_ros_efuse_serial/msg/detail/status_channel__builder.hpp
[0.832s] -- Up-to-date: /home/amandarln/ros_ws/install/flatfish_ros_efuse_serial/include/flatfish_ros_efuse_serial/flatfish_ros_efuse_serial/msg/status_channel.hpp
[0.832s] -- Up-to-date: /home/amandarln/ros_ws/install/flatfish_ros_efuse_serial/include/flatfish_ros_efuse_serial/flatfish_ros_efuse_serial/msg/cmd_channel.hpp
[0.832s] -- Up-to-date: /home/amandarln/ros_ws/install/flatfish_ros_efuse_serial/include/flatfish_ros_efuse_serial/flatfish_ros_efuse_serial/msg/status_board_array.hpp
[0.832s] -- Up-to-date: /home/amandarln/ros_ws/install/flatfish_ros_efuse_serial/include/flatfish_ros_efuse_serial/flatfish_ros_efuse_serial
[0.832s] -- Up-to-date: /home/amandarln/ros_ws/install/flatfish_ros_efuse_serial/include/flatfish_ros_efuse_serial/flatfish_ros_efuse_serial/srv
[0.832s] -- Up-to-date: /home/amandarln/ros_ws/install/flatfish_ros_efuse_serial/include/flatfish_ros_efuse_serial/flatfish_ros_efuse_serial/srv/detail
[0.832s] -- Up-to-date: /home/amandarln/ros_ws/install/flatfish_ros_efuse_serial/include/flatfish_ros_efuse_serial/flatfish_ros_efuse_serial/srv/detail/dds_fastrtps
[0.832s] -- Up-to-date: /home/amandarln/ros_ws/install/flatfish_ros_efuse_serial/include/flatfish_ros_efuse_serial/flatfish_ros_efuse_serial/srv/detail/set_channel_on__rosidl_typesupport_fastrtps_cpp.hpp
[0.832s] -- Up-to-date: /home/amandarln/ros_ws/install/flatfish_ros_efuse_serial/include/flatfish_ros_efuse_serial/flatfish_ros_efuse_serial/srv/detail/set_channels_on__rosidl_typesupport_fastrtps_cpp.hpp
[0.833s] -- Up-to-date: /home/amandarln/ros_ws/install/flatfish_ros_efuse_serial/include/flatfish_ros_efuse_serial/flatfish_ros_efuse_serial/srv/detail/set_max_current__rosidl_typesupport_fastrtps_cpp.hpp
[0.833s] -- Up-to-date: /home/amandarln/ros_ws/install/flatfish_ros_efuse_serial/include/flatfish_ros_efuse_serial/flatfish_ros_efuse_serial/srv/detail/default_power_up__rosidl_typesupport_fastrtps_cpp.hpp
[0.833s] -- Up-to-date: /home/amandarln/ros_ws/install/flatfish_ros_efuse_serial/include/flatfish_ros_efuse_serial/flatfish_ros_efuse_serial/srv/detail/reset_board__rosidl_typesupport_fastrtps_cpp.hpp
[0.833s] -- Up-to-date: /home/amandarln/ros_ws/install/flatfish_ros_efuse_serial/include/flatfish_ros_efuse_serial/flatfish_ros_efuse_serial/msg
[0.833s] -- Up-to-date: /home/amandarln/ros_ws/install/flatfish_ros_efuse_serial/include/flatfish_ros_efuse_serial/flatfish_ros_efuse_serial/msg/detail
[0.833s] -- Up-to-date: /home/amandarln/ros_ws/install/flatfish_ros_efuse_serial/include/flatfish_ros_efuse_serial/flatfish_ros_efuse_serial/msg/detail/status_board__rosidl_typesupport_fastrtps_cpp.hpp
[0.833s] -- Up-to-date: /home/amandarln/ros_ws/install/flatfish_ros_efuse_serial/include/flatfish_ros_efuse_serial/flatfish_ros_efuse_serial/msg/detail/board_array__rosidl_typesupport_fastrtps_cpp.hpp
[0.833s] -- Up-to-date: /home/amandarln/ros_ws/install/flatfish_ros_efuse_serial/include/flatfish_ros_efuse_serial/flatfish_ros_efuse_serial/msg/detail/status_channel__rosidl_typesupport_fastrtps_cpp.hpp
[0.833s] -- Up-to-date: /home/amandarln/ros_ws/install/flatfish_ros_efuse_serial/include/flatfish_ros_efuse_serial/flatfish_ros_efuse_serial/msg/detail/cmd_channel__rosidl_typesupport_fastrtps_cpp.hpp
[0.833s] -- Up-to-date: /home/amandarln/ros_ws/install/flatfish_ros_efuse_serial/include/flatfish_ros_efuse_serial/flatfish_ros_efuse_serial/msg/detail/dds_fastrtps
[0.833s] -- Up-to-date: /home/amandarln/ros_ws/install/flatfish_ros_efuse_serial/include/flatfish_ros_efuse_serial/flatfish_ros_efuse_serial/msg/detail/status_board_array__rosidl_typesupport_fastrtps_cpp.hpp
[0.833s] -- Up-to-date: /home/amandarln/ros_ws/install/flatfish_ros_efuse_serial/include/flatfish_ros_efuse_serial/flatfish_ros_efuse_serial/msg/detail/board__rosidl_typesupport_fastrtps_cpp.hpp
[0.834s] -- Up-to-date: /home/amandarln/ros_ws/install/flatfish_ros_efuse_serial/include/flatfish_ros_efuse_serial/flatfish_ros_efuse_serial/msg/rosidl_typesupport_fastrtps_cpp__visibility_control.h
[0.834s] -- Up-to-date: /home/amandarln/ros_ws/install/flatfish_ros_efuse_serial/lib/libflatfish_ros_efuse_serial__rosidl_typesupport_fastrtps_cpp.so
[0.834s] -- Up-to-date: /home/amandarln/ros_ws/install/flatfish_ros_efuse_serial/include/flatfish_ros_efuse_serial/flatfish_ros_efuse_serial
[0.834s] -- Up-to-date: /home/amandarln/ros_ws/install/flatfish_ros_efuse_serial/include/flatfish_ros_efuse_serial/flatfish_ros_efuse_serial/srv
[0.834s] -- Up-to-date: /home/amandarln/ros_ws/install/flatfish_ros_efuse_serial/include/flatfish_ros_efuse_serial/flatfish_ros_efuse_serial/srv/detail
[0.834s] -- Up-to-date: /home/amandarln/ros_ws/install/flatfish_ros_efuse_serial/include/flatfish_ros_efuse_serial/flatfish_ros_efuse_serial/srv/detail/set_channel_on__type_support.c
[0.834s] -- Up-to-date: /home/amandarln/ros_ws/install/flatfish_ros_efuse_serial/include/flatfish_ros_efuse_serial/flatfish_ros_efuse_serial/srv/detail/set_channels_on__rosidl_typesupport_introspection_c.h
[0.834s] -- Up-to-date: /home/amandarln/ros_ws/install/flatfish_ros_efuse_serial/include/flatfish_ros_efuse_serial/flatfish_ros_efuse_serial/srv/detail/reset_board__rosidl_typesupport_introspection_c.h
[0.834s] -- Up-to-date: /home/amandarln/ros_ws/install/flatfish_ros_efuse_serial/include/flatfish_ros_efuse_serial/flatfish_ros_efuse_serial/srv/detail/set_channel_on__rosidl_typesupport_introspection_c.h
[0.834s] -- Up-to-date: /home/amandarln/ros_ws/install/flatfish_ros_efuse_serial/include/flatfish_ros_efuse_serial/flatfish_ros_efuse_serial/srv/detail/set_max_current__type_support.c
[0.834s] -- Up-to-date: /home/amandarln/ros_ws/install/flatfish_ros_efuse_serial/include/flatfish_ros_efuse_serial/flatfish_ros_efuse_serial/srv/detail/set_max_current__rosidl_typesupport_introspection_c.h
[0.834s] -- Up-to-date: /home/amandarln/ros_ws/install/flatfish_ros_efuse_serial/include/flatfish_ros_efuse_serial/flatfish_ros_efuse_serial/srv/detail/reset_board__type_support.c
[0.834s] -- Up-to-date: /home/amandarln/ros_ws/install/flatfish_ros_efuse_serial/include/flatfish_ros_efuse_serial/flatfish_ros_efuse_serial/srv/detail/set_channels_on__type_support.c
[0.834s] -- Up-to-date: /home/amandarln/ros_ws/install/flatfish_ros_efuse_serial/include/flatfish_ros_efuse_serial/flatfish_ros_efuse_serial/srv/detail/default_power_up__rosidl_typesupport_introspection_c.h
[0.834s] -- Up-to-date: /home/amandarln/ros_ws/install/flatfish_ros_efuse_serial/include/flatfish_ros_efuse_serial/flatfish_ros_efuse_serial/srv/detail/default_power_up__type_support.c
[0.835s] -- Up-to-date: /home/amandarln/ros_ws/install/flatfish_ros_efuse_serial/include/flatfish_ros_efuse_serial/flatfish_ros_efuse_serial/msg
[0.835s] -- Up-to-date: /home/amandarln/ros_ws/install/flatfish_ros_efuse_serial/include/flatfish_ros_efuse_serial/flatfish_ros_efuse_serial/msg/detail
[0.835s] -- Up-to-date: /home/amandarln/ros_ws/install/flatfish_ros_efuse_serial/include/flatfish_ros_efuse_serial/flatfish_ros_efuse_serial/msg/detail/board_array__type_support.c
[0.835s] -- Up-to-date: /home/amandarln/ros_ws/install/flatfish_ros_efuse_serial/include/flatfish_ros_efuse_serial/flatfish_ros_efuse_serial/msg/detail/status_channel__type_support.c
[0.835s] -- Up-to-date: /home/amandarln/ros_ws/install/flatfish_ros_efuse_serial/include/flatfish_ros_efuse_serial/flatfish_ros_efuse_serial/msg/detail/board__type_support.c
[0.835s] -- Up-to-date: /home/amandarln/ros_ws/install/flatfish_ros_efuse_serial/include/flatfish_ros_efuse_serial/flatfish_ros_efuse_serial/msg/detail/status_board__type_support.c
[0.835s] -- Up-to-date: /home/amandarln/ros_ws/install/flatfish_ros_efuse_serial/include/flatfish_ros_efuse_serial/flatfish_ros_efuse_serial/msg/detail/cmd_channel__type_support.c
[0.835s] -- Up-to-date: /home/amandarln/ros_ws/install/flatfish_ros_efuse_serial/include/flatfish_ros_efuse_serial/flatfish_ros_efuse_serial/msg/detail/status_board__rosidl_typesupport_introspection_c.h
[0.835s] -- Up-to-date: /home/amandarln/ros_ws/install/flatfish_ros_efuse_serial/include/flatfish_ros_efuse_serial/flatfish_ros_efuse_serial/msg/detail/board__rosidl_typesupport_introspection_c.h
[0.835s] -- Up-to-date: /home/amandarln/ros_ws/install/flatfish_ros_efuse_serial/include/flatfish_ros_efuse_serial/flatfish_ros_efuse_serial/msg/detail/cmd_channel__rosidl_typesupport_introspection_c.h
[0.835s] -- Up-to-date: /home/amandarln/ros_ws/install/flatfish_ros_efuse_serial/include/flatfish_ros_efuse_serial/flatfish_ros_efuse_serial/msg/detail/status_board_array__rosidl_typesupport_introspection_c.h
[0.835s] -- Up-to-date: /home/amandarln/ros_ws/install/flatfish_ros_efuse_serial/include/flatfish_ros_efuse_serial/flatfish_ros_efuse_serial/msg/detail/board_array__rosidl_typesupport_introspection_c.h
[0.835s] -- Up-to-date: /home/amandarln/ros_ws/install/flatfish_ros_efuse_serial/include/flatfish_ros_efuse_serial/flatfish_ros_efuse_serial/msg/detail/status_channel__rosidl_typesupport_introspection_c.h
[0.835s] -- Up-to-date: /home/amandarln/ros_ws/install/flatfish_ros_efuse_serial/include/flatfish_ros_efuse_serial/flatfish_ros_efuse_serial/msg/detail/status_board_array__type_support.c
[0.835s] -- Up-to-date: /home/amandarln/ros_ws/install/flatfish_ros_efuse_serial/include/flatfish_ros_efuse_serial/flatfish_ros_efuse_serial/msg/rosidl_typesupport_introspection_c__visibility_control.h
[0.836s] -- Up-to-date: /home/amandarln/ros_ws/install/flatfish_ros_efuse_serial/lib/libflatfish_ros_efuse_serial__rosidl_typesupport_introspection_c.so
[0.836s] -- Up-to-date: /home/amandarln/ros_ws/install/flatfish_ros_efuse_serial/lib/libflatfish_ros_efuse_serial__rosidl_typesupport_c.so
[0.836s] -- Up-to-date: /home/amandarln/ros_ws/install/flatfish_ros_efuse_serial/include/flatfish_ros_efuse_serial/flatfish_ros_efuse_serial
[0.836s] -- Up-to-date: /home/amandarln/ros_ws/install/flatfish_ros_efuse_serial/include/flatfish_ros_efuse_serial/flatfish_ros_efuse_serial/srv
[0.836s] -- Up-to-date: /home/amandarln/ros_ws/install/flatfish_ros_efuse_serial/include/flatfish_ros_efuse_serial/flatfish_ros_efuse_serial/srv/detail
[0.836s] -- Up-to-date: /home/amandarln/ros_ws/install/flatfish_ros_efuse_serial/include/flatfish_ros_efuse_serial/flatfish_ros_efuse_serial/srv/detail/set_channel_on__type_support.cpp
[0.836s] -- Up-to-date: /home/amandarln/ros_ws/install/flatfish_ros_efuse_serial/include/flatfish_ros_efuse_serial/flatfish_ros_efuse_serial/srv/detail/set_max_current__type_support.cpp
[0.836s] -- Up-to-date: /home/amandarln/ros_ws/install/flatfish_ros_efuse_serial/include/flatfish_ros_efuse_serial/flatfish_ros_efuse_serial/srv/detail/reset_board__rosidl_typesupport_introspection_cpp.hpp
[0.836s] -- Up-to-date: /home/amandarln/ros_ws/install/flatfish_ros_efuse_serial/include/flatfish_ros_efuse_serial/flatfish_ros_efuse_serial/srv/detail/default_power_up__rosidl_typesupport_introspection_cpp.hpp
[0.836s] -- Up-to-date: /home/amandarln/ros_ws/install/flatfish_ros_efuse_serial/include/flatfish_ros_efuse_serial/flatfish_ros_efuse_serial/srv/detail/set_max_current__rosidl_typesupport_introspection_cpp.hpp
[0.836s] -- Up-to-date: /home/amandarln/ros_ws/install/flatfish_ros_efuse_serial/include/flatfish_ros_efuse_serial/flatfish_ros_efuse_serial/srv/detail/set_channel_on__rosidl_typesupport_introspection_cpp.hpp
[0.836s] -- Up-to-date: /home/amandarln/ros_ws/install/flatfish_ros_efuse_serial/include/flatfish_ros_efuse_serial/flatfish_ros_efuse_serial/srv/detail/default_power_up__type_support.cpp
[0.837s] -- Up-to-date: /home/amandarln/ros_ws/install/flatfish_ros_efuse_serial/include/flatfish_ros_efuse_serial/flatfish_ros_efuse_serial/srv/detail/set_channels_on__rosidl_typesupport_introspection_cpp.hpp
[0.837s] -- Up-to-date: /home/amandarln/ros_ws/install/flatfish_ros_efuse_serial/include/flatfish_ros_efuse_serial/flatfish_ros_efuse_serial/srv/detail/reset_board__type_support.cpp
[0.837s] -- Up-to-date: /home/amandarln/ros_ws/install/flatfish_ros_efuse_serial/include/flatfish_ros_efuse_serial/flatfish_ros_efuse_serial/srv/detail/set_channels_on__type_support.cpp
[0.837s] -- Up-to-date: /home/amandarln/ros_ws/install/flatfish_ros_efuse_serial/include/flatfish_ros_efuse_serial/flatfish_ros_efuse_serial/msg
[0.837s] -- Up-to-date: /home/amandarln/ros_ws/install/flatfish_ros_efuse_serial/include/flatfish_ros_efuse_serial/flatfish_ros_efuse_serial/msg/detail
[0.837s] -- Up-to-date: /home/amandarln/ros_ws/install/flatfish_ros_efuse_serial/include/flatfish_ros_efuse_serial/flatfish_ros_efuse_serial/msg/detail/status_board__rosidl_typesupport_introspection_cpp.hpp
[0.837s] -- Up-to-date: /home/amandarln/ros_ws/install/flatfish_ros_efuse_serial/include/flatfish_ros_efuse_serial/flatfish_ros_efuse_serial/msg/detail/board_array__type_support.cpp
[0.837s] -- Up-to-date: /home/amandarln/ros_ws/install/flatfish_ros_efuse_serial/include/flatfish_ros_efuse_serial/flatfish_ros_efuse_serial/msg/detail/status_board__type_support.cpp
[0.837s] -- Up-to-date: /home/amandarln/ros_ws/install/flatfish_ros_efuse_serial/include/flatfish_ros_efuse_serial/flatfish_ros_efuse_serial/msg/detail/status_channel__rosidl_typesupport_introspection_cpp.hpp
[0.837s] -- Up-to-date: /home/amandarln/ros_ws/install/flatfish_ros_efuse_serial/include/flatfish_ros_efuse_serial/flatfish_ros_efuse_serial/msg/detail/board__rosidl_typesupport_introspection_cpp.hpp
[0.837s] -- Up-to-date: /home/amandarln/ros_ws/install/flatfish_ros_efuse_serial/include/flatfish_ros_efuse_serial/flatfish_ros_efuse_serial/msg/detail/board_array__rosidl_typesupport_introspection_cpp.hpp
[0.837s] -- Up-to-date: /home/amandarln/ros_ws/install/flatfish_ros_efuse_serial/include/flatfish_ros_efuse_serial/flatfish_ros_efuse_serial/msg/detail/board__type_support.cpp
[0.837s] -- Up-to-date: /home/amandarln/ros_ws/install/flatfish_ros_efuse_serial/include/flatfish_ros_efuse_serial/flatfish_ros_efuse_serial/msg/detail/cmd_channel__type_support.cpp
[0.837s] -- Up-to-date: /home/amandarln/ros_ws/install/flatfish_ros_efuse_serial/include/flatfish_ros_efuse_serial/flatfish_ros_efuse_serial/msg/detail/status_board_array__rosidl_typesupport_introspection_cpp.hpp
[0.838s] -- Up-to-date: /home/amandarln/ros_ws/install/flatfish_ros_efuse_serial/include/flatfish_ros_efuse_serial/flatfish_ros_efuse_serial/msg/detail/cmd_channel__rosidl_typesupport_introspection_cpp.hpp
[0.838s] -- Up-to-date: /home/amandarln/ros_ws/install/flatfish_ros_efuse_serial/include/flatfish_ros_efuse_serial/flatfish_ros_efuse_serial/msg/detail/status_board_array__type_support.cpp
[0.838s] -- Up-to-date: /home/amandarln/ros_ws/install/flatfish_ros_efuse_serial/include/flatfish_ros_efuse_serial/flatfish_ros_efuse_serial/msg/detail/status_channel__type_support.cpp
[0.838s] -- Up-to-date: /home/amandarln/ros_ws/install/flatfish_ros_efuse_serial/lib/libflatfish_ros_efuse_serial__rosidl_typesupport_introspection_cpp.so
[0.838s] -- Up-to-date: /home/amandarln/ros_ws/install/flatfish_ros_efuse_serial/lib/libflatfish_ros_efuse_serial__rosidl_typesupport_cpp.so
[0.838s] -- Up-to-date: /home/amandarln/ros_ws/install/flatfish_ros_efuse_serial/share/flatfish_ros_efuse_serial/environment/pythonpath.sh
[0.838s] -- Up-to-date: /home/amandarln/ros_ws/install/flatfish_ros_efuse_serial/share/flatfish_ros_efuse_serial/environment/pythonpath.dsv
[0.838s] -- Up-to-date: /home/amandarln/ros_ws/install/flatfish_ros_efuse_serial/local/lib/python3.10/dist-packages/flatfish_ros_efuse_serial-0.0.0-py3.10.egg-info
[0.838s] -- Installing: /home/amandarln/ros_ws/install/flatfish_ros_efuse_serial/local/lib/python3.10/dist-packages/flatfish_ros_efuse_serial-0.0.0-py3.10.egg-info/top_level.txt
[0.838s] -- Installing: /home/amandarln/ros_ws/install/flatfish_ros_efuse_serial/local/lib/python3.10/dist-packages/flatfish_ros_efuse_serial-0.0.0-py3.10.egg-info/PKG-INFO
[0.838s] -- Installing: /home/amandarln/ros_ws/install/flatfish_ros_efuse_serial/local/lib/python3.10/dist-packages/flatfish_ros_efuse_serial-0.0.0-py3.10.egg-info/SOURCES.txt
[0.838s] -- Installing: /home/amandarln/ros_ws/install/flatfish_ros_efuse_serial/local/lib/python3.10/dist-packages/flatfish_ros_efuse_serial-0.0.0-py3.10.egg-info/dependency_links.txt
[0.838s] -- Up-to-date: /home/amandarln/ros_ws/install/flatfish_ros_efuse_serial/local/lib/python3.10/dist-packages/flatfish_ros_efuse_serial
[0.838s] -- Up-to-date: /home/amandarln/ros_ws/install/flatfish_ros_efuse_serial/local/lib/python3.10/dist-packages/flatfish_ros_efuse_serial/__init__.py
[0.838s] -- Up-to-date: /home/amandarln/ros_ws/install/flatfish_ros_efuse_serial/local/lib/python3.10/dist-packages/flatfish_ros_efuse_serial/_flatfish_ros_efuse_serial_s.ep.rosidl_typesupport_c.c
[0.838s] -- Up-to-date: /home/amandarln/ros_ws/install/flatfish_ros_efuse_serial/local/lib/python3.10/dist-packages/flatfish_ros_efuse_serial/_flatfish_ros_efuse_serial_s.ep.rosidl_typesupport_fastrtps_c.c
[0.839s] -- Up-to-date: /home/amandarln/ros_ws/install/flatfish_ros_efuse_serial/local/lib/python3.10/dist-packages/flatfish_ros_efuse_serial/flatfish_ros_efuse_serial_s__rosidl_typesupport_c.cpython-310-x86_64-linux-gnu.so
[0.839s] -- Up-to-date: /home/amandarln/ros_ws/install/flatfish_ros_efuse_serial/local/lib/python3.10/dist-packages/flatfish_ros_efuse_serial/flatfish_ros_efuse_serial_s__rosidl_typesupport_introspection_c.cpython-310-x86_64-linux-gnu.so
[0.839s] -- Up-to-date: /home/amandarln/ros_ws/install/flatfish_ros_efuse_serial/local/lib/python3.10/dist-packages/flatfish_ros_efuse_serial/libflatfish_ros_efuse_serial__rosidl_generator_py.so
[0.839s] -- Up-to-date: /home/amandarln/ros_ws/install/flatfish_ros_efuse_serial/local/lib/python3.10/dist-packages/flatfish_ros_efuse_serial/srv
[0.839s] -- Up-to-date: /home/amandarln/ros_ws/install/flatfish_ros_efuse_serial/local/lib/python3.10/dist-packages/flatfish_ros_efuse_serial/srv/__init__.py
[0.839s] -- Up-to-date: /home/amandarln/ros_ws/install/flatfish_ros_efuse_serial/local/lib/python3.10/dist-packages/flatfish_ros_efuse_serial/srv/_set_max_current.py
[0.839s] -- Up-to-date: /home/amandarln/ros_ws/install/flatfish_ros_efuse_serial/local/lib/python3.10/dist-packages/flatfish_ros_efuse_serial/srv/_set_channels_on.py
[0.839s] -- Up-to-date: /home/amandarln/ros_ws/install/flatfish_ros_efuse_serial/local/lib/python3.10/dist-packages/flatfish_ros_efuse_serial/srv/_reset_board_s.c
[0.839s] -- Up-to-date: /home/amandarln/ros_ws/install/flatfish_ros_efuse_serial/local/lib/python3.10/dist-packages/flatfish_ros_efuse_serial/srv/_set_channel_on_s.c
[0.839s] -- Up-to-date: /home/amandarln/ros_ws/install/flatfish_ros_efuse_serial/local/lib/python3.10/dist-packages/flatfish_ros_efuse_serial/srv/_set_channels_on_s.c
[0.839s] -- Up-to-date: /home/amandarln/ros_ws/install/flatfish_ros_efuse_serial/local/lib/python3.10/dist-packages/flatfish_ros_efuse_serial/srv/_default_power_up_s.c
[0.839s] -- Up-to-date: /home/amandarln/ros_ws/install/flatfish_ros_efuse_serial/local/lib/python3.10/dist-packages/flatfish_ros_efuse_serial/srv/_default_power_up.py
[0.839s] -- Up-to-date: /home/amandarln/ros_ws/install/flatfish_ros_efuse_serial/local/lib/python3.10/dist-packages/flatfish_ros_efuse_serial/srv/_set_max_current_s.c
[0.839s] -- Up-to-date: /home/amandarln/ros_ws/install/flatfish_ros_efuse_serial/local/lib/python3.10/dist-packages/flatfish_ros_efuse_serial/srv/_set_channel_on.py
[0.839s] -- Up-to-date: /home/amandarln/ros_ws/install/flatfish_ros_efuse_serial/local/lib/python3.10/dist-packages/flatfish_ros_efuse_serial/srv/_reset_board.py
[0.839s] -- Up-to-date: /home/amandarln/ros_ws/install/flatfish_ros_efuse_serial/local/lib/python3.10/dist-packages/flatfish_ros_efuse_serial/_flatfish_ros_efuse_serial_s.ep.rosidl_typesupport_introspection_c.c
[0.839s] -- Up-to-date: /home/amandarln/ros_ws/install/flatfish_ros_efuse_serial/local/lib/python3.10/dist-packages/flatfish_ros_efuse_serial/msg
[0.840s] -- Up-to-date: /home/amandarln/ros_ws/install/flatfish_ros_efuse_serial/local/lib/python3.10/dist-packages/flatfish_ros_efuse_serial/msg/_status_channel_s.c
[0.840s] -- Up-to-date: /home/amandarln/ros_ws/install/flatfish_ros_efuse_serial/local/lib/python3.10/dist-packages/flatfish_ros_efuse_serial/msg/__init__.py
[0.840s] -- Up-to-date: /home/amandarln/ros_ws/install/flatfish_ros_efuse_serial/local/lib/python3.10/dist-packages/flatfish_ros_efuse_serial/msg/_status_board_array_s.c
[0.840s] -- Up-to-date: /home/amandarln/ros_ws/install/flatfish_ros_efuse_serial/local/lib/python3.10/dist-packages/flatfish_ros_efuse_serial/msg/_status_board_s.c
[0.840s] -- Up-to-date: /home/amandarln/ros_ws/install/flatfish_ros_efuse_serial/local/lib/python3.10/dist-packages/flatfish_ros_efuse_serial/msg/_cmd_channel.py
[0.840s] -- Up-to-date: /home/amandarln/ros_ws/install/flatfish_ros_efuse_serial/local/lib/python3.10/dist-packages/flatfish_ros_efuse_serial/msg/_board.py
[0.840s] -- Up-to-date: /home/amandarln/ros_ws/install/flatfish_ros_efuse_serial/local/lib/python3.10/dist-packages/flatfish_ros_efuse_serial/msg/_cmd_channel_s.c
[0.840s] -- Up-to-date: /home/amandarln/ros_ws/install/flatfish_ros_efuse_serial/local/lib/python3.10/dist-packages/flatfish_ros_efuse_serial/msg/_status_board_array.py
[0.840s] -- Up-to-date: /home/amandarln/ros_ws/install/flatfish_ros_efuse_serial/local/lib/python3.10/dist-packages/flatfish_ros_efuse_serial/msg/_board_s.c
[0.840s] -- Up-to-date: /home/amandarln/ros_ws/install/flatfish_ros_efuse_serial/local/lib/python3.10/dist-packages/flatfish_ros_efuse_serial/msg/_status_board.py
[0.840s] -- Up-to-date: /home/amandarln/ros_ws/install/flatfish_ros_efuse_serial/local/lib/python3.10/dist-packages/flatfish_ros_efuse_serial/msg/_board_array.py
[0.840s] -- Up-to-date: /home/amandarln/ros_ws/install/flatfish_ros_efuse_serial/local/lib/python3.10/dist-packages/flatfish_ros_efuse_serial/msg/_board_array_s.c
[0.840s] -- Up-to-date: /home/amandarln/ros_ws/install/flatfish_ros_efuse_serial/local/lib/python3.10/dist-packages/flatfish_ros_efuse_serial/msg/_status_channel.py
[0.840s] -- Up-to-date: /home/amandarln/ros_ws/install/flatfish_ros_efuse_serial/local/lib/python3.10/dist-packages/flatfish_ros_efuse_serial/flatfish_ros_efuse_serial_s__rosidl_typesupport_fastrtps_c.cpython-310-x86_64-linux-gnu.so
[0.862s] Listing '/home/amandarln/ros_ws/install/flatfish_ros_efuse_serial/local/lib/python3.10/dist-packages/flatfish_ros_efuse_serial'...
[0.863s] Listing '/home/amandarln/ros_ws/install/flatfish_ros_efuse_serial/local/lib/python3.10/dist-packages/flatfish_ros_efuse_serial/msg'...
[0.863s] Listing '/home/amandarln/ros_ws/install/flatfish_ros_efuse_serial/local/lib/python3.10/dist-packages/flatfish_ros_efuse_serial/srv'...
[0.867s] -- Up-to-date: /home/amandarln/ros_ws/install/flatfish_ros_efuse_serial/local/lib/python3.10/dist-packages/flatfish_ros_efuse_serial/flatfish_ros_efuse_serial_s__rosidl_typesupport_fastrtps_c.cpython-310-x86_64-linux-gnu.so
[0.867s] -- Up-to-date: /home/amandarln/ros_ws/install/flatfish_ros_efuse_serial/local/lib/python3.10/dist-packages/flatfish_ros_efuse_serial/flatfish_ros_efuse_serial_s__rosidl_typesupport_introspection_c.cpython-310-x86_64-linux-gnu.so
[0.867s] -- Up-to-date: /home/amandarln/ros_ws/install/flatfish_ros_efuse_serial/local/lib/python3.10/dist-packages/flatfish_ros_efuse_serial/flatfish_ros_efuse_serial_s__rosidl_typesupport_c.cpython-310-x86_64-linux-gnu.so
[0.868s] -- Up-to-date: /home/amandarln/ros_ws/install/flatfish_ros_efuse_serial/lib/libflatfish_ros_efuse_serial__rosidl_generator_py.so
[0.868s] -- Up-to-date: /home/amandarln/ros_ws/install/flatfish_ros_efuse_serial/share/flatfish_ros_efuse_serial/msg/Board.idl
[0.868s] -- Up-to-date: /home/amandarln/ros_ws/install/flatfish_ros_efuse_serial/share/flatfish_ros_efuse_serial/msg/BoardArray.idl
[0.868s] -- Up-to-date: /home/amandarln/ros_ws/install/flatfish_ros_efuse_serial/share/flatfish_ros_efuse_serial/msg/CmdChannel.idl
[0.868s] -- Up-to-date: /home/amandarln/ros_ws/install/flatfish_ros_efuse_serial/share/flatfish_ros_efuse_serial/msg/StatusBoard.idl
[0.868s] -- Up-to-date: /home/amandarln/ros_ws/install/flatfish_ros_efuse_serial/share/flatfish_ros_efuse_serial/msg/StatusBoardArray.idl
[0.868s] -- Up-to-date: /home/amandarln/ros_ws/install/flatfish_ros_efuse_serial/share/flatfish_ros_efuse_serial/msg/StatusChannel.idl
[0.868s] -- Up-to-date: /home/amandarln/ros_ws/install/flatfish_ros_efuse_serial/share/flatfish_ros_efuse_serial/srv/DefaultPowerUp.idl
[0.868s] -- Up-to-date: /home/amandarln/ros_ws/install/flatfish_ros_efuse_serial/share/flatfish_ros_efuse_serial/srv/ResetBoard.idl
[0.869s] -- Up-to-date: /home/amandarln/ros_ws/install/flatfish_ros_efuse_serial/share/flatfish_ros_efuse_serial/srv/SetChannelOn.idl
[0.869s] -- Up-to-date: /home/amandarln/ros_ws/install/flatfish_ros_efuse_serial/share/flatfish_ros_efuse_serial/srv/SetChannelsOn.idl
[0.869s] -- Up-to-date: /home/amandarln/ros_ws/install/flatfish_ros_efuse_serial/share/flatfish_ros_efuse_serial/srv/SetMaxCurrent.idl
[0.869s] -- Up-to-date: /home/amandarln/ros_ws/install/flatfish_ros_efuse_serial/share/flatfish_ros_efuse_serial/msg/Board.msg
[0.869s] -- Up-to-date: /home/amandarln/ros_ws/install/flatfish_ros_efuse_serial/share/flatfish_ros_efuse_serial/msg/BoardArray.msg
[0.869s] -- Up-to-date: /home/amandarln/ros_ws/install/flatfish_ros_efuse_serial/share/flatfish_ros_efuse_serial/msg/CmdChannel.msg
[0.869s] -- Up-to-date: /home/amandarln/ros_ws/install/flatfish_ros_efuse_serial/share/flatfish_ros_efuse_serial/msg/StatusBoard.msg
[0.869s] -- Up-to-date: /home/amandarln/ros_ws/install/flatfish_ros_efuse_serial/share/flatfish_ros_efuse_serial/msg/StatusBoardArray.msg
[0.869s] -- Up-to-date: /home/amandarln/ros_ws/install/flatfish_ros_efuse_serial/share/flatfish_ros_efuse_serial/msg/StatusChannel.msg
[0.869s] -- Up-to-date: /home/amandarln/ros_ws/install/flatfish_ros_efuse_serial/share/flatfish_ros_efuse_serial/srv/DefaultPowerUp.srv
[0.869s] -- Up-to-date: /home/amandarln/ros_ws/install/flatfish_ros_efuse_serial/share/flatfish_ros_efuse_serial/srv/DefaultPowerUp_Request.msg
[0.870s] -- Up-to-date: /home/amandarln/ros_ws/install/flatfish_ros_efuse_serial/share/flatfish_ros_efuse_serial/srv/DefaultPowerUp_Response.msg
[0.870s] -- Up-to-date: /home/amandarln/ros_ws/install/flatfish_ros_efuse_serial/share/flatfish_ros_efuse_serial/srv/ResetBoard.srv
[0.870s] -- Up-to-date: /home/amandarln/ros_ws/install/flatfish_ros_efuse_serial/share/flatfish_ros_efuse_serial/srv/ResetBoard_Request.msg
[0.870s] -- Up-to-date: /home/amandarln/ros_ws/install/flatfish_ros_efuse_serial/share/flatfish_ros_efuse_serial/srv/ResetBoard_Response.msg
[0.870s] -- Up-to-date: /home/amandarln/ros_ws/install/flatfish_ros_efuse_serial/share/flatfish_ros_efuse_serial/srv/SetChannelOn.srv
[0.870s] -- Up-to-date: /home/amandarln/ros_ws/install/flatfish_ros_efuse_serial/share/flatfish_ros_efuse_serial/srv/SetChannelOn_Request.msg
[0.870s] -- Up-to-date: /home/amandarln/ros_ws/install/flatfish_ros_efuse_serial/share/flatfish_ros_efuse_serial/srv/SetChannelOn_Response.msg
[0.870s] -- Up-to-date: /home/amandarln/ros_ws/install/flatfish_ros_efuse_serial/share/flatfish_ros_efuse_serial/srv/SetChannelsOn.srv
[0.870s] -- Up-to-date: /home/amandarln/ros_ws/install/flatfish_ros_efuse_serial/share/flatfish_ros_efuse_serial/srv/SetChannelsOn_Request.msg
[0.870s] -- Up-to-date: /home/amandarln/ros_ws/install/flatfish_ros_efuse_serial/share/flatfish_ros_efuse_serial/srv/SetChannelsOn_Response.msg
[0.870s] -- Up-to-date: /home/amandarln/ros_ws/install/flatfish_ros_efuse_serial/share/flatfish_ros_efuse_serial/srv/SetMaxCurrent.srv
[0.870s] -- Up-to-date: /home/amandarln/ros_ws/install/flatfish_ros_efuse_serial/share/flatfish_ros_efuse_serial/srv/SetMaxCurrent_Request.msg
[0.870s] -- Up-to-date: /home/amandarln/ros_ws/install/flatfish_ros_efuse_serial/share/flatfish_ros_efuse_serial/srv/SetMaxCurrent_Response.msg
[0.871s] -- Up-to-date: /home/amandarln/ros_ws/install/flatfish_ros_efuse_serial/share/flatfish_ros_efuse_serial/config
[0.871s] -- Up-to-date: /home/amandarln/ros_ws/install/flatfish_ros_efuse_serial/share/flatfish_ros_efuse_serial/config/config.yaml
[0.871s] -- Up-to-date: /home/amandarln/ros_ws/install/flatfish_ros_efuse_serial/share/flatfish_ros_efuse_serial/config/config_nav.yaml
[0.871s] -- Up-to-date: /home/amandarln/ros_ws/install/flatfish_ros_efuse_serial/share/flatfish_ros_efuse_serial/config/config_payload.yaml
[0.871s] -- Up-to-date: /home/amandarln/ros_ws/install/flatfish_ros_efuse_serial/share/flatfish_ros_efuse_serial/launch
[0.871s] -- Installing: /home/amandarln/ros_ws/install/flatfish_ros_efuse_serial/share/flatfish_ros_efuse_serial/launch/EFuseNode.launch.py
[0.871s] -- Up-to-date: /home/amandarln/ros_ws/install/flatfish_ros_efuse_serial/include
[0.871s] -- Up-to-date: /home/amandarln/ros_ws/install/flatfish_ros_efuse_serial/include/flatfish_ros_efuse_serial
[0.871s] -- Up-to-date: /home/amandarln/ros_ws/install/flatfish_ros_efuse_serial/include/flatfish_ros_efuse_serial/EFuseDriver.hpp
[0.871s] -- Up-to-date: /home/amandarln/ros_ws/install/flatfish_ros_efuse_serial/include/flatfish_ros_efuse_serial/DataTypes.hpp
[0.871s] -- Up-to-date: /home/amandarln/ros_ws/install/flatfish_ros_efuse_serial/include/flatfish_ros_efuse_serial/EFuseNode.hpp
[0.871s] -- Up-to-date: /home/amandarln/ros_ws/install/flatfish_ros_efuse_serial/lib/libEFuseNode.so
[0.872s] -- Up-to-date: /home/amandarln/ros_ws/install/flatfish_ros_efuse_serial/lib/libEFuseDriver.so
[0.872s] -- Up-to-date: /home/amandarln/ros_ws/install/flatfish_ros_efuse_serial/lib/flatfish_ros_efuse_serial/ExampleNode
[0.872s] -- Up-to-date: /home/amandarln/ros_ws/install/flatfish_ros_efuse_serial/share/ament_index/resource_index/package_run_dependencies/flatfish_ros_efuse_serial
[0.872s] -- Up-to-date: /home/amandarln/ros_ws/install/flatfish_ros_efuse_serial/share/ament_index/resource_index/parent_prefix_path/flatfish_ros_efuse_serial
[0.872s] -- Up-to-date: /home/amandarln/ros_ws/install/flatfish_ros_efuse_serial/share/flatfish_ros_efuse_serial/environment/ament_prefix_path.sh
[0.872s] -- Up-to-date: /home/amandarln/ros_ws/install/flatfish_ros_efuse_serial/share/flatfish_ros_efuse_serial/environment/ament_prefix_path.dsv
[0.872s] -- Up-to-date: /home/amandarln/ros_ws/install/flatfish_ros_efuse_serial/share/flatfish_ros_efuse_serial/environment/path.sh
[0.872s] -- Up-to-date: /home/amandarln/ros_ws/install/flatfish_ros_efuse_serial/share/flatfish_ros_efuse_serial/environment/path.dsv
[0.872s] -- Up-to-date: /home/amandarln/ros_ws/install/flatfish_ros_efuse_serial/share/flatfish_ros_efuse_serial/local_setup.bash
[0.872s] -- Up-to-date: /home/amandarln/ros_ws/install/flatfish_ros_efuse_serial/share/flatfish_ros_efuse_serial/local_setup.sh
[0.872s] -- Up-to-date: /home/amandarln/ros_ws/install/flatfish_ros_efuse_serial/share/flatfish_ros_efuse_serial/local_setup.zsh
[0.873s] -- Up-to-date: /home/amandarln/ros_ws/install/flatfish_ros_efuse_serial/share/flatfish_ros_efuse_serial/local_setup.dsv
[0.873s] -- Installing: /home/amandarln/ros_ws/install/flatfish_ros_efuse_serial/share/flatfish_ros_efuse_serial/package.dsv
[0.873s] -- Up-to-date: /home/amandarln/ros_ws/install/flatfish_ros_efuse_serial/share/ament_index/resource_index/packages/flatfish_ros_efuse_serial
[0.873s] -- Up-to-date: /home/amandarln/ros_ws/install/flatfish_ros_efuse_serial/share/flatfish_ros_efuse_serial/cmake/export_flatfish_ros_efuse_serial__rosidl_generator_cExport.cmake
[0.873s] -- Up-to-date: /home/amandarln/ros_ws/install/flatfish_ros_efuse_serial/share/flatfish_ros_efuse_serial/cmake/export_flatfish_ros_efuse_serial__rosidl_generator_cExport-noconfig.cmake
[0.873s] -- Up-to-date: /home/amandarln/ros_ws/install/flatfish_ros_efuse_serial/share/flatfish_ros_efuse_serial/cmake/export_flatfish_ros_efuse_serial__rosidl_typesupport_fastrtps_cExport.cmake
[0.873s] -- Up-to-date: /home/amandarln/ros_ws/install/flatfish_ros_efuse_serial/share/flatfish_ros_efuse_serial/cmake/export_flatfish_ros_efuse_serial__rosidl_typesupport_fastrtps_cExport-noconfig.cmake
[0.873s] -- Up-to-date: /home/amandarln/ros_ws/install/flatfish_ros_efuse_serial/share/flatfish_ros_efuse_serial/cmake/export_flatfish_ros_efuse_serial__rosidl_generator_cppExport.cmake
[0.873s] -- Up-to-date: /home/amandarln/ros_ws/install/flatfish_ros_efuse_serial/share/flatfish_ros_efuse_serial/cmake/export_flatfish_ros_efuse_serial__rosidl_typesupport_fastrtps_cppExport.cmake
[0.873s] -- Up-to-date: /home/amandarln/ros_ws/install/flatfish_ros_efuse_serial/share/flatfish_ros_efuse_serial/cmake/export_flatfish_ros_efuse_serial__rosidl_typesupport_fastrtps_cppExport-noconfig.cmake
[0.873s] -- Up-to-date: /home/amandarln/ros_ws/install/flatfish_ros_efuse_serial/share/flatfish_ros_efuse_serial/cmake/flatfish_ros_efuse_serial__rosidl_typesupport_introspection_cExport.cmake
[0.873s] -- Up-to-date: /home/amandarln/ros_ws/install/flatfish_ros_efuse_serial/share/flatfish_ros_efuse_serial/cmake/flatfish_ros_efuse_serial__rosidl_typesupport_introspection_cExport-noconfig.cmake
[0.874s] -- Up-to-date: /home/amandarln/ros_ws/install/flatfish_ros_efuse_serial/share/flatfish_ros_efuse_serial/cmake/flatfish_ros_efuse_serial__rosidl_typesupport_cExport.cmake
[0.874s] -- Up-to-date: /home/amandarln/ros_ws/install/flatfish_ros_efuse_serial/share/flatfish_ros_efuse_serial/cmake/flatfish_ros_efuse_serial__rosidl_typesupport_cExport-noconfig.cmake
[0.874s] -- Up-to-date: /home/amandarln/ros_ws/install/flatfish_ros_efuse_serial/share/flatfish_ros_efuse_serial/cmake/flatfish_ros_efuse_serial__rosidl_typesupport_introspection_cppExport.cmake
[0.874s] -- Up-to-date: /home/amandarln/ros_ws/install/flatfish_ros_efuse_serial/share/flatfish_ros_efuse_serial/cmake/flatfish_ros_efuse_serial__rosidl_typesupport_introspection_cppExport-noconfig.cmake
[0.874s] -- Up-to-date: /home/amandarln/ros_ws/install/flatfish_ros_efuse_serial/share/flatfish_ros_efuse_serial/cmake/flatfish_ros_efuse_serial__rosidl_typesupport_cppExport.cmake
[0.874s] -- Up-to-date: /home/amandarln/ros_ws/install/flatfish_ros_efuse_serial/share/flatfish_ros_efuse_serial/cmake/flatfish_ros_efuse_serial__rosidl_typesupport_cppExport-noconfig.cmake
[0.874s] -- Up-to-date: /home/amandarln/ros_ws/install/flatfish_ros_efuse_serial/share/flatfish_ros_efuse_serial/cmake/export_flatfish_ros_efuse_serial__rosidl_generator_pyExport.cmake
[0.874s] -- Up-to-date: /home/amandarln/ros_ws/install/flatfish_ros_efuse_serial/share/flatfish_ros_efuse_serial/cmake/export_flatfish_ros_efuse_serial__rosidl_generator_pyExport-noconfig.cmake
[0.874s] -- Up-to-date: /home/amandarln/ros_ws/install/flatfish_ros_efuse_serial/share/flatfish_ros_efuse_serial/cmake/export_flatfish_ros_efuse_serialExport.cmake
[0.874s] -- Up-to-date: /home/amandarln/ros_ws/install/flatfish_ros_efuse_serial/share/flatfish_ros_efuse_serial/cmake/export_flatfish_ros_efuse_serialExport-noconfig.cmake
[0.874s] -- Up-to-date: /home/amandarln/ros_ws/install/flatfish_ros_efuse_serial/share/flatfish_ros_efuse_serial/cmake/rosidl_cmake-extras.cmake
[0.874s] -- Up-to-date: /home/amandarln/ros_ws/install/flatfish_ros_efuse_serial/share/flatfish_ros_efuse_serial/cmake/ament_cmake_export_dependencies-extras.cmake
[0.874s] -- Up-to-date: /home/amandarln/ros_ws/install/flatfish_ros_efuse_serial/share/flatfish_ros_efuse_serial/cmake/ament_cmake_export_include_directories-extras.cmake
[0.874s] -- Up-to-date: /home/amandarln/ros_ws/install/flatfish_ros_efuse_serial/share/flatfish_ros_efuse_serial/cmake/ament_cmake_export_libraries-extras.cmake
[0.874s] -- Up-to-date: /home/amandarln/ros_ws/install/flatfish_ros_efuse_serial/share/flatfish_ros_efuse_serial/cmake/ament_cmake_export_targets-extras.cmake
[0.874s] -- Up-to-date: /home/amandarln/ros_ws/install/flatfish_ros_efuse_serial/share/flatfish_ros_efuse_serial/cmake/rosidl_cmake_export_typesupport_targets-extras.cmake
[0.875s] -- Up-to-date: /home/amandarln/ros_ws/install/flatfish_ros_efuse_serial/share/flatfish_ros_efuse_serial/cmake/rosidl_cmake_export_typesupport_libraries-extras.cmake
[0.875s] -- Up-to-date: /home/amandarln/ros_ws/install/flatfish_ros_efuse_serial/share/flatfish_ros_efuse_serial/cmake/flatfish_ros_efuse_serialConfig.cmake
[0.875s] -- Up-to-date: /home/amandarln/ros_ws/install/flatfish_ros_efuse_serial/share/flatfish_ros_efuse_serial/cmake/flatfish_ros_efuse_serialConfig-version.cmake
[0.875s] -- Up-to-date: /home/amandarln/ros_ws/install/flatfish_ros_efuse_serial/share/flatfish_ros_efuse_serial/package.xml
[0.877s] Invoked command in '/home/amandarln/ros_ws/build/flatfish_ros_efuse_serial' returned '0': AMENT_PREFIX_PATH=/home/amandarln/ros_ws/install/ros_driver_base:${AMENT_PREFIX_PATH} CMAKE_PREFIX_PATH=/home/amandarln/ros_ws/install/ros_driver_base:/opt/ros/humble LD_LIBRARY_PATH=/home/amandarln/ros_ws/install/ros_driver_base/lib:${LD_LIBRARY_PATH} /usr/bin/cmake --install /home/amandarln/ros_ws/build/flatfish_ros_efuse_serial
