[35m[1mConsolidate compiler generated dependencies of target EFuseDriver[0m
[  0%] Built target flatfish_ros_efuse_serial__cpp
[ 11%] Built target flatfish_ros_efuse_serial__rosidl_generator_c
[ 12%] Built target EFuseDriver
[ 12%] Built target ament_cmake_python_copy_flatfish_ros_efuse_serial
[ 23%] Built target flatfish_ros_efuse_serial__rosidl_typesupport_cpp
[ 34%] Built target flatfish_ros_efuse_serial__rosidl_typesupport_c
[ 48%] Built target flatfish_ros_efuse_serial__rosidl_typesupport_introspection_cpp
[ 58%] Built target flatfish_ros_efuse_serial__rosidl_typesupport_fastrtps_cpp
[ 69%] Built target flatfish_ros_efuse_serial__rosidl_typesupport_introspection_c
[ 80%] Built target flatfish_ros_efuse_serial__rosidl_typesupport_fastrtps_c
[35m[1mConsolidate compiler generated dependencies of target EFuseNode[0m
[ 80%] Built target flatfish_ros_efuse_serial
[ 82%] Built target EFuseNode
[ 83%] Built target flatfish_ros_efuse_serial__py
[ 84%] [32mBuilding CXX object CMakeFiles/ExampleNode.dir/src/ExampleNode.cpp.o[0m
[ 95%] Built target flatfish_ros_efuse_serial__rosidl_generator_py
[ 96%] Built target flatfish_ros_efuse_serial__rosidl_typesupport_introspection_c__pyext
[ 97%] Built target flatfish_ros_efuse_serial__rosidl_typesupport_fastrtps_c__pyext
[ 99%] Built target flatfish_ros_efuse_serial__rosidl_typesupport_c__pyext
running egg_info
writing flatfish_ros_efuse_serial.egg-info/PKG-INFO
writing dependency_links to flatfish_ros_efuse_serial.egg-info/dependency_links.txt
writing top-level names to flatfish_ros_efuse_serial.egg-info/top_level.txt
reading manifest file 'flatfish_ros_efuse_serial.egg-info/SOURCES.txt'
writing manifest file 'flatfish_ros_efuse_serial.egg-info/SOURCES.txt'
[ 99%] Built target ament_cmake_python_build_flatfish_ros_efuse_serial_egg
[100%] [32m[1mLinking CXX executable ExampleNode[0m
[100%] Built target ExampleNode
-- Install configuration: ""
-- Installing: /home/amandarln/ros_ws/install/flatfish_ros_efuse_serial/share/ament_index/resource_index/rosidl_interfaces/flatfish_ros_efuse_serial
-- Installing: /home/amandarln/ros_ws/install/flatfish_ros_efuse_serial/include/flatfish_ros_efuse_serial/flatfish_ros_efuse_serial
-- Installing: /home/amandarln/ros_ws/install/flatfish_ros_efuse_serial/include/flatfish_ros_efuse_serial/flatfish_ros_efuse_serial/srv
-- Installing: /home/amandarln/ros_ws/install/flatfish_ros_efuse_serial/include/flatfish_ros_efuse_serial/flatfish_ros_efuse_serial/srv/detail
-- Installing: /home/amandarln/ros_ws/install/flatfish_ros_efuse_serial/include/flatfish_ros_efuse_serial/flatfish_ros_efuse_serial/srv/detail/set_channel_on__functions.c
-- Installing: /home/amandarln/ros_ws/install/flatfish_ros_efuse_serial/include/flatfish_ros_efuse_serial/flatfish_ros_efuse_serial/srv/detail/default_power_up__type_support.h
-- Installing: /home/amandarln/ros_ws/install/flatfish_ros_efuse_serial/include/flatfish_ros_efuse_serial/flatfish_ros_efuse_serial/srv/detail/reset_board__functions.h
-- Installing: /home/amandarln/ros_ws/install/flatfish_ros_efuse_serial/include/flatfish_ros_efuse_serial/flatfish_ros_efuse_serial/srv/detail/set_channels_on__functions.h
-- Installing: /home/amandarln/ros_ws/install/flatfish_ros_efuse_serial/include/flatfish_ros_efuse_serial/flatfish_ros_efuse_serial/srv/detail/set_channels_on__struct.h
-- Installing: /home/amandarln/ros_ws/install/flatfish_ros_efuse_serial/include/flatfish_ros_efuse_serial/flatfish_ros_efuse_serial/srv/detail/set_max_current__functions.h
-- Installing: /home/amandarln/ros_ws/install/flatfish_ros_efuse_serial/include/flatfish_ros_efuse_serial/flatfish_ros_efuse_serial/srv/detail/default_power_up__functions.h
-- Installing: /home/amandarln/ros_ws/install/flatfish_ros_efuse_serial/include/flatfish_ros_efuse_serial/flatfish_ros_efuse_serial/srv/detail/set_channel_on__type_support.h
-- Installing: /home/amandarln/ros_ws/install/flatfish_ros_efuse_serial/include/flatfish_ros_efuse_serial/flatfish_ros_efuse_serial/srv/detail/set_max_current__functions.c
-- Installing: /home/amandarln/ros_ws/install/flatfish_ros_efuse_serial/include/flatfish_ros_efuse_serial/flatfish_ros_efuse_serial/srv/detail/set_max_current__type_support.h
-- Installing: /home/amandarln/ros_ws/install/flatfish_ros_efuse_serial/include/flatfish_ros_efuse_serial/flatfish_ros_efuse_serial/srv/detail/reset_board__functions.c
-- Installing: /home/amandarln/ros_ws/install/flatfish_ros_efuse_serial/include/flatfish_ros_efuse_serial/flatfish_ros_efuse_serial/srv/detail/set_channel_on__functions.h
-- Installing: /home/amandarln/ros_ws/install/flatfish_ros_efuse_serial/include/flatfish_ros_efuse_serial/flatfish_ros_efuse_serial/srv/detail/reset_board__type_support.h
-- Installing: /home/amandarln/ros_ws/install/flatfish_ros_efuse_serial/include/flatfish_ros_efuse_serial/flatfish_ros_efuse_serial/srv/detail/default_power_up__functions.c
-- Installing: /home/amandarln/ros_ws/install/flatfish_ros_efuse_serial/include/flatfish_ros_efuse_serial/flatfish_ros_efuse_serial/srv/detail/set_channel_on__struct.h
-- Installing: /home/amandarln/ros_ws/install/flatfish_ros_efuse_serial/include/flatfish_ros_efuse_serial/flatfish_ros_efuse_serial/srv/detail/set_max_current__struct.h
-- Installing: /home/amandarln/ros_ws/install/flatfish_ros_efuse_serial/include/flatfish_ros_efuse_serial/flatfish_ros_efuse_serial/srv/detail/default_power_up__struct.h
-- Installing: /home/amandarln/ros_ws/install/flatfish_ros_efuse_serial/include/flatfish_ros_efuse_serial/flatfish_ros_efuse_serial/srv/detail/reset_board__struct.h
-- Installing: /home/amandarln/ros_ws/install/flatfish_ros_efuse_serial/include/flatfish_ros_efuse_serial/flatfish_ros_efuse_serial/srv/detail/set_channels_on__type_support.h
-- Installing: /home/amandarln/ros_ws/install/flatfish_ros_efuse_serial/include/flatfish_ros_efuse_serial/flatfish_ros_efuse_serial/srv/detail/set_channels_on__functions.c
-- Installing: /home/amandarln/ros_ws/install/flatfish_ros_efuse_serial/include/flatfish_ros_efuse_serial/flatfish_ros_efuse_serial/srv/set_channels_on.h
-- Installing: /home/amandarln/ros_ws/install/flatfish_ros_efuse_serial/include/flatfish_ros_efuse_serial/flatfish_ros_efuse_serial/srv/default_power_up.h
-- Installing: /home/amandarln/ros_ws/install/flatfish_ros_efuse_serial/include/flatfish_ros_efuse_serial/flatfish_ros_efuse_serial/srv/set_channel_on.h
-- Installing: /home/amandarln/ros_ws/install/flatfish_ros_efuse_serial/include/flatfish_ros_efuse_serial/flatfish_ros_efuse_serial/srv/reset_board.h
-- Installing: /home/amandarln/ros_ws/install/flatfish_ros_efuse_serial/include/flatfish_ros_efuse_serial/flatfish_ros_efuse_serial/srv/set_max_current.h
-- Installing: /home/amandarln/ros_ws/install/flatfish_ros_efuse_serial/include/flatfish_ros_efuse_serial/flatfish_ros_efuse_serial/msg
-- Installing: /home/amandarln/ros_ws/install/flatfish_ros_efuse_serial/include/flatfish_ros_efuse_serial/flatfish_ros_efuse_serial/msg/status_board.h
-- Installing: /home/amandarln/ros_ws/install/flatfish_ros_efuse_serial/include/flatfish_ros_efuse_serial/flatfish_ros_efuse_serial/msg/status_board_array.h
-- Installing: /home/amandarln/ros_ws/install/flatfish_ros_efuse_serial/include/flatfish_ros_efuse_serial/flatfish_ros_efuse_serial/msg/status_channel.h
-- Installing: /home/amandarln/ros_ws/install/flatfish_ros_efuse_serial/include/flatfish_ros_efuse_serial/flatfish_ros_efuse_serial/msg/rosidl_generator_c__visibility_control.h
-- Installing: /home/amandarln/ros_ws/install/flatfish_ros_efuse_serial/include/flatfish_ros_efuse_serial/flatfish_ros_efuse_serial/msg/board.h
-- Installing: /home/amandarln/ros_ws/install/flatfish_ros_efuse_serial/include/flatfish_ros_efuse_serial/flatfish_ros_efuse_serial/msg/detail
-- Installing: /home/amandarln/ros_ws/install/flatfish_ros_efuse_serial/include/flatfish_ros_efuse_serial/flatfish_ros_efuse_serial/msg/detail/board_array__functions.c
-- Installing: /home/amandarln/ros_ws/install/flatfish_ros_efuse_serial/include/flatfish_ros_efuse_serial/flatfish_ros_efuse_serial/msg/detail/board__type_support.h
-- Installing: /home/amandarln/ros_ws/install/flatfish_ros_efuse_serial/include/flatfish_ros_efuse_serial/flatfish_ros_efuse_serial/msg/detail/status_board_array__type_support.h
-- Installing: /home/amandarln/ros_ws/install/flatfish_ros_efuse_serial/include/flatfish_ros_efuse_serial/flatfish_ros_efuse_serial/msg/detail/board__struct.h
-- Installing: /home/amandarln/ros_ws/install/flatfish_ros_efuse_serial/include/flatfish_ros_efuse_serial/flatfish_ros_efuse_serial/msg/detail/status_board__struct.h
-- Installing: /home/amandarln/ros_ws/install/flatfish_ros_efuse_serial/include/flatfish_ros_efuse_serial/flatfish_ros_efuse_serial/msg/detail/status_board_array__functions.c
-- Installing: /home/amandarln/ros_ws/install/flatfish_ros_efuse_serial/include/flatfish_ros_efuse_serial/flatfish_ros_efuse_serial/msg/detail/status_channel__functions.h
-- Installing: /home/amandarln/ros_ws/install/flatfish_ros_efuse_serial/include/flatfish_ros_efuse_serial/flatfish_ros_efuse_serial/msg/detail/board_array__type_support.h
-- Installing: /home/amandarln/ros_ws/install/flatfish_ros_efuse_serial/include/flatfish_ros_efuse_serial/flatfish_ros_efuse_serial/msg/detail/status_board_array__functions.h
-- Installing: /home/amandarln/ros_ws/install/flatfish_ros_efuse_serial/include/flatfish_ros_efuse_serial/flatfish_ros_efuse_serial/msg/detail/status_board__functions.c
-- Installing: /home/amandarln/ros_ws/install/flatfish_ros_efuse_serial/include/flatfish_ros_efuse_serial/flatfish_ros_efuse_serial/msg/detail/status_board__type_support.h
-- Installing: /home/amandarln/ros_ws/install/flatfish_ros_efuse_serial/include/flatfish_ros_efuse_serial/flatfish_ros_efuse_serial/msg/detail/status_board__functions.h
-- Installing: /home/amandarln/ros_ws/install/flatfish_ros_efuse_serial/include/flatfish_ros_efuse_serial/flatfish_ros_efuse_serial/msg/detail/status_channel__functions.c
-- Installing: /home/amandarln/ros_ws/install/flatfish_ros_efuse_serial/include/flatfish_ros_efuse_serial/flatfish_ros_efuse_serial/msg/detail/status_board_array__struct.h
-- Installing: /home/amandarln/ros_ws/install/flatfish_ros_efuse_serial/include/flatfish_ros_efuse_serial/flatfish_ros_efuse_serial/msg/detail/status_channel__struct.h
-- Installing: /home/amandarln/ros_ws/install/flatfish_ros_efuse_serial/include/flatfish_ros_efuse_serial/flatfish_ros_efuse_serial/msg/detail/cmd_channel__functions.c
-- Installing: /home/amandarln/ros_ws/install/flatfish_ros_efuse_serial/include/flatfish_ros_efuse_serial/flatfish_ros_efuse_serial/msg/detail/board_array__functions.h
-- Installing: /home/amandarln/ros_ws/install/flatfish_ros_efuse_serial/include/flatfish_ros_efuse_serial/flatfish_ros_efuse_serial/msg/detail/board_array__struct.h
-- Installing: /home/amandarln/ros_ws/install/flatfish_ros_efuse_serial/include/flatfish_ros_efuse_serial/flatfish_ros_efuse_serial/msg/detail/board__functions.c
-- Installing: /home/amandarln/ros_ws/install/flatfish_ros_efuse_serial/include/flatfish_ros_efuse_serial/flatfish_ros_efuse_serial/msg/detail/status_channel__type_support.h
-- Installing: /home/amandarln/ros_ws/install/flatfish_ros_efuse_serial/include/flatfish_ros_efuse_serial/flatfish_ros_efuse_serial/msg/detail/cmd_channel__struct.h
-- Installing: /home/amandarln/ros_ws/install/flatfish_ros_efuse_serial/include/flatfish_ros_efuse_serial/flatfish_ros_efuse_serial/msg/detail/board__functions.h
-- Installing: /home/amandarln/ros_ws/install/flatfish_ros_efuse_serial/include/flatfish_ros_efuse_serial/flatfish_ros_efuse_serial/msg/detail/cmd_channel__functions.h
-- Installing: /home/amandarln/ros_ws/install/flatfish_ros_efuse_serial/include/flatfish_ros_efuse_serial/flatfish_ros_efuse_serial/msg/detail/cmd_channel__type_support.h
-- Installing: /home/amandarln/ros_ws/install/flatfish_ros_efuse_serial/include/flatfish_ros_efuse_serial/flatfish_ros_efuse_serial/msg/cmd_channel.h
-- Installing: /home/amandarln/ros_ws/install/flatfish_ros_efuse_serial/include/flatfish_ros_efuse_serial/flatfish_ros_efuse_serial/msg/board_array.h
-- Installing: /home/amandarln/ros_ws/install/flatfish_ros_efuse_serial/share/flatfish_ros_efuse_serial/environment/library_path.sh
-- Installing: /home/amandarln/ros_ws/install/flatfish_ros_efuse_serial/share/flatfish_ros_efuse_serial/environment/library_path.dsv
-- Installing: /home/amandarln/ros_ws/install/flatfish_ros_efuse_serial/lib/libflatfish_ros_efuse_serial__rosidl_generator_c.so
-- Set runtime path of "/home/amandarln/ros_ws/install/flatfish_ros_efuse_serial/lib/libflatfish_ros_efuse_serial__rosidl_generator_c.so" to ""
-- Up-to-date: /home/amandarln/ros_ws/install/flatfish_ros_efuse_serial/include/flatfish_ros_efuse_serial/flatfish_ros_efuse_serial
-- Up-to-date: /home/amandarln/ros_ws/install/flatfish_ros_efuse_serial/include/flatfish_ros_efuse_serial/flatfish_ros_efuse_serial/srv
-- Up-to-date: /home/amandarln/ros_ws/install/flatfish_ros_efuse_serial/include/flatfish_ros_efuse_serial/flatfish_ros_efuse_serial/srv/detail
-- Installing: /home/amandarln/ros_ws/install/flatfish_ros_efuse_serial/include/flatfish_ros_efuse_serial/flatfish_ros_efuse_serial/srv/detail/set_max_current__rosidl_typesupport_fastrtps_c.h
-- Installing: /home/amandarln/ros_ws/install/flatfish_ros_efuse_serial/include/flatfish_ros_efuse_serial/flatfish_ros_efuse_serial/srv/detail/default_power_up__rosidl_typesupport_fastrtps_c.h
-- Installing: /home/amandarln/ros_ws/install/flatfish_ros_efuse_serial/include/flatfish_ros_efuse_serial/flatfish_ros_efuse_serial/srv/detail/set_channel_on__rosidl_typesupport_fastrtps_c.h
-- Installing: /home/amandarln/ros_ws/install/flatfish_ros_efuse_serial/include/flatfish_ros_efuse_serial/flatfish_ros_efuse_serial/srv/detail/reset_board__rosidl_typesupport_fastrtps_c.h
-- Installing: /home/amandarln/ros_ws/install/flatfish_ros_efuse_serial/include/flatfish_ros_efuse_serial/flatfish_ros_efuse_serial/srv/detail/set_channels_on__rosidl_typesupport_fastrtps_c.h
-- Up-to-date: /home/amandarln/ros_ws/install/flatfish_ros_efuse_serial/include/flatfish_ros_efuse_serial/flatfish_ros_efuse_serial/msg
-- Installing: /home/amandarln/ros_ws/install/flatfish_ros_efuse_serial/include/flatfish_ros_efuse_serial/flatfish_ros_efuse_serial/msg/rosidl_typesupport_fastrtps_c__visibility_control.h
-- Up-to-date: /home/amandarln/ros_ws/install/flatfish_ros_efuse_serial/include/flatfish_ros_efuse_serial/flatfish_ros_efuse_serial/msg/detail
-- Installing: /home/amandarln/ros_ws/install/flatfish_ros_efuse_serial/include/flatfish_ros_efuse_serial/flatfish_ros_efuse_serial/msg/detail/board_array__rosidl_typesupport_fastrtps_c.h
-- Installing: /home/amandarln/ros_ws/install/flatfish_ros_efuse_serial/include/flatfish_ros_efuse_serial/flatfish_ros_efuse_serial/msg/detail/cmd_channel__rosidl_typesupport_fastrtps_c.h
-- Installing: /home/amandarln/ros_ws/install/flatfish_ros_efuse_serial/include/flatfish_ros_efuse_serial/flatfish_ros_efuse_serial/msg/detail/board__rosidl_typesupport_fastrtps_c.h
-- Installing: /home/amandarln/ros_ws/install/flatfish_ros_efuse_serial/include/flatfish_ros_efuse_serial/flatfish_ros_efuse_serial/msg/detail/status_board_array__rosidl_typesupport_fastrtps_c.h
-- Installing: /home/amandarln/ros_ws/install/flatfish_ros_efuse_serial/include/flatfish_ros_efuse_serial/flatfish_ros_efuse_serial/msg/detail/status_channel__rosidl_typesupport_fastrtps_c.h
-- Installing: /home/amandarln/ros_ws/install/flatfish_ros_efuse_serial/include/flatfish_ros_efuse_serial/flatfish_ros_efuse_serial/msg/detail/status_board__rosidl_typesupport_fastrtps_c.h
-- Installing: /home/amandarln/ros_ws/install/flatfish_ros_efuse_serial/lib/libflatfish_ros_efuse_serial__rosidl_typesupport_fastrtps_c.so
-- Set runtime path of "/home/amandarln/ros_ws/install/flatfish_ros_efuse_serial/lib/libflatfish_ros_efuse_serial__rosidl_typesupport_fastrtps_c.so" to ""
-- Up-to-date: /home/amandarln/ros_ws/install/flatfish_ros_efuse_serial/include/flatfish_ros_efuse_serial/flatfish_ros_efuse_serial
-- Up-to-date: /home/amandarln/ros_ws/install/flatfish_ros_efuse_serial/include/flatfish_ros_efuse_serial/flatfish_ros_efuse_serial/srv
-- Installing: /home/amandarln/ros_ws/install/flatfish_ros_efuse_serial/include/flatfish_ros_efuse_serial/flatfish_ros_efuse_serial/srv/set_channel_on.hpp
-- Installing: /home/amandarln/ros_ws/install/flatfish_ros_efuse_serial/include/flatfish_ros_efuse_serial/flatfish_ros_efuse_serial/srv/set_channels_on.hpp
-- Installing: /home/amandarln/ros_ws/install/flatfish_ros_efuse_serial/include/flatfish_ros_efuse_serial/flatfish_ros_efuse_serial/srv/set_max_current.hpp
-- Installing: /home/amandarln/ros_ws/install/flatfish_ros_efuse_serial/include/flatfish_ros_efuse_serial/flatfish_ros_efuse_serial/srv/default_power_up.hpp
-- Up-to-date: /home/amandarln/ros_ws/install/flatfish_ros_efuse_serial/include/flatfish_ros_efuse_serial/flatfish_ros_efuse_serial/srv/detail
-- Installing: /home/amandarln/ros_ws/install/flatfish_ros_efuse_serial/include/flatfish_ros_efuse_serial/flatfish_ros_efuse_serial/srv/detail/set_channel_on__traits.hpp
-- Installing: /home/amandarln/ros_ws/install/flatfish_ros_efuse_serial/include/flatfish_ros_efuse_serial/flatfish_ros_efuse_serial/srv/detail/set_channels_on__struct.hpp
-- Installing: /home/amandarln/ros_ws/install/flatfish_ros_efuse_serial/include/flatfish_ros_efuse_serial/flatfish_ros_efuse_serial/srv/detail/reset_board__traits.hpp
-- Installing: /home/amandarln/ros_ws/install/flatfish_ros_efuse_serial/include/flatfish_ros_efuse_serial/flatfish_ros_efuse_serial/srv/detail/reset_board__struct.hpp
-- Installing: /home/amandarln/ros_ws/install/flatfish_ros_efuse_serial/include/flatfish_ros_efuse_serial/flatfish_ros_efuse_serial/srv/detail/set_channels_on__builder.hpp
-- Installing: /home/amandarln/ros_ws/install/flatfish_ros_efuse_serial/include/flatfish_ros_efuse_serial/flatfish_ros_efuse_serial/srv/detail/default_power_up__builder.hpp
-- Installing: /home/amandarln/ros_ws/install/flatfish_ros_efuse_serial/include/flatfish_ros_efuse_serial/flatfish_ros_efuse_serial/srv/detail/reset_board__builder.hpp
-- Installing: /home/amandarln/ros_ws/install/flatfish_ros_efuse_serial/include/flatfish_ros_efuse_serial/flatfish_ros_efuse_serial/srv/detail/set_max_current__struct.hpp
-- Installing: /home/amandarln/ros_ws/install/flatfish_ros_efuse_serial/include/flatfish_ros_efuse_serial/flatfish_ros_efuse_serial/srv/detail/default_power_up__traits.hpp
-- Installing: /home/amandarln/ros_ws/install/flatfish_ros_efuse_serial/include/flatfish_ros_efuse_serial/flatfish_ros_efuse_serial/srv/detail/set_channel_on__struct.hpp
-- Installing: /home/amandarln/ros_ws/install/flatfish_ros_efuse_serial/include/flatfish_ros_efuse_serial/flatfish_ros_efuse_serial/srv/detail/set_max_current__builder.hpp
-- Installing: /home/amandarln/ros_ws/install/flatfish_ros_efuse_serial/include/flatfish_ros_efuse_serial/flatfish_ros_efuse_serial/srv/detail/default_power_up__struct.hpp
-- Installing: /home/amandarln/ros_ws/install/flatfish_ros_efuse_serial/include/flatfish_ros_efuse_serial/flatfish_ros_efuse_serial/srv/detail/set_max_current__traits.hpp
-- Installing: /home/amandarln/ros_ws/install/flatfish_ros_efuse_serial/include/flatfish_ros_efuse_serial/flatfish_ros_efuse_serial/srv/detail/set_channel_on__builder.hpp
-- Installing: /home/amandarln/ros_ws/install/flatfish_ros_efuse_serial/include/flatfish_ros_efuse_serial/flatfish_ros_efuse_serial/srv/detail/set_channels_on__traits.hpp
-- Installing: /home/amandarln/ros_ws/install/flatfish_ros_efuse_serial/include/flatfish_ros_efuse_serial/flatfish_ros_efuse_serial/srv/reset_board.hpp
-- Up-to-date: /home/amandarln/ros_ws/install/flatfish_ros_efuse_serial/include/flatfish_ros_efuse_serial/flatfish_ros_efuse_serial/msg
-- Installing: /home/amandarln/ros_ws/install/flatfish_ros_efuse_serial/include/flatfish_ros_efuse_serial/flatfish_ros_efuse_serial/msg/board.hpp
-- Installing: /home/amandarln/ros_ws/install/flatfish_ros_efuse_serial/include/flatfish_ros_efuse_serial/flatfish_ros_efuse_serial/msg/board_array.hpp
-- Installing: /home/amandarln/ros_ws/install/flatfish_ros_efuse_serial/include/flatfish_ros_efuse_serial/flatfish_ros_efuse_serial/msg/status_board.hpp
-- Up-to-date: /home/amandarln/ros_ws/install/flatfish_ros_efuse_serial/include/flatfish_ros_efuse_serial/flatfish_ros_efuse_serial/msg/detail
-- Installing: /home/amandarln/ros_ws/install/flatfish_ros_efuse_serial/include/flatfish_ros_efuse_serial/flatfish_ros_efuse_serial/msg/detail/cmd_channel__struct.hpp
-- Installing: /home/amandarln/ros_ws/install/flatfish_ros_efuse_serial/include/flatfish_ros_efuse_serial/flatfish_ros_efuse_serial/msg/detail/board_array__struct.hpp
-- Installing: /home/amandarln/ros_ws/install/flatfish_ros_efuse_serial/include/flatfish_ros_efuse_serial/flatfish_ros_efuse_serial/msg/detail/cmd_channel__builder.hpp
-- Installing: /home/amandarln/ros_ws/install/flatfish_ros_efuse_serial/include/flatfish_ros_efuse_serial/flatfish_ros_efuse_serial/msg/detail/board__builder.hpp
-- Installing: /home/amandarln/ros_ws/install/flatfish_ros_efuse_serial/include/flatfish_ros_efuse_serial/flatfish_ros_efuse_serial/msg/detail/status_board__struct.hpp
-- Installing: /home/amandarln/ros_ws/install/flatfish_ros_efuse_serial/include/flatfish_ros_efuse_serial/flatfish_ros_efuse_serial/msg/detail/status_board_array__builder.hpp
-- Installing: /home/amandarln/ros_ws/install/flatfish_ros_efuse_serial/include/flatfish_ros_efuse_serial/flatfish_ros_efuse_serial/msg/detail/status_board__traits.hpp
-- Installing: /home/amandarln/ros_ws/install/flatfish_ros_efuse_serial/include/flatfish_ros_efuse_serial/flatfish_ros_efuse_serial/msg/detail/board_array__builder.hpp
-- Installing: /home/amandarln/ros_ws/install/flatfish_ros_efuse_serial/include/flatfish_ros_efuse_serial/flatfish_ros_efuse_serial/msg/detail/board__struct.hpp
-- Installing: /home/amandarln/ros_ws/install/flatfish_ros_efuse_serial/include/flatfish_ros_efuse_serial/flatfish_ros_efuse_serial/msg/detail/status_board__builder.hpp
-- Installing: /home/amandarln/ros_ws/install/flatfish_ros_efuse_serial/include/flatfish_ros_efuse_serial/flatfish_ros_efuse_serial/msg/detail/status_channel__traits.hpp
-- Installing: /home/amandarln/ros_ws/install/flatfish_ros_efuse_serial/include/flatfish_ros_efuse_serial/flatfish_ros_efuse_serial/msg/detail/board_array__traits.hpp
-- Installing: /home/amandarln/ros_ws/install/flatfish_ros_efuse_serial/include/flatfish_ros_efuse_serial/flatfish_ros_efuse_serial/msg/detail/cmd_channel__traits.hpp
-- Installing: /home/amandarln/ros_ws/install/flatfish_ros_efuse_serial/include/flatfish_ros_efuse_serial/flatfish_ros_efuse_serial/msg/detail/status_board_array__traits.hpp
-- Installing: /home/amandarln/ros_ws/install/flatfish_ros_efuse_serial/include/flatfish_ros_efuse_serial/flatfish_ros_efuse_serial/msg/detail/board__traits.hpp
-- Installing: /home/amandarln/ros_ws/install/flatfish_ros_efuse_serial/include/flatfish_ros_efuse_serial/flatfish_ros_efuse_serial/msg/detail/status_channel__struct.hpp
-- Installing: /home/amandarln/ros_ws/install/flatfish_ros_efuse_serial/include/flatfish_ros_efuse_serial/flatfish_ros_efuse_serial/msg/detail/status_board_array__struct.hpp
-- Installing: /home/amandarln/ros_ws/install/flatfish_ros_efuse_serial/include/flatfish_ros_efuse_serial/flatfish_ros_efuse_serial/msg/detail/status_channel__builder.hpp
-- Installing: /home/amandarln/ros_ws/install/flatfish_ros_efuse_serial/include/flatfish_ros_efuse_serial/flatfish_ros_efuse_serial/msg/status_channel.hpp
-- Installing: /home/amandarln/ros_ws/install/flatfish_ros_efuse_serial/include/flatfish_ros_efuse_serial/flatfish_ros_efuse_serial/msg/cmd_channel.hpp
-- Installing: /home/amandarln/ros_ws/install/flatfish_ros_efuse_serial/include/flatfish_ros_efuse_serial/flatfish_ros_efuse_serial/msg/status_board_array.hpp
-- Up-to-date: /home/amandarln/ros_ws/install/flatfish_ros_efuse_serial/include/flatfish_ros_efuse_serial/flatfish_ros_efuse_serial
-- Up-to-date: /home/amandarln/ros_ws/install/flatfish_ros_efuse_serial/include/flatfish_ros_efuse_serial/flatfish_ros_efuse_serial/srv
-- Up-to-date: /home/amandarln/ros_ws/install/flatfish_ros_efuse_serial/include/flatfish_ros_efuse_serial/flatfish_ros_efuse_serial/srv/detail
-- Installing: /home/amandarln/ros_ws/install/flatfish_ros_efuse_serial/include/flatfish_ros_efuse_serial/flatfish_ros_efuse_serial/srv/detail/dds_fastrtps
-- Installing: /home/amandarln/ros_ws/install/flatfish_ros_efuse_serial/include/flatfish_ros_efuse_serial/flatfish_ros_efuse_serial/srv/detail/set_channel_on__rosidl_typesupport_fastrtps_cpp.hpp
-- Installing: /home/amandarln/ros_ws/install/flatfish_ros_efuse_serial/include/flatfish_ros_efuse_serial/flatfish_ros_efuse_serial/srv/detail/set_channels_on__rosidl_typesupport_fastrtps_cpp.hpp
-- Installing: /home/amandarln/ros_ws/install/flatfish_ros_efuse_serial/include/flatfish_ros_efuse_serial/flatfish_ros_efuse_serial/srv/detail/set_max_current__rosidl_typesupport_fastrtps_cpp.hpp
-- Installing: /home/amandarln/ros_ws/install/flatfish_ros_efuse_serial/include/flatfish_ros_efuse_serial/flatfish_ros_efuse_serial/srv/detail/default_power_up__rosidl_typesupport_fastrtps_cpp.hpp
-- Installing: /home/amandarln/ros_ws/install/flatfish_ros_efuse_serial/include/flatfish_ros_efuse_serial/flatfish_ros_efuse_serial/srv/detail/reset_board__rosidl_typesupport_fastrtps_cpp.hpp
-- Up-to-date: /home/amandarln/ros_ws/install/flatfish_ros_efuse_serial/include/flatfish_ros_efuse_serial/flatfish_ros_efuse_serial/msg
-- Up-to-date: /home/amandarln/ros_ws/install/flatfish_ros_efuse_serial/include/flatfish_ros_efuse_serial/flatfish_ros_efuse_serial/msg/detail
-- Installing: /home/amandarln/ros_ws/install/flatfish_ros_efuse_serial/include/flatfish_ros_efuse_serial/flatfish_ros_efuse_serial/msg/detail/status_board__rosidl_typesupport_fastrtps_cpp.hpp
-- Installing: /home/amandarln/ros_ws/install/flatfish_ros_efuse_serial/include/flatfish_ros_efuse_serial/flatfish_ros_efuse_serial/msg/detail/board_array__rosidl_typesupport_fastrtps_cpp.hpp
-- Installing: /home/amandarln/ros_ws/install/flatfish_ros_efuse_serial/include/flatfish_ros_efuse_serial/flatfish_ros_efuse_serial/msg/detail/status_channel__rosidl_typesupport_fastrtps_cpp.hpp
-- Installing: /home/amandarln/ros_ws/install/flatfish_ros_efuse_serial/include/flatfish_ros_efuse_serial/flatfish_ros_efuse_serial/msg/detail/cmd_channel__rosidl_typesupport_fastrtps_cpp.hpp
-- Installing: /home/amandarln/ros_ws/install/flatfish_ros_efuse_serial/include/flatfish_ros_efuse_serial/flatfish_ros_efuse_serial/msg/detail/dds_fastrtps
-- Installing: /home/amandarln/ros_ws/install/flatfish_ros_efuse_serial/include/flatfish_ros_efuse_serial/flatfish_ros_efuse_serial/msg/detail/status_board_array__rosidl_typesupport_fastrtps_cpp.hpp
-- Installing: /home/amandarln/ros_ws/install/flatfish_ros_efuse_serial/include/flatfish_ros_efuse_serial/flatfish_ros_efuse_serial/msg/detail/board__rosidl_typesupport_fastrtps_cpp.hpp
-- Installing: /home/amandarln/ros_ws/install/flatfish_ros_efuse_serial/include/flatfish_ros_efuse_serial/flatfish_ros_efuse_serial/msg/rosidl_typesupport_fastrtps_cpp__visibility_control.h
-- Installing: /home/amandarln/ros_ws/install/flatfish_ros_efuse_serial/lib/libflatfish_ros_efuse_serial__rosidl_typesupport_fastrtps_cpp.so
-- Set runtime path of "/home/amandarln/ros_ws/install/flatfish_ros_efuse_serial/lib/libflatfish_ros_efuse_serial__rosidl_typesupport_fastrtps_cpp.so" to ""
-- Up-to-date: /home/amandarln/ros_ws/install/flatfish_ros_efuse_serial/include/flatfish_ros_efuse_serial/flatfish_ros_efuse_serial
-- Up-to-date: /home/amandarln/ros_ws/install/flatfish_ros_efuse_serial/include/flatfish_ros_efuse_serial/flatfish_ros_efuse_serial/srv
-- Up-to-date: /home/amandarln/ros_ws/install/flatfish_ros_efuse_serial/include/flatfish_ros_efuse_serial/flatfish_ros_efuse_serial/srv/detail
-- Installing: /home/amandarln/ros_ws/install/flatfish_ros_efuse_serial/include/flatfish_ros_efuse_serial/flatfish_ros_efuse_serial/srv/detail/set_channel_on__type_support.c
-- Installing: /home/amandarln/ros_ws/install/flatfish_ros_efuse_serial/include/flatfish_ros_efuse_serial/flatfish_ros_efuse_serial/srv/detail/set_channels_on__rosidl_typesupport_introspection_c.h
-- Installing: /home/amandarln/ros_ws/install/flatfish_ros_efuse_serial/include/flatfish_ros_efuse_serial/flatfish_ros_efuse_serial/srv/detail/reset_board__rosidl_typesupport_introspection_c.h
-- Installing: /home/amandarln/ros_ws/install/flatfish_ros_efuse_serial/include/flatfish_ros_efuse_serial/flatfish_ros_efuse_serial/srv/detail/set_channel_on__rosidl_typesupport_introspection_c.h
-- Installing: /home/amandarln/ros_ws/install/flatfish_ros_efuse_serial/include/flatfish_ros_efuse_serial/flatfish_ros_efuse_serial/srv/detail/set_max_current__type_support.c
-- Installing: /home/amandarln/ros_ws/install/flatfish_ros_efuse_serial/include/flatfish_ros_efuse_serial/flatfish_ros_efuse_serial/srv/detail/set_max_current__rosidl_typesupport_introspection_c.h
-- Installing: /home/amandarln/ros_ws/install/flatfish_ros_efuse_serial/include/flatfish_ros_efuse_serial/flatfish_ros_efuse_serial/srv/detail/reset_board__type_support.c
-- Installing: /home/amandarln/ros_ws/install/flatfish_ros_efuse_serial/include/flatfish_ros_efuse_serial/flatfish_ros_efuse_serial/srv/detail/set_channels_on__type_support.c
-- Installing: /home/amandarln/ros_ws/install/flatfish_ros_efuse_serial/include/flatfish_ros_efuse_serial/flatfish_ros_efuse_serial/srv/detail/default_power_up__rosidl_typesupport_introspection_c.h
-- Installing: /home/amandarln/ros_ws/install/flatfish_ros_efuse_serial/include/flatfish_ros_efuse_serial/flatfish_ros_efuse_serial/srv/detail/default_power_up__type_support.c
-- Up-to-date: /home/amandarln/ros_ws/install/flatfish_ros_efuse_serial/include/flatfish_ros_efuse_serial/flatfish_ros_efuse_serial/msg
-- Up-to-date: /home/amandarln/ros_ws/install/flatfish_ros_efuse_serial/include/flatfish_ros_efuse_serial/flatfish_ros_efuse_serial/msg/detail
-- Installing: /home/amandarln/ros_ws/install/flatfish_ros_efuse_serial/include/flatfish_ros_efuse_serial/flatfish_ros_efuse_serial/msg/detail/board_array__type_support.c
-- Installing: /home/amandarln/ros_ws/install/flatfish_ros_efuse_serial/include/flatfish_ros_efuse_serial/flatfish_ros_efuse_serial/msg/detail/status_channel__type_support.c
-- Installing: /home/amandarln/ros_ws/install/flatfish_ros_efuse_serial/include/flatfish_ros_efuse_serial/flatfish_ros_efuse_serial/msg/detail/board__type_support.c
-- Installing: /home/amandarln/ros_ws/install/flatfish_ros_efuse_serial/include/flatfish_ros_efuse_serial/flatfish_ros_efuse_serial/msg/detail/status_board__type_support.c
-- Installing: /home/amandarln/ros_ws/install/flatfish_ros_efuse_serial/include/flatfish_ros_efuse_serial/flatfish_ros_efuse_serial/msg/detail/cmd_channel__type_support.c
-- Installing: /home/amandarln/ros_ws/install/flatfish_ros_efuse_serial/include/flatfish_ros_efuse_serial/flatfish_ros_efuse_serial/msg/detail/status_board__rosidl_typesupport_introspection_c.h
-- Installing: /home/amandarln/ros_ws/install/flatfish_ros_efuse_serial/include/flatfish_ros_efuse_serial/flatfish_ros_efuse_serial/msg/detail/board__rosidl_typesupport_introspection_c.h
-- Installing: /home/amandarln/ros_ws/install/flatfish_ros_efuse_serial/include/flatfish_ros_efuse_serial/flatfish_ros_efuse_serial/msg/detail/cmd_channel__rosidl_typesupport_introspection_c.h
-- Installing: /home/amandarln/ros_ws/install/flatfish_ros_efuse_serial/include/flatfish_ros_efuse_serial/flatfish_ros_efuse_serial/msg/detail/status_board_array__rosidl_typesupport_introspection_c.h
-- Installing: /home/amandarln/ros_ws/install/flatfish_ros_efuse_serial/include/flatfish_ros_efuse_serial/flatfish_ros_efuse_serial/msg/detail/board_array__rosidl_typesupport_introspection_c.h
-- Installing: /home/amandarln/ros_ws/install/flatfish_ros_efuse_serial/include/flatfish_ros_efuse_serial/flatfish_ros_efuse_serial/msg/detail/status_channel__rosidl_typesupport_introspection_c.h
-- Installing: /home/amandarln/ros_ws/install/flatfish_ros_efuse_serial/include/flatfish_ros_efuse_serial/flatfish_ros_efuse_serial/msg/detail/status_board_array__type_support.c
-- Installing: /home/amandarln/ros_ws/install/flatfish_ros_efuse_serial/include/flatfish_ros_efuse_serial/flatfish_ros_efuse_serial/msg/rosidl_typesupport_introspection_c__visibility_control.h
-- Installing: /home/amandarln/ros_ws/install/flatfish_ros_efuse_serial/lib/libflatfish_ros_efuse_serial__rosidl_typesupport_introspection_c.so
-- Set runtime path of "/home/amandarln/ros_ws/install/flatfish_ros_efuse_serial/lib/libflatfish_ros_efuse_serial__rosidl_typesupport_introspection_c.so" to ""
-- Installing: /home/amandarln/ros_ws/install/flatfish_ros_efuse_serial/lib/libflatfish_ros_efuse_serial__rosidl_typesupport_c.so
-- Set runtime path of "/home/amandarln/ros_ws/install/flatfish_ros_efuse_serial/lib/libflatfish_ros_efuse_serial__rosidl_typesupport_c.so" to ""
-- Up-to-date: /home/amandarln/ros_ws/install/flatfish_ros_efuse_serial/include/flatfish_ros_efuse_serial/flatfish_ros_efuse_serial
-- Up-to-date: /home/amandarln/ros_ws/install/flatfish_ros_efuse_serial/include/flatfish_ros_efuse_serial/flatfish_ros_efuse_serial/srv
-- Up-to-date: /home/amandarln/ros_ws/install/flatfish_ros_efuse_serial/include/flatfish_ros_efuse_serial/flatfish_ros_efuse_serial/srv/detail
-- Installing: /home/amandarln/ros_ws/install/flatfish_ros_efuse_serial/include/flatfish_ros_efuse_serial/flatfish_ros_efuse_serial/srv/detail/set_channel_on__type_support.cpp
-- Installing: /home/amandarln/ros_ws/install/flatfish_ros_efuse_serial/include/flatfish_ros_efuse_serial/flatfish_ros_efuse_serial/srv/detail/set_max_current__type_support.cpp
-- Installing: /home/amandarln/ros_ws/install/flatfish_ros_efuse_serial/include/flatfish_ros_efuse_serial/flatfish_ros_efuse_serial/srv/detail/reset_board__rosidl_typesupport_introspection_cpp.hpp
-- Installing: /home/amandarln/ros_ws/install/flatfish_ros_efuse_serial/include/flatfish_ros_efuse_serial/flatfish_ros_efuse_serial/srv/detail/default_power_up__rosidl_typesupport_introspection_cpp.hpp
-- Installing: /home/amandarln/ros_ws/install/flatfish_ros_efuse_serial/include/flatfish_ros_efuse_serial/flatfish_ros_efuse_serial/srv/detail/set_max_current__rosidl_typesupport_introspection_cpp.hpp
-- Installing: /home/amandarln/ros_ws/install/flatfish_ros_efuse_serial/include/flatfish_ros_efuse_serial/flatfish_ros_efuse_serial/srv/detail/set_channel_on__rosidl_typesupport_introspection_cpp.hpp
-- Installing: /home/amandarln/ros_ws/install/flatfish_ros_efuse_serial/include/flatfish_ros_efuse_serial/flatfish_ros_efuse_serial/srv/detail/default_power_up__type_support.cpp
-- Installing: /home/amandarln/ros_ws/install/flatfish_ros_efuse_serial/include/flatfish_ros_efuse_serial/flatfish_ros_efuse_serial/srv/detail/set_channels_on__rosidl_typesupport_introspection_cpp.hpp
-- Installing: /home/amandarln/ros_ws/install/flatfish_ros_efuse_serial/include/flatfish_ros_efuse_serial/flatfish_ros_efuse_serial/srv/detail/reset_board__type_support.cpp
-- Installing: /home/amandarln/ros_ws/install/flatfish_ros_efuse_serial/include/flatfish_ros_efuse_serial/flatfish_ros_efuse_serial/srv/detail/set_channels_on__type_support.cpp
-- Up-to-date: /home/amandarln/ros_ws/install/flatfish_ros_efuse_serial/include/flatfish_ros_efuse_serial/flatfish_ros_efuse_serial/msg
-- Up-to-date: /home/amandarln/ros_ws/install/flatfish_ros_efuse_serial/include/flatfish_ros_efuse_serial/flatfish_ros_efuse_serial/msg/detail
-- Installing: /home/amandarln/ros_ws/install/flatfish_ros_efuse_serial/include/flatfish_ros_efuse_serial/flatfish_ros_efuse_serial/msg/detail/status_board__rosidl_typesupport_introspection_cpp.hpp
-- Installing: /home/amandarln/ros_ws/install/flatfish_ros_efuse_serial/include/flatfish_ros_efuse_serial/flatfish_ros_efuse_serial/msg/detail/board_array__type_support.cpp
-- Installing: /home/amandarln/ros_ws/install/flatfish_ros_efuse_serial/include/flatfish_ros_efuse_serial/flatfish_ros_efuse_serial/msg/detail/status_board__type_support.cpp
-- Installing: /home/amandarln/ros_ws/install/flatfish_ros_efuse_serial/include/flatfish_ros_efuse_serial/flatfish_ros_efuse_serial/msg/detail/status_channel__rosidl_typesupport_introspection_cpp.hpp
-- Installing: /home/amandarln/ros_ws/install/flatfish_ros_efuse_serial/include/flatfish_ros_efuse_serial/flatfish_ros_efuse_serial/msg/detail/board__rosidl_typesupport_introspection_cpp.hpp
-- Installing: /home/amandarln/ros_ws/install/flatfish_ros_efuse_serial/include/flatfish_ros_efuse_serial/flatfish_ros_efuse_serial/msg/detail/board_array__rosidl_typesupport_introspection_cpp.hpp
-- Installing: /home/amandarln/ros_ws/install/flatfish_ros_efuse_serial/include/flatfish_ros_efuse_serial/flatfish_ros_efuse_serial/msg/detail/board__type_support.cpp
-- Installing: /home/amandarln/ros_ws/install/flatfish_ros_efuse_serial/include/flatfish_ros_efuse_serial/flatfish_ros_efuse_serial/msg/detail/cmd_channel__type_support.cpp
-- Installing: /home/amandarln/ros_ws/install/flatfish_ros_efuse_serial/include/flatfish_ros_efuse_serial/flatfish_ros_efuse_serial/msg/detail/status_board_array__rosidl_typesupport_introspection_cpp.hpp
-- Installing: /home/amandarln/ros_ws/install/flatfish_ros_efuse_serial/include/flatfish_ros_efuse_serial/flatfish_ros_efuse_serial/msg/detail/cmd_channel__rosidl_typesupport_introspection_cpp.hpp
-- Installing: /home/amandarln/ros_ws/install/flatfish_ros_efuse_serial/include/flatfish_ros_efuse_serial/flatfish_ros_efuse_serial/msg/detail/status_board_array__type_support.cpp
-- Installing: /home/amandarln/ros_ws/install/flatfish_ros_efuse_serial/include/flatfish_ros_efuse_serial/flatfish_ros_efuse_serial/msg/detail/status_channel__type_support.cpp
-- Installing: /home/amandarln/ros_ws/install/flatfish_ros_efuse_serial/lib/libflatfish_ros_efuse_serial__rosidl_typesupport_introspection_cpp.so
-- Set runtime path of "/home/amandarln/ros_ws/install/flatfish_ros_efuse_serial/lib/libflatfish_ros_efuse_serial__rosidl_typesupport_introspection_cpp.so" to ""
-- Installing: /home/amandarln/ros_ws/install/flatfish_ros_efuse_serial/lib/libflatfish_ros_efuse_serial__rosidl_typesupport_cpp.so
-- Set runtime path of "/home/amandarln/ros_ws/install/flatfish_ros_efuse_serial/lib/libflatfish_ros_efuse_serial__rosidl_typesupport_cpp.so" to ""
-- Installing: /home/amandarln/ros_ws/install/flatfish_ros_efuse_serial/share/flatfish_ros_efuse_serial/environment/pythonpath.sh
-- Installing: /home/amandarln/ros_ws/install/flatfish_ros_efuse_serial/share/flatfish_ros_efuse_serial/environment/pythonpath.dsv
-- Installing: /home/amandarln/ros_ws/install/flatfish_ros_efuse_serial/local/lib/python3.10/dist-packages/flatfish_ros_efuse_serial-0.0.0-py3.10.egg-info
-- Installing: /home/amandarln/ros_ws/install/flatfish_ros_efuse_serial/local/lib/python3.10/dist-packages/flatfish_ros_efuse_serial-0.0.0-py3.10.egg-info/top_level.txt
-- Installing: /home/amandarln/ros_ws/install/flatfish_ros_efuse_serial/local/lib/python3.10/dist-packages/flatfish_ros_efuse_serial-0.0.0-py3.10.egg-info/PKG-INFO
-- Installing: /home/amandarln/ros_ws/install/flatfish_ros_efuse_serial/local/lib/python3.10/dist-packages/flatfish_ros_efuse_serial-0.0.0-py3.10.egg-info/SOURCES.txt
-- Installing: /home/amandarln/ros_ws/install/flatfish_ros_efuse_serial/local/lib/python3.10/dist-packages/flatfish_ros_efuse_serial-0.0.0-py3.10.egg-info/dependency_links.txt
-- Installing: /home/amandarln/ros_ws/install/flatfish_ros_efuse_serial/local/lib/python3.10/dist-packages/flatfish_ros_efuse_serial
-- Installing: /home/amandarln/ros_ws/install/flatfish_ros_efuse_serial/local/lib/python3.10/dist-packages/flatfish_ros_efuse_serial/__init__.py
-- Installing: /home/amandarln/ros_ws/install/flatfish_ros_efuse_serial/local/lib/python3.10/dist-packages/flatfish_ros_efuse_serial/_flatfish_ros_efuse_serial_s.ep.rosidl_typesupport_c.c
-- Installing: /home/amandarln/ros_ws/install/flatfish_ros_efuse_serial/local/lib/python3.10/dist-packages/flatfish_ros_efuse_serial/_flatfish_ros_efuse_serial_s.ep.rosidl_typesupport_fastrtps_c.c
-- Installing: /home/amandarln/ros_ws/install/flatfish_ros_efuse_serial/local/lib/python3.10/dist-packages/flatfish_ros_efuse_serial/flatfish_ros_efuse_serial_s__rosidl_typesupport_c.cpython-310-x86_64-linux-gnu.so
-- Installing: /home/amandarln/ros_ws/install/flatfish_ros_efuse_serial/local/lib/python3.10/dist-packages/flatfish_ros_efuse_serial/flatfish_ros_efuse_serial_s__rosidl_typesupport_introspection_c.cpython-310-x86_64-linux-gnu.so
-- Installing: /home/amandarln/ros_ws/install/flatfish_ros_efuse_serial/local/lib/python3.10/dist-packages/flatfish_ros_efuse_serial/libflatfish_ros_efuse_serial__rosidl_generator_py.so
-- Installing: /home/amandarln/ros_ws/install/flatfish_ros_efuse_serial/local/lib/python3.10/dist-packages/flatfish_ros_efuse_serial/srv
-- Installing: /home/amandarln/ros_ws/install/flatfish_ros_efuse_serial/local/lib/python3.10/dist-packages/flatfish_ros_efuse_serial/srv/__init__.py
-- Installing: /home/amandarln/ros_ws/install/flatfish_ros_efuse_serial/local/lib/python3.10/dist-packages/flatfish_ros_efuse_serial/srv/_set_max_current.py
-- Installing: /home/amandarln/ros_ws/install/flatfish_ros_efuse_serial/local/lib/python3.10/dist-packages/flatfish_ros_efuse_serial/srv/_set_channels_on.py
-- Installing: /home/amandarln/ros_ws/install/flatfish_ros_efuse_serial/local/lib/python3.10/dist-packages/flatfish_ros_efuse_serial/srv/_reset_board_s.c
-- Installing: /home/amandarln/ros_ws/install/flatfish_ros_efuse_serial/local/lib/python3.10/dist-packages/flatfish_ros_efuse_serial/srv/_set_channel_on_s.c
-- Installing: /home/amandarln/ros_ws/install/flatfish_ros_efuse_serial/local/lib/python3.10/dist-packages/flatfish_ros_efuse_serial/srv/_set_channels_on_s.c
-- Installing: /home/amandarln/ros_ws/install/flatfish_ros_efuse_serial/local/lib/python3.10/dist-packages/flatfish_ros_efuse_serial/srv/_default_power_up_s.c
-- Installing: /home/amandarln/ros_ws/install/flatfish_ros_efuse_serial/local/lib/python3.10/dist-packages/flatfish_ros_efuse_serial/srv/_default_power_up.py
-- Installing: /home/amandarln/ros_ws/install/flatfish_ros_efuse_serial/local/lib/python3.10/dist-packages/flatfish_ros_efuse_serial/srv/_set_max_current_s.c
-- Installing: /home/amandarln/ros_ws/install/flatfish_ros_efuse_serial/local/lib/python3.10/dist-packages/flatfish_ros_efuse_serial/srv/_set_channel_on.py
-- Installing: /home/amandarln/ros_ws/install/flatfish_ros_efuse_serial/local/lib/python3.10/dist-packages/flatfish_ros_efuse_serial/srv/_reset_board.py
-- Installing: /home/amandarln/ros_ws/install/flatfish_ros_efuse_serial/local/lib/python3.10/dist-packages/flatfish_ros_efuse_serial/_flatfish_ros_efuse_serial_s.ep.rosidl_typesupport_introspection_c.c
-- Installing: /home/amandarln/ros_ws/install/flatfish_ros_efuse_serial/local/lib/python3.10/dist-packages/flatfish_ros_efuse_serial/msg
-- Installing: /home/amandarln/ros_ws/install/flatfish_ros_efuse_serial/local/lib/python3.10/dist-packages/flatfish_ros_efuse_serial/msg/_status_channel_s.c
-- Installing: /home/amandarln/ros_ws/install/flatfish_ros_efuse_serial/local/lib/python3.10/dist-packages/flatfish_ros_efuse_serial/msg/__init__.py
-- Installing: /home/amandarln/ros_ws/install/flatfish_ros_efuse_serial/local/lib/python3.10/dist-packages/flatfish_ros_efuse_serial/msg/_status_board_array_s.c
-- Installing: /home/amandarln/ros_ws/install/flatfish_ros_efuse_serial/local/lib/python3.10/dist-packages/flatfish_ros_efuse_serial/msg/_status_board_s.c
-- Installing: /home/amandarln/ros_ws/install/flatfish_ros_efuse_serial/local/lib/python3.10/dist-packages/flatfish_ros_efuse_serial/msg/_cmd_channel.py
-- Installing: /home/amandarln/ros_ws/install/flatfish_ros_efuse_serial/local/lib/python3.10/dist-packages/flatfish_ros_efuse_serial/msg/_board.py
-- Installing: /home/amandarln/ros_ws/install/flatfish_ros_efuse_serial/local/lib/python3.10/dist-packages/flatfish_ros_efuse_serial/msg/_cmd_channel_s.c
-- Installing: /home/amandarln/ros_ws/install/flatfish_ros_efuse_serial/local/lib/python3.10/dist-packages/flatfish_ros_efuse_serial/msg/_status_board_array.py
-- Installing: /home/amandarln/ros_ws/install/flatfish_ros_efuse_serial/local/lib/python3.10/dist-packages/flatfish_ros_efuse_serial/msg/_board_s.c
-- Installing: /home/amandarln/ros_ws/install/flatfish_ros_efuse_serial/local/lib/python3.10/dist-packages/flatfish_ros_efuse_serial/msg/_status_board.py
-- Installing: /home/amandarln/ros_ws/install/flatfish_ros_efuse_serial/local/lib/python3.10/dist-packages/flatfish_ros_efuse_serial/msg/_board_array.py
-- Installing: /home/amandarln/ros_ws/install/flatfish_ros_efuse_serial/local/lib/python3.10/dist-packages/flatfish_ros_efuse_serial/msg/_board_array_s.c
-- Installing: /home/amandarln/ros_ws/install/flatfish_ros_efuse_serial/local/lib/python3.10/dist-packages/flatfish_ros_efuse_serial/msg/_status_channel.py
-- Installing: /home/amandarln/ros_ws/install/flatfish_ros_efuse_serial/local/lib/python3.10/dist-packages/flatfish_ros_efuse_serial/flatfish_ros_efuse_serial_s__rosidl_typesupport_fastrtps_c.cpython-310-x86_64-linux-gnu.so
Listing '/home/amandarln/ros_ws/install/flatfish_ros_efuse_serial/local/lib/python3.10/dist-packages/flatfish_ros_efuse_serial'...
Compiling '/home/amandarln/ros_ws/install/flatfish_ros_efuse_serial/local/lib/python3.10/dist-packages/flatfish_ros_efuse_serial/__init__.py'...
Listing '/home/amandarln/ros_ws/install/flatfish_ros_efuse_serial/local/lib/python3.10/dist-packages/flatfish_ros_efuse_serial/msg'...
Compiling '/home/amandarln/ros_ws/install/flatfish_ros_efuse_serial/local/lib/python3.10/dist-packages/flatfish_ros_efuse_serial/msg/__init__.py'...
Compiling '/home/amandarln/ros_ws/install/flatfish_ros_efuse_serial/local/lib/python3.10/dist-packages/flatfish_ros_efuse_serial/msg/_board.py'...
Compiling '/home/amandarln/ros_ws/install/flatfish_ros_efuse_serial/local/lib/python3.10/dist-packages/flatfish_ros_efuse_serial/msg/_board_array.py'...
Compiling '/home/amandarln/ros_ws/install/flatfish_ros_efuse_serial/local/lib/python3.10/dist-packages/flatfish_ros_efuse_serial/msg/_cmd_channel.py'...
Compiling '/home/amandarln/ros_ws/install/flatfish_ros_efuse_serial/local/lib/python3.10/dist-packages/flatfish_ros_efuse_serial/msg/_status_board.py'...
Compiling '/home/amandarln/ros_ws/install/flatfish_ros_efuse_serial/local/lib/python3.10/dist-packages/flatfish_ros_efuse_serial/msg/_status_board_array.py'...
Compiling '/home/amandarln/ros_ws/install/flatfish_ros_efuse_serial/local/lib/python3.10/dist-packages/flatfish_ros_efuse_serial/msg/_status_channel.py'...
Listing '/home/amandarln/ros_ws/install/flatfish_ros_efuse_serial/local/lib/python3.10/dist-packages/flatfish_ros_efuse_serial/srv'...
Compiling '/home/amandarln/ros_ws/install/flatfish_ros_efuse_serial/local/lib/python3.10/dist-packages/flatfish_ros_efuse_serial/srv/__init__.py'...
Compiling '/home/amandarln/ros_ws/install/flatfish_ros_efuse_serial/local/lib/python3.10/dist-packages/flatfish_ros_efuse_serial/srv/_default_power_up.py'...
Compiling '/home/amandarln/ros_ws/install/flatfish_ros_efuse_serial/local/lib/python3.10/dist-packages/flatfish_ros_efuse_serial/srv/_reset_board.py'...
Compiling '/home/amandarln/ros_ws/install/flatfish_ros_efuse_serial/local/lib/python3.10/dist-packages/flatfish_ros_efuse_serial/srv/_set_channel_on.py'...
Compiling '/home/amandarln/ros_ws/install/flatfish_ros_efuse_serial/local/lib/python3.10/dist-packages/flatfish_ros_efuse_serial/srv/_set_channels_on.py'...
Compiling '/home/amandarln/ros_ws/install/flatfish_ros_efuse_serial/local/lib/python3.10/dist-packages/flatfish_ros_efuse_serial/srv/_set_max_current.py'...
-- Installing: /home/amandarln/ros_ws/install/flatfish_ros_efuse_serial/local/lib/python3.10/dist-packages/flatfish_ros_efuse_serial/flatfish_ros_efuse_serial_s__rosidl_typesupport_fastrtps_c.cpython-310-x86_64-linux-gnu.so
-- Set runtime path of "/home/amandarln/ros_ws/install/flatfish_ros_efuse_serial/local/lib/python3.10/dist-packages/flatfish_ros_efuse_serial/flatfish_ros_efuse_serial_s__rosidl_typesupport_fastrtps_c.cpython-310-x86_64-linux-gnu.so" to ""
-- Installing: /home/amandarln/ros_ws/install/flatfish_ros_efuse_serial/local/lib/python3.10/dist-packages/flatfish_ros_efuse_serial/flatfish_ros_efuse_serial_s__rosidl_typesupport_introspection_c.cpython-310-x86_64-linux-gnu.so
-- Set runtime path of "/home/amandarln/ros_ws/install/flatfish_ros_efuse_serial/local/lib/python3.10/dist-packages/flatfish_ros_efuse_serial/flatfish_ros_efuse_serial_s__rosidl_typesupport_introspection_c.cpython-310-x86_64-linux-gnu.so" to ""
-- Installing: /home/amandarln/ros_ws/install/flatfish_ros_efuse_serial/local/lib/python3.10/dist-packages/flatfish_ros_efuse_serial/flatfish_ros_efuse_serial_s__rosidl_typesupport_c.cpython-310-x86_64-linux-gnu.so
-- Set runtime path of "/home/amandarln/ros_ws/install/flatfish_ros_efuse_serial/local/lib/python3.10/dist-packages/flatfish_ros_efuse_serial/flatfish_ros_efuse_serial_s__rosidl_typesupport_c.cpython-310-x86_64-linux-gnu.so" to ""
-- Installing: /home/amandarln/ros_ws/install/flatfish_ros_efuse_serial/lib/libflatfish_ros_efuse_serial__rosidl_generator_py.so
-- Set runtime path of "/home/amandarln/ros_ws/install/flatfish_ros_efuse_serial/lib/libflatfish_ros_efuse_serial__rosidl_generator_py.so" to ""
-- Installing: /home/amandarln/ros_ws/install/flatfish_ros_efuse_serial/share/flatfish_ros_efuse_serial/msg/Board.idl
-- Installing: /home/amandarln/ros_ws/install/flatfish_ros_efuse_serial/share/flatfish_ros_efuse_serial/msg/BoardArray.idl
-- Installing: /home/amandarln/ros_ws/install/flatfish_ros_efuse_serial/share/flatfish_ros_efuse_serial/msg/CmdChannel.idl
-- Installing: /home/amandarln/ros_ws/install/flatfish_ros_efuse_serial/share/flatfish_ros_efuse_serial/msg/StatusBoard.idl
-- Installing: /home/amandarln/ros_ws/install/flatfish_ros_efuse_serial/share/flatfish_ros_efuse_serial/msg/StatusBoardArray.idl
-- Installing: /home/amandarln/ros_ws/install/flatfish_ros_efuse_serial/share/flatfish_ros_efuse_serial/msg/StatusChannel.idl
-- Installing: /home/amandarln/ros_ws/install/flatfish_ros_efuse_serial/share/flatfish_ros_efuse_serial/srv/DefaultPowerUp.idl
-- Installing: /home/amandarln/ros_ws/install/flatfish_ros_efuse_serial/share/flatfish_ros_efuse_serial/srv/ResetBoard.idl
-- Installing: /home/amandarln/ros_ws/install/flatfish_ros_efuse_serial/share/flatfish_ros_efuse_serial/srv/SetChannelOn.idl
-- Installing: /home/amandarln/ros_ws/install/flatfish_ros_efuse_serial/share/flatfish_ros_efuse_serial/srv/SetChannelsOn.idl
-- Installing: /home/amandarln/ros_ws/install/flatfish_ros_efuse_serial/share/flatfish_ros_efuse_serial/srv/SetMaxCurrent.idl
-- Installing: /home/amandarln/ros_ws/install/flatfish_ros_efuse_serial/share/flatfish_ros_efuse_serial/msg/Board.msg
-- Installing: /home/amandarln/ros_ws/install/flatfish_ros_efuse_serial/share/flatfish_ros_efuse_serial/msg/BoardArray.msg
-- Installing: /home/amandarln/ros_ws/install/flatfish_ros_efuse_serial/share/flatfish_ros_efuse_serial/msg/CmdChannel.msg
-- Installing: /home/amandarln/ros_ws/install/flatfish_ros_efuse_serial/share/flatfish_ros_efuse_serial/msg/StatusBoard.msg
-- Installing: /home/amandarln/ros_ws/install/flatfish_ros_efuse_serial/share/flatfish_ros_efuse_serial/msg/StatusBoardArray.msg
-- Installing: /home/amandarln/ros_ws/install/flatfish_ros_efuse_serial/share/flatfish_ros_efuse_serial/msg/StatusChannel.msg
-- Installing: /home/amandarln/ros_ws/install/flatfish_ros_efuse_serial/share/flatfish_ros_efuse_serial/srv/DefaultPowerUp.srv
-- Installing: /home/amandarln/ros_ws/install/flatfish_ros_efuse_serial/share/flatfish_ros_efuse_serial/srv/DefaultPowerUp_Request.msg
-- Installing: /home/amandarln/ros_ws/install/flatfish_ros_efuse_serial/share/flatfish_ros_efuse_serial/srv/DefaultPowerUp_Response.msg
-- Installing: /home/amandarln/ros_ws/install/flatfish_ros_efuse_serial/share/flatfish_ros_efuse_serial/srv/ResetBoard.srv
-- Installing: /home/amandarln/ros_ws/install/flatfish_ros_efuse_serial/share/flatfish_ros_efuse_serial/srv/ResetBoard_Request.msg
-- Installing: /home/amandarln/ros_ws/install/flatfish_ros_efuse_serial/share/flatfish_ros_efuse_serial/srv/ResetBoard_Response.msg
-- Installing: /home/amandarln/ros_ws/install/flatfish_ros_efuse_serial/share/flatfish_ros_efuse_serial/srv/SetChannelOn.srv
-- Installing: /home/amandarln/ros_ws/install/flatfish_ros_efuse_serial/share/flatfish_ros_efuse_serial/srv/SetChannelOn_Request.msg
-- Installing: /home/amandarln/ros_ws/install/flatfish_ros_efuse_serial/share/flatfish_ros_efuse_serial/srv/SetChannelOn_Response.msg
-- Installing: /home/amandarln/ros_ws/install/flatfish_ros_efuse_serial/share/flatfish_ros_efuse_serial/srv/SetChannelsOn.srv
-- Installing: /home/amandarln/ros_ws/install/flatfish_ros_efuse_serial/share/flatfish_ros_efuse_serial/srv/SetChannelsOn_Request.msg
-- Installing: /home/amandarln/ros_ws/install/flatfish_ros_efuse_serial/share/flatfish_ros_efuse_serial/srv/SetChannelsOn_Response.msg
-- Installing: /home/amandarln/ros_ws/install/flatfish_ros_efuse_serial/share/flatfish_ros_efuse_serial/srv/SetMaxCurrent.srv
-- Installing: /home/amandarln/ros_ws/install/flatfish_ros_efuse_serial/share/flatfish_ros_efuse_serial/srv/SetMaxCurrent_Request.msg
-- Installing: /home/amandarln/ros_ws/install/flatfish_ros_efuse_serial/share/flatfish_ros_efuse_serial/srv/SetMaxCurrent_Response.msg
-- Installing: /home/amandarln/ros_ws/install/flatfish_ros_efuse_serial/share/flatfish_ros_efuse_serial/config
-- Installing: /home/amandarln/ros_ws/install/flatfish_ros_efuse_serial/share/flatfish_ros_efuse_serial/config/config.yaml
-- Installing: /home/amandarln/ros_ws/install/flatfish_ros_efuse_serial/share/flatfish_ros_efuse_serial/config/config_nav.yaml
-- Installing: /home/amandarln/ros_ws/install/flatfish_ros_efuse_serial/share/flatfish_ros_efuse_serial/config/config_payload.yaml
-- Installing: /home/amandarln/ros_ws/install/flatfish_ros_efuse_serial/share/flatfish_ros_efuse_serial/launch
-- Up-to-date: /home/amandarln/ros_ws/install/flatfish_ros_efuse_serial/include
-- Up-to-date: /home/amandarln/ros_ws/install/flatfish_ros_efuse_serial/include/flatfish_ros_efuse_serial
-- Installing: /home/amandarln/ros_ws/install/flatfish_ros_efuse_serial/include/flatfish_ros_efuse_serial/EFuseDriver.hpp
-- Installing: /home/amandarln/ros_ws/install/flatfish_ros_efuse_serial/include/flatfish_ros_efuse_serial/DataTypes.hpp
-- Installing: /home/amandarln/ros_ws/install/flatfish_ros_efuse_serial/include/flatfish_ros_efuse_serial/EFuseNode.hpp
-- Installing: /home/amandarln/ros_ws/install/flatfish_ros_efuse_serial/lib/libEFuseNode.so
-- Set runtime path of "/home/amandarln/ros_ws/install/flatfish_ros_efuse_serial/lib/libEFuseNode.so" to ""
-- Installing: /home/amandarln/ros_ws/install/flatfish_ros_efuse_serial/lib/libEFuseDriver.so
-- Set runtime path of "/home/amandarln/ros_ws/install/flatfish_ros_efuse_serial/lib/libEFuseDriver.so" to ""
-- Installing: /home/amandarln/ros_ws/install/flatfish_ros_efuse_serial/lib/flatfish_ros_efuse_serial/ExampleNode
-- Set runtime path of "/home/amandarln/ros_ws/install/flatfish_ros_efuse_serial/lib/flatfish_ros_efuse_serial/ExampleNode" to ""
-- Installing: /home/amandarln/ros_ws/install/flatfish_ros_efuse_serial/share/ament_index/resource_index/package_run_dependencies/flatfish_ros_efuse_serial
-- Installing: /home/amandarln/ros_ws/install/flatfish_ros_efuse_serial/share/ament_index/resource_index/parent_prefix_path/flatfish_ros_efuse_serial
-- Installing: /home/amandarln/ros_ws/install/flatfish_ros_efuse_serial/share/flatfish_ros_efuse_serial/environment/ament_prefix_path.sh
-- Installing: /home/amandarln/ros_ws/install/flatfish_ros_efuse_serial/share/flatfish_ros_efuse_serial/environment/ament_prefix_path.dsv
-- Installing: /home/amandarln/ros_ws/install/flatfish_ros_efuse_serial/share/flatfish_ros_efuse_serial/environment/path.sh
-- Installing: /home/amandarln/ros_ws/install/flatfish_ros_efuse_serial/share/flatfish_ros_efuse_serial/environment/path.dsv
-- Installing: /home/amandarln/ros_ws/install/flatfish_ros_efuse_serial/share/flatfish_ros_efuse_serial/local_setup.bash
-- Installing: /home/amandarln/ros_ws/install/flatfish_ros_efuse_serial/share/flatfish_ros_efuse_serial/local_setup.sh
-- Installing: /home/amandarln/ros_ws/install/flatfish_ros_efuse_serial/share/flatfish_ros_efuse_serial/local_setup.zsh
-- Installing: /home/amandarln/ros_ws/install/flatfish_ros_efuse_serial/share/flatfish_ros_efuse_serial/local_setup.dsv
-- Installing: /home/amandarln/ros_ws/install/flatfish_ros_efuse_serial/share/flatfish_ros_efuse_serial/package.dsv
-- Installing: /home/amandarln/ros_ws/install/flatfish_ros_efuse_serial/share/ament_index/resource_index/packages/flatfish_ros_efuse_serial
-- Installing: /home/amandarln/ros_ws/install/flatfish_ros_efuse_serial/share/flatfish_ros_efuse_serial/cmake/export_flatfish_ros_efuse_serial__rosidl_generator_cExport.cmake
-- Installing: /home/amandarln/ros_ws/install/flatfish_ros_efuse_serial/share/flatfish_ros_efuse_serial/cmake/export_flatfish_ros_efuse_serial__rosidl_generator_cExport-noconfig.cmake
-- Installing: /home/amandarln/ros_ws/install/flatfish_ros_efuse_serial/share/flatfish_ros_efuse_serial/cmake/export_flatfish_ros_efuse_serial__rosidl_typesupport_fastrtps_cExport.cmake
-- Installing: /home/amandarln/ros_ws/install/flatfish_ros_efuse_serial/share/flatfish_ros_efuse_serial/cmake/export_flatfish_ros_efuse_serial__rosidl_typesupport_fastrtps_cExport-noconfig.cmake
-- Installing: /home/amandarln/ros_ws/install/flatfish_ros_efuse_serial/share/flatfish_ros_efuse_serial/cmake/export_flatfish_ros_efuse_serial__rosidl_generator_cppExport.cmake
-- Installing: /home/amandarln/ros_ws/install/flatfish_ros_efuse_serial/share/flatfish_ros_efuse_serial/cmake/export_flatfish_ros_efuse_serial__rosidl_typesupport_fastrtps_cppExport.cmake
-- Installing: /home/amandarln/ros_ws/install/flatfish_ros_efuse_serial/share/flatfish_ros_efuse_serial/cmake/export_flatfish_ros_efuse_serial__rosidl_typesupport_fastrtps_cppExport-noconfig.cmake
-- Installing: /home/amandarln/ros_ws/install/flatfish_ros_efuse_serial/share/flatfish_ros_efuse_serial/cmake/flatfish_ros_efuse_serial__rosidl_typesupport_introspection_cExport.cmake
-- Installing: /home/amandarln/ros_ws/install/flatfish_ros_efuse_serial/share/flatfish_ros_efuse_serial/cmake/flatfish_ros_efuse_serial__rosidl_typesupport_introspection_cExport-noconfig.cmake
-- Installing: /home/amandarln/ros_ws/install/flatfish_ros_efuse_serial/share/flatfish_ros_efuse_serial/cmake/flatfish_ros_efuse_serial__rosidl_typesupport_cExport.cmake
-- Installing: /home/amandarln/ros_ws/install/flatfish_ros_efuse_serial/share/flatfish_ros_efuse_serial/cmake/flatfish_ros_efuse_serial__rosidl_typesupport_cExport-noconfig.cmake
-- Installing: /home/amandarln/ros_ws/install/flatfish_ros_efuse_serial/share/flatfish_ros_efuse_serial/cmake/flatfish_ros_efuse_serial__rosidl_typesupport_introspection_cppExport.cmake
-- Installing: /home/amandarln/ros_ws/install/flatfish_ros_efuse_serial/share/flatfish_ros_efuse_serial/cmake/flatfish_ros_efuse_serial__rosidl_typesupport_introspection_cppExport-noconfig.cmake
-- Installing: /home/amandarln/ros_ws/install/flatfish_ros_efuse_serial/share/flatfish_ros_efuse_serial/cmake/flatfish_ros_efuse_serial__rosidl_typesupport_cppExport.cmake
-- Installing: /home/amandarln/ros_ws/install/flatfish_ros_efuse_serial/share/flatfish_ros_efuse_serial/cmake/flatfish_ros_efuse_serial__rosidl_typesupport_cppExport-noconfig.cmake
-- Installing: /home/amandarln/ros_ws/install/flatfish_ros_efuse_serial/share/flatfish_ros_efuse_serial/cmake/export_flatfish_ros_efuse_serial__rosidl_generator_pyExport.cmake
-- Installing: /home/amandarln/ros_ws/install/flatfish_ros_efuse_serial/share/flatfish_ros_efuse_serial/cmake/export_flatfish_ros_efuse_serial__rosidl_generator_pyExport-noconfig.cmake
-- Installing: /home/amandarln/ros_ws/install/flatfish_ros_efuse_serial/share/flatfish_ros_efuse_serial/cmake/export_flatfish_ros_efuse_serialExport.cmake
-- Installing: /home/amandarln/ros_ws/install/flatfish_ros_efuse_serial/share/flatfish_ros_efuse_serial/cmake/export_flatfish_ros_efuse_serialExport-noconfig.cmake
-- Installing: /home/amandarln/ros_ws/install/flatfish_ros_efuse_serial/share/flatfish_ros_efuse_serial/cmake/rosidl_cmake-extras.cmake
-- Installing: /home/amandarln/ros_ws/install/flatfish_ros_efuse_serial/share/flatfish_ros_efuse_serial/cmake/ament_cmake_export_dependencies-extras.cmake
-- Installing: /home/amandarln/ros_ws/install/flatfish_ros_efuse_serial/share/flatfish_ros_efuse_serial/cmake/ament_cmake_export_include_directories-extras.cmake
-- Installing: /home/amandarln/ros_ws/install/flatfish_ros_efuse_serial/share/flatfish_ros_efuse_serial/cmake/ament_cmake_export_libraries-extras.cmake
-- Installing: /home/amandarln/ros_ws/install/flatfish_ros_efuse_serial/share/flatfish_ros_efuse_serial/cmake/ament_cmake_export_targets-extras.cmake
-- Installing: /home/amandarln/ros_ws/install/flatfish_ros_efuse_serial/share/flatfish_ros_efuse_serial/cmake/rosidl_cmake_export_typesupport_targets-extras.cmake
-- Installing: /home/amandarln/ros_ws/install/flatfish_ros_efuse_serial/share/flatfish_ros_efuse_serial/cmake/rosidl_cmake_export_typesupport_libraries-extras.cmake
-- Installing: /home/amandarln/ros_ws/install/flatfish_ros_efuse_serial/share/flatfish_ros_efuse_serial/cmake/flatfish_ros_efuse_serialConfig.cmake
-- Installing: /home/amandarln/ros_ws/install/flatfish_ros_efuse_serial/share/flatfish_ros_efuse_serial/cmake/flatfish_ros_efuse_serialConfig-version.cmake
-- Installing: /home/amandarln/ros_ws/install/flatfish_ros_efuse_serial/share/flatfish_ros_efuse_serial/package.xml
