[0.012s] Invoking command in '/home/amandarln/ros_ws/build/flatfish_ros_efuse_serial': AMENT_PREFIX_PATH=/home/amandarln/ros_ws/install/ros_driver_base:${AMENT_PREFIX_PATH} CMAKE_PREFIX_PATH=/home/amandarln/ros_ws/install/ros_driver_base:/opt/ros/humble LD_LIBRARY_PATH=/home/amandarln/ros_ws/install/ros_driver_base/lib:${LD_LIBRARY_PATH} /usr/bin/cmake --build /home/amandarln/ros_ws/build/flatfish_ros_efuse_serial -- -j16 -l16
[0.076s] [35m[1mConsolidate compiler generated dependencies of target EFuseDriver[0m
[0.092s] [  0%] Built target flatfish_ros_efuse_serial__cpp
[0.093s] [ 11%] Built target flatfish_ros_efuse_serial__rosidl_generator_c
[0.095s] [ 12%] Built target EFuseDriver
[0.107s] [ 12%] Built target ament_cmake_python_copy_flatfish_ros_efuse_serial
[0.128s] [ 23%] Built target flatfish_ros_efuse_serial__rosidl_typesupport_cpp
[0.129s] [ 34%] Built target flatfish_ros_efuse_serial__rosidl_typesupport_c
[0.130s] [ 48%] Built target flatfish_ros_efuse_serial__rosidl_typesupport_introspection_cpp
[0.130s] [ 58%] Built target flatfish_ros_efuse_serial__rosidl_typesupport_fastrtps_cpp
[0.131s] [ 69%] Built target flatfish_ros_efuse_serial__rosidl_typesupport_introspection_c
[0.132s] [ 80%] Built target flatfish_ros_efuse_serial__rosidl_typesupport_fastrtps_c
[0.144s] [35m[1mConsolidate compiler generated dependencies of target EFuseNode[0m
[0.158s] [ 80%] Built target flatfish_ros_efuse_serial
[0.168s] [ 82%] Built target EFuseNode
[0.182s] [ 83%] Built target flatfish_ros_efuse_serial__py
[0.189s] [ 84%] [32mBuilding CXX object CMakeFiles/ExampleNode.dir/src/ExampleNode.cpp.o[0m
[0.210s] [ 95%] Built target flatfish_ros_efuse_serial__rosidl_generator_py
[0.241s] [ 96%] Built target flatfish_ros_efuse_serial__rosidl_typesupport_introspection_c__pyext
[0.242s] [ 97%] Built target flatfish_ros_efuse_serial__rosidl_typesupport_fastrtps_c__pyext
[0.243s] [ 99%] Built target flatfish_ros_efuse_serial__rosidl_typesupport_c__pyext
[0.408s] running egg_info
[0.408s] writing flatfish_ros_efuse_serial.egg-info/PKG-INFO
[0.409s] writing dependency_links to flatfish_ros_efuse_serial.egg-info/dependency_links.txt
[0.409s] writing top-level names to flatfish_ros_efuse_serial.egg-info/top_level.txt
[0.412s] reading manifest file 'flatfish_ros_efuse_serial.egg-info/SOURCES.txt'
[0.413s] writing manifest file 'flatfish_ros_efuse_serial.egg-info/SOURCES.txt'
[0.440s] [ 99%] Built target ament_cmake_python_build_flatfish_ros_efuse_serial_egg
[3.570s] [100%] [32m[1mLinking CXX executable ExampleNode[0m
[3.721s] [100%] Built target ExampleNode
[3.734s] Invoked command in '/home/amandarln/ros_ws/build/flatfish_ros_efuse_serial' returned '0': AMENT_PREFIX_PATH=/home/amandarln/ros_ws/install/ros_driver_base:${AMENT_PREFIX_PATH} CMAKE_PREFIX_PATH=/home/amandarln/ros_ws/install/ros_driver_base:/opt/ros/humble LD_LIBRARY_PATH=/home/amandarln/ros_ws/install/ros_driver_base/lib:${LD_LIBRARY_PATH} /usr/bin/cmake --build /home/amandarln/ros_ws/build/flatfish_ros_efuse_serial -- -j16 -l16
[4.126s] Invoking command in '/home/amandarln/ros_ws/build/flatfish_ros_efuse_serial': AMENT_PREFIX_PATH=/home/amandarln/ros_ws/install/ros_driver_base:${AMENT_PREFIX_PATH} CMAKE_PREFIX_PATH=/home/amandarln/ros_ws/install/ros_driver_base:/opt/ros/humble LD_LIBRARY_PATH=/home/amandarln/ros_ws/install/ros_driver_base/lib:${LD_LIBRARY_PATH} /usr/bin/cmake --install /home/amandarln/ros_ws/build/flatfish_ros_efuse_serial
[4.134s] -- Install configuration: ""
[4.134s] -- Installing: /home/amandarln/ros_ws/install/flatfish_ros_efuse_serial/share/ament_index/resource_index/rosidl_interfaces/flatfish_ros_efuse_serial
[4.134s] -- Installing: /home/amandarln/ros_ws/install/flatfish_ros_efuse_serial/include/flatfish_ros_efuse_serial/flatfish_ros_efuse_serial
[4.134s] -- Installing: /home/amandarln/ros_ws/install/flatfish_ros_efuse_serial/include/flatfish_ros_efuse_serial/flatfish_ros_efuse_serial/srv
[4.134s] -- Installing: /home/amandarln/ros_ws/install/flatfish_ros_efuse_serial/include/flatfish_ros_efuse_serial/flatfish_ros_efuse_serial/srv/detail
[4.134s] -- Installing: /home/amandarln/ros_ws/install/flatfish_ros_efuse_serial/include/flatfish_ros_efuse_serial/flatfish_ros_efuse_serial/srv/detail/set_channel_on__functions.c
[4.134s] -- Installing: /home/amandarln/ros_ws/install/flatfish_ros_efuse_serial/include/flatfish_ros_efuse_serial/flatfish_ros_efuse_serial/srv/detail/default_power_up__type_support.h
[4.135s] -- Installing: /home/amandarln/ros_ws/install/flatfish_ros_efuse_serial/include/flatfish_ros_efuse_serial/flatfish_ros_efuse_serial/srv/detail/reset_board__functions.h
[4.135s] -- Installing: /home/amandarln/ros_ws/install/flatfish_ros_efuse_serial/include/flatfish_ros_efuse_serial/flatfish_ros_efuse_serial/srv/detail/set_channels_on__functions.h
[4.135s] -- Installing: /home/amandarln/ros_ws/install/flatfish_ros_efuse_serial/include/flatfish_ros_efuse_serial/flatfish_ros_efuse_serial/srv/detail/set_channels_on__struct.h
[4.135s] -- Installing: /home/amandarln/ros_ws/install/flatfish_ros_efuse_serial/include/flatfish_ros_efuse_serial/flatfish_ros_efuse_serial/srv/detail/set_max_current__functions.h
[4.135s] -- Installing: /home/amandarln/ros_ws/install/flatfish_ros_efuse_serial/include/flatfish_ros_efuse_serial/flatfish_ros_efuse_serial/srv/detail/default_power_up__functions.h
[4.135s] -- Installing: /home/amandarln/ros_ws/install/flatfish_ros_efuse_serial/include/flatfish_ros_efuse_serial/flatfish_ros_efuse_serial/srv/detail/set_channel_on__type_support.h
[4.135s] -- Installing: /home/amandarln/ros_ws/install/flatfish_ros_efuse_serial/include/flatfish_ros_efuse_serial/flatfish_ros_efuse_serial/srv/detail/set_max_current__functions.c
[4.135s] -- Installing: /home/amandarln/ros_ws/install/flatfish_ros_efuse_serial/include/flatfish_ros_efuse_serial/flatfish_ros_efuse_serial/srv/detail/set_max_current__type_support.h
[4.135s] -- Installing: /home/amandarln/ros_ws/install/flatfish_ros_efuse_serial/include/flatfish_ros_efuse_serial/flatfish_ros_efuse_serial/srv/detail/reset_board__functions.c
[4.135s] -- Installing: /home/amandarln/ros_ws/install/flatfish_ros_efuse_serial/include/flatfish_ros_efuse_serial/flatfish_ros_efuse_serial/srv/detail/set_channel_on__functions.h
[4.135s] -- Installing: /home/amandarln/ros_ws/install/flatfish_ros_efuse_serial/include/flatfish_ros_efuse_serial/flatfish_ros_efuse_serial/srv/detail/reset_board__type_support.h
[4.135s] -- Installing: /home/amandarln/ros_ws/install/flatfish_ros_efuse_serial/include/flatfish_ros_efuse_serial/flatfish_ros_efuse_serial/srv/detail/default_power_up__functions.c
[4.136s] -- Installing: /home/amandarln/ros_ws/install/flatfish_ros_efuse_serial/include/flatfish_ros_efuse_serial/flatfish_ros_efuse_serial/srv/detail/set_channel_on__struct.h
[4.136s] -- Installing: /home/amandarln/ros_ws/install/flatfish_ros_efuse_serial/include/flatfish_ros_efuse_serial/flatfish_ros_efuse_serial/srv/detail/set_max_current__struct.h
[4.136s] -- Installing: /home/amandarln/ros_ws/install/flatfish_ros_efuse_serial/include/flatfish_ros_efuse_serial/flatfish_ros_efuse_serial/srv/detail/default_power_up__struct.h
[4.136s] -- Installing: /home/amandarln/ros_ws/install/flatfish_ros_efuse_serial/include/flatfish_ros_efuse_serial/flatfish_ros_efuse_serial/srv/detail/reset_board__struct.h
[4.136s] -- Installing: /home/amandarln/ros_ws/install/flatfish_ros_efuse_serial/include/flatfish_ros_efuse_serial/flatfish_ros_efuse_serial/srv/detail/set_channels_on__type_support.h
[4.136s] -- Installing: /home/amandarln/ros_ws/install/flatfish_ros_efuse_serial/include/flatfish_ros_efuse_serial/flatfish_ros_efuse_serial/srv/detail/set_channels_on__functions.c
[4.136s] -- Installing: /home/amandarln/ros_ws/install/flatfish_ros_efuse_serial/include/flatfish_ros_efuse_serial/flatfish_ros_efuse_serial/srv/set_channels_on.h
[4.136s] -- Installing: /home/amandarln/ros_ws/install/flatfish_ros_efuse_serial/include/flatfish_ros_efuse_serial/flatfish_ros_efuse_serial/srv/default_power_up.h
[4.136s] -- Installing: /home/amandarln/ros_ws/install/flatfish_ros_efuse_serial/include/flatfish_ros_efuse_serial/flatfish_ros_efuse_serial/srv/set_channel_on.h
[4.136s] -- Installing: /home/amandarln/ros_ws/install/flatfish_ros_efuse_serial/include/flatfish_ros_efuse_serial/flatfish_ros_efuse_serial/srv/reset_board.h
[4.136s] -- Installing: /home/amandarln/ros_ws/install/flatfish_ros_efuse_serial/include/flatfish_ros_efuse_serial/flatfish_ros_efuse_serial/srv/set_max_current.h
[4.137s] -- Installing: /home/amandarln/ros_ws/install/flatfish_ros_efuse_serial/include/flatfish_ros_efuse_serial/flatfish_ros_efuse_serial/msg
[4.137s] -- Installing: /home/amandarln/ros_ws/install/flatfish_ros_efuse_serial/include/flatfish_ros_efuse_serial/flatfish_ros_efuse_serial/msg/status_board.h
[4.137s] -- Installing: /home/amandarln/ros_ws/install/flatfish_ros_efuse_serial/include/flatfish_ros_efuse_serial/flatfish_ros_efuse_serial/msg/status_board_array.h
[4.137s] -- Installing: /home/amandarln/ros_ws/install/flatfish_ros_efuse_serial/include/flatfish_ros_efuse_serial/flatfish_ros_efuse_serial/msg/status_channel.h
[4.137s] -- Installing: /home/amandarln/ros_ws/install/flatfish_ros_efuse_serial/include/flatfish_ros_efuse_serial/flatfish_ros_efuse_serial/msg/rosidl_generator_c__visibility_control.h
[4.137s] -- Installing: /home/amandarln/ros_ws/install/flatfish_ros_efuse_serial/include/flatfish_ros_efuse_serial/flatfish_ros_efuse_serial/msg/board.h
[4.137s] -- Installing: /home/amandarln/ros_ws/install/flatfish_ros_efuse_serial/include/flatfish_ros_efuse_serial/flatfish_ros_efuse_serial/msg/detail
[4.137s] -- Installing: /home/amandarln/ros_ws/install/flatfish_ros_efuse_serial/include/flatfish_ros_efuse_serial/flatfish_ros_efuse_serial/msg/detail/board_array__functions.c
[4.137s] -- Installing: /home/amandarln/ros_ws/install/flatfish_ros_efuse_serial/include/flatfish_ros_efuse_serial/flatfish_ros_efuse_serial/msg/detail/board__type_support.h
[4.137s] -- Installing: /home/amandarln/ros_ws/install/flatfish_ros_efuse_serial/include/flatfish_ros_efuse_serial/flatfish_ros_efuse_serial/msg/detail/status_board_array__type_support.h
[4.137s] -- Installing: /home/amandarln/ros_ws/install/flatfish_ros_efuse_serial/include/flatfish_ros_efuse_serial/flatfish_ros_efuse_serial/msg/detail/board__struct.h
[4.138s] -- Installing: /home/amandarln/ros_ws/install/flatfish_ros_efuse_serial/include/flatfish_ros_efuse_serial/flatfish_ros_efuse_serial/msg/detail/status_board__struct.h
[4.138s] -- Installing: /home/amandarln/ros_ws/install/flatfish_ros_efuse_serial/include/flatfish_ros_efuse_serial/flatfish_ros_efuse_serial/msg/detail/status_board_array__functions.c
[4.138s] -- Installing: /home/amandarln/ros_ws/install/flatfish_ros_efuse_serial/include/flatfish_ros_efuse_serial/flatfish_ros_efuse_serial/msg/detail/status_channel__functions.h
[4.138s] -- Installing: /home/amandarln/ros_ws/install/flatfish_ros_efuse_serial/include/flatfish_ros_efuse_serial/flatfish_ros_efuse_serial/msg/detail/board_array__type_support.h
[4.138s] -- Installing: /home/amandarln/ros_ws/install/flatfish_ros_efuse_serial/include/flatfish_ros_efuse_serial/flatfish_ros_efuse_serial/msg/detail/status_board_array__functions.h
[4.138s] -- Installing: /home/amandarln/ros_ws/install/flatfish_ros_efuse_serial/include/flatfish_ros_efuse_serial/flatfish_ros_efuse_serial/msg/detail/status_board__functions.c
[4.138s] -- Installing: /home/amandarln/ros_ws/install/flatfish_ros_efuse_serial/include/flatfish_ros_efuse_serial/flatfish_ros_efuse_serial/msg/detail/status_board__type_support.h
[4.138s] -- Installing: /home/amandarln/ros_ws/install/flatfish_ros_efuse_serial/include/flatfish_ros_efuse_serial/flatfish_ros_efuse_serial/msg/detail/status_board__functions.h
[4.138s] -- Installing: /home/amandarln/ros_ws/install/flatfish_ros_efuse_serial/include/flatfish_ros_efuse_serial/flatfish_ros_efuse_serial/msg/detail/status_channel__functions.c
[4.138s] -- Installing: /home/amandarln/ros_ws/install/flatfish_ros_efuse_serial/include/flatfish_ros_efuse_serial/flatfish_ros_efuse_serial/msg/detail/status_board_array__struct.h
[4.138s] -- Installing: /home/amandarln/ros_ws/install/flatfish_ros_efuse_serial/include/flatfish_ros_efuse_serial/flatfish_ros_efuse_serial/msg/detail/status_channel__struct.h
[4.138s] -- Installing: /home/amandarln/ros_ws/install/flatfish_ros_efuse_serial/include/flatfish_ros_efuse_serial/flatfish_ros_efuse_serial/msg/detail/cmd_channel__functions.c
[4.139s] -- Installing: /home/amandarln/ros_ws/install/flatfish_ros_efuse_serial/include/flatfish_ros_efuse_serial/flatfish_ros_efuse_serial/msg/detail/board_array__functions.h
[4.139s] -- Installing: /home/amandarln/ros_ws/install/flatfish_ros_efuse_serial/include/flatfish_ros_efuse_serial/flatfish_ros_efuse_serial/msg/detail/board_array__struct.h
[4.139s] -- Installing: /home/amandarln/ros_ws/install/flatfish_ros_efuse_serial/include/flatfish_ros_efuse_serial/flatfish_ros_efuse_serial/msg/detail/board__functions.c
[4.139s] -- Installing: /home/amandarln/ros_ws/install/flatfish_ros_efuse_serial/include/flatfish_ros_efuse_serial/flatfish_ros_efuse_serial/msg/detail/status_channel__type_support.h
[4.139s] -- Installing: /home/amandarln/ros_ws/install/flatfish_ros_efuse_serial/include/flatfish_ros_efuse_serial/flatfish_ros_efuse_serial/msg/detail/cmd_channel__struct.h
[4.139s] -- Installing: /home/amandarln/ros_ws/install/flatfish_ros_efuse_serial/include/flatfish_ros_efuse_serial/flatfish_ros_efuse_serial/msg/detail/board__functions.h
[4.139s] -- Installing: /home/amandarln/ros_ws/install/flatfish_ros_efuse_serial/include/flatfish_ros_efuse_serial/flatfish_ros_efuse_serial/msg/detail/cmd_channel__functions.h
[4.139s] -- Installing: /home/amandarln/ros_ws/install/flatfish_ros_efuse_serial/include/flatfish_ros_efuse_serial/flatfish_ros_efuse_serial/msg/detail/cmd_channel__type_support.h
[4.139s] -- Installing: /home/amandarln/ros_ws/install/flatfish_ros_efuse_serial/include/flatfish_ros_efuse_serial/flatfish_ros_efuse_serial/msg/cmd_channel.h
[4.139s] -- Installing: /home/amandarln/ros_ws/install/flatfish_ros_efuse_serial/include/flatfish_ros_efuse_serial/flatfish_ros_efuse_serial/msg/board_array.h
[4.139s] -- Installing: /home/amandarln/ros_ws/install/flatfish_ros_efuse_serial/share/flatfish_ros_efuse_serial/environment/library_path.sh
[4.139s] -- Installing: /home/amandarln/ros_ws/install/flatfish_ros_efuse_serial/share/flatfish_ros_efuse_serial/environment/library_path.dsv
[4.140s] -- Installing: /home/amandarln/ros_ws/install/flatfish_ros_efuse_serial/lib/libflatfish_ros_efuse_serial__rosidl_generator_c.so
[4.140s] -- Set runtime path of "/home/amandarln/ros_ws/install/flatfish_ros_efuse_serial/lib/libflatfish_ros_efuse_serial__rosidl_generator_c.so" to ""
[4.140s] -- Up-to-date: /home/amandarln/ros_ws/install/flatfish_ros_efuse_serial/include/flatfish_ros_efuse_serial/flatfish_ros_efuse_serial
[4.140s] -- Up-to-date: /home/amandarln/ros_ws/install/flatfish_ros_efuse_serial/include/flatfish_ros_efuse_serial/flatfish_ros_efuse_serial/srv
[4.140s] -- Up-to-date: /home/amandarln/ros_ws/install/flatfish_ros_efuse_serial/include/flatfish_ros_efuse_serial/flatfish_ros_efuse_serial/srv/detail
[4.140s] -- Installing: /home/amandarln/ros_ws/install/flatfish_ros_efuse_serial/include/flatfish_ros_efuse_serial/flatfish_ros_efuse_serial/srv/detail/set_max_current__rosidl_typesupport_fastrtps_c.h
[4.140s] -- Installing: /home/amandarln/ros_ws/install/flatfish_ros_efuse_serial/include/flatfish_ros_efuse_serial/flatfish_ros_efuse_serial/srv/detail/default_power_up__rosidl_typesupport_fastrtps_c.h
[4.140s] -- Installing: /home/amandarln/ros_ws/install/flatfish_ros_efuse_serial/include/flatfish_ros_efuse_serial/flatfish_ros_efuse_serial/srv/detail/set_channel_on__rosidl_typesupport_fastrtps_c.h
[4.140s] -- Installing: /home/amandarln/ros_ws/install/flatfish_ros_efuse_serial/include/flatfish_ros_efuse_serial/flatfish_ros_efuse_serial/srv/detail/reset_board__rosidl_typesupport_fastrtps_c.h
[4.141s] -- Installing: /home/amandarln/ros_ws/install/flatfish_ros_efuse_serial/include/flatfish_ros_efuse_serial/flatfish_ros_efuse_serial/srv/detail/set_channels_on__rosidl_typesupport_fastrtps_c.h
[4.141s] -- Up-to-date: /home/amandarln/ros_ws/install/flatfish_ros_efuse_serial/include/flatfish_ros_efuse_serial/flatfish_ros_efuse_serial/msg
[4.141s] -- Installing: /home/amandarln/ros_ws/install/flatfish_ros_efuse_serial/include/flatfish_ros_efuse_serial/flatfish_ros_efuse_serial/msg/rosidl_typesupport_fastrtps_c__visibility_control.h
[4.141s] -- Up-to-date: /home/amandarln/ros_ws/install/flatfish_ros_efuse_serial/include/flatfish_ros_efuse_serial/flatfish_ros_efuse_serial/msg/detail
[4.141s] -- Installing: /home/amandarln/ros_ws/install/flatfish_ros_efuse_serial/include/flatfish_ros_efuse_serial/flatfish_ros_efuse_serial/msg/detail/board_array__rosidl_typesupport_fastrtps_c.h
[4.141s] -- Installing: /home/amandarln/ros_ws/install/flatfish_ros_efuse_serial/include/flatfish_ros_efuse_serial/flatfish_ros_efuse_serial/msg/detail/cmd_channel__rosidl_typesupport_fastrtps_c.h
[4.141s] -- Installing: /home/amandarln/ros_ws/install/flatfish_ros_efuse_serial/include/flatfish_ros_efuse_serial/flatfish_ros_efuse_serial/msg/detail/board__rosidl_typesupport_fastrtps_c.h
[4.141s] -- Installing: /home/amandarln/ros_ws/install/flatfish_ros_efuse_serial/include/flatfish_ros_efuse_serial/flatfish_ros_efuse_serial/msg/detail/status_board_array__rosidl_typesupport_fastrtps_c.h
[4.141s] -- Installing: /home/amandarln/ros_ws/install/flatfish_ros_efuse_serial/include/flatfish_ros_efuse_serial/flatfish_ros_efuse_serial/msg/detail/status_channel__rosidl_typesupport_fastrtps_c.h
[4.141s] -- Installing: /home/amandarln/ros_ws/install/flatfish_ros_efuse_serial/include/flatfish_ros_efuse_serial/flatfish_ros_efuse_serial/msg/detail/status_board__rosidl_typesupport_fastrtps_c.h
[4.141s] -- Installing: /home/amandarln/ros_ws/install/flatfish_ros_efuse_serial/lib/libflatfish_ros_efuse_serial__rosidl_typesupport_fastrtps_c.so
[4.144s] -- Set runtime path of "/home/amandarln/ros_ws/install/flatfish_ros_efuse_serial/lib/libflatfish_ros_efuse_serial__rosidl_typesupport_fastrtps_c.so" to ""
[4.144s] -- Up-to-date: /home/amandarln/ros_ws/install/flatfish_ros_efuse_serial/include/flatfish_ros_efuse_serial/flatfish_ros_efuse_serial
[4.144s] -- Up-to-date: /home/amandarln/ros_ws/install/flatfish_ros_efuse_serial/include/flatfish_ros_efuse_serial/flatfish_ros_efuse_serial/srv
[4.144s] -- Installing: /home/amandarln/ros_ws/install/flatfish_ros_efuse_serial/include/flatfish_ros_efuse_serial/flatfish_ros_efuse_serial/srv/set_channel_on.hpp
[4.144s] -- Installing: /home/amandarln/ros_ws/install/flatfish_ros_efuse_serial/include/flatfish_ros_efuse_serial/flatfish_ros_efuse_serial/srv/set_channels_on.hpp
[4.144s] -- Installing: /home/amandarln/ros_ws/install/flatfish_ros_efuse_serial/include/flatfish_ros_efuse_serial/flatfish_ros_efuse_serial/srv/set_max_current.hpp
[4.145s] -- Installing: /home/amandarln/ros_ws/install/flatfish_ros_efuse_serial/include/flatfish_ros_efuse_serial/flatfish_ros_efuse_serial/srv/default_power_up.hpp
[4.145s] -- Up-to-date: /home/amandarln/ros_ws/install/flatfish_ros_efuse_serial/include/flatfish_ros_efuse_serial/flatfish_ros_efuse_serial/srv/detail
[4.145s] -- Installing: /home/amandarln/ros_ws/install/flatfish_ros_efuse_serial/include/flatfish_ros_efuse_serial/flatfish_ros_efuse_serial/srv/detail/set_channel_on__traits.hpp
[4.145s] -- Installing: /home/amandarln/ros_ws/install/flatfish_ros_efuse_serial/include/flatfish_ros_efuse_serial/flatfish_ros_efuse_serial/srv/detail/set_channels_on__struct.hpp
[4.145s] -- Installing: /home/amandarln/ros_ws/install/flatfish_ros_efuse_serial/include/flatfish_ros_efuse_serial/flatfish_ros_efuse_serial/srv/detail/reset_board__traits.hpp
[4.145s] -- Installing: /home/amandarln/ros_ws/install/flatfish_ros_efuse_serial/include/flatfish_ros_efuse_serial/flatfish_ros_efuse_serial/srv/detail/reset_board__struct.hpp
[4.145s] -- Installing: /home/amandarln/ros_ws/install/flatfish_ros_efuse_serial/include/flatfish_ros_efuse_serial/flatfish_ros_efuse_serial/srv/detail/set_channels_on__builder.hpp
[4.145s] -- Installing: /home/amandarln/ros_ws/install/flatfish_ros_efuse_serial/include/flatfish_ros_efuse_serial/flatfish_ros_efuse_serial/srv/detail/default_power_up__builder.hpp
[4.145s] -- Installing: /home/amandarln/ros_ws/install/flatfish_ros_efuse_serial/include/flatfish_ros_efuse_serial/flatfish_ros_efuse_serial/srv/detail/reset_board__builder.hpp
[4.145s] -- Installing: /home/amandarln/ros_ws/install/flatfish_ros_efuse_serial/include/flatfish_ros_efuse_serial/flatfish_ros_efuse_serial/srv/detail/set_max_current__struct.hpp
[4.145s] -- Installing: /home/amandarln/ros_ws/install/flatfish_ros_efuse_serial/include/flatfish_ros_efuse_serial/flatfish_ros_efuse_serial/srv/detail/default_power_up__traits.hpp
[4.146s] -- Installing: /home/amandarln/ros_ws/install/flatfish_ros_efuse_serial/include/flatfish_ros_efuse_serial/flatfish_ros_efuse_serial/srv/detail/set_channel_on__struct.hpp
[4.146s] -- Installing: /home/amandarln/ros_ws/install/flatfish_ros_efuse_serial/include/flatfish_ros_efuse_serial/flatfish_ros_efuse_serial/srv/detail/set_max_current__builder.hpp
[4.146s] -- Installing: /home/amandarln/ros_ws/install/flatfish_ros_efuse_serial/include/flatfish_ros_efuse_serial/flatfish_ros_efuse_serial/srv/detail/default_power_up__struct.hpp
[4.146s] -- Installing: /home/amandarln/ros_ws/install/flatfish_ros_efuse_serial/include/flatfish_ros_efuse_serial/flatfish_ros_efuse_serial/srv/detail/set_max_current__traits.hpp
[4.146s] -- Installing: /home/amandarln/ros_ws/install/flatfish_ros_efuse_serial/include/flatfish_ros_efuse_serial/flatfish_ros_efuse_serial/srv/detail/set_channel_on__builder.hpp
[4.146s] -- Installing: /home/amandarln/ros_ws/install/flatfish_ros_efuse_serial/include/flatfish_ros_efuse_serial/flatfish_ros_efuse_serial/srv/detail/set_channels_on__traits.hpp
[4.146s] -- Installing: /home/amandarln/ros_ws/install/flatfish_ros_efuse_serial/include/flatfish_ros_efuse_serial/flatfish_ros_efuse_serial/srv/reset_board.hpp
[4.146s] -- Up-to-date: /home/amandarln/ros_ws/install/flatfish_ros_efuse_serial/include/flatfish_ros_efuse_serial/flatfish_ros_efuse_serial/msg
[4.146s] -- Installing: /home/amandarln/ros_ws/install/flatfish_ros_efuse_serial/include/flatfish_ros_efuse_serial/flatfish_ros_efuse_serial/msg/board.hpp
[4.147s] -- Installing: /home/amandarln/ros_ws/install/flatfish_ros_efuse_serial/include/flatfish_ros_efuse_serial/flatfish_ros_efuse_serial/msg/board_array.hpp
[4.147s] -- Installing: /home/amandarln/ros_ws/install/flatfish_ros_efuse_serial/include/flatfish_ros_efuse_serial/flatfish_ros_efuse_serial/msg/status_board.hpp
[4.147s] -- Up-to-date: /home/amandarln/ros_ws/install/flatfish_ros_efuse_serial/include/flatfish_ros_efuse_serial/flatfish_ros_efuse_serial/msg/detail
[4.147s] -- Installing: /home/amandarln/ros_ws/install/flatfish_ros_efuse_serial/include/flatfish_ros_efuse_serial/flatfish_ros_efuse_serial/msg/detail/cmd_channel__struct.hpp
[4.147s] -- Installing: /home/amandarln/ros_ws/install/flatfish_ros_efuse_serial/include/flatfish_ros_efuse_serial/flatfish_ros_efuse_serial/msg/detail/board_array__struct.hpp
[4.147s] -- Installing: /home/amandarln/ros_ws/install/flatfish_ros_efuse_serial/include/flatfish_ros_efuse_serial/flatfish_ros_efuse_serial/msg/detail/cmd_channel__builder.hpp
[4.147s] -- Installing: /home/amandarln/ros_ws/install/flatfish_ros_efuse_serial/include/flatfish_ros_efuse_serial/flatfish_ros_efuse_serial/msg/detail/board__builder.hpp
[4.147s] -- Installing: /home/amandarln/ros_ws/install/flatfish_ros_efuse_serial/include/flatfish_ros_efuse_serial/flatfish_ros_efuse_serial/msg/detail/status_board__struct.hpp
[4.147s] -- Installing: /home/amandarln/ros_ws/install/flatfish_ros_efuse_serial/include/flatfish_ros_efuse_serial/flatfish_ros_efuse_serial/msg/detail/status_board_array__builder.hpp
[4.147s] -- Installing: /home/amandarln/ros_ws/install/flatfish_ros_efuse_serial/include/flatfish_ros_efuse_serial/flatfish_ros_efuse_serial/msg/detail/status_board__traits.hpp
[4.148s] -- Installing: /home/amandarln/ros_ws/install/flatfish_ros_efuse_serial/include/flatfish_ros_efuse_serial/flatfish_ros_efuse_serial/msg/detail/board_array__builder.hpp
[4.148s] -- Installing: /home/amandarln/ros_ws/install/flatfish_ros_efuse_serial/include/flatfish_ros_efuse_serial/flatfish_ros_efuse_serial/msg/detail/board__struct.hpp
[4.148s] -- Installing: /home/amandarln/ros_ws/install/flatfish_ros_efuse_serial/include/flatfish_ros_efuse_serial/flatfish_ros_efuse_serial/msg/detail/status_board__builder.hpp
[4.148s] -- Installing: /home/amandarln/ros_ws/install/flatfish_ros_efuse_serial/include/flatfish_ros_efuse_serial/flatfish_ros_efuse_serial/msg/detail/status_channel__traits.hpp
[4.148s] -- Installing: /home/amandarln/ros_ws/install/flatfish_ros_efuse_serial/include/flatfish_ros_efuse_serial/flatfish_ros_efuse_serial/msg/detail/board_array__traits.hpp
[4.148s] -- Installing: /home/amandarln/ros_ws/install/flatfish_ros_efuse_serial/include/flatfish_ros_efuse_serial/flatfish_ros_efuse_serial/msg/detail/cmd_channel__traits.hpp
[4.148s] -- Installing: /home/amandarln/ros_ws/install/flatfish_ros_efuse_serial/include/flatfish_ros_efuse_serial/flatfish_ros_efuse_serial/msg/detail/status_board_array__traits.hpp
[4.148s] -- Installing: /home/amandarln/ros_ws/install/flatfish_ros_efuse_serial/include/flatfish_ros_efuse_serial/flatfish_ros_efuse_serial/msg/detail/board__traits.hpp
[4.148s] -- Installing: /home/amandarln/ros_ws/install/flatfish_ros_efuse_serial/include/flatfish_ros_efuse_serial/flatfish_ros_efuse_serial/msg/detail/status_channel__struct.hpp
[4.148s] -- Installing: /home/amandarln/ros_ws/install/flatfish_ros_efuse_serial/include/flatfish_ros_efuse_serial/flatfish_ros_efuse_serial/msg/detail/status_board_array__struct.hpp
[4.148s] -- Installing: /home/amandarln/ros_ws/install/flatfish_ros_efuse_serial/include/flatfish_ros_efuse_serial/flatfish_ros_efuse_serial/msg/detail/status_channel__builder.hpp
[4.149s] -- Installing: /home/amandarln/ros_ws/install/flatfish_ros_efuse_serial/include/flatfish_ros_efuse_serial/flatfish_ros_efuse_serial/msg/status_channel.hpp
[4.149s] -- Installing: /home/amandarln/ros_ws/install/flatfish_ros_efuse_serial/include/flatfish_ros_efuse_serial/flatfish_ros_efuse_serial/msg/cmd_channel.hpp
[4.149s] -- Installing: /home/amandarln/ros_ws/install/flatfish_ros_efuse_serial/include/flatfish_ros_efuse_serial/flatfish_ros_efuse_serial/msg/status_board_array.hpp
[4.149s] -- Up-to-date: /home/amandarln/ros_ws/install/flatfish_ros_efuse_serial/include/flatfish_ros_efuse_serial/flatfish_ros_efuse_serial
[4.149s] -- Up-to-date: /home/amandarln/ros_ws/install/flatfish_ros_efuse_serial/include/flatfish_ros_efuse_serial/flatfish_ros_efuse_serial/srv
[4.149s] -- Up-to-date: /home/amandarln/ros_ws/install/flatfish_ros_efuse_serial/include/flatfish_ros_efuse_serial/flatfish_ros_efuse_serial/srv/detail
[4.149s] -- Installing: /home/amandarln/ros_ws/install/flatfish_ros_efuse_serial/include/flatfish_ros_efuse_serial/flatfish_ros_efuse_serial/srv/detail/dds_fastrtps
[4.149s] -- Installing: /home/amandarln/ros_ws/install/flatfish_ros_efuse_serial/include/flatfish_ros_efuse_serial/flatfish_ros_efuse_serial/srv/detail/set_channel_on__rosidl_typesupport_fastrtps_cpp.hpp
[4.149s] -- Installing: /home/amandarln/ros_ws/install/flatfish_ros_efuse_serial/include/flatfish_ros_efuse_serial/flatfish_ros_efuse_serial/srv/detail/set_channels_on__rosidl_typesupport_fastrtps_cpp.hpp
[4.149s] -- Installing: /home/amandarln/ros_ws/install/flatfish_ros_efuse_serial/include/flatfish_ros_efuse_serial/flatfish_ros_efuse_serial/srv/detail/set_max_current__rosidl_typesupport_fastrtps_cpp.hpp
[4.149s] -- Installing: /home/amandarln/ros_ws/install/flatfish_ros_efuse_serial/include/flatfish_ros_efuse_serial/flatfish_ros_efuse_serial/srv/detail/default_power_up__rosidl_typesupport_fastrtps_cpp.hpp
[4.149s] -- Installing: /home/amandarln/ros_ws/install/flatfish_ros_efuse_serial/include/flatfish_ros_efuse_serial/flatfish_ros_efuse_serial/srv/detail/reset_board__rosidl_typesupport_fastrtps_cpp.hpp
[4.150s] -- Up-to-date: /home/amandarln/ros_ws/install/flatfish_ros_efuse_serial/include/flatfish_ros_efuse_serial/flatfish_ros_efuse_serial/msg
[4.150s] -- Up-to-date: /home/amandarln/ros_ws/install/flatfish_ros_efuse_serial/include/flatfish_ros_efuse_serial/flatfish_ros_efuse_serial/msg/detail
[4.150s] -- Installing: /home/amandarln/ros_ws/install/flatfish_ros_efuse_serial/include/flatfish_ros_efuse_serial/flatfish_ros_efuse_serial/msg/detail/status_board__rosidl_typesupport_fastrtps_cpp.hpp
[4.150s] -- Installing: /home/amandarln/ros_ws/install/flatfish_ros_efuse_serial/include/flatfish_ros_efuse_serial/flatfish_ros_efuse_serial/msg/detail/board_array__rosidl_typesupport_fastrtps_cpp.hpp
[4.150s] -- Installing: /home/amandarln/ros_ws/install/flatfish_ros_efuse_serial/include/flatfish_ros_efuse_serial/flatfish_ros_efuse_serial/msg/detail/status_channel__rosidl_typesupport_fastrtps_cpp.hpp
[4.150s] -- Installing: /home/amandarln/ros_ws/install/flatfish_ros_efuse_serial/include/flatfish_ros_efuse_serial/flatfish_ros_efuse_serial/msg/detail/cmd_channel__rosidl_typesupport_fastrtps_cpp.hpp
[4.150s] -- Installing: /home/amandarln/ros_ws/install/flatfish_ros_efuse_serial/include/flatfish_ros_efuse_serial/flatfish_ros_efuse_serial/msg/detail/dds_fastrtps
[4.150s] -- Installing: /home/amandarln/ros_ws/install/flatfish_ros_efuse_serial/include/flatfish_ros_efuse_serial/flatfish_ros_efuse_serial/msg/detail/status_board_array__rosidl_typesupport_fastrtps_cpp.hpp
[4.150s] -- Installing: /home/amandarln/ros_ws/install/flatfish_ros_efuse_serial/include/flatfish_ros_efuse_serial/flatfish_ros_efuse_serial/msg/detail/board__rosidl_typesupport_fastrtps_cpp.hpp
[4.150s] -- Installing: /home/amandarln/ros_ws/install/flatfish_ros_efuse_serial/include/flatfish_ros_efuse_serial/flatfish_ros_efuse_serial/msg/rosidl_typesupport_fastrtps_cpp__visibility_control.h
[4.150s] -- Installing: /home/amandarln/ros_ws/install/flatfish_ros_efuse_serial/lib/libflatfish_ros_efuse_serial__rosidl_typesupport_fastrtps_cpp.so
[4.151s] -- Set runtime path of "/home/amandarln/ros_ws/install/flatfish_ros_efuse_serial/lib/libflatfish_ros_efuse_serial__rosidl_typesupport_fastrtps_cpp.so" to ""
[4.151s] -- Up-to-date: /home/amandarln/ros_ws/install/flatfish_ros_efuse_serial/include/flatfish_ros_efuse_serial/flatfish_ros_efuse_serial
[4.151s] -- Up-to-date: /home/amandarln/ros_ws/install/flatfish_ros_efuse_serial/include/flatfish_ros_efuse_serial/flatfish_ros_efuse_serial/srv
[4.151s] -- Up-to-date: /home/amandarln/ros_ws/install/flatfish_ros_efuse_serial/include/flatfish_ros_efuse_serial/flatfish_ros_efuse_serial/srv/detail
[4.151s] -- Installing: /home/amandarln/ros_ws/install/flatfish_ros_efuse_serial/include/flatfish_ros_efuse_serial/flatfish_ros_efuse_serial/srv/detail/set_channel_on__type_support.c
[4.152s] -- Installing: /home/amandarln/ros_ws/install/flatfish_ros_efuse_serial/include/flatfish_ros_efuse_serial/flatfish_ros_efuse_serial/srv/detail/set_channels_on__rosidl_typesupport_introspection_c.h
[4.152s] -- Installing: /home/amandarln/ros_ws/install/flatfish_ros_efuse_serial/include/flatfish_ros_efuse_serial/flatfish_ros_efuse_serial/srv/detail/reset_board__rosidl_typesupport_introspection_c.h
[4.152s] -- Installing: /home/amandarln/ros_ws/install/flatfish_ros_efuse_serial/include/flatfish_ros_efuse_serial/flatfish_ros_efuse_serial/srv/detail/set_channel_on__rosidl_typesupport_introspection_c.h
[4.152s] -- Installing: /home/amandarln/ros_ws/install/flatfish_ros_efuse_serial/include/flatfish_ros_efuse_serial/flatfish_ros_efuse_serial/srv/detail/set_max_current__type_support.c
[4.152s] -- Installing: /home/amandarln/ros_ws/install/flatfish_ros_efuse_serial/include/flatfish_ros_efuse_serial/flatfish_ros_efuse_serial/srv/detail/set_max_current__rosidl_typesupport_introspection_c.h
[4.152s] -- Installing: /home/amandarln/ros_ws/install/flatfish_ros_efuse_serial/include/flatfish_ros_efuse_serial/flatfish_ros_efuse_serial/srv/detail/reset_board__type_support.c
[4.152s] -- Installing: /home/amandarln/ros_ws/install/flatfish_ros_efuse_serial/include/flatfish_ros_efuse_serial/flatfish_ros_efuse_serial/srv/detail/set_channels_on__type_support.c
[4.152s] -- Installing: /home/amandarln/ros_ws/install/flatfish_ros_efuse_serial/include/flatfish_ros_efuse_serial/flatfish_ros_efuse_serial/srv/detail/default_power_up__rosidl_typesupport_introspection_c.h
[4.152s] -- Installing: /home/amandarln/ros_ws/install/flatfish_ros_efuse_serial/include/flatfish_ros_efuse_serial/flatfish_ros_efuse_serial/srv/detail/default_power_up__type_support.c
[4.152s] -- Up-to-date: /home/amandarln/ros_ws/install/flatfish_ros_efuse_serial/include/flatfish_ros_efuse_serial/flatfish_ros_efuse_serial/msg
[4.153s] -- Up-to-date: /home/amandarln/ros_ws/install/flatfish_ros_efuse_serial/include/flatfish_ros_efuse_serial/flatfish_ros_efuse_serial/msg/detail
[4.153s] -- Installing: /home/amandarln/ros_ws/install/flatfish_ros_efuse_serial/include/flatfish_ros_efuse_serial/flatfish_ros_efuse_serial/msg/detail/board_array__type_support.c
[4.153s] -- Installing: /home/amandarln/ros_ws/install/flatfish_ros_efuse_serial/include/flatfish_ros_efuse_serial/flatfish_ros_efuse_serial/msg/detail/status_channel__type_support.c
[4.153s] -- Installing: /home/amandarln/ros_ws/install/flatfish_ros_efuse_serial/include/flatfish_ros_efuse_serial/flatfish_ros_efuse_serial/msg/detail/board__type_support.c
[4.153s] -- Installing: /home/amandarln/ros_ws/install/flatfish_ros_efuse_serial/include/flatfish_ros_efuse_serial/flatfish_ros_efuse_serial/msg/detail/status_board__type_support.c
[4.153s] -- Installing: /home/amandarln/ros_ws/install/flatfish_ros_efuse_serial/include/flatfish_ros_efuse_serial/flatfish_ros_efuse_serial/msg/detail/cmd_channel__type_support.c
[4.153s] -- Installing: /home/amandarln/ros_ws/install/flatfish_ros_efuse_serial/include/flatfish_ros_efuse_serial/flatfish_ros_efuse_serial/msg/detail/status_board__rosidl_typesupport_introspection_c.h
[4.153s] -- Installing: /home/amandarln/ros_ws/install/flatfish_ros_efuse_serial/include/flatfish_ros_efuse_serial/flatfish_ros_efuse_serial/msg/detail/board__rosidl_typesupport_introspection_c.h
[4.153s] -- Installing: /home/amandarln/ros_ws/install/flatfish_ros_efuse_serial/include/flatfish_ros_efuse_serial/flatfish_ros_efuse_serial/msg/detail/cmd_channel__rosidl_typesupport_introspection_c.h
[4.153s] -- Installing: /home/amandarln/ros_ws/install/flatfish_ros_efuse_serial/include/flatfish_ros_efuse_serial/flatfish_ros_efuse_serial/msg/detail/status_board_array__rosidl_typesupport_introspection_c.h
[4.153s] -- Installing: /home/amandarln/ros_ws/install/flatfish_ros_efuse_serial/include/flatfish_ros_efuse_serial/flatfish_ros_efuse_serial/msg/detail/board_array__rosidl_typesupport_introspection_c.h
[4.154s] -- Installing: /home/amandarln/ros_ws/install/flatfish_ros_efuse_serial/include/flatfish_ros_efuse_serial/flatfish_ros_efuse_serial/msg/detail/status_channel__rosidl_typesupport_introspection_c.h
[4.154s] -- Installing: /home/amandarln/ros_ws/install/flatfish_ros_efuse_serial/include/flatfish_ros_efuse_serial/flatfish_ros_efuse_serial/msg/detail/status_board_array__type_support.c
[4.154s] -- Installing: /home/amandarln/ros_ws/install/flatfish_ros_efuse_serial/include/flatfish_ros_efuse_serial/flatfish_ros_efuse_serial/msg/rosidl_typesupport_introspection_c__visibility_control.h
[4.154s] -- Installing: /home/amandarln/ros_ws/install/flatfish_ros_efuse_serial/lib/libflatfish_ros_efuse_serial__rosidl_typesupport_introspection_c.so
[4.154s] -- Set runtime path of "/home/amandarln/ros_ws/install/flatfish_ros_efuse_serial/lib/libflatfish_ros_efuse_serial__rosidl_typesupport_introspection_c.so" to ""
[4.155s] -- Installing: /home/amandarln/ros_ws/install/flatfish_ros_efuse_serial/lib/libflatfish_ros_efuse_serial__rosidl_typesupport_c.so
[4.155s] -- Set runtime path of "/home/amandarln/ros_ws/install/flatfish_ros_efuse_serial/lib/libflatfish_ros_efuse_serial__rosidl_typesupport_c.so" to ""
[4.155s] -- Up-to-date: /home/amandarln/ros_ws/install/flatfish_ros_efuse_serial/include/flatfish_ros_efuse_serial/flatfish_ros_efuse_serial
[4.155s] -- Up-to-date: /home/amandarln/ros_ws/install/flatfish_ros_efuse_serial/include/flatfish_ros_efuse_serial/flatfish_ros_efuse_serial/srv
[4.155s] -- Up-to-date: /home/amandarln/ros_ws/install/flatfish_ros_efuse_serial/include/flatfish_ros_efuse_serial/flatfish_ros_efuse_serial/srv/detail
[4.155s] -- Installing: /home/amandarln/ros_ws/install/flatfish_ros_efuse_serial/include/flatfish_ros_efuse_serial/flatfish_ros_efuse_serial/srv/detail/set_channel_on__type_support.cpp
[4.155s] -- Installing: /home/amandarln/ros_ws/install/flatfish_ros_efuse_serial/include/flatfish_ros_efuse_serial/flatfish_ros_efuse_serial/srv/detail/set_max_current__type_support.cpp
[4.155s] -- Installing: /home/amandarln/ros_ws/install/flatfish_ros_efuse_serial/include/flatfish_ros_efuse_serial/flatfish_ros_efuse_serial/srv/detail/reset_board__rosidl_typesupport_introspection_cpp.hpp
[4.155s] -- Installing: /home/amandarln/ros_ws/install/flatfish_ros_efuse_serial/include/flatfish_ros_efuse_serial/flatfish_ros_efuse_serial/srv/detail/default_power_up__rosidl_typesupport_introspection_cpp.hpp
[4.156s] -- Installing: /home/amandarln/ros_ws/install/flatfish_ros_efuse_serial/include/flatfish_ros_efuse_serial/flatfish_ros_efuse_serial/srv/detail/set_max_current__rosidl_typesupport_introspection_cpp.hpp
[4.156s] -- Installing: /home/amandarln/ros_ws/install/flatfish_ros_efuse_serial/include/flatfish_ros_efuse_serial/flatfish_ros_efuse_serial/srv/detail/set_channel_on__rosidl_typesupport_introspection_cpp.hpp
[4.156s] -- Installing: /home/amandarln/ros_ws/install/flatfish_ros_efuse_serial/include/flatfish_ros_efuse_serial/flatfish_ros_efuse_serial/srv/detail/default_power_up__type_support.cpp
[4.156s] -- Installing: /home/amandarln/ros_ws/install/flatfish_ros_efuse_serial/include/flatfish_ros_efuse_serial/flatfish_ros_efuse_serial/srv/detail/set_channels_on__rosidl_typesupport_introspection_cpp.hpp
[4.156s] -- Installing: /home/amandarln/ros_ws/install/flatfish_ros_efuse_serial/include/flatfish_ros_efuse_serial/flatfish_ros_efuse_serial/srv/detail/reset_board__type_support.cpp
[4.156s] -- Installing: /home/amandarln/ros_ws/install/flatfish_ros_efuse_serial/include/flatfish_ros_efuse_serial/flatfish_ros_efuse_serial/srv/detail/set_channels_on__type_support.cpp
[4.156s] -- Up-to-date: /home/amandarln/ros_ws/install/flatfish_ros_efuse_serial/include/flatfish_ros_efuse_serial/flatfish_ros_efuse_serial/msg
[4.156s] -- Up-to-date: /home/amandarln/ros_ws/install/flatfish_ros_efuse_serial/include/flatfish_ros_efuse_serial/flatfish_ros_efuse_serial/msg/detail
[4.156s] -- Installing: /home/amandarln/ros_ws/install/flatfish_ros_efuse_serial/include/flatfish_ros_efuse_serial/flatfish_ros_efuse_serial/msg/detail/status_board__rosidl_typesupport_introspection_cpp.hpp
[4.156s] -- Installing: /home/amandarln/ros_ws/install/flatfish_ros_efuse_serial/include/flatfish_ros_efuse_serial/flatfish_ros_efuse_serial/msg/detail/board_array__type_support.cpp
[4.157s] -- Installing: /home/amandarln/ros_ws/install/flatfish_ros_efuse_serial/include/flatfish_ros_efuse_serial/flatfish_ros_efuse_serial/msg/detail/status_board__type_support.cpp
[4.157s] -- Installing: /home/amandarln/ros_ws/install/flatfish_ros_efuse_serial/include/flatfish_ros_efuse_serial/flatfish_ros_efuse_serial/msg/detail/status_channel__rosidl_typesupport_introspection_cpp.hpp
[4.157s] -- Installing: /home/amandarln/ros_ws/install/flatfish_ros_efuse_serial/include/flatfish_ros_efuse_serial/flatfish_ros_efuse_serial/msg/detail/board__rosidl_typesupport_introspection_cpp.hpp
[4.157s] -- Installing: /home/amandarln/ros_ws/install/flatfish_ros_efuse_serial/include/flatfish_ros_efuse_serial/flatfish_ros_efuse_serial/msg/detail/board_array__rosidl_typesupport_introspection_cpp.hpp
[4.157s] -- Installing: /home/amandarln/ros_ws/install/flatfish_ros_efuse_serial/include/flatfish_ros_efuse_serial/flatfish_ros_efuse_serial/msg/detail/board__type_support.cpp
[4.157s] -- Installing: /home/amandarln/ros_ws/install/flatfish_ros_efuse_serial/include/flatfish_ros_efuse_serial/flatfish_ros_efuse_serial/msg/detail/cmd_channel__type_support.cpp
[4.157s] -- Installing: /home/amandarln/ros_ws/install/flatfish_ros_efuse_serial/include/flatfish_ros_efuse_serial/flatfish_ros_efuse_serial/msg/detail/status_board_array__rosidl_typesupport_introspection_cpp.hpp
[4.157s] -- Installing: /home/amandarln/ros_ws/install/flatfish_ros_efuse_serial/include/flatfish_ros_efuse_serial/flatfish_ros_efuse_serial/msg/detail/cmd_channel__rosidl_typesupport_introspection_cpp.hpp
[4.157s] -- Installing: /home/amandarln/ros_ws/install/flatfish_ros_efuse_serial/include/flatfish_ros_efuse_serial/flatfish_ros_efuse_serial/msg/detail/status_board_array__type_support.cpp
[4.157s] -- Installing: /home/amandarln/ros_ws/install/flatfish_ros_efuse_serial/include/flatfish_ros_efuse_serial/flatfish_ros_efuse_serial/msg/detail/status_channel__type_support.cpp
[4.158s] -- Installing: /home/amandarln/ros_ws/install/flatfish_ros_efuse_serial/lib/libflatfish_ros_efuse_serial__rosidl_typesupport_introspection_cpp.so
[4.159s] -- Set runtime path of "/home/amandarln/ros_ws/install/flatfish_ros_efuse_serial/lib/libflatfish_ros_efuse_serial__rosidl_typesupport_introspection_cpp.so" to ""
[4.159s] -- Installing: /home/amandarln/ros_ws/install/flatfish_ros_efuse_serial/lib/libflatfish_ros_efuse_serial__rosidl_typesupport_cpp.so
[4.159s] -- Set runtime path of "/home/amandarln/ros_ws/install/flatfish_ros_efuse_serial/lib/libflatfish_ros_efuse_serial__rosidl_typesupport_cpp.so" to ""
[4.159s] -- Installing: /home/amandarln/ros_ws/install/flatfish_ros_efuse_serial/share/flatfish_ros_efuse_serial/environment/pythonpath.sh
[4.159s] -- Installing: /home/amandarln/ros_ws/install/flatfish_ros_efuse_serial/share/flatfish_ros_efuse_serial/environment/pythonpath.dsv
[4.160s] -- Installing: /home/amandarln/ros_ws/install/flatfish_ros_efuse_serial/local/lib/python3.10/dist-packages/flatfish_ros_efuse_serial-0.0.0-py3.10.egg-info
[4.160s] -- Installing: /home/amandarln/ros_ws/install/flatfish_ros_efuse_serial/local/lib/python3.10/dist-packages/flatfish_ros_efuse_serial-0.0.0-py3.10.egg-info/top_level.txt
[4.160s] -- Installing: /home/amandarln/ros_ws/install/flatfish_ros_efuse_serial/local/lib/python3.10/dist-packages/flatfish_ros_efuse_serial-0.0.0-py3.10.egg-info/PKG-INFO
[4.160s] -- Installing: /home/amandarln/ros_ws/install/flatfish_ros_efuse_serial/local/lib/python3.10/dist-packages/flatfish_ros_efuse_serial-0.0.0-py3.10.egg-info/SOURCES.txt
[4.160s] -- Installing: /home/amandarln/ros_ws/install/flatfish_ros_efuse_serial/local/lib/python3.10/dist-packages/flatfish_ros_efuse_serial-0.0.0-py3.10.egg-info/dependency_links.txt
[4.160s] -- Installing: /home/amandarln/ros_ws/install/flatfish_ros_efuse_serial/local/lib/python3.10/dist-packages/flatfish_ros_efuse_serial
[4.160s] -- Installing: /home/amandarln/ros_ws/install/flatfish_ros_efuse_serial/local/lib/python3.10/dist-packages/flatfish_ros_efuse_serial/__init__.py
[4.161s] -- Installing: /home/amandarln/ros_ws/install/flatfish_ros_efuse_serial/local/lib/python3.10/dist-packages/flatfish_ros_efuse_serial/_flatfish_ros_efuse_serial_s.ep.rosidl_typesupport_c.c
[4.161s] -- Installing: /home/amandarln/ros_ws/install/flatfish_ros_efuse_serial/local/lib/python3.10/dist-packages/flatfish_ros_efuse_serial/_flatfish_ros_efuse_serial_s.ep.rosidl_typesupport_fastrtps_c.c
[4.161s] -- Installing: /home/amandarln/ros_ws/install/flatfish_ros_efuse_serial/local/lib/python3.10/dist-packages/flatfish_ros_efuse_serial/flatfish_ros_efuse_serial_s__rosidl_typesupport_c.cpython-310-x86_64-linux-gnu.so
[4.161s] -- Installing: /home/amandarln/ros_ws/install/flatfish_ros_efuse_serial/local/lib/python3.10/dist-packages/flatfish_ros_efuse_serial/flatfish_ros_efuse_serial_s__rosidl_typesupport_introspection_c.cpython-310-x86_64-linux-gnu.so
[4.161s] -- Installing: /home/amandarln/ros_ws/install/flatfish_ros_efuse_serial/local/lib/python3.10/dist-packages/flatfish_ros_efuse_serial/libflatfish_ros_efuse_serial__rosidl_generator_py.so
[4.161s] -- Installing: /home/amandarln/ros_ws/install/flatfish_ros_efuse_serial/local/lib/python3.10/dist-packages/flatfish_ros_efuse_serial/srv
[4.162s] -- Installing: /home/amandarln/ros_ws/install/flatfish_ros_efuse_serial/local/lib/python3.10/dist-packages/flatfish_ros_efuse_serial/srv/__init__.py
[4.162s] -- Installing: /home/amandarln/ros_ws/install/flatfish_ros_efuse_serial/local/lib/python3.10/dist-packages/flatfish_ros_efuse_serial/srv/_set_max_current.py
[4.162s] -- Installing: /home/amandarln/ros_ws/install/flatfish_ros_efuse_serial/local/lib/python3.10/dist-packages/flatfish_ros_efuse_serial/srv/_set_channels_on.py
[4.162s] -- Installing: /home/amandarln/ros_ws/install/flatfish_ros_efuse_serial/local/lib/python3.10/dist-packages/flatfish_ros_efuse_serial/srv/_reset_board_s.c
[4.162s] -- Installing: /home/amandarln/ros_ws/install/flatfish_ros_efuse_serial/local/lib/python3.10/dist-packages/flatfish_ros_efuse_serial/srv/_set_channel_on_s.c
[4.163s] -- Installing: /home/amandarln/ros_ws/install/flatfish_ros_efuse_serial/local/lib/python3.10/dist-packages/flatfish_ros_efuse_serial/srv/_set_channels_on_s.c
[4.163s] -- Installing: /home/amandarln/ros_ws/install/flatfish_ros_efuse_serial/local/lib/python3.10/dist-packages/flatfish_ros_efuse_serial/srv/_default_power_up_s.c
[4.163s] -- Installing: /home/amandarln/ros_ws/install/flatfish_ros_efuse_serial/local/lib/python3.10/dist-packages/flatfish_ros_efuse_serial/srv/_default_power_up.py
[4.163s] -- Installing: /home/amandarln/ros_ws/install/flatfish_ros_efuse_serial/local/lib/python3.10/dist-packages/flatfish_ros_efuse_serial/srv/_set_max_current_s.c
[4.163s] -- Installing: /home/amandarln/ros_ws/install/flatfish_ros_efuse_serial/local/lib/python3.10/dist-packages/flatfish_ros_efuse_serial/srv/_set_channel_on.py
[4.163s] -- Installing: /home/amandarln/ros_ws/install/flatfish_ros_efuse_serial/local/lib/python3.10/dist-packages/flatfish_ros_efuse_serial/srv/_reset_board.py
[4.163s] -- Installing: /home/amandarln/ros_ws/install/flatfish_ros_efuse_serial/local/lib/python3.10/dist-packages/flatfish_ros_efuse_serial/_flatfish_ros_efuse_serial_s.ep.rosidl_typesupport_introspection_c.c
[4.163s] -- Installing: /home/amandarln/ros_ws/install/flatfish_ros_efuse_serial/local/lib/python3.10/dist-packages/flatfish_ros_efuse_serial/msg
[4.163s] -- Installing: /home/amandarln/ros_ws/install/flatfish_ros_efuse_serial/local/lib/python3.10/dist-packages/flatfish_ros_efuse_serial/msg/_status_channel_s.c
[4.164s] -- Installing: /home/amandarln/ros_ws/install/flatfish_ros_efuse_serial/local/lib/python3.10/dist-packages/flatfish_ros_efuse_serial/msg/__init__.py
[4.164s] -- Installing: /home/amandarln/ros_ws/install/flatfish_ros_efuse_serial/local/lib/python3.10/dist-packages/flatfish_ros_efuse_serial/msg/_status_board_array_s.c
[4.164s] -- Installing: /home/amandarln/ros_ws/install/flatfish_ros_efuse_serial/local/lib/python3.10/dist-packages/flatfish_ros_efuse_serial/msg/_status_board_s.c
[4.164s] -- Installing: /home/amandarln/ros_ws/install/flatfish_ros_efuse_serial/local/lib/python3.10/dist-packages/flatfish_ros_efuse_serial/msg/_cmd_channel.py
[4.164s] -- Installing: /home/amandarln/ros_ws/install/flatfish_ros_efuse_serial/local/lib/python3.10/dist-packages/flatfish_ros_efuse_serial/msg/_board.py
[4.164s] -- Installing: /home/amandarln/ros_ws/install/flatfish_ros_efuse_serial/local/lib/python3.10/dist-packages/flatfish_ros_efuse_serial/msg/_cmd_channel_s.c
[4.164s] -- Installing: /home/amandarln/ros_ws/install/flatfish_ros_efuse_serial/local/lib/python3.10/dist-packages/flatfish_ros_efuse_serial/msg/_status_board_array.py
[4.164s] -- Installing: /home/amandarln/ros_ws/install/flatfish_ros_efuse_serial/local/lib/python3.10/dist-packages/flatfish_ros_efuse_serial/msg/_board_s.c
[4.164s] -- Installing: /home/amandarln/ros_ws/install/flatfish_ros_efuse_serial/local/lib/python3.10/dist-packages/flatfish_ros_efuse_serial/msg/_status_board.py
[4.164s] -- Installing: /home/amandarln/ros_ws/install/flatfish_ros_efuse_serial/local/lib/python3.10/dist-packages/flatfish_ros_efuse_serial/msg/_board_array.py
[4.165s] -- Installing: /home/amandarln/ros_ws/install/flatfish_ros_efuse_serial/local/lib/python3.10/dist-packages/flatfish_ros_efuse_serial/msg/_board_array_s.c
[4.165s] -- Installing: /home/amandarln/ros_ws/install/flatfish_ros_efuse_serial/local/lib/python3.10/dist-packages/flatfish_ros_efuse_serial/msg/_status_channel.py
[4.165s] -- Installing: /home/amandarln/ros_ws/install/flatfish_ros_efuse_serial/local/lib/python3.10/dist-packages/flatfish_ros_efuse_serial/flatfish_ros_efuse_serial_s__rosidl_typesupport_fastrtps_c.cpython-310-x86_64-linux-gnu.so
[4.217s] Listing '/home/amandarln/ros_ws/install/flatfish_ros_efuse_serial/local/lib/python3.10/dist-packages/flatfish_ros_efuse_serial'...
[4.217s] Compiling '/home/amandarln/ros_ws/install/flatfish_ros_efuse_serial/local/lib/python3.10/dist-packages/flatfish_ros_efuse_serial/__init__.py'...
[4.217s] Listing '/home/amandarln/ros_ws/install/flatfish_ros_efuse_serial/local/lib/python3.10/dist-packages/flatfish_ros_efuse_serial/msg'...
[4.217s] Compiling '/home/amandarln/ros_ws/install/flatfish_ros_efuse_serial/local/lib/python3.10/dist-packages/flatfish_ros_efuse_serial/msg/__init__.py'...
[4.217s] Compiling '/home/amandarln/ros_ws/install/flatfish_ros_efuse_serial/local/lib/python3.10/dist-packages/flatfish_ros_efuse_serial/msg/_board.py'...
[4.218s] Compiling '/home/amandarln/ros_ws/install/flatfish_ros_efuse_serial/local/lib/python3.10/dist-packages/flatfish_ros_efuse_serial/msg/_board_array.py'...
[4.218s] Compiling '/home/amandarln/ros_ws/install/flatfish_ros_efuse_serial/local/lib/python3.10/dist-packages/flatfish_ros_efuse_serial/msg/_cmd_channel.py'...
[4.218s] Compiling '/home/amandarln/ros_ws/install/flatfish_ros_efuse_serial/local/lib/python3.10/dist-packages/flatfish_ros_efuse_serial/msg/_status_board.py'...
[4.218s] Compiling '/home/amandarln/ros_ws/install/flatfish_ros_efuse_serial/local/lib/python3.10/dist-packages/flatfish_ros_efuse_serial/msg/_status_board_array.py'...
[4.218s] Compiling '/home/amandarln/ros_ws/install/flatfish_ros_efuse_serial/local/lib/python3.10/dist-packages/flatfish_ros_efuse_serial/msg/_status_channel.py'...
[4.218s] Listing '/home/amandarln/ros_ws/install/flatfish_ros_efuse_serial/local/lib/python3.10/dist-packages/flatfish_ros_efuse_serial/srv'...
[4.218s] Compiling '/home/amandarln/ros_ws/install/flatfish_ros_efuse_serial/local/lib/python3.10/dist-packages/flatfish_ros_efuse_serial/srv/__init__.py'...
[4.218s] Compiling '/home/amandarln/ros_ws/install/flatfish_ros_efuse_serial/local/lib/python3.10/dist-packages/flatfish_ros_efuse_serial/srv/_default_power_up.py'...
[4.218s] Compiling '/home/amandarln/ros_ws/install/flatfish_ros_efuse_serial/local/lib/python3.10/dist-packages/flatfish_ros_efuse_serial/srv/_reset_board.py'...
[4.218s] Compiling '/home/amandarln/ros_ws/install/flatfish_ros_efuse_serial/local/lib/python3.10/dist-packages/flatfish_ros_efuse_serial/srv/_set_channel_on.py'...
[4.218s] Compiling '/home/amandarln/ros_ws/install/flatfish_ros_efuse_serial/local/lib/python3.10/dist-packages/flatfish_ros_efuse_serial/srv/_set_channels_on.py'...
[4.218s] Compiling '/home/amandarln/ros_ws/install/flatfish_ros_efuse_serial/local/lib/python3.10/dist-packages/flatfish_ros_efuse_serial/srv/_set_max_current.py'...
[4.222s] -- Installing: /home/amandarln/ros_ws/install/flatfish_ros_efuse_serial/local/lib/python3.10/dist-packages/flatfish_ros_efuse_serial/flatfish_ros_efuse_serial_s__rosidl_typesupport_fastrtps_c.cpython-310-x86_64-linux-gnu.so
[4.222s] -- Set runtime path of "/home/amandarln/ros_ws/install/flatfish_ros_efuse_serial/local/lib/python3.10/dist-packages/flatfish_ros_efuse_serial/flatfish_ros_efuse_serial_s__rosidl_typesupport_fastrtps_c.cpython-310-x86_64-linux-gnu.so" to ""
[4.222s] -- Installing: /home/amandarln/ros_ws/install/flatfish_ros_efuse_serial/local/lib/python3.10/dist-packages/flatfish_ros_efuse_serial/flatfish_ros_efuse_serial_s__rosidl_typesupport_introspection_c.cpython-310-x86_64-linux-gnu.so
[4.223s] -- Set runtime path of "/home/amandarln/ros_ws/install/flatfish_ros_efuse_serial/local/lib/python3.10/dist-packages/flatfish_ros_efuse_serial/flatfish_ros_efuse_serial_s__rosidl_typesupport_introspection_c.cpython-310-x86_64-linux-gnu.so" to ""
[4.223s] -- Installing: /home/amandarln/ros_ws/install/flatfish_ros_efuse_serial/local/lib/python3.10/dist-packages/flatfish_ros_efuse_serial/flatfish_ros_efuse_serial_s__rosidl_typesupport_c.cpython-310-x86_64-linux-gnu.so
[4.223s] -- Set runtime path of "/home/amandarln/ros_ws/install/flatfish_ros_efuse_serial/local/lib/python3.10/dist-packages/flatfish_ros_efuse_serial/flatfish_ros_efuse_serial_s__rosidl_typesupport_c.cpython-310-x86_64-linux-gnu.so" to ""
[4.223s] -- Installing: /home/amandarln/ros_ws/install/flatfish_ros_efuse_serial/lib/libflatfish_ros_efuse_serial__rosidl_generator_py.so
[4.223s] -- Set runtime path of "/home/amandarln/ros_ws/install/flatfish_ros_efuse_serial/lib/libflatfish_ros_efuse_serial__rosidl_generator_py.so" to ""
[4.224s] -- Installing: /home/amandarln/ros_ws/install/flatfish_ros_efuse_serial/share/flatfish_ros_efuse_serial/msg/Board.idl
[4.224s] -- Installing: /home/amandarln/ros_ws/install/flatfish_ros_efuse_serial/share/flatfish_ros_efuse_serial/msg/BoardArray.idl
[4.224s] -- Installing: /home/amandarln/ros_ws/install/flatfish_ros_efuse_serial/share/flatfish_ros_efuse_serial/msg/CmdChannel.idl
[4.224s] -- Installing: /home/amandarln/ros_ws/install/flatfish_ros_efuse_serial/share/flatfish_ros_efuse_serial/msg/StatusBoard.idl
[4.224s] -- Installing: /home/amandarln/ros_ws/install/flatfish_ros_efuse_serial/share/flatfish_ros_efuse_serial/msg/StatusBoardArray.idl
[4.224s] -- Installing: /home/amandarln/ros_ws/install/flatfish_ros_efuse_serial/share/flatfish_ros_efuse_serial/msg/StatusChannel.idl
[4.224s] -- Installing: /home/amandarln/ros_ws/install/flatfish_ros_efuse_serial/share/flatfish_ros_efuse_serial/srv/DefaultPowerUp.idl
[4.224s] -- Installing: /home/amandarln/ros_ws/install/flatfish_ros_efuse_serial/share/flatfish_ros_efuse_serial/srv/ResetBoard.idl
[4.224s] -- Installing: /home/amandarln/ros_ws/install/flatfish_ros_efuse_serial/share/flatfish_ros_efuse_serial/srv/SetChannelOn.idl
[4.224s] -- Installing: /home/amandarln/ros_ws/install/flatfish_ros_efuse_serial/share/flatfish_ros_efuse_serial/srv/SetChannelsOn.idl
[4.225s] -- Installing: /home/amandarln/ros_ws/install/flatfish_ros_efuse_serial/share/flatfish_ros_efuse_serial/srv/SetMaxCurrent.idl
[4.225s] -- Installing: /home/amandarln/ros_ws/install/flatfish_ros_efuse_serial/share/flatfish_ros_efuse_serial/msg/Board.msg
[4.225s] -- Installing: /home/amandarln/ros_ws/install/flatfish_ros_efuse_serial/share/flatfish_ros_efuse_serial/msg/BoardArray.msg
[4.225s] -- Installing: /home/amandarln/ros_ws/install/flatfish_ros_efuse_serial/share/flatfish_ros_efuse_serial/msg/CmdChannel.msg
[4.225s] -- Installing: /home/amandarln/ros_ws/install/flatfish_ros_efuse_serial/share/flatfish_ros_efuse_serial/msg/StatusBoard.msg
[4.225s] -- Installing: /home/amandarln/ros_ws/install/flatfish_ros_efuse_serial/share/flatfish_ros_efuse_serial/msg/StatusBoardArray.msg
[4.225s] -- Installing: /home/amandarln/ros_ws/install/flatfish_ros_efuse_serial/share/flatfish_ros_efuse_serial/msg/StatusChannel.msg
[4.225s] -- Installing: /home/amandarln/ros_ws/install/flatfish_ros_efuse_serial/share/flatfish_ros_efuse_serial/srv/DefaultPowerUp.srv
[4.226s] -- Installing: /home/amandarln/ros_ws/install/flatfish_ros_efuse_serial/share/flatfish_ros_efuse_serial/srv/DefaultPowerUp_Request.msg
[4.226s] -- Installing: /home/amandarln/ros_ws/install/flatfish_ros_efuse_serial/share/flatfish_ros_efuse_serial/srv/DefaultPowerUp_Response.msg
[4.226s] -- Installing: /home/amandarln/ros_ws/install/flatfish_ros_efuse_serial/share/flatfish_ros_efuse_serial/srv/ResetBoard.srv
[4.226s] -- Installing: /home/amandarln/ros_ws/install/flatfish_ros_efuse_serial/share/flatfish_ros_efuse_serial/srv/ResetBoard_Request.msg
[4.226s] -- Installing: /home/amandarln/ros_ws/install/flatfish_ros_efuse_serial/share/flatfish_ros_efuse_serial/srv/ResetBoard_Response.msg
[4.226s] -- Installing: /home/amandarln/ros_ws/install/flatfish_ros_efuse_serial/share/flatfish_ros_efuse_serial/srv/SetChannelOn.srv
[4.226s] -- Installing: /home/amandarln/ros_ws/install/flatfish_ros_efuse_serial/share/flatfish_ros_efuse_serial/srv/SetChannelOn_Request.msg
[4.226s] -- Installing: /home/amandarln/ros_ws/install/flatfish_ros_efuse_serial/share/flatfish_ros_efuse_serial/srv/SetChannelOn_Response.msg
[4.227s] -- Installing: /home/amandarln/ros_ws/install/flatfish_ros_efuse_serial/share/flatfish_ros_efuse_serial/srv/SetChannelsOn.srv
[4.227s] -- Installing: /home/amandarln/ros_ws/install/flatfish_ros_efuse_serial/share/flatfish_ros_efuse_serial/srv/SetChannelsOn_Request.msg
[4.227s] -- Installing: /home/amandarln/ros_ws/install/flatfish_ros_efuse_serial/share/flatfish_ros_efuse_serial/srv/SetChannelsOn_Response.msg
[4.227s] -- Installing: /home/amandarln/ros_ws/install/flatfish_ros_efuse_serial/share/flatfish_ros_efuse_serial/srv/SetMaxCurrent.srv
[4.227s] -- Installing: /home/amandarln/ros_ws/install/flatfish_ros_efuse_serial/share/flatfish_ros_efuse_serial/srv/SetMaxCurrent_Request.msg
[4.227s] -- Installing: /home/amandarln/ros_ws/install/flatfish_ros_efuse_serial/share/flatfish_ros_efuse_serial/srv/SetMaxCurrent_Response.msg
[4.227s] -- Installing: /home/amandarln/ros_ws/install/flatfish_ros_efuse_serial/share/flatfish_ros_efuse_serial/config
[4.227s] -- Installing: /home/amandarln/ros_ws/install/flatfish_ros_efuse_serial/share/flatfish_ros_efuse_serial/config/config.yaml
[4.228s] -- Installing: /home/amandarln/ros_ws/install/flatfish_ros_efuse_serial/share/flatfish_ros_efuse_serial/config/config_nav.yaml
[4.228s] -- Installing: /home/amandarln/ros_ws/install/flatfish_ros_efuse_serial/share/flatfish_ros_efuse_serial/config/config_payload.yaml
[4.228s] -- Installing: /home/amandarln/ros_ws/install/flatfish_ros_efuse_serial/share/flatfish_ros_efuse_serial/launch
[4.228s] -- Up-to-date: /home/amandarln/ros_ws/install/flatfish_ros_efuse_serial/include
[4.228s] -- Up-to-date: /home/amandarln/ros_ws/install/flatfish_ros_efuse_serial/include/flatfish_ros_efuse_serial
[4.228s] -- Installing: /home/amandarln/ros_ws/install/flatfish_ros_efuse_serial/include/flatfish_ros_efuse_serial/EFuseDriver.hpp
[4.228s] -- Installing: /home/amandarln/ros_ws/install/flatfish_ros_efuse_serial/include/flatfish_ros_efuse_serial/DataTypes.hpp
[4.229s] -- Installing: /home/amandarln/ros_ws/install/flatfish_ros_efuse_serial/include/flatfish_ros_efuse_serial/EFuseNode.hpp
[4.229s] -- Installing: /home/amandarln/ros_ws/install/flatfish_ros_efuse_serial/lib/libEFuseNode.so
[4.234s] -- Set runtime path of "/home/amandarln/ros_ws/install/flatfish_ros_efuse_serial/lib/libEFuseNode.so" to ""
[4.234s] -- Installing: /home/amandarln/ros_ws/install/flatfish_ros_efuse_serial/lib/libEFuseDriver.so
[4.234s] -- Set runtime path of "/home/amandarln/ros_ws/install/flatfish_ros_efuse_serial/lib/libEFuseDriver.so" to ""
[4.235s] -- Installing: /home/amandarln/ros_ws/install/flatfish_ros_efuse_serial/lib/flatfish_ros_efuse_serial/ExampleNode
[4.235s] -- Set runtime path of "/home/amandarln/ros_ws/install/flatfish_ros_efuse_serial/lib/flatfish_ros_efuse_serial/ExampleNode" to ""
[4.235s] -- Installing: /home/amandarln/ros_ws/install/flatfish_ros_efuse_serial/share/ament_index/resource_index/package_run_dependencies/flatfish_ros_efuse_serial
[4.235s] -- Installing: /home/amandarln/ros_ws/install/flatfish_ros_efuse_serial/share/ament_index/resource_index/parent_prefix_path/flatfish_ros_efuse_serial
[4.235s] -- Installing: /home/amandarln/ros_ws/install/flatfish_ros_efuse_serial/share/flatfish_ros_efuse_serial/environment/ament_prefix_path.sh
[4.235s] -- Installing: /home/amandarln/ros_ws/install/flatfish_ros_efuse_serial/share/flatfish_ros_efuse_serial/environment/ament_prefix_path.dsv
[4.235s] -- Installing: /home/amandarln/ros_ws/install/flatfish_ros_efuse_serial/share/flatfish_ros_efuse_serial/environment/path.sh
[4.235s] -- Installing: /home/amandarln/ros_ws/install/flatfish_ros_efuse_serial/share/flatfish_ros_efuse_serial/environment/path.dsv
[4.236s] -- Installing: /home/amandarln/ros_ws/install/flatfish_ros_efuse_serial/share/flatfish_ros_efuse_serial/local_setup.bash
[4.236s] -- Installing: /home/amandarln/ros_ws/install/flatfish_ros_efuse_serial/share/flatfish_ros_efuse_serial/local_setup.sh
[4.236s] -- Installing: /home/amandarln/ros_ws/install/flatfish_ros_efuse_serial/share/flatfish_ros_efuse_serial/local_setup.zsh
[4.236s] -- Installing: /home/amandarln/ros_ws/install/flatfish_ros_efuse_serial/share/flatfish_ros_efuse_serial/local_setup.dsv
[4.236s] -- Installing: /home/amandarln/ros_ws/install/flatfish_ros_efuse_serial/share/flatfish_ros_efuse_serial/package.dsv
[4.236s] -- Installing: /home/amandarln/ros_ws/install/flatfish_ros_efuse_serial/share/ament_index/resource_index/packages/flatfish_ros_efuse_serial
[4.236s] -- Installing: /home/amandarln/ros_ws/install/flatfish_ros_efuse_serial/share/flatfish_ros_efuse_serial/cmake/export_flatfish_ros_efuse_serial__rosidl_generator_cExport.cmake
[4.237s] -- Installing: /home/amandarln/ros_ws/install/flatfish_ros_efuse_serial/share/flatfish_ros_efuse_serial/cmake/export_flatfish_ros_efuse_serial__rosidl_generator_cExport-noconfig.cmake
[4.237s] -- Installing: /home/amandarln/ros_ws/install/flatfish_ros_efuse_serial/share/flatfish_ros_efuse_serial/cmake/export_flatfish_ros_efuse_serial__rosidl_typesupport_fastrtps_cExport.cmake
[4.237s] -- Installing: /home/amandarln/ros_ws/install/flatfish_ros_efuse_serial/share/flatfish_ros_efuse_serial/cmake/export_flatfish_ros_efuse_serial__rosidl_typesupport_fastrtps_cExport-noconfig.cmake
[4.237s] -- Installing: /home/amandarln/ros_ws/install/flatfish_ros_efuse_serial/share/flatfish_ros_efuse_serial/cmake/export_flatfish_ros_efuse_serial__rosidl_generator_cppExport.cmake
[4.237s] -- Installing: /home/amandarln/ros_ws/install/flatfish_ros_efuse_serial/share/flatfish_ros_efuse_serial/cmake/export_flatfish_ros_efuse_serial__rosidl_typesupport_fastrtps_cppExport.cmake
[4.237s] -- Installing: /home/amandarln/ros_ws/install/flatfish_ros_efuse_serial/share/flatfish_ros_efuse_serial/cmake/export_flatfish_ros_efuse_serial__rosidl_typesupport_fastrtps_cppExport-noconfig.cmake
[4.237s] -- Installing: /home/amandarln/ros_ws/install/flatfish_ros_efuse_serial/share/flatfish_ros_efuse_serial/cmake/flatfish_ros_efuse_serial__rosidl_typesupport_introspection_cExport.cmake
[4.237s] -- Installing: /home/amandarln/ros_ws/install/flatfish_ros_efuse_serial/share/flatfish_ros_efuse_serial/cmake/flatfish_ros_efuse_serial__rosidl_typesupport_introspection_cExport-noconfig.cmake
[4.238s] -- Installing: /home/amandarln/ros_ws/install/flatfish_ros_efuse_serial/share/flatfish_ros_efuse_serial/cmake/flatfish_ros_efuse_serial__rosidl_typesupport_cExport.cmake
[4.238s] -- Installing: /home/amandarln/ros_ws/install/flatfish_ros_efuse_serial/share/flatfish_ros_efuse_serial/cmake/flatfish_ros_efuse_serial__rosidl_typesupport_cExport-noconfig.cmake
[4.238s] -- Installing: /home/amandarln/ros_ws/install/flatfish_ros_efuse_serial/share/flatfish_ros_efuse_serial/cmake/flatfish_ros_efuse_serial__rosidl_typesupport_introspection_cppExport.cmake
[4.238s] -- Installing: /home/amandarln/ros_ws/install/flatfish_ros_efuse_serial/share/flatfish_ros_efuse_serial/cmake/flatfish_ros_efuse_serial__rosidl_typesupport_introspection_cppExport-noconfig.cmake
[4.238s] -- Installing: /home/amandarln/ros_ws/install/flatfish_ros_efuse_serial/share/flatfish_ros_efuse_serial/cmake/flatfish_ros_efuse_serial__rosidl_typesupport_cppExport.cmake
[4.238s] -- Installing: /home/amandarln/ros_ws/install/flatfish_ros_efuse_serial/share/flatfish_ros_efuse_serial/cmake/flatfish_ros_efuse_serial__rosidl_typesupport_cppExport-noconfig.cmake
[4.238s] -- Installing: /home/amandarln/ros_ws/install/flatfish_ros_efuse_serial/share/flatfish_ros_efuse_serial/cmake/export_flatfish_ros_efuse_serial__rosidl_generator_pyExport.cmake
[4.238s] -- Installing: /home/amandarln/ros_ws/install/flatfish_ros_efuse_serial/share/flatfish_ros_efuse_serial/cmake/export_flatfish_ros_efuse_serial__rosidl_generator_pyExport-noconfig.cmake
[4.239s] -- Installing: /home/amandarln/ros_ws/install/flatfish_ros_efuse_serial/share/flatfish_ros_efuse_serial/cmake/export_flatfish_ros_efuse_serialExport.cmake
[4.239s] -- Installing: /home/amandarln/ros_ws/install/flatfish_ros_efuse_serial/share/flatfish_ros_efuse_serial/cmake/export_flatfish_ros_efuse_serialExport-noconfig.cmake
[4.239s] -- Installing: /home/amandarln/ros_ws/install/flatfish_ros_efuse_serial/share/flatfish_ros_efuse_serial/cmake/rosidl_cmake-extras.cmake
[4.239s] -- Installing: /home/amandarln/ros_ws/install/flatfish_ros_efuse_serial/share/flatfish_ros_efuse_serial/cmake/ament_cmake_export_dependencies-extras.cmake
[4.239s] -- Installing: /home/amandarln/ros_ws/install/flatfish_ros_efuse_serial/share/flatfish_ros_efuse_serial/cmake/ament_cmake_export_include_directories-extras.cmake
[4.239s] -- Installing: /home/amandarln/ros_ws/install/flatfish_ros_efuse_serial/share/flatfish_ros_efuse_serial/cmake/ament_cmake_export_libraries-extras.cmake
[4.239s] -- Installing: /home/amandarln/ros_ws/install/flatfish_ros_efuse_serial/share/flatfish_ros_efuse_serial/cmake/ament_cmake_export_targets-extras.cmake
[4.239s] -- Installing: /home/amandarln/ros_ws/install/flatfish_ros_efuse_serial/share/flatfish_ros_efuse_serial/cmake/rosidl_cmake_export_typesupport_targets-extras.cmake
[4.240s] -- Installing: /home/amandarln/ros_ws/install/flatfish_ros_efuse_serial/share/flatfish_ros_efuse_serial/cmake/rosidl_cmake_export_typesupport_libraries-extras.cmake
[4.240s] -- Installing: /home/amandarln/ros_ws/install/flatfish_ros_efuse_serial/share/flatfish_ros_efuse_serial/cmake/flatfish_ros_efuse_serialConfig.cmake
[4.240s] -- Installing: /home/amandarln/ros_ws/install/flatfish_ros_efuse_serial/share/flatfish_ros_efuse_serial/cmake/flatfish_ros_efuse_serialConfig-version.cmake
[4.240s] -- Installing: /home/amandarln/ros_ws/install/flatfish_ros_efuse_serial/share/flatfish_ros_efuse_serial/package.xml
[4.243s] Invoked command in '/home/amandarln/ros_ws/build/flatfish_ros_efuse_serial' returned '0': AMENT_PREFIX_PATH=/home/amandarln/ros_ws/install/ros_driver_base:${AMENT_PREFIX_PATH} CMAKE_PREFIX_PATH=/home/amandarln/ros_ws/install/ros_driver_base:/opt/ros/humble LD_LIBRARY_PATH=/home/amandarln/ros_ws/install/ros_driver_base/lib:${LD_LIBRARY_PATH} /usr/bin/cmake --install /home/amandarln/ros_ws/build/flatfish_ros_efuse_serial
