-- The C compiler identification is GNU 11.4.0
-- The CXX compiler identification is GNU 11.4.0
-- Detecting C compiler ABI info
-- Detecting C compiler ABI info - done
-- Check for working C compiler: /usr/bin/cc - skipped
-- Detecting C compile features
-- Detecting C compile features - done
-- Detecting CXX compiler ABI info
-- Detecting CXX compiler ABI info - done
-- Check for working CXX compiler: /usr/bin/c++ - skipped
-- Detecting CXX compile features
-- Detecting CXX compile features - done
-- Found ament_cmake: 1.3.9 (/opt/ros/humble/share/ament_cmake/cmake)
-- Found Python3: /usr/bin/python3 (found version "3.10.12") found components: Interpreter 
-- Found ament_lint_auto: 0.12.11 (/opt/ros/humble/share/ament_lint_auto/cmake)
-- Found ament_cmake_gtest: 1.3.9 (/opt/ros/humble/share/ament_cmake_gtest/cmake)
-- Found Boost: /usr/lib/x86_64-linux-gnu/cmake/Boost-1.74.0/BoostConfig.cmake (found version "1.74.0") found components: unit_test_framework system 
-- Found gtest sources under '/opt/ros/humble/src/gtest_vendor': C++ tests using 'Google Test' will be built
-- Looking for pthread.h
-- Looking for pthread.h - found
-- Performing Test CMAKE_HAVE_LIBC_PTHREAD
-- Performing Test CMAKE_HAVE_LIBC_PTHREAD - Success
-- Found Threads: TRUE  
-- Added test 'copyright' to check source files copyright and LICENSE
-- Added test 'cppcheck' to perform static code analysis on C / C++ code
-- Configured cppcheck include dirs: /home/amandarln/ros_ws/src/ros_driver_base/test/include;$<BUILD_INTERFACE:/home/amandarln/ros_ws/src/ros_driver_base/include>
-- Configured cppcheck exclude dirs and/or files: 
-- Added test 'lint_cmake' to check CMake code style
-- Added test 'uncrustify' to check C / C++ code style
-- Configured uncrustify additional arguments: 
-- Added test 'xmllint' to check XML markup files
-- Configuring done
-- Generating done
-- Build files have been written to: /home/amandarln/ros_ws/build/ros_driver_base
/usr/bin/cmake -S/home/amandarln/ros_ws/src/ros_driver_base -B/home/amandarln/ros_ws/build/ros_driver_base --check-build-system CMakeFiles/Makefile.cmake 0
/usr/bin/cmake -E cmake_progress_start /home/amandarln/ros_ws/build/ros_driver_base/CMakeFiles /home/amandarln/ros_ws/build/ros_driver_base//CMakeFiles/progress.marks
/usr/bin/gmake  -f CMakeFiles/Makefile2 all
gmake[1]: Entering directory '/home/amandarln/ros_ws/build/ros_driver_base'
/usr/bin/gmake  -f CMakeFiles/ros_driver_base.dir/build.make CMakeFiles/ros_driver_base.dir/depend
/usr/bin/gmake  -f gtest/CMakeFiles/gtest.dir/build.make gtest/CMakeFiles/gtest.dir/depend
/usr/bin/gmake  -f gtest/CMakeFiles/gtest_main.dir/build.make gtest/CMakeFiles/gtest_main.dir/depend
gmake[2]: Entering directory '/home/amandarln/ros_ws/build/ros_driver_base'
cd /home/amandarln/ros_ws/build/ros_driver_base && /usr/bin/cmake -E cmake_depends "Unix Makefiles" /home/amandarln/ros_ws/src/ros_driver_base /home/amandarln/ros_ws/src/ros_driver_base /home/amandarln/ros_ws/build/ros_driver_base /home/amandarln/ros_ws/build/ros_driver_base /home/amandarln/ros_ws/build/ros_driver_base/CMakeFiles/ros_driver_base.dir/DependInfo.cmake --color=
gmake[2]: Entering directory '/home/amandarln/ros_ws/build/ros_driver_base'
cd /home/amandarln/ros_ws/build/ros_driver_base && /usr/bin/cmake -E cmake_depends "Unix Makefiles" /home/amandarln/ros_ws/src/ros_driver_base /opt/ros/humble/src/gtest_vendor /home/amandarln/ros_ws/build/ros_driver_base /home/amandarln/ros_ws/build/ros_driver_base/gtest /home/amandarln/ros_ws/build/ros_driver_base/gtest/CMakeFiles/gtest.dir/DependInfo.cmake --color=
gmake[2]: Entering directory '/home/amandarln/ros_ws/build/ros_driver_base'
cd /home/amandarln/ros_ws/build/ros_driver_base && /usr/bin/cmake -E cmake_depends "Unix Makefiles" /home/amandarln/ros_ws/src/ros_driver_base /opt/ros/humble/src/gtest_vendor /home/amandarln/ros_ws/build/ros_driver_base /home/amandarln/ros_ws/build/ros_driver_base/gtest /home/amandarln/ros_ws/build/ros_driver_base/gtest/CMakeFiles/gtest_main.dir/DependInfo.cmake --color=
gmake[2]: Leaving directory '/home/amandarln/ros_ws/build/ros_driver_base'
gmake[2]: Leaving directory '/home/amandarln/ros_ws/build/ros_driver_base'
gmake[2]: Leaving directory '/home/amandarln/ros_ws/build/ros_driver_base'
/usr/bin/gmake  -f CMakeFiles/ros_driver_base.dir/build.make CMakeFiles/ros_driver_base.dir/build
/usr/bin/gmake  -f gtest/CMakeFiles/gtest.dir/build.make gtest/CMakeFiles/gtest.dir/build
/usr/bin/gmake  -f gtest/CMakeFiles/gtest_main.dir/build.make gtest/CMakeFiles/gtest_main.dir/build
gmake[2]: Entering directory '/home/amandarln/ros_ws/build/ros_driver_base'
gmake[2]: Entering directory '/home/amandarln/ros_ws/build/ros_driver_base'
gmake[2]: Entering directory '/home/amandarln/ros_ws/build/ros_driver_base'
[  3%] [32mBuilding CXX object CMakeFiles/ros_driver_base.dir/src/exceptions.cpp.o[0m
[  7%] [32mBuilding CXX object CMakeFiles/ros_driver_base.dir/src/driver.cpp.o[0m
[ 11%] [32mBuilding CXX object gtest/CMakeFiles/gtest_main.dir/src/gtest_main.cc.o[0m
[ 14%] [32mBuilding CXX object CMakeFiles/ros_driver_base.dir/src/tcp_driver.cpp.o[0m
/usr/bin/c++ -Dros_driver_base_EXPORTS -I/home/amandarln/ros_ws/src/ros_driver_base/include -I/home/amandarln/ros_ws/src/ros_driver_base/test/include -O0 -ggdb -g -pthread -mtune=native -fPIC -Werror -Wextra -Wpedantic -std=gnu++14 -MD -MT CMakeFiles/ros_driver_base.dir/src/exceptions.cpp.o -MF CMakeFiles/ros_driver_base.dir/src/exceptions.cpp.o.d -o CMakeFiles/ros_driver_base.dir/src/exceptions.cpp.o -c /home/amandarln/ros_ws/src/ros_driver_base/src/exceptions.cpp
[ 18%] [32mBuilding CXX object CMakeFiles/ros_driver_base.dir/src/timeout.cpp.o[0m
/usr/bin/c++ -Dros_driver_base_EXPORTS -I/home/amandarln/ros_ws/src/ros_driver_base/include -I/home/amandarln/ros_ws/src/ros_driver_base/test/include -O0 -ggdb -g -pthread -mtune=native -fPIC -Werror -Wextra -Wpedantic -std=gnu++14 -MD -MT CMakeFiles/ros_driver_base.dir/src/driver.cpp.o -MF CMakeFiles/ros_driver_base.dir/src/driver.cpp.o.d -o CMakeFiles/ros_driver_base.dir/src/driver.cpp.o -c /home/amandarln/ros_ws/src/ros_driver_base/src/driver.cpp
cd /home/amandarln/ros_ws/build/ros_driver_base/gtest && /usr/bin/c++  -I/home/amandarln/ros_ws/src/ros_driver_base/test/include -I/opt/ros/humble/src/gtest_vendor/. -isystem /opt/ros/humble/src/gtest_vendor/include -O0 -ggdb -g -pthread -mtune=native -Werror -Wextra -Wpedantic -std=gnu++14 -MD -MT gtest/CMakeFiles/gtest_main.dir/src/gtest_main.cc.o -MF CMakeFiles/gtest_main.dir/src/gtest_main.cc.o.d -o CMakeFiles/gtest_main.dir/src/gtest_main.cc.o -c /opt/ros/humble/src/gtest_vendor/src/gtest_main.cc
/usr/bin/c++ -Dros_driver_base_EXPORTS -I/home/amandarln/ros_ws/src/ros_driver_base/include -I/home/amandarln/ros_ws/src/ros_driver_base/test/include -O0 -ggdb -g -pthread -mtune=native -fPIC -Werror -Wextra -Wpedantic -std=gnu++14 -MD -MT CMakeFiles/ros_driver_base.dir/src/tcp_driver.cpp.o -MF CMakeFiles/ros_driver_base.dir/src/tcp_driver.cpp.o.d -o CMakeFiles/ros_driver_base.dir/src/tcp_driver.cpp.o -c /home/amandarln/ros_ws/src/ros_driver_base/src/tcp_driver.cpp
/usr/bin/c++ -Dros_driver_base_EXPORTS -I/home/amandarln/ros_ws/src/ros_driver_base/include -I/home/amandarln/ros_ws/src/ros_driver_base/test/include -O0 -ggdb -g -pthread -mtune=native -fPIC -Werror -Wextra -Wpedantic -std=gnu++14 -MD -MT CMakeFiles/ros_driver_base.dir/src/timeout.cpp.o -MF CMakeFiles/ros_driver_base.dir/src/timeout.cpp.o.d -o CMakeFiles/ros_driver_base.dir/src/timeout.cpp.o -c /home/amandarln/ros_ws/src/ros_driver_base/src/timeout.cpp
[ 29%] [32mBuilding CXX object gtest/CMakeFiles/gtest.dir/src/gtest-all.cc.o[0m
[ 29%] [32mBuilding CXX object CMakeFiles/ros_driver_base.dir/src/bus.cpp.o[0m
[ 33%] [32mBuilding CXX object CMakeFiles/ros_driver_base.dir/src/io_stream.cpp.o[0m
[ 37%] [32mBuilding CXX object CMakeFiles/ros_driver_base.dir/src/test_stream.cpp.o[0m
[ 37%] [32mBuilding CXX object CMakeFiles/ros_driver_base.dir/src/io_listener.cpp.o[0m
/usr/bin/c++ -Dros_driver_base_EXPORTS -I/home/amandarln/ros_ws/src/ros_driver_base/include -I/home/amandarln/ros_ws/src/ros_driver_base/test/include -O0 -ggdb -g -pthread -mtune=native -fPIC -Werror -Wextra -Wpedantic -std=gnu++14 -MD -MT CMakeFiles/ros_driver_base.dir/src/bus.cpp.o -MF CMakeFiles/ros_driver_base.dir/src/bus.cpp.o.d -o CMakeFiles/ros_driver_base.dir/src/bus.cpp.o -c /home/amandarln/ros_ws/src/ros_driver_base/src/bus.cpp
cd /home/amandarln/ros_ws/build/ros_driver_base/gtest && /usr/bin/c++  -I/home/amandarln/ros_ws/src/ros_driver_base/test/include -I/opt/ros/humble/src/gtest_vendor/. -isystem /opt/ros/humble/src/gtest_vendor/include -O0 -ggdb -g -pthread -mtune=native -fPIC -Wno-missing-field-initializers -Werror -Wextra -Wpedantic -Wno-null-dereference -std=gnu++14 -MD -MT gtest/CMakeFiles/gtest.dir/src/gtest-all.cc.o -MF CMakeFiles/gtest.dir/src/gtest-all.cc.o.d -o CMakeFiles/gtest.dir/src/gtest-all.cc.o -c /opt/ros/humble/src/gtest_vendor/src/gtest-all.cc
/usr/bin/c++ -Dros_driver_base_EXPORTS -I/home/amandarln/ros_ws/src/ros_driver_base/include -I/home/amandarln/ros_ws/src/ros_driver_base/test/include -O0 -ggdb -g -pthread -mtune=native -fPIC -Werror -Wextra -Wpedantic -std=gnu++14 -MD -MT CMakeFiles/ros_driver_base.dir/src/test_stream.cpp.o -MF CMakeFiles/ros_driver_base.dir/src/test_stream.cpp.o.d -o CMakeFiles/ros_driver_base.dir/src/test_stream.cpp.o -c /home/amandarln/ros_ws/src/ros_driver_base/src/test_stream.cpp
/usr/bin/c++ -Dros_driver_base_EXPORTS -I/home/amandarln/ros_ws/src/ros_driver_base/include -I/home/amandarln/ros_ws/src/ros_driver_base/test/include -O0 -ggdb -g -pthread -mtune=native -fPIC -Werror -Wextra -Wpedantic -std=gnu++14 -MD -MT CMakeFiles/ros_driver_base.dir/src/io_listener.cpp.o -MF CMakeFiles/ros_driver_base.dir/src/io_listener.cpp.o.d -o CMakeFiles/ros_driver_base.dir/src/io_listener.cpp.o -c /home/amandarln/ros_ws/src/ros_driver_base/src/io_listener.cpp
/usr/bin/c++ -Dros_driver_base_EXPORTS -I/home/amandarln/ros_ws/src/ros_driver_base/include -I/home/amandarln/ros_ws/src/ros_driver_base/test/include -O0 -ggdb -g -pthread -mtune=native -fPIC -Werror -Wextra -Wpedantic -std=gnu++14 -MD -MT CMakeFiles/ros_driver_base.dir/src/io_stream.cpp.o -MF CMakeFiles/ros_driver_base.dir/src/io_stream.cpp.o.d -o CMakeFiles/ros_driver_base.dir/src/io_stream.cpp.o -c /home/amandarln/ros_ws/src/ros_driver_base/src/io_stream.cpp
[ 40%] [32m[1mLinking CXX static library libgtest_main.a[0m
cd /home/amandarln/ros_ws/build/ros_driver_base/gtest && /usr/bin/cmake -P CMakeFiles/gtest_main.dir/cmake_clean_target.cmake
cd /home/amandarln/ros_ws/build/ros_driver_base/gtest && /usr/bin/cmake -E cmake_link_script CMakeFiles/gtest_main.dir/link.txt --verbose=1
/usr/bin/ar qc libgtest_main.a CMakeFiles/gtest_main.dir/src/gtest_main.cc.o
/usr/bin/ranlib libgtest_main.a
gmake[2]: Leaving directory '/home/amandarln/ros_ws/build/ros_driver_base'
[ 40%] Built target gtest_main
[ 44%] [32m[1mLinking CXX shared library libros_driver_base.so[0m
/usr/bin/cmake -E cmake_link_script CMakeFiles/ros_driver_base.dir/link.txt --verbose=1
/usr/bin/c++ -fPIC  -O0 -ggdb -g -pthread -mtune=native -shared -Wl,-soname,libros_driver_base.so -o libros_driver_base.so CMakeFiles/ros_driver_base.dir/src/bus.cpp.o CMakeFiles/ros_driver_base.dir/src/driver.cpp.o CMakeFiles/ros_driver_base.dir/src/exceptions.cpp.o CMakeFiles/ros_driver_base.dir/src/io_listener.cpp.o CMakeFiles/ros_driver_base.dir/src/io_stream.cpp.o CMakeFiles/ros_driver_base.dir/src/tcp_driver.cpp.o CMakeFiles/ros_driver_base.dir/src/test_stream.cpp.o CMakeFiles/ros_driver_base.dir/src/timeout.cpp.o 
gmake[2]: Leaving directory '/home/amandarln/ros_ws/build/ros_driver_base'
[ 44%] Built target ros_driver_base
/usr/bin/gmake  -f CMakeFiles/test_driver.dir/build.make CMakeFiles/test_driver.dir/depend
/usr/bin/gmake  -f CMakeFiles/test_tcp_read.dir/build.make CMakeFiles/test_tcp_read.dir/depend
/usr/bin/gmake  -f CMakeFiles/test_tcp_write.dir/build.make CMakeFiles/test_tcp_write.dir/depend
/usr/bin/gmake  -f CMakeFiles/test_udp_read.dir/build.make CMakeFiles/test_udp_read.dir/depend
/usr/bin/gmake  -f CMakeFiles/test_udp_write.dir/build.make CMakeFiles/test_udp_write.dir/depend
gmake[2]: Entering directory '/home/amandarln/ros_ws/build/ros_driver_base'
cd /home/amandarln/ros_ws/build/ros_driver_base && /usr/bin/cmake -E cmake_depends "Unix Makefiles" /home/amandarln/ros_ws/src/ros_driver_base /home/amandarln/ros_ws/src/ros_driver_base /home/amandarln/ros_ws/build/ros_driver_base /home/amandarln/ros_ws/build/ros_driver_base /home/amandarln/ros_ws/build/ros_driver_base/CMakeFiles/test_driver.dir/DependInfo.cmake --color=
gmake[2]: Entering directory '/home/amandarln/ros_ws/build/ros_driver_base'
cd /home/amandarln/ros_ws/build/ros_driver_base && /usr/bin/cmake -E cmake_depends "Unix Makefiles" /home/amandarln/ros_ws/src/ros_driver_base /home/amandarln/ros_ws/src/ros_driver_base /home/amandarln/ros_ws/build/ros_driver_base /home/amandarln/ros_ws/build/ros_driver_base /home/amandarln/ros_ws/build/ros_driver_base/CMakeFiles/test_tcp_read.dir/DependInfo.cmake --color=
gmake[2]: Entering directory '/home/amandarln/ros_ws/build/ros_driver_base'
cd /home/amandarln/ros_ws/build/ros_driver_base && /usr/bin/cmake -E cmake_depends "Unix Makefiles" /home/amandarln/ros_ws/src/ros_driver_base /home/amandarln/ros_ws/src/ros_driver_base /home/amandarln/ros_ws/build/ros_driver_base /home/amandarln/ros_ws/build/ros_driver_base /home/amandarln/ros_ws/build/ros_driver_base/CMakeFiles/test_tcp_write.dir/DependInfo.cmake --color=
gmake[2]: Entering directory '/home/amandarln/ros_ws/build/ros_driver_base'
cd /home/amandarln/ros_ws/build/ros_driver_base && /usr/bin/cmake -E cmake_depends "Unix Makefiles" /home/amandarln/ros_ws/src/ros_driver_base /home/amandarln/ros_ws/src/ros_driver_base /home/amandarln/ros_ws/build/ros_driver_base /home/amandarln/ros_ws/build/ros_driver_base /home/amandarln/ros_ws/build/ros_driver_base/CMakeFiles/test_udp_read.dir/DependInfo.cmake --color=
gmake[2]: Entering directory '/home/amandarln/ros_ws/build/ros_driver_base'
cd /home/amandarln/ros_ws/build/ros_driver_base && /usr/bin/cmake -E cmake_depends "Unix Makefiles" /home/amandarln/ros_ws/src/ros_driver_base /home/amandarln/ros_ws/src/ros_driver_base /home/amandarln/ros_ws/build/ros_driver_base /home/amandarln/ros_ws/build/ros_driver_base /home/amandarln/ros_ws/build/ros_driver_base/CMakeFiles/test_udp_write.dir/DependInfo.cmake --color=
gmake[2]: Leaving directory '/home/amandarln/ros_ws/build/ros_driver_base'
gmake[2]: Leaving directory '/home/amandarln/ros_ws/build/ros_driver_base'
gmake[2]: Leaving directory '/home/amandarln/ros_ws/build/ros_driver_base'
/usr/bin/gmake  -f CMakeFiles/test_driver.dir/build.make CMakeFiles/test_driver.dir/build
/usr/bin/gmake  -f CMakeFiles/test_tcp_read.dir/build.make CMakeFiles/test_tcp_read.dir/build
/usr/bin/gmake  -f CMakeFiles/test_tcp_write.dir/build.make CMakeFiles/test_tcp_write.dir/build
gmake[2]: Leaving directory '/home/amandarln/ros_ws/build/ros_driver_base'
/usr/bin/gmake  -f CMakeFiles/test_udp_read.dir/build.make CMakeFiles/test_udp_read.dir/build
gmake[2]: Leaving directory '/home/amandarln/ros_ws/build/ros_driver_base'
/usr/bin/gmake  -f CMakeFiles/test_udp_write.dir/build.make CMakeFiles/test_udp_write.dir/build
gmake[2]: Entering directory '/home/amandarln/ros_ws/build/ros_driver_base'
gmake[2]: Entering directory '/home/amandarln/ros_ws/build/ros_driver_base'
gmake[2]: Entering directory '/home/amandarln/ros_ws/build/ros_driver_base'
gmake[2]: Entering directory '/home/amandarln/ros_ws/build/ros_driver_base'
gmake[2]: Entering directory '/home/amandarln/ros_ws/build/ros_driver_base'
[ 51%] [32mBuilding CXX object CMakeFiles/test_driver.dir/test/test_driver.cpp.o[0m
[ 55%] [32mBuilding CXX object CMakeFiles/test_driver.dir/test/suite.cpp.o[0m
[ 55%] [32mBuilding CXX object CMakeFiles/test_tcp_read.dir/test/test_tcp_read.cpp.o[0m
[ 62%] [32mBuilding CXX object CMakeFiles/test_udp_read.dir/test/test_udp_read.cpp.o[0m
[ 62%] [32mBuilding CXX object CMakeFiles/test_driver.dir/test/test_test_stream.cpp.o[0m
/usr/bin/c++ -DBOOST_ALL_NO_LIB -DBOOST_TEST_DYN_LINK -DBOOST_UNIT_TEST_FRAMEWORK_DYN_LINK -I/home/amandarln/ros_ws/src/ros_driver_base/test/include -I/home/amandarln/ros_ws/src/ros_driver_base/include -O0 -ggdb -g -pthread -mtune=native -Werror -Wextra -Wpedantic -std=gnu++14 -MD -MT CMakeFiles/test_driver.dir/test/test_driver.cpp.o -MF CMakeFiles/test_driver.dir/test/test_driver.cpp.o.d -o CMakeFiles/test_driver.dir/test/test_driver.cpp.o -c /home/amandarln/ros_ws/src/ros_driver_base/test/test_driver.cpp
/usr/bin/c++  -I/home/amandarln/ros_ws/src/ros_driver_base/test/include -I/home/amandarln/ros_ws/src/ros_driver_base/include -O0 -ggdb -g -pthread -mtune=native -Werror -Wextra -Wpedantic -std=gnu++14 -MD -MT CMakeFiles/test_tcp_read.dir/test/test_tcp_read.cpp.o -MF CMakeFiles/test_tcp_read.dir/test/test_tcp_read.cpp.o.d -o CMakeFiles/test_tcp_read.dir/test/test_tcp_read.cpp.o -c /home/amandarln/ros_ws/src/ros_driver_base/test/test_tcp_read.cpp
/usr/bin/c++ -DBOOST_ALL_NO_LIB -DBOOST_TEST_DYN_LINK -DBOOST_UNIT_TEST_FRAMEWORK_DYN_LINK -I/home/amandarln/ros_ws/src/ros_driver_base/test/include -I/home/amandarln/ros_ws/src/ros_driver_base/include -O0 -ggdb -g -pthread -mtune=native -Werror -Wextra -Wpedantic -std=gnu++14 -MD -MT CMakeFiles/test_driver.dir/test/suite.cpp.o -MF CMakeFiles/test_driver.dir/test/suite.cpp.o.d -o CMakeFiles/test_driver.dir/test/suite.cpp.o -c /home/amandarln/ros_ws/src/ros_driver_base/test/suite.cpp
[ 66%] [32mBuilding CXX object CMakeFiles/test_tcp_write.dir/test/test_tcp_write.cpp.o[0m
/usr/bin/c++ -DBOOST_ALL_NO_LIB -DBOOST_TEST_DYN_LINK -DBOOST_UNIT_TEST_FRAMEWORK_DYN_LINK -I/home/amandarln/ros_ws/src/ros_driver_base/test/include -I/home/amandarln/ros_ws/src/ros_driver_base/include -O0 -ggdb -g -pthread -mtune=native -Werror -Wextra -Wpedantic -std=gnu++14 -MD -MT CMakeFiles/test_driver.dir/test/test_test_stream.cpp.o -MF CMakeFiles/test_driver.dir/test/test_test_stream.cpp.o.d -o CMakeFiles/test_driver.dir/test/test_test_stream.cpp.o -c /home/amandarln/ros_ws/src/ros_driver_base/test/test_test_stream.cpp
/usr/bin/c++  -I/home/amandarln/ros_ws/src/ros_driver_base/test/include -I/home/amandarln/ros_ws/src/ros_driver_base/include -O0 -ggdb -g -pthread -mtune=native -Werror -Wextra -Wpedantic -std=gnu++14 -MD -MT CMakeFiles/test_udp_read.dir/test/test_udp_read.cpp.o -MF CMakeFiles/test_udp_read.dir/test/test_udp_read.cpp.o.d -o CMakeFiles/test_udp_read.dir/test/test_udp_read.cpp.o -c /home/amandarln/ros_ws/src/ros_driver_base/test/test_udp_read.cpp
/usr/bin/c++  -I/home/amandarln/ros_ws/src/ros_driver_base/test/include -I/home/amandarln/ros_ws/src/ros_driver_base/include -O0 -ggdb -g -pthread -mtune=native -Werror -Wextra -Wpedantic -std=gnu++14 -MD -MT CMakeFiles/test_tcp_write.dir/test/test_tcp_write.cpp.o -MF CMakeFiles/test_tcp_write.dir/test/test_tcp_write.cpp.o.d -o CMakeFiles/test_tcp_write.dir/test/test_tcp_write.cpp.o -c /home/amandarln/ros_ws/src/ros_driver_base/test/test_tcp_write.cpp
[ 70%] [32mBuilding CXX object CMakeFiles/test_udp_write.dir/test/test_udp_write.cpp.o[0m
/usr/bin/c++  -I/home/amandarln/ros_ws/src/ros_driver_base/test/include -I/home/amandarln/ros_ws/src/ros_driver_base/include -O0 -ggdb -g -pthread -mtune=native -Werror -Wextra -Wpedantic -std=gnu++14 -MD -MT CMakeFiles/test_udp_write.dir/test/test_udp_write.cpp.o -MF CMakeFiles/test_udp_write.dir/test/test_udp_write.cpp.o.d -o CMakeFiles/test_udp_write.dir/test/test_udp_write.cpp.o -c /home/amandarln/ros_ws/src/ros_driver_base/test/test_udp_write.cpp
[ 74%] [32m[1mLinking CXX executable test_tcp_read[0m
/usr/bin/cmake -E cmake_link_script CMakeFiles/test_tcp_read.dir/link.txt --verbose=1
[ 77%] [32m[1mLinking CXX executable test_udp_write[0m
/usr/bin/cmake -E cmake_link_script CMakeFiles/test_udp_write.dir/link.txt --verbose=1
/usr/bin/c++  -O0 -ggdb -g -pthread -mtune=native CMakeFiles/test_tcp_read.dir/test/test_tcp_read.cpp.o -o test_tcp_read  -Wl,-rpath,/home/amandarln/ros_ws/build/ros_driver_base libros_driver_base.so 
/usr/bin/c++  -O0 -ggdb -g -pthread -mtune=native CMakeFiles/test_udp_write.dir/test/test_udp_write.cpp.o -o test_udp_write  -Wl,-rpath,/home/amandarln/ros_ws/build/ros_driver_base libros_driver_base.so 
[ 81%] [32m[1mLinking CXX executable test_tcp_write[0m
/usr/bin/cmake -E cmake_link_script CMakeFiles/test_tcp_write.dir/link.txt --verbose=1
/usr/bin/c++  -O0 -ggdb -g -pthread -mtune=native CMakeFiles/test_tcp_write.dir/test/test_tcp_write.cpp.o -o test_tcp_write  -Wl,-rpath,/home/amandarln/ros_ws/build/ros_driver_base libros_driver_base.so 
gmake[2]: Leaving directory '/home/amandarln/ros_ws/build/ros_driver_base'
gmake[2]: Leaving directory '/home/amandarln/ros_ws/build/ros_driver_base'
[ 81%] Built target test_tcp_read
[ 81%] Built target test_udp_write
gmake[2]: Leaving directory '/home/amandarln/ros_ws/build/ros_driver_base'
[ 85%] [32m[1mLinking CXX executable test_udp_read[0m
/usr/bin/cmake -E cmake_link_script CMakeFiles/test_udp_read.dir/link.txt --verbose=1
[ 85%] Built target test_tcp_write
/usr/bin/c++  -O0 -ggdb -g -pthread -mtune=native CMakeFiles/test_udp_read.dir/test/test_udp_read.cpp.o -o test_udp_read  -Wl,-rpath,/home/amandarln/ros_ws/build/ros_driver_base libros_driver_base.so 
gmake[2]: Leaving directory '/home/amandarln/ros_ws/build/ros_driver_base'
[ 85%] Built target test_udp_read
[ 88%] [32m[1mLinking CXX executable test_driver[0m
/usr/bin/cmake -E cmake_link_script CMakeFiles/test_driver.dir/link.txt --verbose=1
/usr/bin/c++  -O0 -ggdb -g -pthread -mtune=native CMakeFiles/test_driver.dir/test/suite.cpp.o CMakeFiles/test_driver.dir/test/test_driver.cpp.o CMakeFiles/test_driver.dir/test/test_test_stream.cpp.o -o test_driver  -Wl,-rpath,/home/amandarln/ros_ws/build/ros_driver_base: libros_driver_base.so /usr/lib/x86_64-linux-gnu/libboost_unit_test_framework.so.1.74.0 
gmake[2]: Leaving directory '/home/amandarln/ros_ws/build/ros_driver_base'
[ 88%] Built target test_driver
[ 92%] [32m[1mLinking CXX static library libgtest.a[0m
cd /home/amandarln/ros_ws/build/ros_driver_base/gtest && /usr/bin/cmake -P CMakeFiles/gtest.dir/cmake_clean_target.cmake
cd /home/amandarln/ros_ws/build/ros_driver_base/gtest && /usr/bin/cmake -E cmake_link_script CMakeFiles/gtest.dir/link.txt --verbose=1
/usr/bin/ar qc libgtest.a CMakeFiles/gtest.dir/src/gtest-all.cc.o
/usr/bin/ranlib libgtest.a
gmake[2]: Leaving directory '/home/amandarln/ros_ws/build/ros_driver_base'
[ 92%] Built target gtest
/usr/bin/gmake  -f CMakeFiles/test_test_stream_gtest.dir/build.make CMakeFiles/test_test_stream_gtest.dir/depend
gmake[2]: Entering directory '/home/amandarln/ros_ws/build/ros_driver_base'
cd /home/amandarln/ros_ws/build/ros_driver_base && /usr/bin/cmake -E cmake_depends "Unix Makefiles" /home/amandarln/ros_ws/src/ros_driver_base /home/amandarln/ros_ws/src/ros_driver_base /home/amandarln/ros_ws/build/ros_driver_base /home/amandarln/ros_ws/build/ros_driver_base /home/amandarln/ros_ws/build/ros_driver_base/CMakeFiles/test_test_stream_gtest.dir/DependInfo.cmake --color=
gmake[2]: Leaving directory '/home/amandarln/ros_ws/build/ros_driver_base'
/usr/bin/gmake  -f CMakeFiles/test_test_stream_gtest.dir/build.make CMakeFiles/test_test_stream_gtest.dir/build
gmake[2]: Entering directory '/home/amandarln/ros_ws/build/ros_driver_base'
[ 96%] [32mBuilding CXX object CMakeFiles/test_test_stream_gtest.dir/test/test_stream_gtest.cpp.o[0m
/usr/bin/c++  -I/home/amandarln/ros_ws/src/ros_driver_base/test/include -I/home/amandarln/ros_ws/src/ros_driver_base/include -isystem /opt/ros/humble/src/gtest_vendor/include -O0 -ggdb -g -pthread -mtune=native -Werror -Wextra -Wpedantic -std=gnu++14 -MD -MT CMakeFiles/test_test_stream_gtest.dir/test/test_stream_gtest.cpp.o -MF CMakeFiles/test_test_stream_gtest.dir/test/test_stream_gtest.cpp.o.d -o CMakeFiles/test_test_stream_gtest.dir/test/test_stream_gtest.cpp.o -c /home/amandarln/ros_ws/src/ros_driver_base/test/test_stream_gtest.cpp
[100%] [32m[1mLinking CXX executable test_test_stream_gtest[0m
/usr/bin/cmake -E cmake_link_script CMakeFiles/test_test_stream_gtest.dir/link.txt --verbose=1
/usr/bin/c++  -O0 -ggdb -g -pthread -mtune=native CMakeFiles/test_test_stream_gtest.dir/test/test_stream_gtest.cpp.o -o test_test_stream_gtest  -Wl,-rpath,/home/amandarln/ros_ws/build/ros_driver_base gtest/libgtest_main.a gtest/libgtest.a libros_driver_base.so -pthread 
gmake[2]: Leaving directory '/home/amandarln/ros_ws/build/ros_driver_base'
[100%] Built target test_test_stream_gtest
gmake[1]: Leaving directory '/home/amandarln/ros_ws/build/ros_driver_base'
/usr/bin/cmake -E cmake_progress_start /home/amandarln/ros_ws/build/ros_driver_base/CMakeFiles 0
-- Install configuration: ""
-- Installing: /home/amandarln/ros_ws/install/ros_driver_base/share/ros_driver_base/environment/library_path.sh
-- Installing: /home/amandarln/ros_ws/install/ros_driver_base/share/ros_driver_base/environment/library_path.dsv
-- Installing: /home/amandarln/ros_ws/install/ros_driver_base/share/ament_index/resource_index/package_run_dependencies/ros_driver_base
-- Installing: /home/amandarln/ros_ws/install/ros_driver_base/share/ament_index/resource_index/parent_prefix_path/ros_driver_base
-- Installing: /home/amandarln/ros_ws/install/ros_driver_base/share/ros_driver_base/environment/ament_prefix_path.sh
-- Installing: /home/amandarln/ros_ws/install/ros_driver_base/share/ros_driver_base/environment/ament_prefix_path.dsv
-- Installing: /home/amandarln/ros_ws/install/ros_driver_base/share/ros_driver_base/environment/path.sh
-- Installing: /home/amandarln/ros_ws/install/ros_driver_base/share/ros_driver_base/environment/path.dsv
-- Installing: /home/amandarln/ros_ws/install/ros_driver_base/share/ros_driver_base/local_setup.bash
-- Installing: /home/amandarln/ros_ws/install/ros_driver_base/share/ros_driver_base/local_setup.sh
-- Installing: /home/amandarln/ros_ws/install/ros_driver_base/share/ros_driver_base/local_setup.zsh
-- Installing: /home/amandarln/ros_ws/install/ros_driver_base/share/ros_driver_base/local_setup.dsv
-- Installing: /home/amandarln/ros_ws/install/ros_driver_base/share/ros_driver_base/package.dsv
-- Installing: /home/amandarln/ros_ws/install/ros_driver_base/share/ament_index/resource_index/packages/ros_driver_base
-- Installing: /home/amandarln/ros_ws/install/ros_driver_base/share/ros_driver_base/cmake/ament_cmake_export_include_directories-extras.cmake
-- Installing: /home/amandarln/ros_ws/install/ros_driver_base/share/ros_driver_base/cmake/ament_cmake_export_libraries-extras.cmake
-- Installing: /home/amandarln/ros_ws/install/ros_driver_base/share/ros_driver_base/cmake/ros_driver_baseConfig.cmake
-- Installing: /home/amandarln/ros_ws/install/ros_driver_base/share/ros_driver_base/cmake/ros_driver_baseConfig-version.cmake
-- Installing: /home/amandarln/ros_ws/install/ros_driver_base/share/ros_driver_base/package.xml
-- Installing: /home/amandarln/ros_ws/install/ros_driver_base/include
-- Installing: /home/amandarln/ros_ws/install/ros_driver_base/include/ros_driver_base
-- Installing: /home/amandarln/ros_ws/install/ros_driver_base/include/ros_driver_base/mock_context_exception.hpp
-- Installing: /home/amandarln/ros_ws/install/ros_driver_base/include/ros_driver_base/status.hpp
-- Installing: /home/amandarln/ros_ws/install/ros_driver_base/include/ros_driver_base/bus_handler.hpp
-- Installing: /home/amandarln/ros_ws/install/ros_driver_base/include/ros_driver_base/io_stream.hpp
-- Installing: /home/amandarln/ros_ws/install/ros_driver_base/include/ros_driver_base/fd_stream.hpp
-- Installing: /home/amandarln/ros_ws/install/ros_driver_base/include/ros_driver_base/test_ends_with_expectations_left_exception.hpp
-- Installing: /home/amandarln/ros_ws/install/ros_driver_base/include/ros_driver_base/timeout.hpp
-- Installing: /home/amandarln/ros_ws/install/ros_driver_base/include/ros_driver_base/test_stream.hpp
-- Installing: /home/amandarln/ros_ws/install/ros_driver_base/include/ros_driver_base/file_guard.hpp
-- Installing: /home/amandarln/ros_ws/install/ros_driver_base/include/ros_driver_base/tcp_driver.hpp
-- Installing: /home/amandarln/ros_ws/install/ros_driver_base/include/ros_driver_base/driver.hpp
-- Installing: /home/amandarln/ros_ws/install/ros_driver_base/include/ros_driver_base/bus.hpp
-- Installing: /home/amandarln/ros_ws/install/ros_driver_base/include/ros_driver_base/parser.hpp
-- Installing: /home/amandarln/ros_ws/install/ros_driver_base/include/ros_driver_base/io_listener.hpp
-- Installing: /home/amandarln/ros_ws/install/ros_driver_base/include/ros_driver_base/runtime_exceptions.hpp
-- Installing: /home/amandarln/ros_ws/install/ros_driver_base/include/ros_driver_base/udp_server_stream.hpp
-- Installing: /home/amandarln/ros_ws/install/ros_driver_base/lib/libros_driver_base.so
-- Installing: /home/amandarln/ros_ws/install/ros_driver_base/lib/ros_driver_base/test_driver
-- Set runtime path of "/home/amandarln/ros_ws/install/ros_driver_base/lib/ros_driver_base/test_driver" to ""
