[0.014s] Invoking command in '/home/amandarln/ros_ws/build/ros_driver_base': CMAKE_PREFIX_PATH=${CMAKE_PREFIX_PATH}:/opt/ros/humble /usr/bin/cmake /home/amandarln/ros_ws/src/ros_driver_base -DCMAKE_EXPORT_COMPILE_COMMANDS=1 -DCMAKE_INSTALL_PREFIX=/home/amandarln/ros_ws/install/ros_driver_base
[0.080s] -- The C compiler identification is GNU 11.4.0
[0.152s] -- The CXX compiler identification is GNU 11.4.0
[0.159s] -- Detecting C compiler ABI info
[0.252s] -- Detecting C compiler ABI info - done
[0.259s] -- Check for working C compiler: /usr/bin/cc - skipped
[0.259s] -- Detecting C compile features
[0.260s] -- Detecting C compile features - done
[0.263s] -- Detecting CXX compiler ABI info
[0.378s] -- Detecting CXX compiler ABI info - done
[0.392s] -- Check for working CXX compiler: /usr/bin/c++ - skipped
[0.392s] -- Detecting CXX compile features
[0.394s] -- Detecting CXX compile features - done
[0.398s] -- Found ament_cmake: 1.3.9 (/opt/ros/humble/share/ament_cmake/cmake)
[0.591s] -- Found Python3: /usr/bin/python3 (found version "3.10.12") found components: Interpreter 
[0.682s] -- Found ament_lint_auto: 0.12.11 (/opt/ros/humble/share/ament_lint_auto/cmake)
[0.684s] -- Found ament_cmake_gtest: 1.3.9 (/opt/ros/humble/share/ament_cmake_gtest/cmake)
[0.698s] -- Found Boost: /usr/lib/x86_64-linux-gnu/cmake/Boost-1.74.0/BoostConfig.cmake (found version "1.74.0") found components: unit_test_framework system 
[0.829s] -- Found gtest sources under '/opt/ros/humble/src/gtest_vendor': C++ tests using 'Google Test' will be built
[0.831s] -- Looking for pthread.h
[0.915s] -- Looking for pthread.h - found
[0.915s] -- Performing Test CMAKE_HAVE_LIBC_PTHREAD
[1.022s] -- Performing Test CMAKE_HAVE_LIBC_PTHREAD - Success
[1.023s] -- Found Threads: TRUE  
[1.028s] -- Added test 'copyright' to check source files copyright and LICENSE
[1.033s] -- Added test 'cppcheck' to perform static code analysis on C / C++ code
[1.034s] -- Configured cppcheck include dirs: /home/amandarln/ros_ws/src/ros_driver_base/test/include;$<BUILD_INTERFACE:/home/amandarln/ros_ws/src/ros_driver_base/include>
[1.034s] -- Configured cppcheck exclude dirs and/or files: 
[1.036s] -- Added test 'lint_cmake' to check CMake code style
[1.041s] -- Added test 'uncrustify' to check C / C++ code style
[1.041s] -- Configured uncrustify additional arguments: 
[1.042s] -- Added test 'xmllint' to check XML markup files
[1.044s] -- Configuring done
[1.061s] -- Generating done
[1.063s] -- Build files have been written to: /home/amandarln/ros_ws/build/ros_driver_base
[1.069s] Invoked command in '/home/amandarln/ros_ws/build/ros_driver_base' returned '0': CMAKE_PREFIX_PATH=${CMAKE_PREFIX_PATH}:/opt/ros/humble /usr/bin/cmake /home/amandarln/ros_ws/src/ros_driver_base -DCMAKE_EXPORT_COMPILE_COMMANDS=1 -DCMAKE_INSTALL_PREFIX=/home/amandarln/ros_ws/install/ros_driver_base
[1.072s] Invoking command in '/home/amandarln/ros_ws/build/ros_driver_base': CMAKE_PREFIX_PATH=${CMAKE_PREFIX_PATH}:/opt/ros/humble /usr/bin/cmake --build /home/amandarln/ros_ws/build/ros_driver_base -- -j16 -l16
[1.082s] /usr/bin/cmake -S/home/amandarln/ros_ws/src/ros_driver_base -B/home/amandarln/ros_ws/build/ros_driver_base --check-build-system CMakeFiles/Makefile.cmake 0
[1.092s] /usr/bin/cmake -E cmake_progress_start /home/amandarln/ros_ws/build/ros_driver_base/CMakeFiles /home/amandarln/ros_ws/build/ros_driver_base//CMakeFiles/progress.marks
[1.100s] /usr/bin/gmake  -f CMakeFiles/Makefile2 all
[1.101s] gmake[1]: Entering directory '/home/amandarln/ros_ws/build/ros_driver_base'
[1.101s] /usr/bin/gmake  -f CMakeFiles/ros_driver_base.dir/build.make CMakeFiles/ros_driver_base.dir/depend
[1.101s] /usr/bin/gmake  -f gtest/CMakeFiles/gtest.dir/build.make gtest/CMakeFiles/gtest.dir/depend
[1.102s] /usr/bin/gmake  -f gtest/CMakeFiles/gtest_main.dir/build.make gtest/CMakeFiles/gtest_main.dir/depend
[1.104s] gmake[2]: Entering directory '/home/amandarln/ros_ws/build/ros_driver_base'
[1.104s] cd /home/amandarln/ros_ws/build/ros_driver_base && /usr/bin/cmake -E cmake_depends "Unix Makefiles" /home/amandarln/ros_ws/src/ros_driver_base /home/amandarln/ros_ws/src/ros_driver_base /home/amandarln/ros_ws/build/ros_driver_base /home/amandarln/ros_ws/build/ros_driver_base /home/amandarln/ros_ws/build/ros_driver_base/CMakeFiles/ros_driver_base.dir/DependInfo.cmake --color=
[1.104s] gmake[2]: Entering directory '/home/amandarln/ros_ws/build/ros_driver_base'
[1.104s] cd /home/amandarln/ros_ws/build/ros_driver_base && /usr/bin/cmake -E cmake_depends "Unix Makefiles" /home/amandarln/ros_ws/src/ros_driver_base /opt/ros/humble/src/gtest_vendor /home/amandarln/ros_ws/build/ros_driver_base /home/amandarln/ros_ws/build/ros_driver_base/gtest /home/amandarln/ros_ws/build/ros_driver_base/gtest/CMakeFiles/gtest.dir/DependInfo.cmake --color=
[1.104s] gmake[2]: Entering directory '/home/amandarln/ros_ws/build/ros_driver_base'
[1.104s] cd /home/amandarln/ros_ws/build/ros_driver_base && /usr/bin/cmake -E cmake_depends "Unix Makefiles" /home/amandarln/ros_ws/src/ros_driver_base /opt/ros/humble/src/gtest_vendor /home/amandarln/ros_ws/build/ros_driver_base /home/amandarln/ros_ws/build/ros_driver_base/gtest /home/amandarln/ros_ws/build/ros_driver_base/gtest/CMakeFiles/gtest_main.dir/DependInfo.cmake --color=
[1.116s] gmake[2]: Leaving directory '/home/amandarln/ros_ws/build/ros_driver_base'
[1.116s] gmake[2]: Leaving directory '/home/amandarln/ros_ws/build/ros_driver_base'
[1.116s] gmake[2]: Leaving directory '/home/amandarln/ros_ws/build/ros_driver_base'
[1.116s] /usr/bin/gmake  -f CMakeFiles/ros_driver_base.dir/build.make CMakeFiles/ros_driver_base.dir/build
[1.116s] /usr/bin/gmake  -f gtest/CMakeFiles/gtest.dir/build.make gtest/CMakeFiles/gtest.dir/build
[1.116s] /usr/bin/gmake  -f gtest/CMakeFiles/gtest_main.dir/build.make gtest/CMakeFiles/gtest_main.dir/build
[1.117s] gmake[2]: Entering directory '/home/amandarln/ros_ws/build/ros_driver_base'
[1.117s] gmake[2]: Entering directory '/home/amandarln/ros_ws/build/ros_driver_base'
[1.118s] gmake[2]: Entering directory '/home/amandarln/ros_ws/build/ros_driver_base'
[1.128s] [  3%] [32mBuilding CXX object CMakeFiles/ros_driver_base.dir/src/exceptions.cpp.o[0m
[1.129s] [  7%] [32mBuilding CXX object CMakeFiles/ros_driver_base.dir/src/driver.cpp.o[0m
[1.129s] [ 11%] [32mBuilding CXX object gtest/CMakeFiles/gtest_main.dir/src/gtest_main.cc.o[0m
[1.129s] [ 14%] [32mBuilding CXX object CMakeFiles/ros_driver_base.dir/src/tcp_driver.cpp.o[0m
[1.130s] /usr/bin/c++ -Dros_driver_base_EXPORTS -I/home/amandarln/ros_ws/src/ros_driver_base/include -I/home/amandarln/ros_ws/src/ros_driver_base/test/include -O0 -ggdb -g -pthread -mtune=native -fPIC -Werror -Wextra -Wpedantic -std=gnu++14 -MD -MT CMakeFiles/ros_driver_base.dir/src/exceptions.cpp.o -MF CMakeFiles/ros_driver_base.dir/src/exceptions.cpp.o.d -o CMakeFiles/ros_driver_base.dir/src/exceptions.cpp.o -c /home/amandarln/ros_ws/src/ros_driver_base/src/exceptions.cpp
[1.130s] [ 18%] [32mBuilding CXX object CMakeFiles/ros_driver_base.dir/src/timeout.cpp.o[0m
[1.130s] /usr/bin/c++ -Dros_driver_base_EXPORTS -I/home/amandarln/ros_ws/src/ros_driver_base/include -I/home/amandarln/ros_ws/src/ros_driver_base/test/include -O0 -ggdb -g -pthread -mtune=native -fPIC -Werror -Wextra -Wpedantic -std=gnu++14 -MD -MT CMakeFiles/ros_driver_base.dir/src/driver.cpp.o -MF CMakeFiles/ros_driver_base.dir/src/driver.cpp.o.d -o CMakeFiles/ros_driver_base.dir/src/driver.cpp.o -c /home/amandarln/ros_ws/src/ros_driver_base/src/driver.cpp
[1.130s] cd /home/amandarln/ros_ws/build/ros_driver_base/gtest && /usr/bin/c++  -I/home/amandarln/ros_ws/src/ros_driver_base/test/include -I/opt/ros/humble/src/gtest_vendor/. -isystem /opt/ros/humble/src/gtest_vendor/include -O0 -ggdb -g -pthread -mtune=native -Werror -Wextra -Wpedantic -std=gnu++14 -MD -MT gtest/CMakeFiles/gtest_main.dir/src/gtest_main.cc.o -MF CMakeFiles/gtest_main.dir/src/gtest_main.cc.o.d -o CMakeFiles/gtest_main.dir/src/gtest_main.cc.o -c /opt/ros/humble/src/gtest_vendor/src/gtest_main.cc
[1.131s] /usr/bin/c++ -Dros_driver_base_EXPORTS -I/home/amandarln/ros_ws/src/ros_driver_base/include -I/home/amandarln/ros_ws/src/ros_driver_base/test/include -O0 -ggdb -g -pthread -mtune=native -fPIC -Werror -Wextra -Wpedantic -std=gnu++14 -MD -MT CMakeFiles/ros_driver_base.dir/src/tcp_driver.cpp.o -MF CMakeFiles/ros_driver_base.dir/src/tcp_driver.cpp.o.d -o CMakeFiles/ros_driver_base.dir/src/tcp_driver.cpp.o -c /home/amandarln/ros_ws/src/ros_driver_base/src/tcp_driver.cpp
[1.131s] /usr/bin/c++ -Dros_driver_base_EXPORTS -I/home/amandarln/ros_ws/src/ros_driver_base/include -I/home/amandarln/ros_ws/src/ros_driver_base/test/include -O0 -ggdb -g -pthread -mtune=native -fPIC -Werror -Wextra -Wpedantic -std=gnu++14 -MD -MT CMakeFiles/ros_driver_base.dir/src/timeout.cpp.o -MF CMakeFiles/ros_driver_base.dir/src/timeout.cpp.o.d -o CMakeFiles/ros_driver_base.dir/src/timeout.cpp.o -c /home/amandarln/ros_ws/src/ros_driver_base/src/timeout.cpp
[1.131s] [ 29%] [32mBuilding CXX object gtest/CMakeFiles/gtest.dir/src/gtest-all.cc.o[0m
[1.132s] [ 29%] [32mBuilding CXX object CMakeFiles/ros_driver_base.dir/src/bus.cpp.o[0m
[1.132s] [ 33%] [32mBuilding CXX object CMakeFiles/ros_driver_base.dir/src/io_stream.cpp.o[0m
[1.132s] [ 37%] [32mBuilding CXX object CMakeFiles/ros_driver_base.dir/src/test_stream.cpp.o[0m
[1.133s] [ 37%] [32mBuilding CXX object CMakeFiles/ros_driver_base.dir/src/io_listener.cpp.o[0m
[1.133s] /usr/bin/c++ -Dros_driver_base_EXPORTS -I/home/amandarln/ros_ws/src/ros_driver_base/include -I/home/amandarln/ros_ws/src/ros_driver_base/test/include -O0 -ggdb -g -pthread -mtune=native -fPIC -Werror -Wextra -Wpedantic -std=gnu++14 -MD -MT CMakeFiles/ros_driver_base.dir/src/bus.cpp.o -MF CMakeFiles/ros_driver_base.dir/src/bus.cpp.o.d -o CMakeFiles/ros_driver_base.dir/src/bus.cpp.o -c /home/amandarln/ros_ws/src/ros_driver_base/src/bus.cpp
[1.133s] cd /home/amandarln/ros_ws/build/ros_driver_base/gtest && /usr/bin/c++  -I/home/amandarln/ros_ws/src/ros_driver_base/test/include -I/opt/ros/humble/src/gtest_vendor/. -isystem /opt/ros/humble/src/gtest_vendor/include -O0 -ggdb -g -pthread -mtune=native -fPIC -Wno-missing-field-initializers -Werror -Wextra -Wpedantic -Wno-null-dereference -std=gnu++14 -MD -MT gtest/CMakeFiles/gtest.dir/src/gtest-all.cc.o -MF CMakeFiles/gtest.dir/src/gtest-all.cc.o.d -o CMakeFiles/gtest.dir/src/gtest-all.cc.o -c /opt/ros/humble/src/gtest_vendor/src/gtest-all.cc
[1.133s] /usr/bin/c++ -Dros_driver_base_EXPORTS -I/home/amandarln/ros_ws/src/ros_driver_base/include -I/home/amandarln/ros_ws/src/ros_driver_base/test/include -O0 -ggdb -g -pthread -mtune=native -fPIC -Werror -Wextra -Wpedantic -std=gnu++14 -MD -MT CMakeFiles/ros_driver_base.dir/src/test_stream.cpp.o -MF CMakeFiles/ros_driver_base.dir/src/test_stream.cpp.o.d -o CMakeFiles/ros_driver_base.dir/src/test_stream.cpp.o -c /home/amandarln/ros_ws/src/ros_driver_base/src/test_stream.cpp
[1.134s] /usr/bin/c++ -Dros_driver_base_EXPORTS -I/home/amandarln/ros_ws/src/ros_driver_base/include -I/home/amandarln/ros_ws/src/ros_driver_base/test/include -O0 -ggdb -g -pthread -mtune=native -fPIC -Werror -Wextra -Wpedantic -std=gnu++14 -MD -MT CMakeFiles/ros_driver_base.dir/src/io_listener.cpp.o -MF CMakeFiles/ros_driver_base.dir/src/io_listener.cpp.o.d -o CMakeFiles/ros_driver_base.dir/src/io_listener.cpp.o -c /home/amandarln/ros_ws/src/ros_driver_base/src/io_listener.cpp
[1.134s] /usr/bin/c++ -Dros_driver_base_EXPORTS -I/home/amandarln/ros_ws/src/ros_driver_base/include -I/home/amandarln/ros_ws/src/ros_driver_base/test/include -O0 -ggdb -g -pthread -mtune=native -fPIC -Werror -Wextra -Wpedantic -std=gnu++14 -MD -MT CMakeFiles/ros_driver_base.dir/src/io_stream.cpp.o -MF CMakeFiles/ros_driver_base.dir/src/io_stream.cpp.o.d -o CMakeFiles/ros_driver_base.dir/src/io_stream.cpp.o -c /home/amandarln/ros_ws/src/ros_driver_base/src/io_stream.cpp
[2.071s] [ 40%] [32m[1mLinking CXX static library libgtest_main.a[0m
[2.072s] cd /home/amandarln/ros_ws/build/ros_driver_base/gtest && /usr/bin/cmake -P CMakeFiles/gtest_main.dir/cmake_clean_target.cmake
[2.084s] cd /home/amandarln/ros_ws/build/ros_driver_base/gtest && /usr/bin/cmake -E cmake_link_script CMakeFiles/gtest_main.dir/link.txt --verbose=1
[2.095s] /usr/bin/ar qc libgtest_main.a CMakeFiles/gtest_main.dir/src/gtest_main.cc.o
[2.100s] /usr/bin/ranlib libgtest_main.a
[2.106s] gmake[2]: Leaving directory '/home/amandarln/ros_ws/build/ros_driver_base'
[2.118s] [ 40%] Built target gtest_main
[2.845s] [ 44%] [32m[1mLinking CXX shared library libros_driver_base.so[0m
[2.846s] /usr/bin/cmake -E cmake_link_script CMakeFiles/ros_driver_base.dir/link.txt --verbose=1
[2.854s] /usr/bin/c++ -fPIC  -O0 -ggdb -g -pthread -mtune=native -shared -Wl,-soname,libros_driver_base.so -o libros_driver_base.so CMakeFiles/ros_driver_base.dir/src/bus.cpp.o CMakeFiles/ros_driver_base.dir/src/driver.cpp.o CMakeFiles/ros_driver_base.dir/src/exceptions.cpp.o CMakeFiles/ros_driver_base.dir/src/io_listener.cpp.o CMakeFiles/ros_driver_base.dir/src/io_stream.cpp.o CMakeFiles/ros_driver_base.dir/src/tcp_driver.cpp.o CMakeFiles/ros_driver_base.dir/src/test_stream.cpp.o CMakeFiles/ros_driver_base.dir/src/timeout.cpp.o 
[2.954s] gmake[2]: Leaving directory '/home/amandarln/ros_ws/build/ros_driver_base'
[2.964s] [ 44%] Built target ros_driver_base
[2.965s] /usr/bin/gmake  -f CMakeFiles/test_driver.dir/build.make CMakeFiles/test_driver.dir/depend
[2.965s] /usr/bin/gmake  -f CMakeFiles/test_tcp_read.dir/build.make CMakeFiles/test_tcp_read.dir/depend
[2.966s] /usr/bin/gmake  -f CMakeFiles/test_tcp_write.dir/build.make CMakeFiles/test_tcp_write.dir/depend
[2.966s] /usr/bin/gmake  -f CMakeFiles/test_udp_read.dir/build.make CMakeFiles/test_udp_read.dir/depend
[2.966s] /usr/bin/gmake  -f CMakeFiles/test_udp_write.dir/build.make CMakeFiles/test_udp_write.dir/depend
[2.966s] gmake[2]: Entering directory '/home/amandarln/ros_ws/build/ros_driver_base'
[2.966s] cd /home/amandarln/ros_ws/build/ros_driver_base && /usr/bin/cmake -E cmake_depends "Unix Makefiles" /home/amandarln/ros_ws/src/ros_driver_base /home/amandarln/ros_ws/src/ros_driver_base /home/amandarln/ros_ws/build/ros_driver_base /home/amandarln/ros_ws/build/ros_driver_base /home/amandarln/ros_ws/build/ros_driver_base/CMakeFiles/test_driver.dir/DependInfo.cmake --color=
[2.967s] gmake[2]: Entering directory '/home/amandarln/ros_ws/build/ros_driver_base'
[2.967s] cd /home/amandarln/ros_ws/build/ros_driver_base && /usr/bin/cmake -E cmake_depends "Unix Makefiles" /home/amandarln/ros_ws/src/ros_driver_base /home/amandarln/ros_ws/src/ros_driver_base /home/amandarln/ros_ws/build/ros_driver_base /home/amandarln/ros_ws/build/ros_driver_base /home/amandarln/ros_ws/build/ros_driver_base/CMakeFiles/test_tcp_read.dir/DependInfo.cmake --color=
[2.967s] gmake[2]: Entering directory '/home/amandarln/ros_ws/build/ros_driver_base'
[2.967s] cd /home/amandarln/ros_ws/build/ros_driver_base && /usr/bin/cmake -E cmake_depends "Unix Makefiles" /home/amandarln/ros_ws/src/ros_driver_base /home/amandarln/ros_ws/src/ros_driver_base /home/amandarln/ros_ws/build/ros_driver_base /home/amandarln/ros_ws/build/ros_driver_base /home/amandarln/ros_ws/build/ros_driver_base/CMakeFiles/test_tcp_write.dir/DependInfo.cmake --color=
[2.968s] gmake[2]: Entering directory '/home/amandarln/ros_ws/build/ros_driver_base'
[2.968s] cd /home/amandarln/ros_ws/build/ros_driver_base && /usr/bin/cmake -E cmake_depends "Unix Makefiles" /home/amandarln/ros_ws/src/ros_driver_base /home/amandarln/ros_ws/src/ros_driver_base /home/amandarln/ros_ws/build/ros_driver_base /home/amandarln/ros_ws/build/ros_driver_base /home/amandarln/ros_ws/build/ros_driver_base/CMakeFiles/test_udp_read.dir/DependInfo.cmake --color=
[2.968s] gmake[2]: Entering directory '/home/amandarln/ros_ws/build/ros_driver_base'
[2.968s] cd /home/amandarln/ros_ws/build/ros_driver_base && /usr/bin/cmake -E cmake_depends "Unix Makefiles" /home/amandarln/ros_ws/src/ros_driver_base /home/amandarln/ros_ws/src/ros_driver_base /home/amandarln/ros_ws/build/ros_driver_base /home/amandarln/ros_ws/build/ros_driver_base /home/amandarln/ros_ws/build/ros_driver_base/CMakeFiles/test_udp_write.dir/DependInfo.cmake --color=
[2.977s] gmake[2]: Leaving directory '/home/amandarln/ros_ws/build/ros_driver_base'
[2.977s] gmake[2]: Leaving directory '/home/amandarln/ros_ws/build/ros_driver_base'
[2.978s] gmake[2]: Leaving directory '/home/amandarln/ros_ws/build/ros_driver_base'
[2.978s] /usr/bin/gmake  -f CMakeFiles/test_driver.dir/build.make CMakeFiles/test_driver.dir/build
[2.978s] /usr/bin/gmake  -f CMakeFiles/test_tcp_read.dir/build.make CMakeFiles/test_tcp_read.dir/build
[2.978s] /usr/bin/gmake  -f CMakeFiles/test_tcp_write.dir/build.make CMakeFiles/test_tcp_write.dir/build
[2.978s] gmake[2]: Leaving directory '/home/amandarln/ros_ws/build/ros_driver_base'
[2.978s] /usr/bin/gmake  -f CMakeFiles/test_udp_read.dir/build.make CMakeFiles/test_udp_read.dir/build
[2.979s] gmake[2]: Leaving directory '/home/amandarln/ros_ws/build/ros_driver_base'
[2.979s] /usr/bin/gmake  -f CMakeFiles/test_udp_write.dir/build.make CMakeFiles/test_udp_write.dir/build
[2.979s] gmake[2]: Entering directory '/home/amandarln/ros_ws/build/ros_driver_base'
[2.979s] gmake[2]: Entering directory '/home/amandarln/ros_ws/build/ros_driver_base'
[2.980s] gmake[2]: Entering directory '/home/amandarln/ros_ws/build/ros_driver_base'
[2.980s] gmake[2]: Entering directory '/home/amandarln/ros_ws/build/ros_driver_base'
[2.981s] gmake[2]: Entering directory '/home/amandarln/ros_ws/build/ros_driver_base'
[2.990s] [ 51%] [32mBuilding CXX object CMakeFiles/test_driver.dir/test/test_driver.cpp.o[0m
[2.991s] [ 55%] [32mBuilding CXX object CMakeFiles/test_driver.dir/test/suite.cpp.o[0m
[2.991s] [ 55%] [32mBuilding CXX object CMakeFiles/test_tcp_read.dir/test/test_tcp_read.cpp.o[0m
[2.991s] [ 62%] [32mBuilding CXX object CMakeFiles/test_udp_read.dir/test/test_udp_read.cpp.o[0m
[2.991s] [ 62%] [32mBuilding CXX object CMakeFiles/test_driver.dir/test/test_test_stream.cpp.o[0m
[2.992s] /usr/bin/c++ -DBOOST_ALL_NO_LIB -DBOOST_TEST_DYN_LINK -DBOOST_UNIT_TEST_FRAMEWORK_DYN_LINK -I/home/amandarln/ros_ws/src/ros_driver_base/test/include -I/home/amandarln/ros_ws/src/ros_driver_base/include -O0 -ggdb -g -pthread -mtune=native -Werror -Wextra -Wpedantic -std=gnu++14 -MD -MT CMakeFiles/test_driver.dir/test/test_driver.cpp.o -MF CMakeFiles/test_driver.dir/test/test_driver.cpp.o.d -o CMakeFiles/test_driver.dir/test/test_driver.cpp.o -c /home/amandarln/ros_ws/src/ros_driver_base/test/test_driver.cpp
[2.992s] /usr/bin/c++  -I/home/amandarln/ros_ws/src/ros_driver_base/test/include -I/home/amandarln/ros_ws/src/ros_driver_base/include -O0 -ggdb -g -pthread -mtune=native -Werror -Wextra -Wpedantic -std=gnu++14 -MD -MT CMakeFiles/test_tcp_read.dir/test/test_tcp_read.cpp.o -MF CMakeFiles/test_tcp_read.dir/test/test_tcp_read.cpp.o.d -o CMakeFiles/test_tcp_read.dir/test/test_tcp_read.cpp.o -c /home/amandarln/ros_ws/src/ros_driver_base/test/test_tcp_read.cpp
[2.992s] /usr/bin/c++ -DBOOST_ALL_NO_LIB -DBOOST_TEST_DYN_LINK -DBOOST_UNIT_TEST_FRAMEWORK_DYN_LINK -I/home/amandarln/ros_ws/src/ros_driver_base/test/include -I/home/amandarln/ros_ws/src/ros_driver_base/include -O0 -ggdb -g -pthread -mtune=native -Werror -Wextra -Wpedantic -std=gnu++14 -MD -MT CMakeFiles/test_driver.dir/test/suite.cpp.o -MF CMakeFiles/test_driver.dir/test/suite.cpp.o.d -o CMakeFiles/test_driver.dir/test/suite.cpp.o -c /home/amandarln/ros_ws/src/ros_driver_base/test/suite.cpp
[2.992s] [ 66%] [32mBuilding CXX object CMakeFiles/test_tcp_write.dir/test/test_tcp_write.cpp.o[0m
[2.993s] /usr/bin/c++ -DBOOST_ALL_NO_LIB -DBOOST_TEST_DYN_LINK -DBOOST_UNIT_TEST_FRAMEWORK_DYN_LINK -I/home/amandarln/ros_ws/src/ros_driver_base/test/include -I/home/amandarln/ros_ws/src/ros_driver_base/include -O0 -ggdb -g -pthread -mtune=native -Werror -Wextra -Wpedantic -std=gnu++14 -MD -MT CMakeFiles/test_driver.dir/test/test_test_stream.cpp.o -MF CMakeFiles/test_driver.dir/test/test_test_stream.cpp.o.d -o CMakeFiles/test_driver.dir/test/test_test_stream.cpp.o -c /home/amandarln/ros_ws/src/ros_driver_base/test/test_test_stream.cpp
[2.993s] /usr/bin/c++  -I/home/amandarln/ros_ws/src/ros_driver_base/test/include -I/home/amandarln/ros_ws/src/ros_driver_base/include -O0 -ggdb -g -pthread -mtune=native -Werror -Wextra -Wpedantic -std=gnu++14 -MD -MT CMakeFiles/test_udp_read.dir/test/test_udp_read.cpp.o -MF CMakeFiles/test_udp_read.dir/test/test_udp_read.cpp.o.d -o CMakeFiles/test_udp_read.dir/test/test_udp_read.cpp.o -c /home/amandarln/ros_ws/src/ros_driver_base/test/test_udp_read.cpp
[2.994s] /usr/bin/c++  -I/home/amandarln/ros_ws/src/ros_driver_base/test/include -I/home/amandarln/ros_ws/src/ros_driver_base/include -O0 -ggdb -g -pthread -mtune=native -Werror -Wextra -Wpedantic -std=gnu++14 -MD -MT CMakeFiles/test_tcp_write.dir/test/test_tcp_write.cpp.o -MF CMakeFiles/test_tcp_write.dir/test/test_tcp_write.cpp.o.d -o CMakeFiles/test_tcp_write.dir/test/test_tcp_write.cpp.o -c /home/amandarln/ros_ws/src/ros_driver_base/test/test_tcp_write.cpp
[2.995s] [ 70%] [32mBuilding CXX object CMakeFiles/test_udp_write.dir/test/test_udp_write.cpp.o[0m
[2.996s] /usr/bin/c++  -I/home/amandarln/ros_ws/src/ros_driver_base/test/include -I/home/amandarln/ros_ws/src/ros_driver_base/include -O0 -ggdb -g -pthread -mtune=native -Werror -Wextra -Wpedantic -std=gnu++14 -MD -MT CMakeFiles/test_udp_write.dir/test/test_udp_write.cpp.o -MF CMakeFiles/test_udp_write.dir/test/test_udp_write.cpp.o.d -o CMakeFiles/test_udp_write.dir/test/test_udp_write.cpp.o -c /home/amandarln/ros_ws/src/ros_driver_base/test/test_udp_write.cpp
[3.464s] [ 74%] [32m[1mLinking CXX executable test_tcp_read[0m
[3.465s] /usr/bin/cmake -E cmake_link_script CMakeFiles/test_tcp_read.dir/link.txt --verbose=1
[3.472s] [ 77%] [32m[1mLinking CXX executable test_udp_write[0m
[3.473s] /usr/bin/cmake -E cmake_link_script CMakeFiles/test_udp_write.dir/link.txt --verbose=1
[3.473s] /usr/bin/c++  -O0 -ggdb -g -pthread -mtune=native CMakeFiles/test_tcp_read.dir/test/test_tcp_read.cpp.o -o test_tcp_read  -Wl,-rpath,/home/amandarln/ros_ws/build/ros_driver_base libros_driver_base.so 
[3.483s] /usr/bin/c++  -O0 -ggdb -g -pthread -mtune=native CMakeFiles/test_udp_write.dir/test/test_udp_write.cpp.o -o test_udp_write  -Wl,-rpath,/home/amandarln/ros_ws/build/ros_driver_base libros_driver_base.so 
[3.559s] [ 81%] [32m[1mLinking CXX executable test_tcp_write[0m
[3.560s] /usr/bin/cmake -E cmake_link_script CMakeFiles/test_tcp_write.dir/link.txt --verbose=1
[3.569s] /usr/bin/c++  -O0 -ggdb -g -pthread -mtune=native CMakeFiles/test_tcp_write.dir/test/test_tcp_write.cpp.o -o test_tcp_write  -Wl,-rpath,/home/amandarln/ros_ws/build/ros_driver_base libros_driver_base.so 
[3.575s] gmake[2]: Leaving directory '/home/amandarln/ros_ws/build/ros_driver_base'
[3.581s] gmake[2]: Leaving directory '/home/amandarln/ros_ws/build/ros_driver_base'
[3.585s] [ 81%] Built target test_tcp_read
[3.591s] [ 81%] Built target test_udp_write
[3.665s] gmake[2]: Leaving directory '/home/amandarln/ros_ws/build/ros_driver_base'
[3.671s] [ 85%] [32m[1mLinking CXX executable test_udp_read[0m
[3.672s] /usr/bin/cmake -E cmake_link_script CMakeFiles/test_udp_read.dir/link.txt --verbose=1
[3.674s] [ 85%] Built target test_tcp_write
[3.681s] /usr/bin/c++  -O0 -ggdb -g -pthread -mtune=native CMakeFiles/test_udp_read.dir/test/test_udp_read.cpp.o -o test_udp_read  -Wl,-rpath,/home/amandarln/ros_ws/build/ros_driver_base libros_driver_base.so 
[3.767s] gmake[2]: Leaving directory '/home/amandarln/ros_ws/build/ros_driver_base'
[3.777s] [ 85%] Built target test_udp_read
[4.908s] [ 88%] [32m[1mLinking CXX executable test_driver[0m
[4.909s] /usr/bin/cmake -E cmake_link_script CMakeFiles/test_driver.dir/link.txt --verbose=1
[4.916s] /usr/bin/c++  -O0 -ggdb -g -pthread -mtune=native CMakeFiles/test_driver.dir/test/suite.cpp.o CMakeFiles/test_driver.dir/test/test_driver.cpp.o CMakeFiles/test_driver.dir/test/test_test_stream.cpp.o -o test_driver  -Wl,-rpath,/home/amandarln/ros_ws/build/ros_driver_base: libros_driver_base.so /usr/lib/x86_64-linux-gnu/libboost_unit_test_framework.so.1.74.0 
[5.019s] gmake[2]: Leaving directory '/home/amandarln/ros_ws/build/ros_driver_base'
[5.035s] [ 88%] Built target test_driver
[5.435s] [ 92%] [32m[1mLinking CXX static library libgtest.a[0m
[5.436s] cd /home/amandarln/ros_ws/build/ros_driver_base/gtest && /usr/bin/cmake -P CMakeFiles/gtest.dir/cmake_clean_target.cmake
[5.448s] cd /home/amandarln/ros_ws/build/ros_driver_base/gtest && /usr/bin/cmake -E cmake_link_script CMakeFiles/gtest.dir/link.txt --verbose=1
[5.456s] /usr/bin/ar qc libgtest.a CMakeFiles/gtest.dir/src/gtest-all.cc.o
[5.475s] /usr/bin/ranlib libgtest.a
[5.499s] gmake[2]: Leaving directory '/home/amandarln/ros_ws/build/ros_driver_base'
[5.507s] [ 92%] Built target gtest
[5.508s] /usr/bin/gmake  -f CMakeFiles/test_test_stream_gtest.dir/build.make CMakeFiles/test_test_stream_gtest.dir/depend
[5.510s] gmake[2]: Entering directory '/home/amandarln/ros_ws/build/ros_driver_base'
[5.510s] cd /home/amandarln/ros_ws/build/ros_driver_base && /usr/bin/cmake -E cmake_depends "Unix Makefiles" /home/amandarln/ros_ws/src/ros_driver_base /home/amandarln/ros_ws/src/ros_driver_base /home/amandarln/ros_ws/build/ros_driver_base /home/amandarln/ros_ws/build/ros_driver_base /home/amandarln/ros_ws/build/ros_driver_base/CMakeFiles/test_test_stream_gtest.dir/DependInfo.cmake --color=
[5.519s] gmake[2]: Leaving directory '/home/amandarln/ros_ws/build/ros_driver_base'
[5.519s] /usr/bin/gmake  -f CMakeFiles/test_test_stream_gtest.dir/build.make CMakeFiles/test_test_stream_gtest.dir/build
[5.520s] gmake[2]: Entering directory '/home/amandarln/ros_ws/build/ros_driver_base'
[5.528s] [ 96%] [32mBuilding CXX object CMakeFiles/test_test_stream_gtest.dir/test/test_stream_gtest.cpp.o[0m
[5.529s] /usr/bin/c++  -I/home/amandarln/ros_ws/src/ros_driver_base/test/include -I/home/amandarln/ros_ws/src/ros_driver_base/include -isystem /opt/ros/humble/src/gtest_vendor/include -O0 -ggdb -g -pthread -mtune=native -Werror -Wextra -Wpedantic -std=gnu++14 -MD -MT CMakeFiles/test_test_stream_gtest.dir/test/test_stream_gtest.cpp.o -MF CMakeFiles/test_test_stream_gtest.dir/test/test_stream_gtest.cpp.o.d -o CMakeFiles/test_test_stream_gtest.dir/test/test_stream_gtest.cpp.o -c /home/amandarln/ros_ws/src/ros_driver_base/test/test_stream_gtest.cpp
[6.648s] [100%] [32m[1mLinking CXX executable test_test_stream_gtest[0m
[6.649s] /usr/bin/cmake -E cmake_link_script CMakeFiles/test_test_stream_gtest.dir/link.txt --verbose=1
[6.655s] /usr/bin/c++  -O0 -ggdb -g -pthread -mtune=native CMakeFiles/test_test_stream_gtest.dir/test/test_stream_gtest.cpp.o -o test_test_stream_gtest  -Wl,-rpath,/home/amandarln/ros_ws/build/ros_driver_base gtest/libgtest_main.a gtest/libgtest.a libros_driver_base.so -pthread 
[6.809s] gmake[2]: Leaving directory '/home/amandarln/ros_ws/build/ros_driver_base'
[6.817s] [100%] Built target test_test_stream_gtest
[6.818s] gmake[1]: Leaving directory '/home/amandarln/ros_ws/build/ros_driver_base'
[6.818s] /usr/bin/cmake -E cmake_progress_start /home/amandarln/ros_ws/build/ros_driver_base/CMakeFiles 0
[6.829s] Invoked command in '/home/amandarln/ros_ws/build/ros_driver_base' returned '0': CMAKE_PREFIX_PATH=${CMAKE_PREFIX_PATH}:/opt/ros/humble /usr/bin/cmake --build /home/amandarln/ros_ws/build/ros_driver_base -- -j16 -l16
[6.950s] Invoking command in '/home/amandarln/ros_ws/build/ros_driver_base': CMAKE_PREFIX_PATH=${CMAKE_PREFIX_PATH}:/opt/ros/humble /usr/bin/cmake --install /home/amandarln/ros_ws/build/ros_driver_base
[6.960s] -- Install configuration: ""
[6.961s] -- Installing: /home/amandarln/ros_ws/install/ros_driver_base/share/ros_driver_base/environment/library_path.sh
[6.961s] -- Installing: /home/amandarln/ros_ws/install/ros_driver_base/share/ros_driver_base/environment/library_path.dsv
[6.961s] -- Installing: /home/amandarln/ros_ws/install/ros_driver_base/share/ament_index/resource_index/package_run_dependencies/ros_driver_base
[6.961s] -- Installing: /home/amandarln/ros_ws/install/ros_driver_base/share/ament_index/resource_index/parent_prefix_path/ros_driver_base
[6.961s] -- Installing: /home/amandarln/ros_ws/install/ros_driver_base/share/ros_driver_base/environment/ament_prefix_path.sh
[6.961s] -- Installing: /home/amandarln/ros_ws/install/ros_driver_base/share/ros_driver_base/environment/ament_prefix_path.dsv
[6.961s] -- Installing: /home/amandarln/ros_ws/install/ros_driver_base/share/ros_driver_base/environment/path.sh
[6.961s] -- Installing: /home/amandarln/ros_ws/install/ros_driver_base/share/ros_driver_base/environment/path.dsv
[6.961s] -- Installing: /home/amandarln/ros_ws/install/ros_driver_base/share/ros_driver_base/local_setup.bash
[6.961s] -- Installing: /home/amandarln/ros_ws/install/ros_driver_base/share/ros_driver_base/local_setup.sh
[6.962s] -- Installing: /home/amandarln/ros_ws/install/ros_driver_base/share/ros_driver_base/local_setup.zsh
[6.962s] -- Installing: /home/amandarln/ros_ws/install/ros_driver_base/share/ros_driver_base/local_setup.dsv
[6.962s] -- Installing: /home/amandarln/ros_ws/install/ros_driver_base/share/ros_driver_base/package.dsv
[6.962s] -- Installing: /home/amandarln/ros_ws/install/ros_driver_base/share/ament_index/resource_index/packages/ros_driver_base
[6.962s] -- Installing: /home/amandarln/ros_ws/install/ros_driver_base/share/ros_driver_base/cmake/ament_cmake_export_include_directories-extras.cmake
[6.962s] -- Installing: /home/amandarln/ros_ws/install/ros_driver_base/share/ros_driver_base/cmake/ament_cmake_export_libraries-extras.cmake
[6.963s] -- Installing: /home/amandarln/ros_ws/install/ros_driver_base/share/ros_driver_base/cmake/ros_driver_baseConfig.cmake
[6.963s] -- Installing: /home/amandarln/ros_ws/install/ros_driver_base/share/ros_driver_base/cmake/ros_driver_baseConfig-version.cmake
[6.963s] -- Installing: /home/amandarln/ros_ws/install/ros_driver_base/share/ros_driver_base/package.xml
[6.963s] -- Installing: /home/amandarln/ros_ws/install/ros_driver_base/include
[6.963s] -- Installing: /home/amandarln/ros_ws/install/ros_driver_base/include/ros_driver_base
[6.963s] -- Installing: /home/amandarln/ros_ws/install/ros_driver_base/include/ros_driver_base/mock_context_exception.hpp
[6.963s] -- Installing: /home/amandarln/ros_ws/install/ros_driver_base/include/ros_driver_base/status.hpp
[6.964s] -- Installing: /home/amandarln/ros_ws/install/ros_driver_base/include/ros_driver_base/bus_handler.hpp
[6.964s] -- Installing: /home/amandarln/ros_ws/install/ros_driver_base/include/ros_driver_base/io_stream.hpp
[6.964s] -- Installing: /home/amandarln/ros_ws/install/ros_driver_base/include/ros_driver_base/fd_stream.hpp
[6.964s] -- Installing: /home/amandarln/ros_ws/install/ros_driver_base/include/ros_driver_base/test_ends_with_expectations_left_exception.hpp
[6.964s] -- Installing: /home/amandarln/ros_ws/install/ros_driver_base/include/ros_driver_base/timeout.hpp
[6.964s] -- Installing: /home/amandarln/ros_ws/install/ros_driver_base/include/ros_driver_base/test_stream.hpp
[6.964s] -- Installing: /home/amandarln/ros_ws/install/ros_driver_base/include/ros_driver_base/file_guard.hpp
[6.964s] -- Installing: /home/amandarln/ros_ws/install/ros_driver_base/include/ros_driver_base/tcp_driver.hpp
[6.964s] -- Installing: /home/amandarln/ros_ws/install/ros_driver_base/include/ros_driver_base/driver.hpp
[6.964s] -- Installing: /home/amandarln/ros_ws/install/ros_driver_base/include/ros_driver_base/bus.hpp
[6.964s] -- Installing: /home/amandarln/ros_ws/install/ros_driver_base/include/ros_driver_base/parser.hpp
[6.965s] -- Installing: /home/amandarln/ros_ws/install/ros_driver_base/include/ros_driver_base/io_listener.hpp
[6.965s] -- Installing: /home/amandarln/ros_ws/install/ros_driver_base/include/ros_driver_base/runtime_exceptions.hpp
[6.965s] -- Installing: /home/amandarln/ros_ws/install/ros_driver_base/include/ros_driver_base/udp_server_stream.hpp
[6.965s] -- Installing: /home/amandarln/ros_ws/install/ros_driver_base/lib/libros_driver_base.so
[6.967s] -- Installing: /home/amandarln/ros_ws/install/ros_driver_base/lib/ros_driver_base/test_driver
[6.968s] -- Set runtime path of "/home/amandarln/ros_ws/install/ros_driver_base/lib/ros_driver_base/test_driver" to ""
[6.970s] Invoked command in '/home/amandarln/ros_ws/build/ros_driver_base' returned '0': CMAKE_PREFIX_PATH=${CMAKE_PREFIX_PATH}:/opt/ros/humble /usr/bin/cmake --install /home/amandarln/ros_ws/build/ros_driver_base
