/usr/bin/cmake -S/home/amandarln/ros_ws/src/ros_driver_base -B/home/amandarln/ros_ws/build/ros_driver_base --check-build-system CMakeFiles/Makefile.cmake 0
/usr/bin/cmake -E cmake_progress_start /home/amandarln/ros_ws/build/ros_driver_base/CMakeFiles /home/amandarln/ros_ws/build/ros_driver_base//CMakeFiles/progress.marks
/usr/bin/gmake  -f CMakeFiles/Makefile2 all
gmake[1]: Entering directory '/home/amandarln/ros_ws/build/ros_driver_base'
/usr/bin/gmake  -f CMakeFiles/ros_driver_base.dir/build.make CMakeFiles/ros_driver_base.dir/depend
/usr/bin/gmake  -f gtest/CMakeFiles/gtest.dir/build.make gtest/CMakeFiles/gtest.dir/depend
/usr/bin/gmake  -f gtest/CMakeFiles/gtest_main.dir/build.make gtest/CMakeFiles/gtest_main.dir/depend
gmake[2]: Entering directory '/home/amandarln/ros_ws/build/ros_driver_base'
cd /home/amandarln/ros_ws/build/ros_driver_base && /usr/bin/cmake -E cmake_depends "Unix Makefiles" /home/amandarln/ros_ws/src/ros_driver_base /opt/ros/humble/src/gtest_vendor /home/amandarln/ros_ws/build/ros_driver_base /home/amandarln/ros_ws/build/ros_driver_base/gtest /home/amandarln/ros_ws/build/ros_driver_base/gtest/CMakeFiles/gtest.dir/DependInfo.cmake --color=
gmake[2]: Entering directory '/home/amandarln/ros_ws/build/ros_driver_base'
cd /home/amandarln/ros_ws/build/ros_driver_base && /usr/bin/cmake -E cmake_depends "Unix Makefiles" /home/amandarln/ros_ws/src/ros_driver_base /opt/ros/humble/src/gtest_vendor /home/amandarln/ros_ws/build/ros_driver_base /home/amandarln/ros_ws/build/ros_driver_base/gtest /home/amandarln/ros_ws/build/ros_driver_base/gtest/CMakeFiles/gtest_main.dir/DependInfo.cmake --color=
gmake[2]: Entering directory '/home/amandarln/ros_ws/build/ros_driver_base'
cd /home/amandarln/ros_ws/build/ros_driver_base && /usr/bin/cmake -E cmake_depends "Unix Makefiles" /home/amandarln/ros_ws/src/ros_driver_base /home/amandarln/ros_ws/src/ros_driver_base /home/amandarln/ros_ws/build/ros_driver_base /home/amandarln/ros_ws/build/ros_driver_base /home/amandarln/ros_ws/build/ros_driver_base/CMakeFiles/ros_driver_base.dir/DependInfo.cmake --color=
gmake[2]: Leaving directory '/home/amandarln/ros_ws/build/ros_driver_base'
gmake[2]: Leaving directory '/home/amandarln/ros_ws/build/ros_driver_base'
/usr/bin/gmake  -f gtest/CMakeFiles/gtest.dir/build.make gtest/CMakeFiles/gtest.dir/build
/usr/bin/gmake  -f gtest/CMakeFiles/gtest_main.dir/build.make gtest/CMakeFiles/gtest_main.dir/build
gmake[2]: Leaving directory '/home/amandarln/ros_ws/build/ros_driver_base'
/usr/bin/gmake  -f CMakeFiles/ros_driver_base.dir/build.make CMakeFiles/ros_driver_base.dir/build
gmake[2]: Entering directory '/home/amandarln/ros_ws/build/ros_driver_base'
gmake[2]: Nothing to be done for 'gtest/CMakeFiles/gtest.dir/build'.
gmake[2]: Leaving directory '/home/amandarln/ros_ws/build/ros_driver_base'
gmake[2]: Entering directory '/home/amandarln/ros_ws/build/ros_driver_base'
gmake[2]: Nothing to be done for 'gtest/CMakeFiles/gtest_main.dir/build'.
gmake[2]: Leaving directory '/home/amandarln/ros_ws/build/ros_driver_base'
gmake[2]: Entering directory '/home/amandarln/ros_ws/build/ros_driver_base'
gmake[2]: Nothing to be done for 'CMakeFiles/ros_driver_base.dir/build'.
gmake[2]: Leaving directory '/home/amandarln/ros_ws/build/ros_driver_base'
[  7%] Built target gtest
[ 14%] Built target gtest_main
[ 48%] Built target ros_driver_base
/usr/bin/gmake  -f CMakeFiles/test_test_stream_gtest.dir/build.make CMakeFiles/test_test_stream_gtest.dir/depend
/usr/bin/gmake  -f CMakeFiles/test_driver.dir/build.make CMakeFiles/test_driver.dir/depend
/usr/bin/gmake  -f CMakeFiles/test_tcp_read.dir/build.make CMakeFiles/test_tcp_read.dir/depend
/usr/bin/gmake  -f CMakeFiles/test_tcp_write.dir/build.make CMakeFiles/test_tcp_write.dir/depend
/usr/bin/gmake  -f CMakeFiles/test_udp_read.dir/build.make CMakeFiles/test_udp_read.dir/depend
/usr/bin/gmake  -f CMakeFiles/test_udp_write.dir/build.make CMakeFiles/test_udp_write.dir/depend
gmake[2]: Entering directory '/home/amandarln/ros_ws/build/ros_driver_base'
cd /home/amandarln/ros_ws/build/ros_driver_base && /usr/bin/cmake -E cmake_depends "Unix Makefiles" /home/amandarln/ros_ws/src/ros_driver_base /home/amandarln/ros_ws/src/ros_driver_base /home/amandarln/ros_ws/build/ros_driver_base /home/amandarln/ros_ws/build/ros_driver_base /home/amandarln/ros_ws/build/ros_driver_base/CMakeFiles/test_test_stream_gtest.dir/DependInfo.cmake --color=
gmake[2]: Entering directory '/home/amandarln/ros_ws/build/ros_driver_base'
cd /home/amandarln/ros_ws/build/ros_driver_base && /usr/bin/cmake -E cmake_depends "Unix Makefiles" /home/amandarln/ros_ws/src/ros_driver_base /home/amandarln/ros_ws/src/ros_driver_base /home/amandarln/ros_ws/build/ros_driver_base /home/amandarln/ros_ws/build/ros_driver_base /home/amandarln/ros_ws/build/ros_driver_base/CMakeFiles/test_tcp_read.dir/DependInfo.cmake --color=
gmake[2]: Entering directory '/home/amandarln/ros_ws/build/ros_driver_base'
cd /home/amandarln/ros_ws/build/ros_driver_base && /usr/bin/cmake -E cmake_depends "Unix Makefiles" /home/amandarln/ros_ws/src/ros_driver_base /home/amandarln/ros_ws/src/ros_driver_base /home/amandarln/ros_ws/build/ros_driver_base /home/amandarln/ros_ws/build/ros_driver_base /home/amandarln/ros_ws/build/ros_driver_base/CMakeFiles/test_udp_read.dir/DependInfo.cmake --color=
gmake[2]: Entering directory '/home/amandarln/ros_ws/build/ros_driver_base'
cd /home/amandarln/ros_ws/build/ros_driver_base && /usr/bin/cmake -E cmake_depends "Unix Makefiles" /home/amandarln/ros_ws/src/ros_driver_base /home/amandarln/ros_ws/src/ros_driver_base /home/amandarln/ros_ws/build/ros_driver_base /home/amandarln/ros_ws/build/ros_driver_base /home/amandarln/ros_ws/build/ros_driver_base/CMakeFiles/test_tcp_write.dir/DependInfo.cmake --color=
gmake[2]: Entering directory '/home/amandarln/ros_ws/build/ros_driver_base'
cd /home/amandarln/ros_ws/build/ros_driver_base && /usr/bin/cmake -E cmake_depends "Unix Makefiles" /home/amandarln/ros_ws/src/ros_driver_base /home/amandarln/ros_ws/src/ros_driver_base /home/amandarln/ros_ws/build/ros_driver_base /home/amandarln/ros_ws/build/ros_driver_base /home/amandarln/ros_ws/build/ros_driver_base/CMakeFiles/test_udp_write.dir/DependInfo.cmake --color=
gmake[2]: Entering directory '/home/amandarln/ros_ws/build/ros_driver_base'
cd /home/amandarln/ros_ws/build/ros_driver_base && /usr/bin/cmake -E cmake_depends "Unix Makefiles" /home/amandarln/ros_ws/src/ros_driver_base /home/amandarln/ros_ws/src/ros_driver_base /home/amandarln/ros_ws/build/ros_driver_base /home/amandarln/ros_ws/build/ros_driver_base /home/amandarln/ros_ws/build/ros_driver_base/CMakeFiles/test_driver.dir/DependInfo.cmake --color=
gmake[2]: Leaving directory '/home/amandarln/ros_ws/build/ros_driver_base'
/usr/bin/gmake  -f CMakeFiles/test_test_stream_gtest.dir/build.make CMakeFiles/test_test_stream_gtest.dir/build
gmake[2]: Leaving directory '/home/amandarln/ros_ws/build/ros_driver_base'
/usr/bin/gmake  -f CMakeFiles/test_udp_read.dir/build.make CMakeFiles/test_udp_read.dir/build
gmake[2]: Leaving directory '/home/amandarln/ros_ws/build/ros_driver_base'
/usr/bin/gmake  -f CMakeFiles/test_tcp_read.dir/build.make CMakeFiles/test_tcp_read.dir/build
gmake[2]: Leaving directory '/home/amandarln/ros_ws/build/ros_driver_base'
/usr/bin/gmake  -f CMakeFiles/test_tcp_write.dir/build.make CMakeFiles/test_tcp_write.dir/build
gmake[2]: Leaving directory '/home/amandarln/ros_ws/build/ros_driver_base'
/usr/bin/gmake  -f CMakeFiles/test_udp_write.dir/build.make CMakeFiles/test_udp_write.dir/build
gmake[2]: Entering directory '/home/amandarln/ros_ws/build/ros_driver_base'
gmake[2]: Nothing to be done for 'CMakeFiles/test_udp_read.dir/build'.
gmake[2]: Leaving directory '/home/amandarln/ros_ws/build/ros_driver_base'
gmake[2]: Entering directory '/home/amandarln/ros_ws/build/ros_driver_base'
gmake[2]: Nothing to be done for 'CMakeFiles/test_tcp_read.dir/build'.
gmake[2]: Leaving directory '/home/amandarln/ros_ws/build/ros_driver_base'
gmake[2]: Entering directory '/home/amandarln/ros_ws/build/ros_driver_base'
gmake[2]: Nothing to be done for 'CMakeFiles/test_test_stream_gtest.dir/build'.
gmake[2]: Leaving directory '/home/amandarln/ros_ws/build/ros_driver_base'
gmake[2]: Entering directory '/home/amandarln/ros_ws/build/ros_driver_base'
gmake[2]: Nothing to be done for 'CMakeFiles/test_tcp_write.dir/build'.
gmake[2]: Leaving directory '/home/amandarln/ros_ws/build/ros_driver_base'
gmake[2]: Leaving directory '/home/amandarln/ros_ws/build/ros_driver_base'
gmake[2]: Entering directory '/home/amandarln/ros_ws/build/ros_driver_base'
gmake[2]: Nothing to be done for 'CMakeFiles/test_udp_write.dir/build'.
gmake[2]: Leaving directory '/home/amandarln/ros_ws/build/ros_driver_base'
/usr/bin/gmake  -f CMakeFiles/test_driver.dir/build.make CMakeFiles/test_driver.dir/build
gmake[2]: Entering directory '/home/amandarln/ros_ws/build/ros_driver_base'
gmake[2]: Nothing to be done for 'CMakeFiles/test_driver.dir/build'.
gmake[2]: Leaving directory '/home/amandarln/ros_ws/build/ros_driver_base'
[ 55%] Built target test_udp_read
[ 62%] Built target test_tcp_read
[ 70%] Built target test_tcp_write
[ 81%] Built target test_udp_write
[ 85%] Built target test_test_stream_gtest
[100%] Built target test_driver
gmake[1]: Leaving directory '/home/amandarln/ros_ws/build/ros_driver_base'
/usr/bin/cmake -E cmake_progress_start /home/amandarln/ros_ws/build/ros_driver_base/CMakeFiles 0
-- Install configuration: ""
-- Up-to-date: /home/amandarln/ros_ws/install/ros_driver_base/share/ros_driver_base/environment/library_path.sh
-- Up-to-date: /home/amandarln/ros_ws/install/ros_driver_base/share/ros_driver_base/environment/library_path.dsv
-- Up-to-date: /home/amandarln/ros_ws/install/ros_driver_base/share/ament_index/resource_index/package_run_dependencies/ros_driver_base
-- Up-to-date: /home/amandarln/ros_ws/install/ros_driver_base/share/ament_index/resource_index/parent_prefix_path/ros_driver_base
-- Up-to-date: /home/amandarln/ros_ws/install/ros_driver_base/share/ros_driver_base/environment/ament_prefix_path.sh
-- Up-to-date: /home/amandarln/ros_ws/install/ros_driver_base/share/ros_driver_base/environment/ament_prefix_path.dsv
-- Up-to-date: /home/amandarln/ros_ws/install/ros_driver_base/share/ros_driver_base/environment/path.sh
-- Up-to-date: /home/amandarln/ros_ws/install/ros_driver_base/share/ros_driver_base/environment/path.dsv
-- Up-to-date: /home/amandarln/ros_ws/install/ros_driver_base/share/ros_driver_base/local_setup.bash
-- Up-to-date: /home/amandarln/ros_ws/install/ros_driver_base/share/ros_driver_base/local_setup.sh
-- Up-to-date: /home/amandarln/ros_ws/install/ros_driver_base/share/ros_driver_base/local_setup.zsh
-- Up-to-date: /home/amandarln/ros_ws/install/ros_driver_base/share/ros_driver_base/local_setup.dsv
-- Installing: /home/amandarln/ros_ws/install/ros_driver_base/share/ros_driver_base/package.dsv
-- Up-to-date: /home/amandarln/ros_ws/install/ros_driver_base/share/ament_index/resource_index/packages/ros_driver_base
-- Up-to-date: /home/amandarln/ros_ws/install/ros_driver_base/share/ros_driver_base/cmake/ament_cmake_export_include_directories-extras.cmake
-- Up-to-date: /home/amandarln/ros_ws/install/ros_driver_base/share/ros_driver_base/cmake/ament_cmake_export_libraries-extras.cmake
-- Up-to-date: /home/amandarln/ros_ws/install/ros_driver_base/share/ros_driver_base/cmake/ros_driver_baseConfig.cmake
-- Up-to-date: /home/amandarln/ros_ws/install/ros_driver_base/share/ros_driver_base/cmake/ros_driver_baseConfig-version.cmake
-- Up-to-date: /home/amandarln/ros_ws/install/ros_driver_base/share/ros_driver_base/package.xml
-- Up-to-date: /home/amandarln/ros_ws/install/ros_driver_base/include
-- Up-to-date: /home/amandarln/ros_ws/install/ros_driver_base/include/ros_driver_base
-- Up-to-date: /home/amandarln/ros_ws/install/ros_driver_base/include/ros_driver_base/mock_context_exception.hpp
-- Up-to-date: /home/amandarln/ros_ws/install/ros_driver_base/include/ros_driver_base/status.hpp
-- Up-to-date: /home/amandarln/ros_ws/install/ros_driver_base/include/ros_driver_base/bus_handler.hpp
-- Up-to-date: /home/amandarln/ros_ws/install/ros_driver_base/include/ros_driver_base/io_stream.hpp
-- Up-to-date: /home/amandarln/ros_ws/install/ros_driver_base/include/ros_driver_base/fd_stream.hpp
-- Up-to-date: /home/amandarln/ros_ws/install/ros_driver_base/include/ros_driver_base/test_ends_with_expectations_left_exception.hpp
-- Up-to-date: /home/amandarln/ros_ws/install/ros_driver_base/include/ros_driver_base/timeout.hpp
-- Up-to-date: /home/amandarln/ros_ws/install/ros_driver_base/include/ros_driver_base/test_stream.hpp
-- Up-to-date: /home/amandarln/ros_ws/install/ros_driver_base/include/ros_driver_base/file_guard.hpp
-- Up-to-date: /home/amandarln/ros_ws/install/ros_driver_base/include/ros_driver_base/tcp_driver.hpp
-- Up-to-date: /home/amandarln/ros_ws/install/ros_driver_base/include/ros_driver_base/driver.hpp
-- Up-to-date: /home/amandarln/ros_ws/install/ros_driver_base/include/ros_driver_base/bus.hpp
-- Up-to-date: /home/amandarln/ros_ws/install/ros_driver_base/include/ros_driver_base/parser.hpp
-- Up-to-date: /home/amandarln/ros_ws/install/ros_driver_base/include/ros_driver_base/io_listener.hpp
-- Up-to-date: /home/amandarln/ros_ws/install/ros_driver_base/include/ros_driver_base/runtime_exceptions.hpp
-- Up-to-date: /home/amandarln/ros_ws/install/ros_driver_base/include/ros_driver_base/udp_server_stream.hpp
-- Up-to-date: /home/amandarln/ros_ws/install/ros_driver_base/lib/libros_driver_base.so
-- Up-to-date: /home/amandarln/ros_ws/install/ros_driver_base/lib/ros_driver_base/test_driver
