[  0%] [32mBuilding CXX object CMakeFiles/EFuseDriver.dir/src/EFuseDriver.cpp.o[0m
[  0%] Built target flatfish_ros_efuse_serial__cpp
[  1%] [32mBuilding CXX object CMakeFiles/EFuseNode.dir/src/EFuseNode.cpp.o[0m
[ 12%] Built target flatfish_ros_efuse_serial__rosidl_generator_c
[ 12%] Built target ament_cmake_python_copy_flatfish_ros_efuse_serial
[ 23%] Built target flatfish_ros_efuse_serial__rosidl_typesupport_c
[ 35%] Built target flatfish_ros_efuse_serial__rosidl_typesupport_introspection_cpp
[ 46%] Built target flatfish_ros_efuse_serial__rosidl_typesupport_introspection_c
[ 57%] Built target flatfish_ros_efuse_serial__rosidl_typesupport_cpp
[ 69%] Built target flatfish_ros_efuse_serial__rosidl_typesupport_fastrtps_cpp
[ 80%] Built target flatfish_ros_efuse_serial__rosidl_typesupport_fastrtps_c
[ 80%] Built target flatfish_ros_efuse_serial
[ 81%] [34m[1mGenerating Python code for ROS interfaces[0m
running egg_info
writing flatfish_ros_efuse_serial.egg-info/PKG-INFO
writing dependency_links to flatfish_ros_efuse_serial.egg-info/dependency_links.txt
writing top-level names to flatfish_ros_efuse_serial.egg-info/top_level.txt
reading manifest file 'flatfish_ros_efuse_serial.egg-info/SOURCES.txt'
writing manifest file 'flatfish_ros_efuse_serial.egg-info/SOURCES.txt'
[ 81%] Built target ament_cmake_python_build_flatfish_ros_efuse_serial_egg
[ 81%] Built target flatfish_ros_efuse_serial__py
