[35m[1mConsolidate compiler generated dependencies of target EFuseDriver[0m
[  0%] Built target flatfish_ros_efuse_serial__cpp
[ 11%] Built target flatfish_ros_efuse_serial__rosidl_generator_c
[ 11%] [32mBuilding CXX object CMakeFiles/EFuseDriver.dir/src/EFuseDriver.cpp.o[0m
[ 11%] Built target ament_cmake_python_copy_flatfish_ros_efuse_serial
[ 22%] Built target flatfish_ros_efuse_serial__rosidl_typesupport_cpp
[ 34%] Built target flatfish_ros_efuse_serial__rosidl_typesupport_introspection_c
[ 45%] Built target flatfish_ros_efuse_serial__rosidl_typesupport_introspection_cpp
[ 57%] Built target flatfish_ros_efuse_serial__rosidl_typesupport_fastrtps_cpp
[ 68%] Built target flatfish_ros_efuse_serial__rosidl_typesupport_c
[ 79%] Built target flatfish_ros_efuse_serial__rosidl_typesupport_fastrtps_c
[ 79%] Built target flatfish_ros_efuse_serial
[ 80%] Built target flatfish_ros_efuse_serial__py
[35m[1mConsolidate compiler generated dependencies of target flatfish_ros_efuse_serial__rosidl_generator_py[0m
[ 91%] Built target flatfish_ros_efuse_serial__rosidl_generator_py
[35m[1mConsolidate compiler generated dependencies of target flatfish_ros_efuse_serial__rosidl_typesupport_fastrtps_c__pyext[0m
[35m[1mConsolidate compiler generated dependencies of target flatfish_ros_efuse_serial__rosidl_typesupport_c__pyext[0m
[35m[1mConsolidate compiler generated dependencies of target flatfish_ros_efuse_serial__rosidl_typesupport_introspection_c__pyext[0m
[ 92%] Built target flatfish_ros_efuse_serial__rosidl_typesupport_fastrtps_c__pyext
[ 94%] Built target flatfish_ros_efuse_serial__rosidl_typesupport_c__pyext
[ 95%] Built target flatfish_ros_efuse_serial__rosidl_typesupport_introspection_c__pyext
running egg_info
writing flatfish_ros_efuse_serial.egg-info/PKG-INFO
writing dependency_links to flatfish_ros_efuse_serial.egg-info/dependency_links.txt
writing top-level names to flatfish_ros_efuse_serial.egg-info/top_level.txt
reading manifest file 'flatfish_ros_efuse_serial.egg-info/SOURCES.txt'
writing manifest file 'flatfish_ros_efuse_serial.egg-info/SOURCES.txt'
[ 95%] Built target ament_cmake_python_build_flatfish_ros_efuse_serial_egg
[ 96%] [32m[1mLinking CXX shared library libEFuseDriver.so[0m
[ 96%] Built target EFuseDriver
[35m[1mConsolidate compiler generated dependencies of target EFuseNode[0m
[ 97%] [32mBuilding CXX object CMakeFiles/EFuseNode.dir/src/EFuseNode.cpp.o[0m
[ 98%] [32m[1mLinking CXX shared library libEFuseNode.so[0m
[ 98%] Built target EFuseNode
[ 99%] [32mBuilding CXX object CMakeFiles/ExampleNode.dir/src/ExampleNode.cpp.o[0m
